<?xml version="1.0" encoding="UTF-8"?>
<testsuite name="org.thingsplode.testutils.PopertyTest" time="0.001" tests="1" errors="0" skipped="0" failures="1">
  <properties>
    <property name="java.runtime.name" value="Java(TM) SE Runtime Environment"/>
    <property name="sun.boot.library.path" value="/usr/lib/jvm/java-8-oracle/jre/lib/amd64"/>
    <property name="java.vm.version" value="25.45-b02"/>
    <property name="java.vm.vendor" value="Oracle Corporation"/>
    <property name="java.vendor.url" value="http://java.oracle.com/"/>
    <property name="path.separator" value=":"/>
    <property name="guice.disable.misplaced.annotation.check" value="true"/>
    <property name="java.vm.name" value="Java HotSpot(TM) 64-Bit Server VM"/>
    <property name="file.encoding.pkg" value="sun.io"/>
    <property name="user.country" value="US"/>
    <property name="sun.java.launcher" value="SUN_STANDARD"/>
    <property name="sun.os.patch.level" value="unknown"/>
    <property name="java.vm.specification.name" value="Java Virtual Machine Specification"/>
    <property name="user.dir" value="/home/tamas/Code/thingsplode/thingsplode-server"/>
    <property name="java.runtime.version" value="1.8.0_45-b14"/>
    <property name="java.awt.graphicsenv" value="sun.awt.X11GraphicsEnvironment"/>
    <property name="java.endorsed.dirs" value="/usr/lib/jvm/java-8-oracle/jre/lib/endorsed"/>
    <property name="os.arch" value="amd64"/>
    <property name="java.io.tmpdir" value="/tmp"/>
    <property name="line.separator" value="&#10;"/>
    <property name="java.vm.specification.vendor" value="Oracle Corporation"/>
    <property name="os.name" value="Linux"/>
    <property name="maven.ext.class.path" value="/home/tamas/Programs/netbeans-8.0.2/java/maven-nblib/netbeans-eventspy.jar"/>
    <property name="classworlds.conf" value="/home/tamas/Programs/netbeans-8.0.2/java/maven/bin/m2.conf"/>
    <property name="sun.jnu.encoding" value="UTF-8"/>
    <property name="java.library.path" value="/usr/lib/jvm/java-8-oracle/jre/lib/amd64:/usr/lib/jvm/java-8-oracle/jre/lib/i386::/usr/java/packages/lib/amd64:/usr/lib64:/lib64:/lib:/usr/lib"/>
    <property name="java.specification.name" value="Java Platform API Specification"/>
    <property name="java.class.version" value="52.0"/>
    <property name="sun.management.compiler" value="HotSpot 64-Bit Tiered Compilers"/>
    <property name="os.version" value="3.16.0-37-generic"/>
    <property name="user.home" value="/home/tamas"/>
    <property name="user.timezone" value="Europe/Vienna"/>
    <property name="java.awt.printerjob" value="sun.print.PSPrinterJob"/>
    <property name="file.encoding" value="UTF-8"/>
    <property name="java.specification.version" value="1.8"/>
    <property name="java.net.useSystemProxies" value="true"/>
    <property name="user.name" value="tamas"/>
    <property name="java.class.path" value="/home/tamas/Programs/netbeans-8.0.2/java/maven/boot/plexus-classworlds-2.4.jar"/>
    <property name="java.vm.specification.version" value="1.8"/>
    <property name="sun.arch.data.model" value="64"/>
    <property name="java.home" value="/usr/lib/jvm/java-8-oracle/jre"/>
    <property name="sun.java.command" value="org.codehaus.plexus.classworlds.launcher.Launcher -Dmaven.ext.class.path=/home/tamas/Programs/netbeans-8.0.2/java/maven-nblib/netbeans-eventspy.jar -Djava.net.useSystemProxies=true clean install"/>
    <property name="java.specification.vendor" value="Oracle Corporation"/>
    <property name="user.language" value="en"/>
    <property name="awt.toolkit" value="sun.awt.X11.XToolkit"/>
    <property name="java.vm.info" value="mixed mode"/>
    <property name="java.version" value="1.8.0_45"/>
    <property name="java.ext.dirs" value="/usr/lib/jvm/java-8-oracle/jre/lib/ext:/usr/java/packages/lib/ext"/>
    <property name="securerandom.source" value="file:/dev/./urandom"/>
    <property name="sun.boot.class.path" value="/usr/lib/jvm/java-8-oracle/jre/lib/resources.jar:/usr/lib/jvm/java-8-oracle/jre/lib/rt.jar:/usr/lib/jvm/java-8-oracle/jre/lib/sunrsasign.jar:/usr/lib/jvm/java-8-oracle/jre/lib/jsse.jar:/usr/lib/jvm/java-8-oracle/jre/lib/jce.jar:/usr/lib/jvm/java-8-oracle/jre/lib/charsets.jar:/usr/lib/jvm/java-8-oracle/jre/lib/jfr.jar:/usr/lib/jvm/java-8-oracle/jre/classes"/>
    <property name="java.vendor" value="Oracle Corporation"/>
    <property name="maven.home" value="/home/tamas/Programs/netbeans-8.0.2/java/maven"/>
    <property name="file.separator" value="/"/>
    <property name="java.vendor.url.bug" value="http://bugreport.sun.com/bugreport/"/>
    <property name="sun.cpu.endian" value="little"/>
    <property name="sun.io.unicode.encoding" value="UnicodeLittle"/>
    <property name="sun.desktop" value="gnome"/>
    <property name="sun.cpu.isalist" value=""/>
  </properties>
  <testcase name="testProps" classname="org.thingsplode.testutils.PopertyTest" time="0.001">
    <failure message="It should be a expected:&lt;[a]&gt; but was:&lt;[default]&gt;" type="junit.framework.ComparisonFailure"><![CDATA[junit.framework.ComparisonFailure: It should be a expected:<[a]> but was:<[default]>
	at junit.framework.Assert.assertEquals(Assert.java:100)
	at org.thingsplode.testutils.PopertyTest.testProps(PopertyTest.java:39)
]]></failure>
    <system-out><![CDATA[5480 [main] INFO com.mchange.v2.c3p0.impl.AbstractPoolBackedDataSource  - Initializing c3p0 pool... com.mchange.v2.c3p0.ComboPooledDataSource [ acquireIncrement -> 2, acquireRetryAttempts -> 10, acquireRetryDelay -> 1000, autoCommitOnClose -> false, automaticTestTable -> test, breakAfterAcquireFailure -> false, checkoutTimeout -> 0, connectionCustomizerClassName -> null, connectionTesterClassName -> com.mchange.v2.c3p0.impl.DefaultConnectionTester, dataSourceName -> z8kfsx99g6p8uv1bsvmrg|71789580, debugUnreturnedConnectionStackTraces -> false, description -> null, driverClass -> org.h2.Driver, factoryClassLocation -> null, forceIgnoreUnresolvedTransactions -> false, identityToken -> z8kfsx99g6p8uv1bsvmrg|71789580, idleConnectionTestPeriod -> 60000, initialPoolSize -> 10, jdbcUrl -> jdbc:h2:/tmp/thingsplode_h2db_test;MODE=Oracle;AUTO_SERVER=TRUE, maxAdministrativeTaskTime -> 0, maxConnectionAge -> 0, maxIdleTime -> 0, maxIdleTimeExcessConnections -> 0, maxPoolSize -> 20, maxStatements -> 0, maxStatementsPerConnection -> 50, minPoolSize -> 10, numHelperThreads -> 10, numThreadsAwaitingCheckoutDefaultUser -> 0, preferredTestQuery -> null, properties -> {user=******, password=******}, propertyCycle -> 0, testConnectionOnCheckin -> true, testConnectionOnCheckout -> false, unreturnedConnectionTimeout -> 0, usesTraditionalReflectiveProxies -> false ]
5480 [main] DEBUG org.hibernate.jpa.internal.util.LogHelper  - PersistenceUnitInfo [
	name: default
	persistence provider classname: null
	classloader: sun.misc.Launcher$AppClassLoader@42a57993
	excludeUnlistedClasses: true
	JTA datasource: null
	Non JTA datasource: com.mchange.v2.c3p0.ComboPooledDataSource [ acquireIncrement -> 2, acquireRetryAttempts -> 10, acquireRetryDelay -> 1000, autoCommitOnClose -> false, automaticTestTable -> test, breakAfterAcquireFailure -> false, checkoutTimeout -> 0, connectionCustomizerClassName -> null, connectionTesterClassName -> com.mchange.v2.c3p0.impl.DefaultConnectionTester, dataSourceName -> z8kfsx99g6p8uv1bsvmrg|71789580, debugUnreturnedConnectionStackTraces -> false, description -> null, driverClass -> org.h2.Driver, factoryClassLocation -> null, forceIgnoreUnresolvedTransactions -> false, identityToken -> z8kfsx99g6p8uv1bsvmrg|71789580, idleConnectionTestPeriod -> 60000, initialPoolSize -> 10, jdbcUrl -> jdbc:h2:/tmp/thingsplode_h2db_test;MODE=Oracle;AUTO_SERVER=TRUE, maxAdministrativeTaskTime -> 0, maxConnectionAge -> 0, maxIdleTime -> 0, maxIdleTimeExcessConnections -> 0, maxPoolSize -> 20, maxStatements -> 0, maxStatementsPerConnection -> 50, minPoolSize -> 10, numHelperThreads -> 10, numThreadsAwaitingCheckoutDefaultUser -> 0, preferredTestQuery -> null, properties -> {user=******, password=******}, propertyCycle -> 0, testConnectionOnCheckin -> true, testConnectionOnCheckout -> false, unreturnedConnectionTimeout -> 0, usesTraditionalReflectiveProxies -> false ]
	Transaction type: RESOURCE_LOCAL
	PU root URL: file:/home/tamas/.m2/repository/org/thingsplode/thingsplode-core/1.0-SNAPSHOT/thingsplode-core-1.0-SNAPSHOT.jar
	Shared Cache Mode: UNSPECIFIED
	Validation Mode: AUTO
	Jar files URLs []
	Managed classes names [
		org.thingsplode.core.entities.Configuration
		org.thingsplode.core.entities.Component
		org.thingsplode.core.entities.Parameter
		org.thingsplode.core.entities.Indication
		org.thingsplode.core.entities.Capability
		org.thingsplode.core.entities.Persistable
		org.thingsplode.core.entities.Device
		org.thingsplode.core.entities.Model
		org.thingsplode.core.entities.Treshold
		org.thingsplode.core.entities.Event]
	Mapping files names []
	Properties []
5481 [main] DEBUG org.hibernate.integrator.internal.IntegratorServiceImpl  - Adding Integrator [org.hibernate.cfg.beanvalidation.BeanValidationIntegrator].
5481 [main] DEBUG org.hibernate.integrator.internal.IntegratorServiceImpl  - Adding Integrator [org.hibernate.secure.spi.JaccIntegrator].
5481 [main] DEBUG org.hibernate.integrator.internal.IntegratorServiceImpl  - Adding Integrator [org.hibernate.cache.internal.CollectionCacheInvalidator].
5481 [main] DEBUG org.hibernate.integrator.internal.IntegratorServiceImpl  - Adding Integrator [org.hibernate.jpa.event.spi.JpaIntegrator].
5481 [main] DEBUG org.hibernate.integrator.internal.IntegratorServiceImpl  - Adding Integrator [org.hibernate.envers.event.spi.EnversIntegrator].
5481 [main] DEBUG org.hibernate.boot.registry.selector.internal.StrategySelectorImpl  - Registering named strategy selector [org.hibernate.dialect.Dialect] : [MySQL5] -> [org.hibernate.dialect.MySQL5Dialect] (replacing [org.hibernate.dialect.MySQL5Dialect])
5481 [main] DEBUG org.hibernate.boot.registry.selector.internal.StrategySelectorImpl  - Registering named strategy selector [org.hibernate.dialect.Dialect] : [MySQL5InnoDB] -> [org.hibernate.dialect.MySQL5InnoDBDialect] (replacing [org.hibernate.dialect.MySQL5InnoDBDialect])
5491 [main] DEBUG org.hibernate.service.spi.ServiceBinding  - Overriding existing service binding [org.hibernate.secure.spi.JaccService]
5499 [main] DEBUG org.hibernate.engine.jdbc.internal.JdbcServicesImpl  - Database ->
       name : H2
    version : 1.3.172 (2013-05-25)
      major : 1
      minor : 3
5499 [main] DEBUG org.hibernate.engine.jdbc.internal.JdbcServicesImpl  - Driver ->
       name : H2 JDBC Driver
    version : 1.3.172 (2013-05-25)
      major : 1
      minor : 3
5499 [main] DEBUG org.hibernate.engine.jdbc.internal.JdbcServicesImpl  - JDBC version : 4.0
5499 [main] DEBUG org.hibernate.engine.jdbc.cursor.internal.StandardRefCursorSupport  - Unexpected error trying to gauge level of JDBC REF_CURSOR support : null
5500 [main] INFO org.hibernate.dialect.Dialect  - HHH000400: Using dialect: org.hibernate.dialect.H2Dialect
5501 [main] INFO org.hibernate.engine.jdbc.internal.LobCreatorBuilder  - HHH000424: Disabling contextual LOB creation as createClob() method threw error : java.lang.reflect.InvocationTargetException
5522 [main] DEBUG org.hibernate.engine.transaction.jta.platform.internal.JtaPlatformInitiator  - No JtaPlatform was specified, checking resolver
5522 [main] DEBUG org.hibernate.engine.transaction.jta.platform.internal.JtaPlatformResolverInitiator  - No JtaPlatformResolver was specified, using default [org.hibernate.engine.transaction.jta.platform.internal.StandardJtaPlatformResolver]
5524 [main] DEBUG org.hibernate.engine.transaction.jta.platform.internal.StandardJtaPlatformResolver  - Could not resolve JtaPlatform, using default [org.hibernate.engine.transaction.jta.platform.internal.NoJtaPlatform]
5524 [main] INFO org.hibernate.hql.internal.ast.ASTQueryTranslatorFactory  - HHH000397: Using ASTQueryTranslatorFactory
5524 [main] DEBUG org.hibernate.cache.internal.RegionFactoryInitiator  - Cache region factory : org.hibernate.cache.internal.NoCachingRegionFactory
5524 [main] DEBUG org.hibernate.internal.SessionFactoryImpl  - Building session factory
5524 [main] TRACE org.hibernate.type.TypeFactory  - Scoping types to session factory org.hibernate.internal.SessionFactoryImpl@a21c74
5524 [main] DEBUG org.hibernate.internal.SessionFactoryImpl  - Session factory constructed with filter configurations : {}
5531 [main] DEBUG org.hibernate.internal.SessionFactoryImpl  - Instantiating session factory with properties: {java.runtime.name=Java(TM) SE Runtime Environment, sun.boot.library.path=/usr/lib/jvm/java-8-oracle/jre/lib/amd64, java.vm.version=25.45-b02, java.vm.vendor=Oracle Corporation, java.vendor.url=http://java.oracle.com/, path.separator=:, java.vm.name=Java HotSpot(TM) 64-Bit Server VM, file.encoding.pkg=sun.io, user.country=US, sun.java.launcher=SUN_STANDARD, sun.os.patch.level=unknown, java.vm.specification.name=Java Virtual Machine Specification, user.dir=/home/tamas/Code/thingsplode/thingsplode-server, javax.persistence.sharedCache.mode=UNSPECIFIED, java.runtime.version=1.8.0_45-b14, java.awt.graphicsenv=sun.awt.X11GraphicsEnvironment, basedir=/home/tamas/Code/thingsplode/thingsplode-server, java.endorsed.dirs=/usr/lib/jvm/java-8-oracle/jre/lib/endorsed, os.arch=amd64, surefire.real.class.path=/home/tamas/Code/thingsplode/thingsplode-server/target/surefire/surefirebooter5813859415860693255.jar, hibernate.connection.autocommit=true, java.io.tmpdir=/tmp, line.separator=
, java.vm.specification.vendor=Oracle Corporation, hibernate.validator.apply_to_ddl=true, os.name=Linux, maven.ext.class.path=/home/tamas/Programs/netbeans-8.0.2/java/maven-nblib/netbeans-eventspy.jar, sun.jnu.encoding=UTF-8, java.library.path=/usr/lib/jvm/java-8-oracle/jre/lib/amd64:/usr/lib/jvm/java-8-oracle/jre/lib/i386::/usr/java/packages/lib/amd64:/usr/lib64:/lib64:/lib:/usr/lib, surefire.test.class.path=/home/tamas/Code/thingsplode/thingsplode-server/target/test-classes:/home/tamas/Code/thingsplode/thingsplode-server/target/classes:/home/tamas/.m2/repository/junit/junit/4.12/junit-4.12.jar:/home/tamas/.m2/repository/org/hamcrest/hamcrest-core/1.3/hamcrest-core-1.3.jar:/home/tamas/.m2/repository/com/h2database/h2/1.3.172/h2-1.3.172.jar:/home/tamas/.m2/repository/org/springframework/integration/spring-integration-core/4.1.2.RELEASE/spring-integration-core-4.1.2.RELEASE.jar:/home/tamas/.m2/repository/org/projectreactor/reactor-core/1.1.4.RELEASE/reactor-core-1.1.4.RELEASE.jar:/home/tamas/.m2/repository/com/goldmansachs/gs-collections/5.1.0/gs-collections-5.1.0.jar:/home/tamas/.m2/repository/com/goldmansachs/gs-collections-api/5.1.0/gs-collections-api-5.1.0.jar:/home/tamas/.m2/repository/com/lmax/disruptor/3.2.1/disruptor-3.2.1.jar:/home/tamas/.m2/repository/io/gatling/jsr166e/1.0/jsr166e-1.0.jar:/home/tamas/.m2/repository/org/springframework/spring-aop/4.1.4.RELEASE/spring-aop-4.1.4.RELEASE.jar:/home/tamas/.m2/repository/aopalliance/aopalliance/1.0/aopalliance-1.0.jar:/home/tamas/.m2/repository/org/springframework/retry/spring-retry/1.1.1.RELEASE/spring-retry-1.1.1.RELEASE.jar:/home/tamas/.m2/repository/org/springframework/spring-messaging/4.1.4.RELEASE/spring-messaging-4.1.4.RELEASE.jar:/home/tamas/.m2/repository/org/springframework/data/spring-data-jpa/1.7.2.RELEASE/spring-data-jpa-1.7.2.RELEASE.jar:/home/tamas/.m2/repository/org/springframework/data/spring-data-commons/1.9.2.RELEASE/spring-data-commons-1.9.2.RELEASE.jar:/home/tamas/.m2/repository/org/springframework/spring-beans/4.0.9.RELEASE/spring-beans-4.0.9.RELEASE.jar:/home/tamas/.m2/repository/org/aspectj/aspectjrt/1.8.4/aspectjrt-1.8.4.jar:/home/tamas/.m2/repository/org/slf4j/slf4j-api/1.7.10/slf4j-api-1.7.10.jar:/home/tamas/.m2/repository/org/slf4j/jcl-over-slf4j/1.7.10/jcl-over-slf4j-1.7.10.jar:/home/tamas/.m2/repository/org/springframework/spring-context/4.1.4.RELEASE/spring-context-4.1.4.RELEASE.jar:/home/tamas/.m2/repository/org/springframework/spring-expression/4.1.4.RELEASE/spring-expression-4.1.4.RELEASE.jar:/home/tamas/.m2/repository/org/springframework/spring-core/4.1.4.RELEASE/spring-core-4.1.4.RELEASE.jar:/home/tamas/.m2/repository/commons-logging/commons-logging/1.2/commons-logging-1.2.jar:/home/tamas/.m2/repository/org/springframework/spring-test/4.1.4.RELEASE/spring-test-4.1.4.RELEASE.jar:/home/tamas/.m2/repository/org/springframework/spring-orm/4.0.9.RELEASE/spring-orm-4.0.9.RELEASE.jar:/home/tamas/.m2/repository/org/springframework/spring-jdbc/4.0.9.RELEASE/spring-jdbc-4.0.9.RELEASE.jar:/home/tamas/.m2/repository/org/springframework/spring-tx/4.1.4.RELEASE/spring-tx-4.1.4.RELEASE.jar:/home/tamas/.m2/repository/org/hibernate/hibernate-tools/3.2.4.GA/hibernate-tools-3.2.4.GA.jar:/home/tamas/.m2/repository/org/beanshell/bsh/2.0b4/bsh-2.0b4.jar:/home/tamas/.m2/repository/freemarker/freemarker/2.3.8/freemarker-2.3.8.jar:/home/tamas/.m2/repository/org/hibernate/jtidy/r8-20060801/jtidy-r8-20060801.jar:/home/tamas/.m2/repository/org/hibernate/hibernate-commons-annotations/3.2.0.Final/hibernate-commons-annotations-3.2.0.Final.jar:/home/tamas/.m2/repository/org/hibernate/hibernate-entitymanager/4.3.8.Final/hibernate-entitymanager-4.3.8.Final.jar:/home/tamas/.m2/repository/org/jboss/logging/jboss-logging/3.1.3.GA/jboss-logging-3.1.3.GA.jar:/home/tamas/.m2/repository/org/jboss/logging/jboss-logging-annotations/1.2.0.Beta1/jboss-logging-annotations-1.2.0.Beta1.jar:/home/tamas/.m2/repository/org/hibernate/hibernate-core/4.3.8.Final/hibernate-core-4.3.8.Final.jar:/home/tamas/.m2/repository/antlr/antlr/2.7.7/antlr-2.7.7.jar:/home/tamas/.m2/repository/org/jboss/jandex/1.1.0.Final/jandex-1.1.0.Final.jar:/home/tamas/.m2/repository/dom4j/dom4j/1.6.1/dom4j-1.6.1.jar:/home/tamas/.m2/repository/xml-apis/xml-apis/1.0.b2/xml-apis-1.0.b2.jar:/home/tamas/.m2/repository/org/hibernate/common/hibernate-commons-annotations/4.0.5.Final/hibernate-commons-annotations-4.0.5.Final.jar:/home/tamas/.m2/repository/org/hibernate/javax/persistence/hibernate-jpa-2.1-api/1.0.0.Final/hibernate-jpa-2.1-api-1.0.0.Final.jar:/home/tamas/.m2/repository/org/jboss/spec/javax/transaction/jboss-transaction-api_1.2_spec/1.0.0.Final/jboss-transaction-api_1.2_spec-1.0.0.Final.jar:/home/tamas/.m2/repository/org/javassist/javassist/3.18.1-GA/javassist-3.18.1-GA.jar:/home/tamas/.m2/repository/org/hibernate/hibernate-envers/4.3.8.Final/hibernate-envers-4.3.8.Final.jar:/home/tamas/.m2/repository/c3p0/c3p0/0.9.1.2/c3p0-0.9.1.2.jar:/home/tamas/.m2/repository/log4j/log4j/1.2.17/log4j-1.2.17.jar:/home/tamas/.m2/repository/org/thingsplode/thingsplode-core/1.0-SNAPSHOT/thingsplode-core-1.0-SNAPSHOT.jar:/home/tamas/.m2/repository/org/hibernate/hibernate-validator/4.1.0.Final/hibernate-validator-4.1.0.Final.jar:/home/tamas/.m2/repository/javax/validation/validation-api/1.0.0.GA/validation-api-1.0.0.GA.jar:/home/tamas/.m2/repository/org/thingsplode/thingsplode-core/1.0-SNAPSHOT/thingsplode-core-1.0-SNAPSHOT-tests.jar:, hibernate.ejb.persistenceUnitName=default, java.specification.name=Java Platform API Specification, java.class.version=52.0, sun.management.compiler=HotSpot 64-Bit Tiered Compilers, os.version=3.16.0-37-generic, user.home=/home/tamas, user.timezone=Europe/Vienna, java.awt.printerjob=sun.print.PSPrinterJob, java.specification.version=1.8, file.encoding=UTF-8, javax.persistence.nonJtaDataSource=com.mchange.v2.c3p0.ComboPooledDataSource [ acquireIncrement -> 2, acquireRetryAttempts -> 10, acquireRetryDelay -> 1000, autoCommitOnClose -> false, automaticTestTable -> test, breakAfterAcquireFailure -> false, checkoutTimeout -> 0, connectionCustomizerClassName -> null, connectionTesterClassName -> com.mchange.v2.c3p0.impl.DefaultConnectionTester, dataSourceName -> z8kfsx99g6p8uv1bsvmrg|71789580, debugUnreturnedConnectionStackTraces -> false, description -> null, driverClass -> org.h2.Driver, factoryClassLocation -> null, forceIgnoreUnresolvedTransactions -> false, identityToken -> z8kfsx99g6p8uv1bsvmrg|71789580, idleConnectionTestPeriod -> 60000, initialPoolSize -> 10, jdbcUrl -> jdbc:h2:/tmp/thingsplode_h2db_test;MODE=Oracle;AUTO_SERVER=TRUE, maxAdministrativeTaskTime -> 0, maxConnectionAge -> 0, maxIdleTime -> 0, maxIdleTimeExcessConnections -> 0, maxPoolSize -> 20, maxStatements -> 0, maxStatementsPerConnection -> 50, minPoolSize -> 10, numHelperThreads -> 10, numThreadsAwaitingCheckoutDefaultUser -> 0, preferredTestQuery -> null, properties -> {user=******, password=******}, propertyCycle -> 0, testConnectionOnCheckin -> true, testConnectionOnCheckout -> false, unreturnedConnectionTimeout -> 0, usesTraditionalReflectiveProxies -> false ], hibernate.format_sql=true, java.net.useSystemProxies=true, user.name=tamas, java.class.path=/home/tamas/Code/thingsplode/thingsplode-server/target/test-classes:/home/tamas/Code/thingsplode/thingsplode-server/target/classes:/home/tamas/.m2/repository/junit/junit/4.12/junit-4.12.jar:/home/tamas/.m2/repository/org/hamcrest/hamcrest-core/1.3/hamcrest-core-1.3.jar:/home/tamas/.m2/repository/com/h2database/h2/1.3.172/h2-1.3.172.jar:/home/tamas/.m2/repository/org/springframework/integration/spring-integration-core/4.1.2.RELEASE/spring-integration-core-4.1.2.RELEASE.jar:/home/tamas/.m2/repository/org/projectreactor/reactor-core/1.1.4.RELEASE/reactor-core-1.1.4.RELEASE.jar:/home/tamas/.m2/repository/com/goldmansachs/gs-collections/5.1.0/gs-collections-5.1.0.jar:/home/tamas/.m2/repository/com/goldmansachs/gs-collections-api/5.1.0/gs-collections-api-5.1.0.jar:/home/tamas/.m2/repository/com/lmax/disruptor/3.2.1/disruptor-3.2.1.jar:/home/tamas/.m2/repository/io/gatling/jsr166e/1.0/jsr166e-1.0.jar:/home/tamas/.m2/repository/org/springframework/spring-aop/4.1.4.RELEASE/spring-aop-4.1.4.RELEASE.jar:/home/tamas/.m2/repository/aopalliance/aopalliance/1.0/aopalliance-1.0.jar:/home/tamas/.m2/repository/org/springframework/retry/spring-retry/1.1.1.RELEASE/spring-retry-1.1.1.RELEASE.jar:/home/tamas/.m2/repository/org/springframework/spring-messaging/4.1.4.RELEASE/spring-messaging-4.1.4.RELEASE.jar:/home/tamas/.m2/repository/org/springframework/data/spring-data-jpa/1.7.2.RELEASE/spring-data-jpa-1.7.2.RELEASE.jar:/home/tamas/.m2/repository/org/springframework/data/spring-data-commons/1.9.2.RELEASE/spring-data-commons-1.9.2.RELEASE.jar:/home/tamas/.m2/repository/org/springframework/spring-beans/4.0.9.RELEASE/spring-beans-4.0.9.RELEASE.jar:/home/tamas/.m2/repository/org/aspectj/aspectjrt/1.8.4/aspectjrt-1.8.4.jar:/home/tamas/.m2/repository/org/slf4j/slf4j-api/1.7.10/slf4j-api-1.7.10.jar:/home/tamas/.m2/repository/org/slf4j/jcl-over-slf4j/1.7.10/jcl-over-slf4j-1.7.10.jar:/home/tamas/.m2/repository/org/springframework/spring-context/4.1.4.RELEASE/spring-context-4.1.4.RELEASE.jar:/home/tamas/.m2/repository/org/springframework/spring-expression/4.1.4.RELEASE/spring-expression-4.1.4.RELEASE.jar:/home/tamas/.m2/repository/org/springframework/spring-core/4.1.4.RELEASE/spring-core-4.1.4.RELEASE.jar:/home/tamas/.m2/repository/commons-logging/commons-logging/1.2/commons-logging-1.2.jar:/home/tamas/.m2/repository/org/springframework/spring-test/4.1.4.RELEASE/spring-test-4.1.4.RELEASE.jar:/home/tamas/.m2/repository/org/springframework/spring-orm/4.0.9.RELEASE/spring-orm-4.0.9.RELEASE.jar:/home/tamas/.m2/repository/org/springframework/spring-jdbc/4.0.9.RELEASE/spring-jdbc-4.0.9.RELEASE.jar:/home/tamas/.m2/repository/org/springframework/spring-tx/4.1.4.RELEASE/spring-tx-4.1.4.RELEASE.jar:/home/tamas/.m2/repository/org/hibernate/hibernate-tools/3.2.4.GA/hibernate-tools-3.2.4.GA.jar:/home/tamas/.m2/repository/org/beanshell/bsh/2.0b4/bsh-2.0b4.jar:/home/tamas/.m2/repository/freemarker/freemarker/2.3.8/freemarker-2.3.8.jar:/home/tamas/.m2/repository/org/hibernate/jtidy/r8-20060801/jtidy-r8-20060801.jar:/home/tamas/.m2/repository/org/hibernate/hibernate-commons-annotations/3.2.0.Final/hibernate-commons-annotations-3.2.0.Final.jar:/home/tamas/.m2/repository/org/hibernate/hibernate-entitymanager/4.3.8.Final/hibernate-entitymanager-4.3.8.Final.jar:/home/tamas/.m2/repository/org/jboss/logging/jboss-logging/3.1.3.GA/jboss-logging-3.1.3.GA.jar:/home/tamas/.m2/repository/org/jboss/logging/jboss-logging-annotations/1.2.0.Beta1/jboss-logging-annotations-1.2.0.Beta1.jar:/home/tamas/.m2/repository/org/hibernate/hibernate-core/4.3.8.Final/hibernate-core-4.3.8.Final.jar:/home/tamas/.m2/repository/antlr/antlr/2.7.7/antlr-2.7.7.jar:/home/tamas/.m2/repository/org/jboss/jandex/1.1.0.Final/jandex-1.1.0.Final.jar:/home/tamas/.m2/repository/dom4j/dom4j/1.6.1/dom4j-1.6.1.jar:/home/tamas/.m2/repository/xml-apis/xml-apis/1.0.b2/xml-apis-1.0.b2.jar:/home/tamas/.m2/repository/org/hibernate/common/hibernate-commons-annotations/4.0.5.Final/hibernate-commons-annotations-4.0.5.Final.jar:/home/tamas/.m2/repository/org/hibernate/javax/persistence/hibernate-jpa-2.1-api/1.0.0.Final/hibernate-jpa-2.1-api-1.0.0.Final.jar:/home/tamas/.m2/repository/org/jboss/spec/javax/transaction/jboss-transaction-api_1.2_spec/1.0.0.Final/jboss-transaction-api_1.2_spec-1.0.0.Final.jar:/home/tamas/.m2/repository/org/javassist/javassist/3.18.1-GA/javassist-3.18.1-GA.jar:/home/tamas/.m2/repository/org/hibernate/hibernate-envers/4.3.8.Final/hibernate-envers-4.3.8.Final.jar:/home/tamas/.m2/repository/c3p0/c3p0/0.9.1.2/c3p0-0.9.1.2.jar:/home/tamas/.m2/repository/log4j/log4j/1.2.17/log4j-1.2.17.jar:/home/tamas/.m2/repository/org/thingsplode/thingsplode-core/1.0-SNAPSHOT/thingsplode-core-1.0-SNAPSHOT.jar:/home/tamas/.m2/repository/org/hibernate/hibernate-validator/4.1.0.Final/hibernate-validator-4.1.0.Final.jar:/home/tamas/.m2/repository/javax/validation/validation-api/1.0.0.GA/validation-api-1.0.0.GA.jar:/home/tamas/.m2/repository/org/thingsplode/thingsplode-core/1.0-SNAPSHOT/thingsplode-core-1.0-SNAPSHOT-tests.jar:, hibernate.bytecode.use_reflection_optimizer=false, hibernate.show_sql=true, javax.persistence.validation.mode=AUTO, java.vm.specification.version=1.8, sun.arch.data.model=64, java.home=/usr/lib/jvm/java-8-oracle/jre, sun.java.command=/home/tamas/Code/thingsplode/thingsplode-server/target/surefire/surefirebooter5813859415860693255.jar /home/tamas/Code/thingsplode/thingsplode-server/target/surefire/surefire3464791000706607825tmp /home/tamas/Code/thingsplode/thingsplode-server/target/surefire/surefire_02634881183168893393tmp, hibernate.dialect=org.hibernate.dialect.H2Dialect, java.specification.vendor=Oracle Corporation, user.language=en, awt.toolkit=sun.awt.X11.XToolkit, java.vm.info=mixed mode, java.version=1.8.0_45, java.ext.dirs=/usr/lib/jvm/java-8-oracle/jre/lib/ext:/usr/java/packages/lib/ext, sun.boot.class.path=/usr/lib/jvm/java-8-oracle/jre/lib/resources.jar:/usr/lib/jvm/java-8-oracle/jre/lib/rt.jar:/usr/lib/jvm/java-8-oracle/jre/lib/sunrsasign.jar:/usr/lib/jvm/java-8-oracle/jre/lib/jsse.jar:/usr/lib/jvm/java-8-oracle/jre/lib/jce.jar:/usr/lib/jvm/java-8-oracle/jre/lib/charsets.jar:/usr/lib/jvm/java-8-oracle/jre/lib/jfr.jar:/usr/lib/jvm/java-8-oracle/jre/classes, java.vendor=Oracle Corporation, hibernate.jdbc.batch_size=50, localRepository=/home/tamas/.m2/repository, persistence.validation.mode=NONE, file.separator=/, java.vendor.url.bug=http://bugreport.sun.com/bugreport/, hibernate.hbm2ddl.auto=update, sun.cpu.endian=little, sun.io.unicode.encoding=UnicodeLittle, sun.desktop=gnome, sun.cpu.isalist=}
5537 [main] DEBUG org.hibernate.secure.spi.JaccIntegrator  - Skipping JACC integration as it was not enabled
5538 [main] DEBUG org.hibernate.engine.spi.CascadeStyles  - External cascade style regsitration [persist : STYLE_PERSIST_SKIPLAZY] overrode base registration [STYLE_PERSIST_SKIPLAZY]
5548 [main] DEBUG org.hibernate.persister.entity.JoinedSubclassEntityPersister  - Encountered explicit discriminator mapping for joined inheritance
5552 [main] DEBUG org.hibernate.persister.entity.JoinedSubclassEntityPersister  - Encountered explicit discriminator mapping for joined inheritance
5560 [main] DEBUG org.hibernate.persister.collection.AbstractCollectionPersister  - Static SQL for collection: org.thingsplode.core.entities.Component.tresholds
5560 [main] DEBUG org.hibernate.persister.collection.AbstractCollectionPersister  -  Row insert: update TRESHOLDS set COMP_ID=? where id=?
5560 [main] DEBUG org.hibernate.persister.collection.AbstractCollectionPersister  -  Row update: update TRESHOLDS set  where id=?
5560 [main] DEBUG org.hibernate.persister.collection.AbstractCollectionPersister  -  Row delete: update TRESHOLDS set COMP_ID=null where COMP_ID=? and id=?
5560 [main] DEBUG org.hibernate.persister.collection.AbstractCollectionPersister  -  One-shot delete: update TRESHOLDS set COMP_ID=null where COMP_ID=?
5564 [main] DEBUG org.hibernate.persister.collection.AbstractCollectionPersister  - Static SQL for collection: org.thingsplode.core.entities.Component.configuration
5564 [main] DEBUG org.hibernate.persister.collection.AbstractCollectionPersister  -  Row insert: update CONFIGURATION set COMP_ID=? where id=?
5565 [main] DEBUG org.hibernate.persister.collection.AbstractCollectionPersister  -  Row update: update CONFIGURATION set  where id=?
5565 [main] DEBUG org.hibernate.persister.collection.AbstractCollectionPersister  -  Row delete: update CONFIGURATION set COMP_ID=null where COMP_ID=? and id=?
5565 [main] DEBUG org.hibernate.persister.collection.AbstractCollectionPersister  -  One-shot delete: update CONFIGURATION set COMP_ID=null where COMP_ID=?
5565 [main] DEBUG org.hibernate.persister.collection.AbstractCollectionPersister  - Static SQL for collection: org.thingsplode.core.entities.Component.components
5566 [main] DEBUG org.hibernate.persister.collection.AbstractCollectionPersister  -  Row insert: update COMPONENT set ROOT_COMP_ID=? where id=?
5566 [main] DEBUG org.hibernate.persister.collection.AbstractCollectionPersister  -  Row update: update COMPONENT set  where id=?
5566 [main] DEBUG org.hibernate.persister.collection.AbstractCollectionPersister  -  Row delete: update COMPONENT set ROOT_COMP_ID=null where ROOT_COMP_ID=? and id=?
5566 [main] DEBUG org.hibernate.persister.collection.AbstractCollectionPersister  -  One-shot delete: update COMPONENT set ROOT_COMP_ID=null where ROOT_COMP_ID=?
5567 [main] DEBUG org.hibernate.persister.collection.AbstractCollectionPersister  - Static SQL for collection: org.thingsplode.core.entities.Capability.parameters
5567 [main] DEBUG org.hibernate.persister.collection.AbstractCollectionPersister  -  Row insert: update PARAMETERS set CAP_ID=? where id=?
5567 [main] DEBUG org.hibernate.persister.collection.AbstractCollectionPersister  -  Row update: update PARAMETERS set  where id=?
5567 [main] DEBUG org.hibernate.persister.collection.AbstractCollectionPersister  -  Row delete: update PARAMETERS set CAP_ID=null where CAP_ID=? and id=?
5567 [main] DEBUG org.hibernate.persister.collection.AbstractCollectionPersister  -  One-shot delete: update PARAMETERS set CAP_ID=null where CAP_ID=?
5569 [main] DEBUG org.hibernate.persister.collection.AbstractCollectionPersister  - Static SQL for collection: org.thingsplode.core.entities.Component.capabilities
5569 [main] DEBUG org.hibernate.persister.collection.AbstractCollectionPersister  -  Row insert: update CAPABILITIES set COMP_ID=? where id=?
5569 [main] DEBUG org.hibernate.persister.collection.AbstractCollectionPersister  -  Row update: update CAPABILITIES set  where id=?
5569 [main] DEBUG org.hibernate.persister.collection.AbstractCollectionPersister  -  Row delete: update CAPABILITIES set COMP_ID=null where COMP_ID=? and id=?
5570 [main] DEBUG org.hibernate.persister.collection.AbstractCollectionPersister  -  One-shot delete: update CAPABILITIES set COMP_ID=null where COMP_ID=?
5570 [main] DEBUG org.hibernate.persister.collection.AbstractCollectionPersister  - Static SQL for collection: org.thingsplode.core.entities.Event.indications
5570 [main] DEBUG org.hibernate.persister.collection.AbstractCollectionPersister  -  Row insert: update INDICATIONS set EVT_ID=? where id=?
5570 [main] DEBUG org.hibernate.persister.collection.AbstractCollectionPersister  -  Row update: update INDICATIONS set  where id=?
5570 [main] DEBUG org.hibernate.persister.collection.AbstractCollectionPersister  -  Row delete: update INDICATIONS set EVT_ID=null where EVT_ID=? and id=?
5571 [main] DEBUG org.hibernate.persister.collection.AbstractCollectionPersister  -  One-shot delete: update INDICATIONS set EVT_ID=null where EVT_ID=?
5571 [main] DEBUG org.hibernate.loader.plan.build.internal.spaces.QuerySpacesImpl  - Adding QuerySpace : uid = <gen:0> -> org.hibernate.loader.plan.build.internal.spaces.EntityQuerySpaceImpl@77fc19cf]
5572 [main] DEBUG org.hibernate.loader.plan.build.internal.spaces.QuerySpacesImpl  - Adding QuerySpace : uid = <gen:1> -> org.hibernate.loader.plan.build.internal.spaces.EntityQuerySpaceImpl@1b31af02]
5573 [main] DEBUG org.hibernate.loader.plan.build.internal.spaces.QuerySpacesImpl  - Adding QuerySpace : uid = <gen:2> -> org.hibernate.loader.plan.build.internal.spaces.CompositeQuerySpaceImpl@3c16528d]
5573 [main] DEBUG org.hibernate.loader.plan.build.internal.spaces.QuerySpacesImpl  - Adding QuerySpace : uid = <gen:3> -> org.hibernate.loader.plan.build.internal.spaces.CompositeQuerySpaceImpl@389a5022]
5574 [main] DEBUG org.hibernate.loader.plan.build.internal.FetchStyleLoadPlanBuildingAssociationVisitationStrategy  - Building LoadPlan...
5574 [main] DEBUG org.hibernate.loader.plan.exec.internal.LoadQueryJoinAndFetchProcessor  - processing queryspace <gen:0>
5575 [main] DEBUG org.hibernate.loader.plan.build.spi.LoadPlanTreePrinter  - LoadPlan(entity=org.thingsplode.core.entities.Device)
    - Returns
       - EntityReturnImpl(entity=org.thingsplode.core.entities.Device, querySpaceUid=<gen:0>, path=org.thingsplode.core.entities.Device)
          - EntityAttributeFetchImpl(entity=org.thingsplode.core.entities.Model, querySpaceUid=<gen:1>, path=org.thingsplode.core.entities.Device.model)
          - CompositeAttributeFetchImpl(composite=org.thingsplode.core.Location, querySpaceUid=<gen:2>, path=org.thingsplode.core.entities.Device.location)
             - NestedCompositeAttributeFetchImpl(composite=org.thingsplode.core.Address, querySpaceUid=<gen:3>, path=org.thingsplode.core.entities.Device.location.address)
    - QuerySpaces
       - EntityQuerySpaceImpl(uid=<gen:0>, entity=org.thingsplode.core.entities.Device)
          - SQL table alias mapping - device0_
          - alias suffix - 0_
          - suffixed key columns - {id2_1_0_}
          - JOIN (JoinDefinedByMetadata(model)) : <gen:0> -> <gen:1>
             - EntityQuerySpaceImpl(uid=<gen:1>, entity=org.thingsplode.core.entities.Model)
                - SQL table alias mapping - model1_
                - alias suffix - 1_
                - suffixed key columns - {id1_6_1_}
          - JOIN (JoinDefinedByMetadata(location)) : <gen:0> -> <gen:2>
             - CompositeQuerySpaceImpl(uid=<gen:2>)
                - SQL table alias mapping - device0_
                - JOIN (JoinDefinedByMetadata(address)) : <gen:2> -> <gen:3>
                   - CompositeQuerySpaceImpl(uid=<gen:3>)
                      - SQL table alias mapping - device0_

5576 [main] DEBUG org.hibernate.loader.entity.plan.EntityLoader  - Static select for entity org.thingsplode.core.entities.Device [NONE]: select device0_.id as id2_1_0_, device0_1_.deviceClass as deviceCl3_1_0_, device0_1_.enabledState as enabledS4_1_0_, device0_1_.identification as identifi5_1_0_, device0_1_.model_id as model_i10_1_0_, device0_1_.partNumber as partNumb6_1_0_, device0_1_.serialNumber as serialNu7_1_0_, device0_1_.status as status8_1_0_, device0_1_.type as type9_1_0_, device0_.hostAddress as hostAddr1_3_0_, device0_.lastHeartBeat as lastHear2_3_0_, device0_.city as city3_3_0_, device0_.country as country4_3_0_, device0_.houseNumber as houseNum5_3_0_, device0_.postCode as postCode6_3_0_, device0_.state as state7_3_0_, device0_.street as street8_3_0_, device0_.description as descript9_3_0_, device0_.latitude as latitud10_3_0_, device0_.longitude as longitu11_3_0_, device0_.startupDate as startup12_3_0_, model1_.id as id1_6_1_, model1_.manufacturer as manufact2_6_1_, model1_.type as type3_6_1_, model1_.version as version4_6_1_ from DEVICES device0_ inner join COMPONENT device0_1_ on device0_.id=device0_1_.id left outer join MODELS model1_ on device0_1_.model_id=model1_.id where device0_.id=?
5577 [main] DEBUG org.hibernate.loader.plan.build.internal.spaces.QuerySpacesImpl  - Adding QuerySpace : uid = <gen:0> -> org.hibernate.loader.plan.build.internal.spaces.EntityQuerySpaceImpl@5b44318]
5577 [main] DEBUG org.hibernate.loader.plan.build.internal.spaces.QuerySpacesImpl  - Adding QuerySpace : uid = <gen:1> -> org.hibernate.loader.plan.build.internal.spaces.EntityQuerySpaceImpl@6c995c5d]
5578 [main] DEBUG org.hibernate.loader.plan.build.internal.spaces.QuerySpacesImpl  - Adding QuerySpace : uid = <gen:2> -> org.hibernate.loader.plan.build.internal.spaces.CompositeQuerySpaceImpl@730bea0]
5578 [main] DEBUG org.hibernate.loader.plan.build.internal.spaces.QuerySpacesImpl  - Adding QuerySpace : uid = <gen:3> -> org.hibernate.loader.plan.build.internal.spaces.CompositeQuerySpaceImpl@677cb96e]
5578 [main] DEBUG org.hibernate.loader.plan.build.internal.FetchStyleLoadPlanBuildingAssociationVisitationStrategy  - Building LoadPlan...
5578 [main] DEBUG org.hibernate.loader.plan.exec.internal.LoadQueryJoinAndFetchProcessor  - processing queryspace <gen:0>
5579 [main] DEBUG org.hibernate.loader.plan.build.spi.LoadPlanTreePrinter  - LoadPlan(entity=org.thingsplode.core.entities.Device)
    - Returns
       - EntityReturnImpl(entity=org.thingsplode.core.entities.Device, querySpaceUid=<gen:0>, path=org.thingsplode.core.entities.Device)
          - EntityAttributeFetchImpl(entity=org.thingsplode.core.entities.Model, querySpaceUid=<gen:1>, path=org.thingsplode.core.entities.Device.model)
          - CompositeAttributeFetchImpl(composite=org.thingsplode.core.Location, querySpaceUid=<gen:2>, path=org.thingsplode.core.entities.Device.location)
             - NestedCompositeAttributeFetchImpl(composite=org.thingsplode.core.Address, querySpaceUid=<gen:3>, path=org.thingsplode.core.entities.Device.location.address)
    - QuerySpaces
       - EntityQuerySpaceImpl(uid=<gen:0>, entity=org.thingsplode.core.entities.Device)
          - SQL table alias mapping - device0_
          - alias suffix - 0_
          - suffixed key columns - {id2_1_0_}
          - JOIN (JoinDefinedByMetadata(model)) : <gen:0> -> <gen:1>
             - EntityQuerySpaceImpl(uid=<gen:1>, entity=org.thingsplode.core.entities.Model)
                - SQL table alias mapping - model1_
                - alias suffix - 1_
                - suffixed key columns - {id1_6_1_}
          - JOIN (JoinDefinedByMetadata(location)) : <gen:0> -> <gen:2>
             - CompositeQuerySpaceImpl(uid=<gen:2>)
                - SQL table alias mapping - device0_
                - JOIN (JoinDefinedByMetadata(address)) : <gen:2> -> <gen:3>
                   - CompositeQuerySpaceImpl(uid=<gen:3>)
                      - SQL table alias mapping - device0_

5580 [main] DEBUG org.hibernate.loader.entity.plan.EntityLoader  - Static select for entity org.thingsplode.core.entities.Device [READ]: select device0_.id as id2_1_0_, device0_1_.deviceClass as deviceCl3_1_0_, device0_1_.enabledState as enabledS4_1_0_, device0_1_.identification as identifi5_1_0_, device0_1_.model_id as model_i10_1_0_, device0_1_.partNumber as partNumb6_1_0_, device0_1_.serialNumber as serialNu7_1_0_, device0_1_.status as status8_1_0_, device0_1_.type as type9_1_0_, device0_.hostAddress as hostAddr1_3_0_, device0_.lastHeartBeat as lastHear2_3_0_, device0_.city as city3_3_0_, device0_.country as country4_3_0_, device0_.houseNumber as houseNum5_3_0_, device0_.postCode as postCode6_3_0_, device0_.state as state7_3_0_, device0_.street as street8_3_0_, device0_.description as descript9_3_0_, device0_.latitude as latitud10_3_0_, device0_.longitude as longitu11_3_0_, device0_.startupDate as startup12_3_0_, model1_.id as id1_6_1_, model1_.manufacturer as manufact2_6_1_, model1_.type as type3_6_1_, model1_.version as version4_6_1_ from DEVICES device0_ inner join COMPONENT device0_1_ on device0_.id=device0_1_.id left outer join MODELS model1_ on device0_1_.model_id=model1_.id where device0_.id=?
5581 [main] DEBUG org.hibernate.loader.plan.build.internal.spaces.QuerySpacesImpl  - Adding QuerySpace : uid = <gen:0> -> org.hibernate.loader.plan.build.internal.spaces.EntityQuerySpaceImpl@19d53ab4]
5581 [main] DEBUG org.hibernate.loader.plan.build.internal.spaces.QuerySpacesImpl  - Adding QuerySpace : uid = <gen:1> -> org.hibernate.loader.plan.build.internal.spaces.EntityQuerySpaceImpl@51fe7f15]
5581 [main] DEBUG org.hibernate.loader.plan.build.internal.spaces.QuerySpacesImpl  - Adding QuerySpace : uid = <gen:2> -> org.hibernate.loader.plan.build.internal.spaces.CompositeQuerySpaceImpl@5873f3f0]
5581 [main] DEBUG org.hibernate.loader.plan.build.internal.spaces.QuerySpacesImpl  - Adding QuerySpace : uid = <gen:3> -> org.hibernate.loader.plan.build.internal.spaces.CompositeQuerySpaceImpl@63dda940]
5582 [main] DEBUG org.hibernate.loader.plan.build.internal.FetchStyleLoadPlanBuildingAssociationVisitationStrategy  - Building LoadPlan...
5582 [main] DEBUG org.hibernate.loader.plan.exec.internal.LoadQueryJoinAndFetchProcessor  - processing queryspace <gen:0>
5582 [main] DEBUG org.hibernate.loader.plan.build.spi.LoadPlanTreePrinter  - LoadPlan(entity=org.thingsplode.core.entities.Device)
    - Returns
       - EntityReturnImpl(entity=org.thingsplode.core.entities.Device, querySpaceUid=<gen:0>, path=org.thingsplode.core.entities.Device)
          - EntityAttributeFetchImpl(entity=org.thingsplode.core.entities.Model, querySpaceUid=<gen:1>, path=org.thingsplode.core.entities.Device.model)
          - CompositeAttributeFetchImpl(composite=org.thingsplode.core.Location, querySpaceUid=<gen:2>, path=org.thingsplode.core.entities.Device.location)
             - NestedCompositeAttributeFetchImpl(composite=org.thingsplode.core.Address, querySpaceUid=<gen:3>, path=org.thingsplode.core.entities.Device.location.address)
    - QuerySpaces
       - EntityQuerySpaceImpl(uid=<gen:0>, entity=org.thingsplode.core.entities.Device)
          - SQL table alias mapping - device0_
          - alias suffix - 0_
          - suffixed key columns - {id2_1_0_}
          - JOIN (JoinDefinedByMetadata(location)) : <gen:0> -> <gen:2>
             - CompositeQuerySpaceImpl(uid=<gen:2>)
                - SQL table alias mapping - device0_
                - JOIN (JoinDefinedByMetadata(address)) : <gen:2> -> <gen:3>
                   - CompositeQuerySpaceImpl(uid=<gen:3>)
                      - SQL table alias mapping - device0_

5583 [main] DEBUG org.hibernate.loader.entity.plan.EntityLoader  - Static select for entity org.thingsplode.core.entities.Device [UPGRADE]: select device0_.id as id2_1_0_, device0_1_.deviceClass as deviceCl3_1_0_, device0_1_.enabledState as enabledS4_1_0_, device0_1_.identification as identifi5_1_0_, device0_1_.model_id as model_i10_1_0_, device0_1_.partNumber as partNumb6_1_0_, device0_1_.serialNumber as serialNu7_1_0_, device0_1_.status as status8_1_0_, device0_1_.type as type9_1_0_, device0_.hostAddress as hostAddr1_3_0_, device0_.lastHeartBeat as lastHear2_3_0_, device0_.city as city3_3_0_, device0_.country as country4_3_0_, device0_.houseNumber as houseNum5_3_0_, device0_.postCode as postCode6_3_0_, device0_.state as state7_3_0_, device0_.street as street8_3_0_, device0_.description as descript9_3_0_, device0_.latitude as latitud10_3_0_, device0_.longitude as longitu11_3_0_, device0_.startupDate as startup12_3_0_ from DEVICES device0_ inner join COMPONENT device0_1_ on device0_.id=device0_1_.id where device0_.id=? for update
5584 [main] DEBUG org.hibernate.loader.plan.build.internal.spaces.QuerySpacesImpl  - Adding QuerySpace : uid = <gen:0> -> org.hibernate.loader.plan.build.internal.spaces.EntityQuerySpaceImpl@652e345]
5584 [main] DEBUG org.hibernate.loader.plan.build.internal.spaces.QuerySpacesImpl  - Adding QuerySpace : uid = <gen:1> -> org.hibernate.loader.plan.build.internal.spaces.EntityQuerySpaceImpl@7bede4ea]
5584 [main] DEBUG org.hibernate.loader.plan.build.internal.spaces.QuerySpacesImpl  - Adding QuerySpace : uid = <gen:2> -> org.hibernate.loader.plan.build.internal.spaces.CompositeQuerySpaceImpl@713999c2]
5585 [main] DEBUG org.hibernate.loader.plan.build.internal.spaces.QuerySpacesImpl  - Adding QuerySpace : uid = <gen:3> -> org.hibernate.loader.plan.build.internal.spaces.CompositeQuerySpaceImpl@33627576]
5585 [main] DEBUG org.hibernate.loader.plan.build.internal.FetchStyleLoadPlanBuildingAssociationVisitationStrategy  - Building LoadPlan...
5585 [main] DEBUG org.hibernate.loader.plan.exec.internal.LoadQueryJoinAndFetchProcessor  - processing queryspace <gen:0>
5585 [main] DEBUG org.hibernate.loader.plan.build.spi.LoadPlanTreePrinter  - LoadPlan(entity=org.thingsplode.core.entities.Device)
    - Returns
       - EntityReturnImpl(entity=org.thingsplode.core.entities.Device, querySpaceUid=<gen:0>, path=org.thingsplode.core.entities.Device)
          - EntityAttributeFetchImpl(entity=org.thingsplode.core.entities.Model, querySpaceUid=<gen:1>, path=org.thingsplode.core.entities.Device.model)
          - CompositeAttributeFetchImpl(composite=org.thingsplode.core.Location, querySpaceUid=<gen:2>, path=org.thingsplode.core.entities.Device.location)
             - NestedCompositeAttributeFetchImpl(composite=org.thingsplode.core.Address, querySpaceUid=<gen:3>, path=org.thingsplode.core.entities.Device.location.address)
    - QuerySpaces
       - EntityQuerySpaceImpl(uid=<gen:0>, entity=org.thingsplode.core.entities.Device)
          - SQL table alias mapping - device0_
          - alias suffix - 0_
          - suffixed key columns - {id2_1_0_}
          - JOIN (JoinDefinedByMetadata(location)) : <gen:0> -> <gen:2>
             - CompositeQuerySpaceImpl(uid=<gen:2>)
                - SQL table alias mapping - device0_
                - JOIN (JoinDefinedByMetadata(address)) : <gen:2> -> <gen:3>
                   - CompositeQuerySpaceImpl(uid=<gen:3>)
                      - SQL table alias mapping - device0_

5586 [main] DEBUG org.hibernate.loader.entity.plan.EntityLoader  - Static select for entity org.thingsplode.core.entities.Device [UPGRADE_NOWAIT]: select device0_.id as id2_1_0_, device0_1_.deviceClass as deviceCl3_1_0_, device0_1_.enabledState as enabledS4_1_0_, device0_1_.identification as identifi5_1_0_, device0_1_.model_id as model_i10_1_0_, device0_1_.partNumber as partNumb6_1_0_, device0_1_.serialNumber as serialNu7_1_0_, device0_1_.status as status8_1_0_, device0_1_.type as type9_1_0_, device0_.hostAddress as hostAddr1_3_0_, device0_.lastHeartBeat as lastHear2_3_0_, device0_.city as city3_3_0_, device0_.country as country4_3_0_, device0_.houseNumber as houseNum5_3_0_, device0_.postCode as postCode6_3_0_, device0_.state as state7_3_0_, device0_.street as street8_3_0_, device0_.description as descript9_3_0_, device0_.latitude as latitud10_3_0_, device0_.longitude as longitu11_3_0_, device0_.startupDate as startup12_3_0_ from DEVICES device0_ inner join COMPONENT device0_1_ on device0_.id=device0_1_.id where device0_.id=? for update
5587 [main] DEBUG org.hibernate.loader.plan.build.internal.spaces.QuerySpacesImpl  - Adding QuerySpace : uid = <gen:0> -> org.hibernate.loader.plan.build.internal.spaces.EntityQuerySpaceImpl@1af677f8]
5587 [main] DEBUG org.hibernate.loader.plan.build.internal.spaces.QuerySpacesImpl  - Adding QuerySpace : uid = <gen:1> -> org.hibernate.loader.plan.build.internal.spaces.EntityQuerySpaceImpl@5a3cf878]
5587 [main] DEBUG org.hibernate.loader.plan.build.internal.spaces.QuerySpacesImpl  - Adding QuerySpace : uid = <gen:2> -> org.hibernate.loader.plan.build.internal.spaces.CompositeQuerySpaceImpl@1d2d8846]
5588 [main] DEBUG org.hibernate.loader.plan.build.internal.spaces.QuerySpacesImpl  - Adding QuerySpace : uid = <gen:3> -> org.hibernate.loader.plan.build.internal.spaces.CompositeQuerySpaceImpl@61911947]
5588 [main] DEBUG org.hibernate.loader.plan.build.internal.FetchStyleLoadPlanBuildingAssociationVisitationStrategy  - Building LoadPlan...
5588 [main] DEBUG org.hibernate.loader.plan.exec.internal.LoadQueryJoinAndFetchProcessor  - processing queryspace <gen:0>
5589 [main] DEBUG org.hibernate.loader.plan.build.spi.LoadPlanTreePrinter  - LoadPlan(entity=org.thingsplode.core.entities.Device)
    - Returns
       - EntityReturnImpl(entity=org.thingsplode.core.entities.Device, querySpaceUid=<gen:0>, path=org.thingsplode.core.entities.Device)
          - EntityAttributeFetchImpl(entity=org.thingsplode.core.entities.Model, querySpaceUid=<gen:1>, path=org.thingsplode.core.entities.Device.model)
          - CompositeAttributeFetchImpl(composite=org.thingsplode.core.Location, querySpaceUid=<gen:2>, path=org.thingsplode.core.entities.Device.location)
             - NestedCompositeAttributeFetchImpl(composite=org.thingsplode.core.Address, querySpaceUid=<gen:3>, path=org.thingsplode.core.entities.Device.location.address)
    - QuerySpaces
       - EntityQuerySpaceImpl(uid=<gen:0>, entity=org.thingsplode.core.entities.Device)
          - SQL table alias mapping - device0_
          - alias suffix - 0_
          - suffixed key columns - {id2_1_0_}
          - JOIN (JoinDefinedByMetadata(location)) : <gen:0> -> <gen:2>
             - CompositeQuerySpaceImpl(uid=<gen:2>)
                - SQL table alias mapping - device0_
                - JOIN (JoinDefinedByMetadata(address)) : <gen:2> -> <gen:3>
                   - CompositeQuerySpaceImpl(uid=<gen:3>)
                      - SQL table alias mapping - device0_

5589 [main] DEBUG org.hibernate.loader.entity.plan.EntityLoader  - Static select for entity org.thingsplode.core.entities.Device [UPGRADE_SKIPLOCKED]: select device0_.id as id2_1_0_, device0_1_.deviceClass as deviceCl3_1_0_, device0_1_.enabledState as enabledS4_1_0_, device0_1_.identification as identifi5_1_0_, device0_1_.model_id as model_i10_1_0_, device0_1_.partNumber as partNumb6_1_0_, device0_1_.serialNumber as serialNu7_1_0_, device0_1_.status as status8_1_0_, device0_1_.type as type9_1_0_, device0_.hostAddress as hostAddr1_3_0_, device0_.lastHeartBeat as lastHear2_3_0_, device0_.city as city3_3_0_, device0_.country as country4_3_0_, device0_.houseNumber as houseNum5_3_0_, device0_.postCode as postCode6_3_0_, device0_.state as state7_3_0_, device0_.street as street8_3_0_, device0_.description as descript9_3_0_, device0_.latitude as latitud10_3_0_, device0_.longitude as longitu11_3_0_, device0_.startupDate as startup12_3_0_ from DEVICES device0_ inner join COMPONENT device0_1_ on device0_.id=device0_1_.id where device0_.id=? for update
5590 [main] DEBUG org.hibernate.loader.plan.build.internal.spaces.QuerySpacesImpl  - Adding QuerySpace : uid = <gen:0> -> org.hibernate.loader.plan.build.internal.spaces.EntityQuerySpaceImpl@2dcd0e41]
5590 [main] DEBUG org.hibernate.loader.plan.build.internal.spaces.QuerySpacesImpl  - Adding QuerySpace : uid = <gen:1> -> org.hibernate.loader.plan.build.internal.spaces.EntityQuerySpaceImpl@1b409a79]
5591 [main] DEBUG org.hibernate.loader.plan.build.internal.spaces.QuerySpacesImpl  - Adding QuerySpace : uid = <gen:2> -> org.hibernate.loader.plan.build.internal.spaces.CompositeQuerySpaceImpl@5940b14e]
5591 [main] DEBUG org.hibernate.loader.plan.build.internal.spaces.QuerySpacesImpl  - Adding QuerySpace : uid = <gen:3> -> org.hibernate.loader.plan.build.internal.spaces.CompositeQuerySpaceImpl@795f6681]
5591 [main] DEBUG org.hibernate.loader.plan.build.internal.FetchStyleLoadPlanBuildingAssociationVisitationStrategy  - Building LoadPlan...
5591 [main] DEBUG org.hibernate.loader.plan.exec.internal.LoadQueryJoinAndFetchProcessor  - processing queryspace <gen:0>
5592 [main] DEBUG org.hibernate.loader.plan.build.spi.LoadPlanTreePrinter  - LoadPlan(entity=org.thingsplode.core.entities.Device)
    - Returns
       - EntityReturnImpl(entity=org.thingsplode.core.entities.Device, querySpaceUid=<gen:0>, path=org.thingsplode.core.entities.Device)
          - EntityAttributeFetchImpl(entity=org.thingsplode.core.entities.Model, querySpaceUid=<gen:1>, path=org.thingsplode.core.entities.Device.model)
          - CompositeAttributeFetchImpl(composite=org.thingsplode.core.Location, querySpaceUid=<gen:2>, path=org.thingsplode.core.entities.Device.location)
             - NestedCompositeAttributeFetchImpl(composite=org.thingsplode.core.Address, querySpaceUid=<gen:3>, path=org.thingsplode.core.entities.Device.location.address)
    - QuerySpaces
       - EntityQuerySpaceImpl(uid=<gen:0>, entity=org.thingsplode.core.entities.Device)
          - SQL table alias mapping - device0_
          - alias suffix - 0_
          - suffixed key columns - {id2_1_0_}
          - JOIN (JoinDefinedByMetadata(location)) : <gen:0> -> <gen:2>
             - CompositeQuerySpaceImpl(uid=<gen:2>)
                - SQL table alias mapping - device0_
                - JOIN (JoinDefinedByMetadata(address)) : <gen:2> -> <gen:3>
                   - CompositeQuerySpaceImpl(uid=<gen:3>)
                      - SQL table alias mapping - device0_

5593 [main] DEBUG org.hibernate.loader.entity.plan.EntityLoader  - Static select for entity org.thingsplode.core.entities.Device [FORCE]: select device0_.id as id2_1_0_, device0_1_.deviceClass as deviceCl3_1_0_, device0_1_.enabledState as enabledS4_1_0_, device0_1_.identification as identifi5_1_0_, device0_1_.model_id as model_i10_1_0_, device0_1_.partNumber as partNumb6_1_0_, device0_1_.serialNumber as serialNu7_1_0_, device0_1_.status as status8_1_0_, device0_1_.type as type9_1_0_, device0_.hostAddress as hostAddr1_3_0_, device0_.lastHeartBeat as lastHear2_3_0_, device0_.city as city3_3_0_, device0_.country as country4_3_0_, device0_.houseNumber as houseNum5_3_0_, device0_.postCode as postCode6_3_0_, device0_.state as state7_3_0_, device0_.street as street8_3_0_, device0_.description as descript9_3_0_, device0_.latitude as latitud10_3_0_, device0_.longitude as longitu11_3_0_, device0_.startupDate as startup12_3_0_ from DEVICES device0_ inner join COMPONENT device0_1_ on device0_.id=device0_1_.id where device0_.id=? for update
5593 [main] DEBUG org.hibernate.loader.plan.build.internal.spaces.QuerySpacesImpl  - Adding QuerySpace : uid = <gen:0> -> org.hibernate.loader.plan.build.internal.spaces.EntityQuerySpaceImpl@3a45afd4]
5593 [main] DEBUG org.hibernate.loader.plan.build.internal.spaces.QuerySpacesImpl  - Adding QuerySpace : uid = <gen:1> -> org.hibernate.loader.plan.build.internal.spaces.EntityQuerySpaceImpl@74431b9c]
5594 [main] DEBUG org.hibernate.loader.plan.build.internal.spaces.QuerySpacesImpl  - Adding QuerySpace : uid = <gen:2> -> org.hibernate.loader.plan.build.internal.spaces.CompositeQuerySpaceImpl@f2fb225]
5594 [main] DEBUG org.hibernate.loader.plan.build.internal.spaces.QuerySpacesImpl  - Adding QuerySpace : uid = <gen:3> -> org.hibernate.loader.plan.build.internal.spaces.CompositeQuerySpaceImpl@3e0a9b1d]
5594 [main] DEBUG org.hibernate.loader.plan.build.internal.FetchStyleLoadPlanBuildingAssociationVisitationStrategy  - Building LoadPlan...
5594 [main] DEBUG org.hibernate.loader.plan.exec.internal.LoadQueryJoinAndFetchProcessor  - processing queryspace <gen:0>
5595 [main] DEBUG org.hibernate.loader.plan.build.spi.LoadPlanTreePrinter  - LoadPlan(entity=org.thingsplode.core.entities.Device)
    - Returns
       - EntityReturnImpl(entity=org.thingsplode.core.entities.Device, querySpaceUid=<gen:0>, path=org.thingsplode.core.entities.Device)
          - EntityAttributeFetchImpl(entity=org.thingsplode.core.entities.Model, querySpaceUid=<gen:1>, path=org.thingsplode.core.entities.Device.model)
          - CompositeAttributeFetchImpl(composite=org.thingsplode.core.Location, querySpaceUid=<gen:2>, path=org.thingsplode.core.entities.Device.location)
             - NestedCompositeAttributeFetchImpl(composite=org.thingsplode.core.Address, querySpaceUid=<gen:3>, path=org.thingsplode.core.entities.Device.location.address)
    - QuerySpaces
       - EntityQuerySpaceImpl(uid=<gen:0>, entity=org.thingsplode.core.entities.Device)
          - SQL table alias mapping - device0_
          - alias suffix - 0_
          - suffixed key columns - {id2_1_0_}
          - JOIN (JoinDefinedByMetadata(location)) : <gen:0> -> <gen:2>
             - CompositeQuerySpaceImpl(uid=<gen:2>)
                - SQL table alias mapping - device0_
                - JOIN (JoinDefinedByMetadata(address)) : <gen:2> -> <gen:3>
                   - CompositeQuerySpaceImpl(uid=<gen:3>)
                      - SQL table alias mapping - device0_

5595 [main] DEBUG org.hibernate.loader.entity.plan.EntityLoader  - Static select for entity org.thingsplode.core.entities.Device [PESSIMISTIC_READ]: select device0_.id as id2_1_0_, device0_1_.deviceClass as deviceCl3_1_0_, device0_1_.enabledState as enabledS4_1_0_, device0_1_.identification as identifi5_1_0_, device0_1_.model_id as model_i10_1_0_, device0_1_.partNumber as partNumb6_1_0_, device0_1_.serialNumber as serialNu7_1_0_, device0_1_.status as status8_1_0_, device0_1_.type as type9_1_0_, device0_.hostAddress as hostAddr1_3_0_, device0_.lastHeartBeat as lastHear2_3_0_, device0_.city as city3_3_0_, device0_.country as country4_3_0_, device0_.houseNumber as houseNum5_3_0_, device0_.postCode as postCode6_3_0_, device0_.state as state7_3_0_, device0_.street as street8_3_0_, device0_.description as descript9_3_0_, device0_.latitude as latitud10_3_0_, device0_.longitude as longitu11_3_0_, device0_.startupDate as startup12_3_0_ from DEVICES device0_ inner join COMPONENT device0_1_ on device0_.id=device0_1_.id where device0_.id=? for update
5596 [main] DEBUG org.hibernate.loader.plan.build.internal.spaces.QuerySpacesImpl  - Adding QuerySpace : uid = <gen:0> -> org.hibernate.loader.plan.build.internal.spaces.EntityQuerySpaceImpl@2035d65b]
5596 [main] DEBUG org.hibernate.loader.plan.build.internal.spaces.QuerySpacesImpl  - Adding QuerySpace : uid = <gen:1> -> org.hibernate.loader.plan.build.internal.spaces.EntityQuerySpaceImpl@4e3283f6]
5597 [main] DEBUG org.hibernate.loader.plan.build.internal.spaces.QuerySpacesImpl  - Adding QuerySpace : uid = <gen:2> -> org.hibernate.loader.plan.build.internal.spaces.CompositeQuerySpaceImpl@539316bb]
5597 [main] DEBUG org.hibernate.loader.plan.build.internal.spaces.QuerySpacesImpl  - Adding QuerySpace : uid = <gen:3> -> org.hibernate.loader.plan.build.internal.spaces.CompositeQuerySpaceImpl@28554ac8]
5597 [main] DEBUG org.hibernate.loader.plan.build.internal.FetchStyleLoadPlanBuildingAssociationVisitationStrategy  - Building LoadPlan...
5597 [main] DEBUG org.hibernate.loader.plan.exec.internal.LoadQueryJoinAndFetchProcessor  - processing queryspace <gen:0>
5598 [main] DEBUG org.hibernate.loader.plan.build.spi.LoadPlanTreePrinter  - LoadPlan(entity=org.thingsplode.core.entities.Device)
    - Returns
       - EntityReturnImpl(entity=org.thingsplode.core.entities.Device, querySpaceUid=<gen:0>, path=org.thingsplode.core.entities.Device)
          - EntityAttributeFetchImpl(entity=org.thingsplode.core.entities.Model, querySpaceUid=<gen:1>, path=org.thingsplode.core.entities.Device.model)
          - CompositeAttributeFetchImpl(composite=org.thingsplode.core.Location, querySpaceUid=<gen:2>, path=org.thingsplode.core.entities.Device.location)
             - NestedCompositeAttributeFetchImpl(composite=org.thingsplode.core.Address, querySpaceUid=<gen:3>, path=org.thingsplode.core.entities.Device.location.address)
    - QuerySpaces
       - EntityQuerySpaceImpl(uid=<gen:0>, entity=org.thingsplode.core.entities.Device)
          - SQL table alias mapping - device0_
          - alias suffix - 0_
          - suffixed key columns - {id2_1_0_}
          - JOIN (JoinDefinedByMetadata(location)) : <gen:0> -> <gen:2>
             - CompositeQuerySpaceImpl(uid=<gen:2>)
                - SQL table alias mapping - device0_
                - JOIN (JoinDefinedByMetadata(address)) : <gen:2> -> <gen:3>
                   - CompositeQuerySpaceImpl(uid=<gen:3>)
                      - SQL table alias mapping - device0_

5599 [main] DEBUG org.hibernate.loader.entity.plan.EntityLoader  - Static select for entity org.thingsplode.core.entities.Device [PESSIMISTIC_WRITE]: select device0_.id as id2_1_0_, device0_1_.deviceClass as deviceCl3_1_0_, device0_1_.enabledState as enabledS4_1_0_, device0_1_.identification as identifi5_1_0_, device0_1_.model_id as model_i10_1_0_, device0_1_.partNumber as partNumb6_1_0_, device0_1_.serialNumber as serialNu7_1_0_, device0_1_.status as status8_1_0_, device0_1_.type as type9_1_0_, device0_.hostAddress as hostAddr1_3_0_, device0_.lastHeartBeat as lastHear2_3_0_, device0_.city as city3_3_0_, device0_.country as country4_3_0_, device0_.houseNumber as houseNum5_3_0_, device0_.postCode as postCode6_3_0_, device0_.state as state7_3_0_, device0_.street as street8_3_0_, device0_.description as descript9_3_0_, device0_.latitude as latitud10_3_0_, device0_.longitude as longitu11_3_0_, device0_.startupDate as startup12_3_0_ from DEVICES device0_ inner join COMPONENT device0_1_ on device0_.id=device0_1_.id where device0_.id=? for update
5599 [main] DEBUG org.hibernate.loader.plan.build.internal.spaces.QuerySpacesImpl  - Adding QuerySpace : uid = <gen:0> -> org.hibernate.loader.plan.build.internal.spaces.EntityQuerySpaceImpl@394fb736]
5600 [main] DEBUG org.hibernate.loader.plan.build.internal.spaces.QuerySpacesImpl  - Adding QuerySpace : uid = <gen:1> -> org.hibernate.loader.plan.build.internal.spaces.EntityQuerySpaceImpl@3271ec2a]
5600 [main] DEBUG org.hibernate.loader.plan.build.internal.spaces.QuerySpacesImpl  - Adding QuerySpace : uid = <gen:2> -> org.hibernate.loader.plan.build.internal.spaces.CompositeQuerySpaceImpl@52bba91a]
5600 [main] DEBUG org.hibernate.loader.plan.build.internal.spaces.QuerySpacesImpl  - Adding QuerySpace : uid = <gen:3> -> org.hibernate.loader.plan.build.internal.spaces.CompositeQuerySpaceImpl@21516c88]
5601 [main] DEBUG org.hibernate.loader.plan.build.internal.FetchStyleLoadPlanBuildingAssociationVisitationStrategy  - Building LoadPlan...
5601 [main] DEBUG org.hibernate.loader.plan.exec.internal.LoadQueryJoinAndFetchProcessor  - processing queryspace <gen:0>
5601 [main] DEBUG org.hibernate.loader.plan.build.spi.LoadPlanTreePrinter  - LoadPlan(entity=org.thingsplode.core.entities.Device)
    - Returns
       - EntityReturnImpl(entity=org.thingsplode.core.entities.Device, querySpaceUid=<gen:0>, path=org.thingsplode.core.entities.Device)
          - EntityAttributeFetchImpl(entity=org.thingsplode.core.entities.Model, querySpaceUid=<gen:1>, path=org.thingsplode.core.entities.Device.model)
          - CompositeAttributeFetchImpl(composite=org.thingsplode.core.Location, querySpaceUid=<gen:2>, path=org.thingsplode.core.entities.Device.location)
             - NestedCompositeAttributeFetchImpl(composite=org.thingsplode.core.Address, querySpaceUid=<gen:3>, path=org.thingsplode.core.entities.Device.location.address)
    - QuerySpaces
       - EntityQuerySpaceImpl(uid=<gen:0>, entity=org.thingsplode.core.entities.Device)
          - SQL table alias mapping - device0_
          - alias suffix - 0_
          - suffixed key columns - {id2_1_0_}
          - JOIN (JoinDefinedByMetadata(location)) : <gen:0> -> <gen:2>
             - CompositeQuerySpaceImpl(uid=<gen:2>)
                - SQL table alias mapping - device0_
                - JOIN (JoinDefinedByMetadata(address)) : <gen:2> -> <gen:3>
                   - CompositeQuerySpaceImpl(uid=<gen:3>)
                      - SQL table alias mapping - device0_

5602 [main] DEBUG org.hibernate.loader.entity.plan.EntityLoader  - Static select for entity org.thingsplode.core.entities.Device [PESSIMISTIC_FORCE_INCREMENT]: select device0_.id as id2_1_0_, device0_1_.deviceClass as deviceCl3_1_0_, device0_1_.enabledState as enabledS4_1_0_, device0_1_.identification as identifi5_1_0_, device0_1_.model_id as model_i10_1_0_, device0_1_.partNumber as partNumb6_1_0_, device0_1_.serialNumber as serialNu7_1_0_, device0_1_.status as status8_1_0_, device0_1_.type as type9_1_0_, device0_.hostAddress as hostAddr1_3_0_, device0_.lastHeartBeat as lastHear2_3_0_, device0_.city as city3_3_0_, device0_.country as country4_3_0_, device0_.houseNumber as houseNum5_3_0_, device0_.postCode as postCode6_3_0_, device0_.state as state7_3_0_, device0_.street as street8_3_0_, device0_.description as descript9_3_0_, device0_.latitude as latitud10_3_0_, device0_.longitude as longitu11_3_0_, device0_.startupDate as startup12_3_0_ from DEVICES device0_ inner join COMPONENT device0_1_ on device0_.id=device0_1_.id where device0_.id=? for update
5603 [main] DEBUG org.hibernate.loader.plan.build.internal.spaces.QuerySpacesImpl  - Adding QuerySpace : uid = <gen:0> -> org.hibernate.loader.plan.build.internal.spaces.EntityQuerySpaceImpl@13004dd8]
5603 [main] DEBUG org.hibernate.loader.plan.build.internal.spaces.QuerySpacesImpl  - Adding QuerySpace : uid = <gen:1> -> org.hibernate.loader.plan.build.internal.spaces.EntityQuerySpaceImpl@65d9e72a]
5604 [main] DEBUG org.hibernate.loader.plan.build.internal.spaces.QuerySpacesImpl  - Adding QuerySpace : uid = <gen:2> -> org.hibernate.loader.plan.build.internal.spaces.CompositeQuerySpaceImpl@1f7e52d1]
5604 [main] DEBUG org.hibernate.loader.plan.build.internal.spaces.QuerySpacesImpl  - Adding QuerySpace : uid = <gen:3> -> org.hibernate.loader.plan.build.internal.spaces.CompositeQuerySpaceImpl@7604198a]
5604 [main] DEBUG org.hibernate.loader.plan.build.internal.FetchStyleLoadPlanBuildingAssociationVisitationStrategy  - Building LoadPlan...
5605 [main] DEBUG org.hibernate.loader.plan.exec.internal.LoadQueryJoinAndFetchProcessor  - processing queryspace <gen:0>
5605 [main] DEBUG org.hibernate.loader.plan.build.spi.LoadPlanTreePrinter  - LoadPlan(entity=org.thingsplode.core.entities.Device)
    - Returns
       - EntityReturnImpl(entity=org.thingsplode.core.entities.Device, querySpaceUid=<gen:0>, path=org.thingsplode.core.entities.Device)
          - EntityAttributeFetchImpl(entity=org.thingsplode.core.entities.Model, querySpaceUid=<gen:1>, path=org.thingsplode.core.entities.Device.model)
          - CompositeAttributeFetchImpl(composite=org.thingsplode.core.Location, querySpaceUid=<gen:2>, path=org.thingsplode.core.entities.Device.location)
             - NestedCompositeAttributeFetchImpl(composite=org.thingsplode.core.Address, querySpaceUid=<gen:3>, path=org.thingsplode.core.entities.Device.location.address)
    - QuerySpaces
       - EntityQuerySpaceImpl(uid=<gen:0>, entity=org.thingsplode.core.entities.Device)
          - SQL table alias mapping - device0_
          - alias suffix - 0_
          - suffixed key columns - {id2_1_0_}
          - JOIN (JoinDefinedByMetadata(location)) : <gen:0> -> <gen:2>
             - CompositeQuerySpaceImpl(uid=<gen:2>)
                - SQL table alias mapping - device0_
                - JOIN (JoinDefinedByMetadata(address)) : <gen:2> -> <gen:3>
                   - CompositeQuerySpaceImpl(uid=<gen:3>)
                      - SQL table alias mapping - device0_

5606 [main] DEBUG org.hibernate.loader.entity.plan.EntityLoader  - Static select for entity org.thingsplode.core.entities.Device [OPTIMISTIC]: select device0_.id as id2_1_0_, device0_1_.deviceClass as deviceCl3_1_0_, device0_1_.enabledState as enabledS4_1_0_, device0_1_.identification as identifi5_1_0_, device0_1_.model_id as model_i10_1_0_, device0_1_.partNumber as partNumb6_1_0_, device0_1_.serialNumber as serialNu7_1_0_, device0_1_.status as status8_1_0_, device0_1_.type as type9_1_0_, device0_.hostAddress as hostAddr1_3_0_, device0_.lastHeartBeat as lastHear2_3_0_, device0_.city as city3_3_0_, device0_.country as country4_3_0_, device0_.houseNumber as houseNum5_3_0_, device0_.postCode as postCode6_3_0_, device0_.state as state7_3_0_, device0_.street as street8_3_0_, device0_.description as descript9_3_0_, device0_.latitude as latitud10_3_0_, device0_.longitude as longitu11_3_0_, device0_.startupDate as startup12_3_0_ from DEVICES device0_ inner join COMPONENT device0_1_ on device0_.id=device0_1_.id where device0_.id=?
5607 [main] DEBUG org.hibernate.loader.plan.build.internal.spaces.QuerySpacesImpl  - Adding QuerySpace : uid = <gen:0> -> org.hibernate.loader.plan.build.internal.spaces.EntityQuerySpaceImpl@314b7945]
5607 [main] DEBUG org.hibernate.loader.plan.build.internal.spaces.QuerySpacesImpl  - Adding QuerySpace : uid = <gen:1> -> org.hibernate.loader.plan.build.internal.spaces.EntityQuerySpaceImpl@64440065]
5607 [main] DEBUG org.hibernate.loader.plan.build.internal.spaces.QuerySpacesImpl  - Adding QuerySpace : uid = <gen:2> -> org.hibernate.loader.plan.build.internal.spaces.CompositeQuerySpaceImpl@4aa22cc2]
5608 [main] DEBUG org.hibernate.loader.plan.build.internal.spaces.QuerySpacesImpl  - Adding QuerySpace : uid = <gen:3> -> org.hibernate.loader.plan.build.internal.spaces.CompositeQuerySpaceImpl@464aeb09]
5608 [main] DEBUG org.hibernate.loader.plan.build.internal.FetchStyleLoadPlanBuildingAssociationVisitationStrategy  - Building LoadPlan...
5608 [main] DEBUG org.hibernate.loader.plan.exec.internal.LoadQueryJoinAndFetchProcessor  - processing queryspace <gen:0>
5609 [main] DEBUG org.hibernate.loader.plan.build.spi.LoadPlanTreePrinter  - LoadPlan(entity=org.thingsplode.core.entities.Device)
    - Returns
       - EntityReturnImpl(entity=org.thingsplode.core.entities.Device, querySpaceUid=<gen:0>, path=org.thingsplode.core.entities.Device)
          - EntityAttributeFetchImpl(entity=org.thingsplode.core.entities.Model, querySpaceUid=<gen:1>, path=org.thingsplode.core.entities.Device.model)
          - CompositeAttributeFetchImpl(composite=org.thingsplode.core.Location, querySpaceUid=<gen:2>, path=org.thingsplode.core.entities.Device.location)
             - NestedCompositeAttributeFetchImpl(composite=org.thingsplode.core.Address, querySpaceUid=<gen:3>, path=org.thingsplode.core.entities.Device.location.address)
    - QuerySpaces
       - EntityQuerySpaceImpl(uid=<gen:0>, entity=org.thingsplode.core.entities.Device)
          - SQL table alias mapping - device0_
          - alias suffix - 0_
          - suffixed key columns - {id2_1_0_}
          - JOIN (JoinDefinedByMetadata(location)) : <gen:0> -> <gen:2>
             - CompositeQuerySpaceImpl(uid=<gen:2>)
                - SQL table alias mapping - device0_
                - JOIN (JoinDefinedByMetadata(address)) : <gen:2> -> <gen:3>
                   - CompositeQuerySpaceImpl(uid=<gen:3>)
                      - SQL table alias mapping - device0_

5610 [main] DEBUG org.hibernate.loader.entity.plan.EntityLoader  - Static select for entity org.thingsplode.core.entities.Device [OPTIMISTIC_FORCE_INCREMENT]: select device0_.id as id2_1_0_, device0_1_.deviceClass as deviceCl3_1_0_, device0_1_.enabledState as enabledS4_1_0_, device0_1_.identification as identifi5_1_0_, device0_1_.model_id as model_i10_1_0_, device0_1_.partNumber as partNumb6_1_0_, device0_1_.serialNumber as serialNu7_1_0_, device0_1_.status as status8_1_0_, device0_1_.type as type9_1_0_, device0_.hostAddress as hostAddr1_3_0_, device0_.lastHeartBeat as lastHear2_3_0_, device0_.city as city3_3_0_, device0_.country as country4_3_0_, device0_.houseNumber as houseNum5_3_0_, device0_.postCode as postCode6_3_0_, device0_.state as state7_3_0_, device0_.street as street8_3_0_, device0_.description as descript9_3_0_, device0_.latitude as latitud10_3_0_, device0_.longitude as longitu11_3_0_, device0_.startupDate as startup12_3_0_ from DEVICES device0_ inner join COMPONENT device0_1_ on device0_.id=device0_1_.id where device0_.id=?
5610 [main] DEBUG org.hibernate.loader.Loader  - Static select for action ACTION_MERGE on entity org.thingsplode.core.entities.Device: select device0_.id as id2_1_2_, device0_1_.deviceClass as deviceCl3_1_2_, device0_1_.enabledState as enabledS4_1_2_, device0_1_.identification as identifi5_1_2_, device0_1_.model_id as model_i10_1_2_, device0_1_.partNumber as partNumb6_1_2_, device0_1_.serialNumber as serialNu7_1_2_, device0_1_.status as status8_1_2_, device0_1_.type as type9_1_2_, device0_.hostAddress as hostAddr1_3_2_, device0_.lastHeartBeat as lastHear2_3_2_, device0_.city as city3_3_2_, device0_.country as country4_3_2_, device0_.houseNumber as houseNum5_3_2_, device0_.postCode as postCode6_3_2_, device0_.state as state7_3_2_, device0_.street as street8_3_2_, device0_.description as descript9_3_2_, device0_.latitude as latitud10_3_2_, device0_.longitude as longitu11_3_2_, device0_.startupDate as startup12_3_2_, capabiliti1_.COMP_ID as COMP_ID7_1_4_, capabiliti1_.id as id1_0_4_, capabiliti1_.id as id1_0_0_, capabiliti1_.active as active2_0_0_, capabiliti1_.name as name3_0_0_, capabiliti1_.type as type4_0_0_, capabiliti1_.content as content5_0_0_, capabiliti1_.VALUE_TYPE as VALUE_TY6_0_0_, model2_.id as id1_6_1_, model2_.manufacturer as manufact2_6_1_, model2_.type as type3_6_1_, model2_.version as version4_6_1_ from DEVICES device0_ inner join COMPONENT device0_1_ on device0_.id=device0_1_.id left outer join CAPABILITIES capabiliti1_ on device0_.id=capabiliti1_.COMP_ID left outer join MODELS model2_ on device0_1_.model_id=model2_.id where device0_.id=?
5611 [main] DEBUG org.hibernate.loader.Loader  - Static select for action ACTION_REFRESH on entity org.thingsplode.core.entities.Device: select device0_.id as id2_1_2_, device0_1_.deviceClass as deviceCl3_1_2_, device0_1_.enabledState as enabledS4_1_2_, device0_1_.identification as identifi5_1_2_, device0_1_.model_id as model_i10_1_2_, device0_1_.partNumber as partNumb6_1_2_, device0_1_.serialNumber as serialNu7_1_2_, device0_1_.status as status8_1_2_, device0_1_.type as type9_1_2_, device0_.hostAddress as hostAddr1_3_2_, device0_.lastHeartBeat as lastHear2_3_2_, device0_.city as city3_3_2_, device0_.country as country4_3_2_, device0_.houseNumber as houseNum5_3_2_, device0_.postCode as postCode6_3_2_, device0_.state as state7_3_2_, device0_.street as street8_3_2_, device0_.description as descript9_3_2_, device0_.latitude as latitud10_3_2_, device0_.longitude as longitu11_3_2_, device0_.startupDate as startup12_3_2_, capabiliti1_.COMP_ID as COMP_ID7_1_4_, capabiliti1_.id as id1_0_4_, capabiliti1_.id as id1_0_0_, capabiliti1_.active as active2_0_0_, capabiliti1_.name as name3_0_0_, capabiliti1_.type as type4_0_0_, capabiliti1_.content as content5_0_0_, capabiliti1_.VALUE_TYPE as VALUE_TY6_0_0_, model2_.id as id1_6_1_, model2_.manufacturer as manufact2_6_1_, model2_.type as type3_6_1_, model2_.version as version4_6_1_ from DEVICES device0_ inner join COMPONENT device0_1_ on device0_.id=device0_1_.id left outer join CAPABILITIES capabiliti1_ on device0_.id=capabiliti1_.COMP_ID left outer join MODELS model2_ on device0_1_.model_id=model2_.id where device0_.id=?
5613 [main] DEBUG org.hibernate.loader.plan.build.internal.spaces.QuerySpacesImpl  - Adding QuerySpace : uid = <gen:0> -> org.hibernate.loader.plan.build.internal.spaces.EntityQuerySpaceImpl@59d6642a]
5613 [main] DEBUG org.hibernate.loader.plan.build.internal.spaces.QuerySpacesImpl  - Adding QuerySpace : uid = <gen:1> -> org.hibernate.loader.plan.build.internal.spaces.CompositeQuerySpaceImpl@27df5806]
5614 [main] DEBUG org.hibernate.loader.plan.build.internal.FetchStyleLoadPlanBuildingAssociationVisitationStrategy  - Building LoadPlan...
5614 [main] DEBUG org.hibernate.loader.plan.exec.internal.LoadQueryJoinAndFetchProcessor  - processing queryspace <gen:0>
5614 [main] DEBUG org.hibernate.loader.plan.build.spi.LoadPlanTreePrinter  - LoadPlan(entity=org.thingsplode.core.entities.Treshold)
    - Returns
       - EntityReturnImpl(entity=org.thingsplode.core.entities.Treshold, querySpaceUid=<gen:0>, path=org.thingsplode.core.entities.Treshold)
          - CompositeAttributeFetchImpl(composite=org.thingsplode.core.Value, querySpaceUid=<gen:1>, path=org.thingsplode.core.entities.Treshold.tresholdValue)
    - QuerySpaces
       - EntityQuerySpaceImpl(uid=<gen:0>, entity=org.thingsplode.core.entities.Treshold)
          - SQL table alias mapping - treshold0_
          - alias suffix - 0_
          - suffixed key columns - {id1_8_0_}
          - JOIN (JoinDefinedByMetadata(tresholdValue)) : <gen:0> -> <gen:1>
             - CompositeQuerySpaceImpl(uid=<gen:1>)
                - SQL table alias mapping - treshold0_

5614 [main] DEBUG org.hibernate.loader.entity.plan.EntityLoader  - Static select for entity org.thingsplode.core.entities.Treshold [NONE]: select treshold0_.id as id1_8_0_, treshold0_.name as name2_8_0_, treshold0_.scope as scope3_8_0_, treshold0_.content as content4_8_0_, treshold0_.VALUE_TYPE as VALUE_TY5_8_0_, treshold0_.type as type6_8_0_ from TRESHOLDS treshold0_ where treshold0_.id=?
5615 [main] DEBUG org.hibernate.loader.plan.build.internal.spaces.QuerySpacesImpl  - Adding QuerySpace : uid = <gen:0> -> org.hibernate.loader.plan.build.internal.spaces.EntityQuerySpaceImpl@3214bad]
5615 [main] DEBUG org.hibernate.loader.plan.build.internal.spaces.QuerySpacesImpl  - Adding QuerySpace : uid = <gen:1> -> org.hibernate.loader.plan.build.internal.spaces.CompositeQuerySpaceImpl@f95d64d]
5615 [main] DEBUG org.hibernate.loader.plan.build.internal.FetchStyleLoadPlanBuildingAssociationVisitationStrategy  - Building LoadPlan...
5616 [main] DEBUG org.hibernate.loader.plan.exec.internal.LoadQueryJoinAndFetchProcessor  - processing queryspace <gen:0>
5616 [main] DEBUG org.hibernate.loader.plan.build.spi.LoadPlanTreePrinter  - LoadPlan(entity=org.thingsplode.core.entities.Treshold)
    - Returns
       - EntityReturnImpl(entity=org.thingsplode.core.entities.Treshold, querySpaceUid=<gen:0>, path=org.thingsplode.core.entities.Treshold)
          - CompositeAttributeFetchImpl(composite=org.thingsplode.core.Value, querySpaceUid=<gen:1>, path=org.thingsplode.core.entities.Treshold.tresholdValue)
    - QuerySpaces
       - EntityQuerySpaceImpl(uid=<gen:0>, entity=org.thingsplode.core.entities.Treshold)
          - SQL table alias mapping - treshold0_
          - alias suffix - 0_
          - suffixed key columns - {id1_8_0_}
          - JOIN (JoinDefinedByMetadata(tresholdValue)) : <gen:0> -> <gen:1>
             - CompositeQuerySpaceImpl(uid=<gen:1>)
                - SQL table alias mapping - treshold0_

5616 [main] DEBUG org.hibernate.loader.entity.plan.EntityLoader  - Static select for entity org.thingsplode.core.entities.Treshold [READ]: select treshold0_.id as id1_8_0_, treshold0_.name as name2_8_0_, treshold0_.scope as scope3_8_0_, treshold0_.content as content4_8_0_, treshold0_.VALUE_TYPE as VALUE_TY5_8_0_, treshold0_.type as type6_8_0_ from TRESHOLDS treshold0_ where treshold0_.id=?
5616 [main] DEBUG org.hibernate.loader.plan.build.internal.spaces.QuerySpacesImpl  - Adding QuerySpace : uid = <gen:0> -> org.hibernate.loader.plan.build.internal.spaces.EntityQuerySpaceImpl@b7d2d51]
5616 [main] DEBUG org.hibernate.loader.plan.build.internal.spaces.QuerySpacesImpl  - Adding QuerySpace : uid = <gen:1> -> org.hibernate.loader.plan.build.internal.spaces.CompositeQuerySpaceImpl@45984654]
5616 [main] DEBUG org.hibernate.loader.plan.build.internal.FetchStyleLoadPlanBuildingAssociationVisitationStrategy  - Building LoadPlan...
5616 [main] DEBUG org.hibernate.loader.plan.exec.internal.LoadQueryJoinAndFetchProcessor  - processing queryspace <gen:0>
5618 [main] DEBUG org.hibernate.loader.plan.build.spi.LoadPlanTreePrinter  - LoadPlan(entity=org.thingsplode.core.entities.Treshold)
    - Returns
       - EntityReturnImpl(entity=org.thingsplode.core.entities.Treshold, querySpaceUid=<gen:0>, path=org.thingsplode.core.entities.Treshold)
          - CompositeAttributeFetchImpl(composite=org.thingsplode.core.Value, querySpaceUid=<gen:1>, path=org.thingsplode.core.entities.Treshold.tresholdValue)
    - QuerySpaces
       - EntityQuerySpaceImpl(uid=<gen:0>, entity=org.thingsplode.core.entities.Treshold)
          - SQL table alias mapping - treshold0_
          - alias suffix - 0_
          - suffixed key columns - {id1_8_0_}
          - JOIN (JoinDefinedByMetadata(tresholdValue)) : <gen:0> -> <gen:1>
             - CompositeQuerySpaceImpl(uid=<gen:1>)
                - SQL table alias mapping - treshold0_

5618 [main] DEBUG org.hibernate.loader.entity.plan.EntityLoader  - Static select for entity org.thingsplode.core.entities.Treshold [UPGRADE]: select treshold0_.id as id1_8_0_, treshold0_.name as name2_8_0_, treshold0_.scope as scope3_8_0_, treshold0_.content as content4_8_0_, treshold0_.VALUE_TYPE as VALUE_TY5_8_0_, treshold0_.type as type6_8_0_ from TRESHOLDS treshold0_ where treshold0_.id=? for update
5618 [main] DEBUG org.hibernate.loader.plan.build.internal.spaces.QuerySpacesImpl  - Adding QuerySpace : uid = <gen:0> -> org.hibernate.loader.plan.build.internal.spaces.EntityQuerySpaceImpl@66b0e207]
5618 [main] DEBUG org.hibernate.loader.plan.build.internal.spaces.QuerySpacesImpl  - Adding QuerySpace : uid = <gen:1> -> org.hibernate.loader.plan.build.internal.spaces.CompositeQuerySpaceImpl@7308c820]
5619 [main] DEBUG org.hibernate.loader.plan.build.internal.FetchStyleLoadPlanBuildingAssociationVisitationStrategy  - Building LoadPlan...
5619 [main] DEBUG org.hibernate.loader.plan.exec.internal.LoadQueryJoinAndFetchProcessor  - processing queryspace <gen:0>
5619 [main] DEBUG org.hibernate.loader.plan.build.spi.LoadPlanTreePrinter  - LoadPlan(entity=org.thingsplode.core.entities.Treshold)
    - Returns
       - EntityReturnImpl(entity=org.thingsplode.core.entities.Treshold, querySpaceUid=<gen:0>, path=org.thingsplode.core.entities.Treshold)
          - CompositeAttributeFetchImpl(composite=org.thingsplode.core.Value, querySpaceUid=<gen:1>, path=org.thingsplode.core.entities.Treshold.tresholdValue)
    - QuerySpaces
       - EntityQuerySpaceImpl(uid=<gen:0>, entity=org.thingsplode.core.entities.Treshold)
          - SQL table alias mapping - treshold0_
          - alias suffix - 0_
          - suffixed key columns - {id1_8_0_}
          - JOIN (JoinDefinedByMetadata(tresholdValue)) : <gen:0> -> <gen:1>
             - CompositeQuerySpaceImpl(uid=<gen:1>)
                - SQL table alias mapping - treshold0_

5619 [main] DEBUG org.hibernate.loader.entity.plan.EntityLoader  - Static select for entity org.thingsplode.core.entities.Treshold [UPGRADE_NOWAIT]: select treshold0_.id as id1_8_0_, treshold0_.name as name2_8_0_, treshold0_.scope as scope3_8_0_, treshold0_.content as content4_8_0_, treshold0_.VALUE_TYPE as VALUE_TY5_8_0_, treshold0_.type as type6_8_0_ from TRESHOLDS treshold0_ where treshold0_.id=? for update
5619 [main] DEBUG org.hibernate.loader.plan.build.internal.spaces.QuerySpacesImpl  - Adding QuerySpace : uid = <gen:0> -> org.hibernate.loader.plan.build.internal.spaces.EntityQuerySpaceImpl@3ca17943]
5619 [main] DEBUG org.hibernate.loader.plan.build.internal.spaces.QuerySpacesImpl  - Adding QuerySpace : uid = <gen:1> -> org.hibernate.loader.plan.build.internal.spaces.CompositeQuerySpaceImpl@5170bc02]
5619 [main] DEBUG org.hibernate.loader.plan.build.internal.FetchStyleLoadPlanBuildingAssociationVisitationStrategy  - Building LoadPlan...
5619 [main] DEBUG org.hibernate.loader.plan.exec.internal.LoadQueryJoinAndFetchProcessor  - processing queryspace <gen:0>
5620 [main] DEBUG org.hibernate.loader.plan.build.spi.LoadPlanTreePrinter  - LoadPlan(entity=org.thingsplode.core.entities.Treshold)
    - Returns
       - EntityReturnImpl(entity=org.thingsplode.core.entities.Treshold, querySpaceUid=<gen:0>, path=org.thingsplode.core.entities.Treshold)
          - CompositeAttributeFetchImpl(composite=org.thingsplode.core.Value, querySpaceUid=<gen:1>, path=org.thingsplode.core.entities.Treshold.tresholdValue)
    - QuerySpaces
       - EntityQuerySpaceImpl(uid=<gen:0>, entity=org.thingsplode.core.entities.Treshold)
          - SQL table alias mapping - treshold0_
          - alias suffix - 0_
          - suffixed key columns - {id1_8_0_}
          - JOIN (JoinDefinedByMetadata(tresholdValue)) : <gen:0> -> <gen:1>
             - CompositeQuerySpaceImpl(uid=<gen:1>)
                - SQL table alias mapping - treshold0_

5620 [main] DEBUG org.hibernate.loader.entity.plan.EntityLoader  - Static select for entity org.thingsplode.core.entities.Treshold [UPGRADE_SKIPLOCKED]: select treshold0_.id as id1_8_0_, treshold0_.name as name2_8_0_, treshold0_.scope as scope3_8_0_, treshold0_.content as content4_8_0_, treshold0_.VALUE_TYPE as VALUE_TY5_8_0_, treshold0_.type as type6_8_0_ from TRESHOLDS treshold0_ where treshold0_.id=? for update
5623 [main] DEBUG org.hibernate.loader.plan.build.internal.spaces.QuerySpacesImpl  - Adding QuerySpace : uid = <gen:0> -> org.hibernate.loader.plan.build.internal.spaces.EntityQuerySpaceImpl@3bd08435]
5623 [main] DEBUG org.hibernate.loader.plan.build.internal.spaces.QuerySpacesImpl  - Adding QuerySpace : uid = <gen:1> -> org.hibernate.loader.plan.build.internal.spaces.CompositeQuerySpaceImpl@6a96d639]
5623 [main] DEBUG org.hibernate.loader.plan.build.internal.FetchStyleLoadPlanBuildingAssociationVisitationStrategy  - Building LoadPlan...
5623 [main] DEBUG org.hibernate.loader.plan.exec.internal.LoadQueryJoinAndFetchProcessor  - processing queryspace <gen:0>
5623 [main] DEBUG org.hibernate.loader.plan.build.spi.LoadPlanTreePrinter  - LoadPlan(entity=org.thingsplode.core.entities.Treshold)
    - Returns
       - EntityReturnImpl(entity=org.thingsplode.core.entities.Treshold, querySpaceUid=<gen:0>, path=org.thingsplode.core.entities.Treshold)
          - CompositeAttributeFetchImpl(composite=org.thingsplode.core.Value, querySpaceUid=<gen:1>, path=org.thingsplode.core.entities.Treshold.tresholdValue)
    - QuerySpaces
       - EntityQuerySpaceImpl(uid=<gen:0>, entity=org.thingsplode.core.entities.Treshold)
          - SQL table alias mapping - treshold0_
          - alias suffix - 0_
          - suffixed key columns - {id1_8_0_}
          - JOIN (JoinDefinedByMetadata(tresholdValue)) : <gen:0> -> <gen:1>
             - CompositeQuerySpaceImpl(uid=<gen:1>)
                - SQL table alias mapping - treshold0_

5623 [main] DEBUG org.hibernate.loader.entity.plan.EntityLoader  - Static select for entity org.thingsplode.core.entities.Treshold [FORCE]: select treshold0_.id as id1_8_0_, treshold0_.name as name2_8_0_, treshold0_.scope as scope3_8_0_, treshold0_.content as content4_8_0_, treshold0_.VALUE_TYPE as VALUE_TY5_8_0_, treshold0_.type as type6_8_0_ from TRESHOLDS treshold0_ where treshold0_.id=? for update
5623 [main] DEBUG org.hibernate.loader.plan.build.internal.spaces.QuerySpacesImpl  - Adding QuerySpace : uid = <gen:0> -> org.hibernate.loader.plan.build.internal.spaces.EntityQuerySpaceImpl@3d40498a]
5624 [main] DEBUG org.hibernate.loader.plan.build.internal.spaces.QuerySpacesImpl  - Adding QuerySpace : uid = <gen:1> -> org.hibernate.loader.plan.build.internal.spaces.CompositeQuerySpaceImpl@482a58c7]
5624 [main] DEBUG org.hibernate.loader.plan.build.internal.FetchStyleLoadPlanBuildingAssociationVisitationStrategy  - Building LoadPlan...
5624 [main] DEBUG org.hibernate.loader.plan.exec.internal.LoadQueryJoinAndFetchProcessor  - processing queryspace <gen:0>
5624 [main] DEBUG org.hibernate.loader.plan.build.spi.LoadPlanTreePrinter  - LoadPlan(entity=org.thingsplode.core.entities.Treshold)
    - Returns
       - EntityReturnImpl(entity=org.thingsplode.core.entities.Treshold, querySpaceUid=<gen:0>, path=org.thingsplode.core.entities.Treshold)
          - CompositeAttributeFetchImpl(composite=org.thingsplode.core.Value, querySpaceUid=<gen:1>, path=org.thingsplode.core.entities.Treshold.tresholdValue)
    - QuerySpaces
       - EntityQuerySpaceImpl(uid=<gen:0>, entity=org.thingsplode.core.entities.Treshold)
          - SQL table alias mapping - treshold0_
          - alias suffix - 0_
          - suffixed key columns - {id1_8_0_}
          - JOIN (JoinDefinedByMetadata(tresholdValue)) : <gen:0> -> <gen:1>
             - CompositeQuerySpaceImpl(uid=<gen:1>)
                - SQL table alias mapping - treshold0_

5624 [main] DEBUG org.hibernate.loader.entity.plan.EntityLoader  - Static select for entity org.thingsplode.core.entities.Treshold [PESSIMISTIC_READ]: select treshold0_.id as id1_8_0_, treshold0_.name as name2_8_0_, treshold0_.scope as scope3_8_0_, treshold0_.content as content4_8_0_, treshold0_.VALUE_TYPE as VALUE_TY5_8_0_, treshold0_.type as type6_8_0_ from TRESHOLDS treshold0_ where treshold0_.id=? for update
5624 [main] DEBUG org.hibernate.loader.plan.build.internal.spaces.QuerySpacesImpl  - Adding QuerySpace : uid = <gen:0> -> org.hibernate.loader.plan.build.internal.spaces.EntityQuerySpaceImpl@147efd9]
5624 [main] DEBUG org.hibernate.loader.plan.build.internal.spaces.QuerySpacesImpl  - Adding QuerySpace : uid = <gen:1> -> org.hibernate.loader.plan.build.internal.spaces.CompositeQuerySpaceImpl@4e4894d]
5624 [main] DEBUG org.hibernate.loader.plan.build.internal.FetchStyleLoadPlanBuildingAssociationVisitationStrategy  - Building LoadPlan...
5625 [main] DEBUG org.hibernate.loader.plan.exec.internal.LoadQueryJoinAndFetchProcessor  - processing queryspace <gen:0>
5625 [main] DEBUG org.hibernate.loader.plan.build.spi.LoadPlanTreePrinter  - LoadPlan(entity=org.thingsplode.core.entities.Treshold)
    - Returns
       - EntityReturnImpl(entity=org.thingsplode.core.entities.Treshold, querySpaceUid=<gen:0>, path=org.thingsplode.core.entities.Treshold)
          - CompositeAttributeFetchImpl(composite=org.thingsplode.core.Value, querySpaceUid=<gen:1>, path=org.thingsplode.core.entities.Treshold.tresholdValue)
    - QuerySpaces
       - EntityQuerySpaceImpl(uid=<gen:0>, entity=org.thingsplode.core.entities.Treshold)
          - SQL table alias mapping - treshold0_
          - alias suffix - 0_
          - suffixed key columns - {id1_8_0_}
          - JOIN (JoinDefinedByMetadata(tresholdValue)) : <gen:0> -> <gen:1>
             - CompositeQuerySpaceImpl(uid=<gen:1>)
                - SQL table alias mapping - treshold0_

5625 [main] DEBUG org.hibernate.loader.entity.plan.EntityLoader  - Static select for entity org.thingsplode.core.entities.Treshold [PESSIMISTIC_WRITE]: select treshold0_.id as id1_8_0_, treshold0_.name as name2_8_0_, treshold0_.scope as scope3_8_0_, treshold0_.content as content4_8_0_, treshold0_.VALUE_TYPE as VALUE_TY5_8_0_, treshold0_.type as type6_8_0_ from TRESHOLDS treshold0_ where treshold0_.id=? for update
5625 [main] DEBUG org.hibernate.loader.plan.build.internal.spaces.QuerySpacesImpl  - Adding QuerySpace : uid = <gen:0> -> org.hibernate.loader.plan.build.internal.spaces.EntityQuerySpaceImpl@23e2c1ca]
5625 [main] DEBUG org.hibernate.loader.plan.build.internal.spaces.QuerySpacesImpl  - Adding QuerySpace : uid = <gen:1> -> org.hibernate.loader.plan.build.internal.spaces.CompositeQuerySpaceImpl@dc1fadd]
5625 [main] DEBUG org.hibernate.loader.plan.build.internal.FetchStyleLoadPlanBuildingAssociationVisitationStrategy  - Building LoadPlan...
5625 [main] DEBUG org.hibernate.loader.plan.exec.internal.LoadQueryJoinAndFetchProcessor  - processing queryspace <gen:0>
5626 [main] DEBUG org.hibernate.loader.plan.build.spi.LoadPlanTreePrinter  - LoadPlan(entity=org.thingsplode.core.entities.Treshold)
    - Returns
       - EntityReturnImpl(entity=org.thingsplode.core.entities.Treshold, querySpaceUid=<gen:0>, path=org.thingsplode.core.entities.Treshold)
          - CompositeAttributeFetchImpl(composite=org.thingsplode.core.Value, querySpaceUid=<gen:1>, path=org.thingsplode.core.entities.Treshold.tresholdValue)
    - QuerySpaces
       - EntityQuerySpaceImpl(uid=<gen:0>, entity=org.thingsplode.core.entities.Treshold)
          - SQL table alias mapping - treshold0_
          - alias suffix - 0_
          - suffixed key columns - {id1_8_0_}
          - JOIN (JoinDefinedByMetadata(tresholdValue)) : <gen:0> -> <gen:1>
             - CompositeQuerySpaceImpl(uid=<gen:1>)
                - SQL table alias mapping - treshold0_

5626 [main] DEBUG org.hibernate.loader.entity.plan.EntityLoader  - Static select for entity org.thingsplode.core.entities.Treshold [PESSIMISTIC_FORCE_INCREMENT]: select treshold0_.id as id1_8_0_, treshold0_.name as name2_8_0_, treshold0_.scope as scope3_8_0_, treshold0_.content as content4_8_0_, treshold0_.VALUE_TYPE as VALUE_TY5_8_0_, treshold0_.type as type6_8_0_ from TRESHOLDS treshold0_ where treshold0_.id=? for update
5626 [main] DEBUG org.hibernate.loader.plan.build.internal.spaces.QuerySpacesImpl  - Adding QuerySpace : uid = <gen:0> -> org.hibernate.loader.plan.build.internal.spaces.EntityQuerySpaceImpl@baa9ce4]
5626 [main] DEBUG org.hibernate.loader.plan.build.internal.spaces.QuerySpacesImpl  - Adding QuerySpace : uid = <gen:1> -> org.hibernate.loader.plan.build.internal.spaces.CompositeQuerySpaceImpl@59262a90]
5630 [main] DEBUG org.hibernate.loader.plan.build.internal.FetchStyleLoadPlanBuildingAssociationVisitationStrategy  - Building LoadPlan...
5631 [main] DEBUG org.hibernate.loader.plan.exec.internal.LoadQueryJoinAndFetchProcessor  - processing queryspace <gen:0>
5631 [main] DEBUG org.hibernate.loader.plan.build.spi.LoadPlanTreePrinter  - LoadPlan(entity=org.thingsplode.core.entities.Treshold)
    - Returns
       - EntityReturnImpl(entity=org.thingsplode.core.entities.Treshold, querySpaceUid=<gen:0>, path=org.thingsplode.core.entities.Treshold)
          - CompositeAttributeFetchImpl(composite=org.thingsplode.core.Value, querySpaceUid=<gen:1>, path=org.thingsplode.core.entities.Treshold.tresholdValue)
    - QuerySpaces
       - EntityQuerySpaceImpl(uid=<gen:0>, entity=org.thingsplode.core.entities.Treshold)
          - SQL table alias mapping - treshold0_
          - alias suffix - 0_
          - suffixed key columns - {id1_8_0_}
          - JOIN (JoinDefinedByMetadata(tresholdValue)) : <gen:0> -> <gen:1>
             - CompositeQuerySpaceImpl(uid=<gen:1>)
                - SQL table alias mapping - treshold0_

5631 [main] DEBUG org.hibernate.loader.entity.plan.EntityLoader  - Static select for entity org.thingsplode.core.entities.Treshold [OPTIMISTIC]: select treshold0_.id as id1_8_0_, treshold0_.name as name2_8_0_, treshold0_.scope as scope3_8_0_, treshold0_.content as content4_8_0_, treshold0_.VALUE_TYPE as VALUE_TY5_8_0_, treshold0_.type as type6_8_0_ from TRESHOLDS treshold0_ where treshold0_.id=?
5631 [main] DEBUG org.hibernate.loader.plan.build.internal.spaces.QuerySpacesImpl  - Adding QuerySpace : uid = <gen:0> -> org.hibernate.loader.plan.build.internal.spaces.EntityQuerySpaceImpl@2755617b]
5631 [main] DEBUG org.hibernate.loader.plan.build.internal.spaces.QuerySpacesImpl  - Adding QuerySpace : uid = <gen:1> -> org.hibernate.loader.plan.build.internal.spaces.CompositeQuerySpaceImpl@d9f5fce]
5632 [main] DEBUG org.hibernate.loader.plan.build.internal.FetchStyleLoadPlanBuildingAssociationVisitationStrategy  - Building LoadPlan...
5632 [main] DEBUG org.hibernate.loader.plan.exec.internal.LoadQueryJoinAndFetchProcessor  - processing queryspace <gen:0>
5632 [main] DEBUG org.hibernate.loader.plan.build.spi.LoadPlanTreePrinter  - LoadPlan(entity=org.thingsplode.core.entities.Treshold)
    - Returns
       - EntityReturnImpl(entity=org.thingsplode.core.entities.Treshold, querySpaceUid=<gen:0>, path=org.thingsplode.core.entities.Treshold)
          - CompositeAttributeFetchImpl(composite=org.thingsplode.core.Value, querySpaceUid=<gen:1>, path=org.thingsplode.core.entities.Treshold.tresholdValue)
    - QuerySpaces
       - EntityQuerySpaceImpl(uid=<gen:0>, entity=org.thingsplode.core.entities.Treshold)
          - SQL table alias mapping - treshold0_
          - alias suffix - 0_
          - suffixed key columns - {id1_8_0_}
          - JOIN (JoinDefinedByMetadata(tresholdValue)) : <gen:0> -> <gen:1>
             - CompositeQuerySpaceImpl(uid=<gen:1>)
                - SQL table alias mapping - treshold0_

5632 [main] DEBUG org.hibernate.loader.entity.plan.EntityLoader  - Static select for entity org.thingsplode.core.entities.Treshold [OPTIMISTIC_FORCE_INCREMENT]: select treshold0_.id as id1_8_0_, treshold0_.name as name2_8_0_, treshold0_.scope as scope3_8_0_, treshold0_.content as content4_8_0_, treshold0_.VALUE_TYPE as VALUE_TY5_8_0_, treshold0_.type as type6_8_0_ from TRESHOLDS treshold0_ where treshold0_.id=?
5632 [main] DEBUG org.hibernate.loader.Loader  - Static select for action ACTION_MERGE on entity org.thingsplode.core.entities.Treshold: select treshold0_.id as id1_8_0_, treshold0_.name as name2_8_0_, treshold0_.scope as scope3_8_0_, treshold0_.content as content4_8_0_, treshold0_.VALUE_TYPE as VALUE_TY5_8_0_, treshold0_.type as type6_8_0_ from TRESHOLDS treshold0_ where treshold0_.id=?
5633 [main] DEBUG org.hibernate.loader.Loader  - Static select for action ACTION_REFRESH on entity org.thingsplode.core.entities.Treshold: select treshold0_.id as id1_8_0_, treshold0_.name as name2_8_0_, treshold0_.scope as scope3_8_0_, treshold0_.content as content4_8_0_, treshold0_.VALUE_TYPE as VALUE_TY5_8_0_, treshold0_.type as type6_8_0_ from TRESHOLDS treshold0_ where treshold0_.id=?
5633 [main] DEBUG org.hibernate.loader.plan.build.internal.spaces.QuerySpacesImpl  - Adding QuerySpace : uid = <gen:0> -> org.hibernate.loader.plan.build.internal.spaces.EntityQuerySpaceImpl@45b7c97f]
5633 [main] DEBUG org.hibernate.loader.plan.build.internal.spaces.QuerySpacesImpl  - Adding QuerySpace : uid = <gen:1> -> org.hibernate.loader.plan.build.internal.spaces.EntityQuerySpaceImpl@7b377a53]
5633 [main] DEBUG org.hibernate.loader.plan.build.internal.spaces.QuerySpacesImpl  - Adding QuerySpace : uid = <gen:2> -> org.hibernate.loader.plan.build.internal.spaces.CompositeQuerySpaceImpl@6009cd34]
5633 [main] DEBUG org.hibernate.loader.plan.build.internal.spaces.QuerySpacesImpl  - Adding QuerySpace : uid = <gen:3> -> org.hibernate.loader.plan.build.internal.spaces.CompositeQuerySpaceImpl@25214797]
5634 [main] DEBUG org.hibernate.loader.plan.build.internal.FetchStyleLoadPlanBuildingAssociationVisitationStrategy  - Building LoadPlan...
5634 [main] DEBUG org.hibernate.loader.plan.exec.internal.LoadQueryJoinAndFetchProcessor  - processing queryspace <gen:0>
5634 [main] DEBUG org.hibernate.loader.plan.build.spi.LoadPlanTreePrinter  - LoadPlan(entity=org.thingsplode.core.entities.Component)
    - Returns
       - EntityReturnImpl(entity=org.thingsplode.core.entities.Component, querySpaceUid=<gen:0>, path=org.thingsplode.core.entities.Component)
          - EntityAttributeFetchImpl(entity=org.thingsplode.core.entities.Model, querySpaceUid=<gen:1>, path=org.thingsplode.core.entities.Component.model)
          - CompositeAttributeFetchImpl(composite=org.thingsplode.core.Location, querySpaceUid=<gen:2>, path=org.thingsplode.core.entities.Component.location)
             - NestedCompositeAttributeFetchImpl(composite=org.thingsplode.core.Address, querySpaceUid=<gen:3>, path=org.thingsplode.core.entities.Component.location.address)
    - QuerySpaces
       - EntityQuerySpaceImpl(uid=<gen:0>, entity=org.thingsplode.core.entities.Component)
          - SQL table alias mapping - component0_
          - alias suffix - 0_
          - suffixed key columns - {id2_1_0_}
          - JOIN (JoinDefinedByMetadata(model)) : <gen:0> -> <gen:1>
             - EntityQuerySpaceImpl(uid=<gen:1>, entity=org.thingsplode.core.entities.Model)
                - SQL table alias mapping - model1_
                - alias suffix - 1_
                - suffixed key columns - {id1_6_1_}
          - JOIN (JoinDefinedByMetadata(location)) : <gen:0> -> <gen:2>
             - CompositeQuerySpaceImpl(uid=<gen:2>)
                - SQL table alias mapping - component0_
                - JOIN (JoinDefinedByMetadata(address)) : <gen:2> -> <gen:3>
                   - CompositeQuerySpaceImpl(uid=<gen:3>)
                      - SQL table alias mapping - component0_

5634 [main] DEBUG org.hibernate.loader.entity.plan.EntityLoader  - Static select for entity org.thingsplode.core.entities.Component [NONE]: select component0_.id as id2_1_0_, component0_.deviceClass as deviceCl3_1_0_, component0_.enabledState as enabledS4_1_0_, component0_.identification as identifi5_1_0_, component0_.model_id as model_i10_1_0_, component0_.partNumber as partNumb6_1_0_, component0_.serialNumber as serialNu7_1_0_, component0_.status as status8_1_0_, component0_.type as type9_1_0_, component0_1_.hostAddress as hostAddr1_3_0_, component0_1_.lastHeartBeat as lastHear2_3_0_, component0_1_.city as city3_3_0_, component0_1_.country as country4_3_0_, component0_1_.houseNumber as houseNum5_3_0_, component0_1_.postCode as postCode6_3_0_, component0_1_.state as state7_3_0_, component0_1_.street as street8_3_0_, component0_1_.description as descript9_3_0_, component0_1_.latitude as latitud10_3_0_, component0_1_.longitude as longitu11_3_0_, component0_1_.startupDate as startup12_3_0_, component0_.MAIN_TYPE as MAIN_TYP1_1_0_, model1_.id as id1_6_1_, model1_.manufacturer as manufact2_6_1_, model1_.type as type3_6_1_, model1_.version as version4_6_1_ from COMPONENT component0_ left outer join DEVICES component0_1_ on component0_.id=component0_1_.id left outer join MODELS model1_ on component0_.model_id=model1_.id where component0_.id=?
5635 [main] DEBUG org.hibernate.loader.plan.build.internal.spaces.QuerySpacesImpl  - Adding QuerySpace : uid = <gen:0> -> org.hibernate.loader.plan.build.internal.spaces.EntityQuerySpaceImpl@60928a61]
5635 [main] DEBUG org.hibernate.loader.plan.build.internal.spaces.QuerySpacesImpl  - Adding QuerySpace : uid = <gen:1> -> org.hibernate.loader.plan.build.internal.spaces.EntityQuerySpaceImpl@8077c97]
5635 [main] DEBUG org.hibernate.loader.plan.build.internal.spaces.QuerySpacesImpl  - Adding QuerySpace : uid = <gen:2> -> org.hibernate.loader.plan.build.internal.spaces.CompositeQuerySpaceImpl@563317c1]
5635 [main] DEBUG org.hibernate.loader.plan.build.internal.spaces.QuerySpacesImpl  - Adding QuerySpace : uid = <gen:3> -> org.hibernate.loader.plan.build.internal.spaces.CompositeQuerySpaceImpl@6e0d16a4]
5635 [main] DEBUG org.hibernate.loader.plan.build.internal.FetchStyleLoadPlanBuildingAssociationVisitationStrategy  - Building LoadPlan...
5635 [main] DEBUG org.hibernate.loader.plan.exec.internal.LoadQueryJoinAndFetchProcessor  - processing queryspace <gen:0>
5636 [main] DEBUG org.hibernate.loader.plan.build.spi.LoadPlanTreePrinter  - LoadPlan(entity=org.thingsplode.core.entities.Component)
    - Returns
       - EntityReturnImpl(entity=org.thingsplode.core.entities.Component, querySpaceUid=<gen:0>, path=org.thingsplode.core.entities.Component)
          - EntityAttributeFetchImpl(entity=org.thingsplode.core.entities.Model, querySpaceUid=<gen:1>, path=org.thingsplode.core.entities.Component.model)
          - CompositeAttributeFetchImpl(composite=org.thingsplode.core.Location, querySpaceUid=<gen:2>, path=org.thingsplode.core.entities.Component.location)
             - NestedCompositeAttributeFetchImpl(composite=org.thingsplode.core.Address, querySpaceUid=<gen:3>, path=org.thingsplode.core.entities.Component.location.address)
    - QuerySpaces
       - EntityQuerySpaceImpl(uid=<gen:0>, entity=org.thingsplode.core.entities.Component)
          - SQL table alias mapping - component0_
          - alias suffix - 0_
          - suffixed key columns - {id2_1_0_}
          - JOIN (JoinDefinedByMetadata(model)) : <gen:0> -> <gen:1>
             - EntityQuerySpaceImpl(uid=<gen:1>, entity=org.thingsplode.core.entities.Model)
                - SQL table alias mapping - model1_
                - alias suffix - 1_
                - suffixed key columns - {id1_6_1_}
          - JOIN (JoinDefinedByMetadata(location)) : <gen:0> -> <gen:2>
             - CompositeQuerySpaceImpl(uid=<gen:2>)
                - SQL table alias mapping - component0_
                - JOIN (JoinDefinedByMetadata(address)) : <gen:2> -> <gen:3>
                   - CompositeQuerySpaceImpl(uid=<gen:3>)
                      - SQL table alias mapping - component0_

5636 [main] DEBUG org.hibernate.loader.entity.plan.EntityLoader  - Static select for entity org.thingsplode.core.entities.Component [READ]: select component0_.id as id2_1_0_, component0_.deviceClass as deviceCl3_1_0_, component0_.enabledState as enabledS4_1_0_, component0_.identification as identifi5_1_0_, component0_.model_id as model_i10_1_0_, component0_.partNumber as partNumb6_1_0_, component0_.serialNumber as serialNu7_1_0_, component0_.status as status8_1_0_, component0_.type as type9_1_0_, component0_1_.hostAddress as hostAddr1_3_0_, component0_1_.lastHeartBeat as lastHear2_3_0_, component0_1_.city as city3_3_0_, component0_1_.country as country4_3_0_, component0_1_.houseNumber as houseNum5_3_0_, component0_1_.postCode as postCode6_3_0_, component0_1_.state as state7_3_0_, component0_1_.street as street8_3_0_, component0_1_.description as descript9_3_0_, component0_1_.latitude as latitud10_3_0_, component0_1_.longitude as longitu11_3_0_, component0_1_.startupDate as startup12_3_0_, component0_.MAIN_TYPE as MAIN_TYP1_1_0_, model1_.id as id1_6_1_, model1_.manufacturer as manufact2_6_1_, model1_.type as type3_6_1_, model1_.version as version4_6_1_ from COMPONENT component0_ left outer join DEVICES component0_1_ on component0_.id=component0_1_.id left outer join MODELS model1_ on component0_.model_id=model1_.id where component0_.id=?
5642 [main] DEBUG org.hibernate.loader.plan.build.internal.spaces.QuerySpacesImpl  - Adding QuerySpace : uid = <gen:0> -> org.hibernate.loader.plan.build.internal.spaces.EntityQuerySpaceImpl@305b43ca]
5642 [main] DEBUG org.hibernate.loader.plan.build.internal.spaces.QuerySpacesImpl  - Adding QuerySpace : uid = <gen:1> -> org.hibernate.loader.plan.build.internal.spaces.EntityQuerySpaceImpl@25e8e59]
5642 [main] DEBUG org.hibernate.loader.plan.build.internal.spaces.QuerySpacesImpl  - Adding QuerySpace : uid = <gen:2> -> org.hibernate.loader.plan.build.internal.spaces.CompositeQuerySpaceImpl@3a0896b3]
5642 [main] DEBUG org.hibernate.loader.plan.build.internal.spaces.QuerySpacesImpl  - Adding QuerySpace : uid = <gen:3> -> org.hibernate.loader.plan.build.internal.spaces.CompositeQuerySpaceImpl@54c11750]
5642 [main] DEBUG org.hibernate.loader.plan.build.internal.FetchStyleLoadPlanBuildingAssociationVisitationStrategy  - Building LoadPlan...
5643 [main] DEBUG org.hibernate.loader.plan.exec.internal.LoadQueryJoinAndFetchProcessor  - processing queryspace <gen:0>
5643 [main] DEBUG org.hibernate.loader.plan.build.spi.LoadPlanTreePrinter  - LoadPlan(entity=org.thingsplode.core.entities.Component)
    - Returns
       - EntityReturnImpl(entity=org.thingsplode.core.entities.Component, querySpaceUid=<gen:0>, path=org.thingsplode.core.entities.Component)
          - EntityAttributeFetchImpl(entity=org.thingsplode.core.entities.Model, querySpaceUid=<gen:1>, path=org.thingsplode.core.entities.Component.model)
          - CompositeAttributeFetchImpl(composite=org.thingsplode.core.Location, querySpaceUid=<gen:2>, path=org.thingsplode.core.entities.Component.location)
             - NestedCompositeAttributeFetchImpl(composite=org.thingsplode.core.Address, querySpaceUid=<gen:3>, path=org.thingsplode.core.entities.Component.location.address)
    - QuerySpaces
       - EntityQuerySpaceImpl(uid=<gen:0>, entity=org.thingsplode.core.entities.Component)
          - SQL table alias mapping - component0_
          - alias suffix - 0_
          - suffixed key columns - {id2_1_0_}
          - JOIN (JoinDefinedByMetadata(location)) : <gen:0> -> <gen:2>
             - CompositeQuerySpaceImpl(uid=<gen:2>)
                - SQL table alias mapping - component0_
                - JOIN (JoinDefinedByMetadata(address)) : <gen:2> -> <gen:3>
                   - CompositeQuerySpaceImpl(uid=<gen:3>)
                      - SQL table alias mapping - component0_

5643 [main] DEBUG org.hibernate.loader.entity.plan.EntityLoader  - Static select for entity org.thingsplode.core.entities.Component [UPGRADE]: select component0_.id as id2_1_0_, component0_.deviceClass as deviceCl3_1_0_, component0_.enabledState as enabledS4_1_0_, component0_.identification as identifi5_1_0_, component0_.model_id as model_i10_1_0_, component0_.partNumber as partNumb6_1_0_, component0_.serialNumber as serialNu7_1_0_, component0_.status as status8_1_0_, component0_.type as type9_1_0_, component0_1_.hostAddress as hostAddr1_3_0_, component0_1_.lastHeartBeat as lastHear2_3_0_, component0_1_.city as city3_3_0_, component0_1_.country as country4_3_0_, component0_1_.houseNumber as houseNum5_3_0_, component0_1_.postCode as postCode6_3_0_, component0_1_.state as state7_3_0_, component0_1_.street as street8_3_0_, component0_1_.description as descript9_3_0_, component0_1_.latitude as latitud10_3_0_, component0_1_.longitude as longitu11_3_0_, component0_1_.startupDate as startup12_3_0_, component0_.MAIN_TYPE as MAIN_TYP1_1_0_ from COMPONENT component0_ left outer join DEVICES component0_1_ on component0_.id=component0_1_.id where component0_.id=? for update
5643 [main] DEBUG org.hibernate.loader.plan.build.internal.spaces.QuerySpacesImpl  - Adding QuerySpace : uid = <gen:0> -> org.hibernate.loader.plan.build.internal.spaces.EntityQuerySpaceImpl@5cd8d029]
5643 [main] DEBUG org.hibernate.loader.plan.build.internal.spaces.QuerySpacesImpl  - Adding QuerySpace : uid = <gen:1> -> org.hibernate.loader.plan.build.internal.spaces.EntityQuerySpaceImpl@6e8f2094]
5643 [main] DEBUG org.hibernate.loader.plan.build.internal.spaces.QuerySpacesImpl  - Adding QuerySpace : uid = <gen:2> -> org.hibernate.loader.plan.build.internal.spaces.CompositeQuerySpaceImpl@1753475d]
5644 [main] DEBUG org.hibernate.loader.plan.build.internal.spaces.QuerySpacesImpl  - Adding QuerySpace : uid = <gen:3> -> org.hibernate.loader.plan.build.internal.spaces.CompositeQuerySpaceImpl@799c8758]
5644 [main] DEBUG org.hibernate.loader.plan.build.internal.FetchStyleLoadPlanBuildingAssociationVisitationStrategy  - Building LoadPlan...
5644 [main] DEBUG org.hibernate.loader.plan.exec.internal.LoadQueryJoinAndFetchProcessor  - processing queryspace <gen:0>
5644 [main] DEBUG org.hibernate.loader.plan.build.spi.LoadPlanTreePrinter  - LoadPlan(entity=org.thingsplode.core.entities.Component)
    - Returns
       - EntityReturnImpl(entity=org.thingsplode.core.entities.Component, querySpaceUid=<gen:0>, path=org.thingsplode.core.entities.Component)
          - EntityAttributeFetchImpl(entity=org.thingsplode.core.entities.Model, querySpaceUid=<gen:1>, path=org.thingsplode.core.entities.Component.model)
          - CompositeAttributeFetchImpl(composite=org.thingsplode.core.Location, querySpaceUid=<gen:2>, path=org.thingsplode.core.entities.Component.location)
             - NestedCompositeAttributeFetchImpl(composite=org.thingsplode.core.Address, querySpaceUid=<gen:3>, path=org.thingsplode.core.entities.Component.location.address)
    - QuerySpaces
       - EntityQuerySpaceImpl(uid=<gen:0>, entity=org.thingsplode.core.entities.Component)
          - SQL table alias mapping - component0_
          - alias suffix - 0_
          - suffixed key columns - {id2_1_0_}
          - JOIN (JoinDefinedByMetadata(location)) : <gen:0> -> <gen:2>
             - CompositeQuerySpaceImpl(uid=<gen:2>)
                - SQL table alias mapping - component0_
                - JOIN (JoinDefinedByMetadata(address)) : <gen:2> -> <gen:3>
                   - CompositeQuerySpaceImpl(uid=<gen:3>)
                      - SQL table alias mapping - component0_

5644 [main] DEBUG org.hibernate.loader.entity.plan.EntityLoader  - Static select for entity org.thingsplode.core.entities.Component [UPGRADE_NOWAIT]: select component0_.id as id2_1_0_, component0_.deviceClass as deviceCl3_1_0_, component0_.enabledState as enabledS4_1_0_, component0_.identification as identifi5_1_0_, component0_.model_id as model_i10_1_0_, component0_.partNumber as partNumb6_1_0_, component0_.serialNumber as serialNu7_1_0_, component0_.status as status8_1_0_, component0_.type as type9_1_0_, component0_1_.hostAddress as hostAddr1_3_0_, component0_1_.lastHeartBeat as lastHear2_3_0_, component0_1_.city as city3_3_0_, component0_1_.country as country4_3_0_, component0_1_.houseNumber as houseNum5_3_0_, component0_1_.postCode as postCode6_3_0_, component0_1_.state as state7_3_0_, component0_1_.street as street8_3_0_, component0_1_.description as descript9_3_0_, component0_1_.latitude as latitud10_3_0_, component0_1_.longitude as longitu11_3_0_, component0_1_.startupDate as startup12_3_0_, component0_.MAIN_TYPE as MAIN_TYP1_1_0_ from COMPONENT component0_ left outer join DEVICES component0_1_ on component0_.id=component0_1_.id where component0_.id=? for update
5644 [main] DEBUG org.hibernate.loader.plan.build.internal.spaces.QuerySpacesImpl  - Adding QuerySpace : uid = <gen:0> -> org.hibernate.loader.plan.build.internal.spaces.EntityQuerySpaceImpl@63e4484d]
5645 [main] DEBUG org.hibernate.loader.plan.build.internal.spaces.QuerySpacesImpl  - Adding QuerySpace : uid = <gen:1> -> org.hibernate.loader.plan.build.internal.spaces.EntityQuerySpaceImpl@77663cd7]
5645 [main] DEBUG org.hibernate.loader.plan.build.internal.spaces.QuerySpacesImpl  - Adding QuerySpace : uid = <gen:2> -> org.hibernate.loader.plan.build.internal.spaces.CompositeQuerySpaceImpl@1d17423f]
5645 [main] DEBUG org.hibernate.loader.plan.build.internal.spaces.QuerySpacesImpl  - Adding QuerySpace : uid = <gen:3> -> org.hibernate.loader.plan.build.internal.spaces.CompositeQuerySpaceImpl@582dcd35]
5645 [main] DEBUG org.hibernate.loader.plan.build.internal.FetchStyleLoadPlanBuildingAssociationVisitationStrategy  - Building LoadPlan...
5645 [main] DEBUG org.hibernate.loader.plan.exec.internal.LoadQueryJoinAndFetchProcessor  - processing queryspace <gen:0>
5645 [main] DEBUG org.hibernate.loader.plan.build.spi.LoadPlanTreePrinter  - LoadPlan(entity=org.thingsplode.core.entities.Component)
    - Returns
       - EntityReturnImpl(entity=org.thingsplode.core.entities.Component, querySpaceUid=<gen:0>, path=org.thingsplode.core.entities.Component)
          - EntityAttributeFetchImpl(entity=org.thingsplode.core.entities.Model, querySpaceUid=<gen:1>, path=org.thingsplode.core.entities.Component.model)
          - CompositeAttributeFetchImpl(composite=org.thingsplode.core.Location, querySpaceUid=<gen:2>, path=org.thingsplode.core.entities.Component.location)
             - NestedCompositeAttributeFetchImpl(composite=org.thingsplode.core.Address, querySpaceUid=<gen:3>, path=org.thingsplode.core.entities.Component.location.address)
    - QuerySpaces
       - EntityQuerySpaceImpl(uid=<gen:0>, entity=org.thingsplode.core.entities.Component)
          - SQL table alias mapping - component0_
          - alias suffix - 0_
          - suffixed key columns - {id2_1_0_}
          - JOIN (JoinDefinedByMetadata(location)) : <gen:0> -> <gen:2>
             - CompositeQuerySpaceImpl(uid=<gen:2>)
                - SQL table alias mapping - component0_
                - JOIN (JoinDefinedByMetadata(address)) : <gen:2> -> <gen:3>
                   - CompositeQuerySpaceImpl(uid=<gen:3>)
                      - SQL table alias mapping - component0_

5646 [main] DEBUG org.hibernate.loader.entity.plan.EntityLoader  - Static select for entity org.thingsplode.core.entities.Component [UPGRADE_SKIPLOCKED]: select component0_.id as id2_1_0_, component0_.deviceClass as deviceCl3_1_0_, component0_.enabledState as enabledS4_1_0_, component0_.identification as identifi5_1_0_, component0_.model_id as model_i10_1_0_, component0_.partNumber as partNumb6_1_0_, component0_.serialNumber as serialNu7_1_0_, component0_.status as status8_1_0_, component0_.type as type9_1_0_, component0_1_.hostAddress as hostAddr1_3_0_, component0_1_.lastHeartBeat as lastHear2_3_0_, component0_1_.city as city3_3_0_, component0_1_.country as country4_3_0_, component0_1_.houseNumber as houseNum5_3_0_, component0_1_.postCode as postCode6_3_0_, component0_1_.state as state7_3_0_, component0_1_.street as street8_3_0_, component0_1_.description as descript9_3_0_, component0_1_.latitude as latitud10_3_0_, component0_1_.longitude as longitu11_3_0_, component0_1_.startupDate as startup12_3_0_, component0_.MAIN_TYPE as MAIN_TYP1_1_0_ from COMPONENT component0_ left outer join DEVICES component0_1_ on component0_.id=component0_1_.id where component0_.id=? for update
5646 [main] DEBUG org.hibernate.loader.plan.build.internal.spaces.QuerySpacesImpl  - Adding QuerySpace : uid = <gen:0> -> org.hibernate.loader.plan.build.internal.spaces.EntityQuerySpaceImpl@394a6d2b]
5646 [main] DEBUG org.hibernate.loader.plan.build.internal.spaces.QuerySpacesImpl  - Adding QuerySpace : uid = <gen:1> -> org.hibernate.loader.plan.build.internal.spaces.EntityQuerySpaceImpl@55adcf9e]
5646 [main] DEBUG org.hibernate.loader.plan.build.internal.spaces.QuerySpacesImpl  - Adding QuerySpace : uid = <gen:2> -> org.hibernate.loader.plan.build.internal.spaces.CompositeQuerySpaceImpl@1515f782]
5646 [main] DEBUG org.hibernate.loader.plan.build.internal.spaces.QuerySpacesImpl  - Adding QuerySpace : uid = <gen:3> -> org.hibernate.loader.plan.build.internal.spaces.CompositeQuerySpaceImpl@638afcaa]
5646 [main] DEBUG org.hibernate.loader.plan.build.internal.FetchStyleLoadPlanBuildingAssociationVisitationStrategy  - Building LoadPlan...
5646 [main] DEBUG org.hibernate.loader.plan.exec.internal.LoadQueryJoinAndFetchProcessor  - processing queryspace <gen:0>
5647 [main] DEBUG org.hibernate.loader.plan.build.spi.LoadPlanTreePrinter  - LoadPlan(entity=org.thingsplode.core.entities.Component)
    - Returns
       - EntityReturnImpl(entity=org.thingsplode.core.entities.Component, querySpaceUid=<gen:0>, path=org.thingsplode.core.entities.Component)
          - EntityAttributeFetchImpl(entity=org.thingsplode.core.entities.Model, querySpaceUid=<gen:1>, path=org.thingsplode.core.entities.Component.model)
          - CompositeAttributeFetchImpl(composite=org.thingsplode.core.Location, querySpaceUid=<gen:2>, path=org.thingsplode.core.entities.Component.location)
             - NestedCompositeAttributeFetchImpl(composite=org.thingsplode.core.Address, querySpaceUid=<gen:3>, path=org.thingsplode.core.entities.Component.location.address)
    - QuerySpaces
       - EntityQuerySpaceImpl(uid=<gen:0>, entity=org.thingsplode.core.entities.Component)
          - SQL table alias mapping - component0_
          - alias suffix - 0_
          - suffixed key columns - {id2_1_0_}
          - JOIN (JoinDefinedByMetadata(location)) : <gen:0> -> <gen:2>
             - CompositeQuerySpaceImpl(uid=<gen:2>)
                - SQL table alias mapping - component0_
                - JOIN (JoinDefinedByMetadata(address)) : <gen:2> -> <gen:3>
                   - CompositeQuerySpaceImpl(uid=<gen:3>)
                      - SQL table alias mapping - component0_

5647 [main] DEBUG org.hibernate.loader.entity.plan.EntityLoader  - Static select for entity org.thingsplode.core.entities.Component [FORCE]: select component0_.id as id2_1_0_, component0_.deviceClass as deviceCl3_1_0_, component0_.enabledState as enabledS4_1_0_, component0_.identification as identifi5_1_0_, component0_.model_id as model_i10_1_0_, component0_.partNumber as partNumb6_1_0_, component0_.serialNumber as serialNu7_1_0_, component0_.status as status8_1_0_, component0_.type as type9_1_0_, component0_1_.hostAddress as hostAddr1_3_0_, component0_1_.lastHeartBeat as lastHear2_3_0_, component0_1_.city as city3_3_0_, component0_1_.country as country4_3_0_, component0_1_.houseNumber as houseNum5_3_0_, component0_1_.postCode as postCode6_3_0_, component0_1_.state as state7_3_0_, component0_1_.street as street8_3_0_, component0_1_.description as descript9_3_0_, component0_1_.latitude as latitud10_3_0_, component0_1_.longitude as longitu11_3_0_, component0_1_.startupDate as startup12_3_0_, component0_.MAIN_TYPE as MAIN_TYP1_1_0_ from COMPONENT component0_ left outer join DEVICES component0_1_ on component0_.id=component0_1_.id where component0_.id=? for update
5647 [main] DEBUG org.hibernate.loader.plan.build.internal.spaces.QuerySpacesImpl  - Adding QuerySpace : uid = <gen:0> -> org.hibernate.loader.plan.build.internal.spaces.EntityQuerySpaceImpl@62735b13]
5647 [main] DEBUG org.hibernate.loader.plan.build.internal.spaces.QuerySpacesImpl  - Adding QuerySpace : uid = <gen:1> -> org.hibernate.loader.plan.build.internal.spaces.EntityQuerySpaceImpl@4ef5dd23]
5647 [main] DEBUG org.hibernate.loader.plan.build.internal.spaces.QuerySpacesImpl  - Adding QuerySpace : uid = <gen:2> -> org.hibernate.loader.plan.build.internal.spaces.CompositeQuerySpaceImpl@163e8949]
5647 [main] DEBUG org.hibernate.loader.plan.build.internal.spaces.QuerySpacesImpl  - Adding QuerySpace : uid = <gen:3> -> org.hibernate.loader.plan.build.internal.spaces.CompositeQuerySpaceImpl@64c25a62]
5647 [main] DEBUG org.hibernate.loader.plan.build.internal.FetchStyleLoadPlanBuildingAssociationVisitationStrategy  - Building LoadPlan...
5648 [main] DEBUG org.hibernate.loader.plan.exec.internal.LoadQueryJoinAndFetchProcessor  - processing queryspace <gen:0>
5648 [main] DEBUG org.hibernate.loader.plan.build.spi.LoadPlanTreePrinter  - LoadPlan(entity=org.thingsplode.core.entities.Component)
    - Returns
       - EntityReturnImpl(entity=org.thingsplode.core.entities.Component, querySpaceUid=<gen:0>, path=org.thingsplode.core.entities.Component)
          - EntityAttributeFetchImpl(entity=org.thingsplode.core.entities.Model, querySpaceUid=<gen:1>, path=org.thingsplode.core.entities.Component.model)
          - CompositeAttributeFetchImpl(composite=org.thingsplode.core.Location, querySpaceUid=<gen:2>, path=org.thingsplode.core.entities.Component.location)
             - NestedCompositeAttributeFetchImpl(composite=org.thingsplode.core.Address, querySpaceUid=<gen:3>, path=org.thingsplode.core.entities.Component.location.address)
    - QuerySpaces
       - EntityQuerySpaceImpl(uid=<gen:0>, entity=org.thingsplode.core.entities.Component)
          - SQL table alias mapping - component0_
          - alias suffix - 0_
          - suffixed key columns - {id2_1_0_}
          - JOIN (JoinDefinedByMetadata(location)) : <gen:0> -> <gen:2>
             - CompositeQuerySpaceImpl(uid=<gen:2>)
                - SQL table alias mapping - component0_
                - JOIN (JoinDefinedByMetadata(address)) : <gen:2> -> <gen:3>
                   - CompositeQuerySpaceImpl(uid=<gen:3>)
                      - SQL table alias mapping - component0_

5648 [main] DEBUG org.hibernate.loader.entity.plan.EntityLoader  - Static select for entity org.thingsplode.core.entities.Component [PESSIMISTIC_READ]: select component0_.id as id2_1_0_, component0_.deviceClass as deviceCl3_1_0_, component0_.enabledState as enabledS4_1_0_, component0_.identification as identifi5_1_0_, component0_.model_id as model_i10_1_0_, component0_.partNumber as partNumb6_1_0_, component0_.serialNumber as serialNu7_1_0_, component0_.status as status8_1_0_, component0_.type as type9_1_0_, component0_1_.hostAddress as hostAddr1_3_0_, component0_1_.lastHeartBeat as lastHear2_3_0_, component0_1_.city as city3_3_0_, component0_1_.country as country4_3_0_, component0_1_.houseNumber as houseNum5_3_0_, component0_1_.postCode as postCode6_3_0_, component0_1_.state as state7_3_0_, component0_1_.street as street8_3_0_, component0_1_.description as descript9_3_0_, component0_1_.latitude as latitud10_3_0_, component0_1_.longitude as longitu11_3_0_, component0_1_.startupDate as startup12_3_0_, component0_.MAIN_TYPE as MAIN_TYP1_1_0_ from COMPONENT component0_ left outer join DEVICES component0_1_ on component0_.id=component0_1_.id where component0_.id=? for update
5648 [main] DEBUG org.hibernate.loader.plan.build.internal.spaces.QuerySpacesImpl  - Adding QuerySpace : uid = <gen:0> -> org.hibernate.loader.plan.build.internal.spaces.EntityQuerySpaceImpl@66a82a13]
5648 [main] DEBUG org.hibernate.loader.plan.build.internal.spaces.QuerySpacesImpl  - Adding QuerySpace : uid = <gen:1> -> org.hibernate.loader.plan.build.internal.spaces.EntityQuerySpaceImpl@11399548]
5648 [main] DEBUG org.hibernate.loader.plan.build.internal.spaces.QuerySpacesImpl  - Adding QuerySpace : uid = <gen:2> -> org.hibernate.loader.plan.build.internal.spaces.CompositeQuerySpaceImpl@610fbe1c]
5648 [main] DEBUG org.hibernate.loader.plan.build.internal.spaces.QuerySpacesImpl  - Adding QuerySpace : uid = <gen:3> -> org.hibernate.loader.plan.build.internal.spaces.CompositeQuerySpaceImpl@570b2057]
5649 [main] DEBUG org.hibernate.loader.plan.build.internal.FetchStyleLoadPlanBuildingAssociationVisitationStrategy  - Building LoadPlan...
5651 [main] DEBUG org.hibernate.loader.plan.exec.internal.LoadQueryJoinAndFetchProcessor  - processing queryspace <gen:0>
5651 [main] DEBUG org.hibernate.loader.plan.build.spi.LoadPlanTreePrinter  - LoadPlan(entity=org.thingsplode.core.entities.Component)
    - Returns
       - EntityReturnImpl(entity=org.thingsplode.core.entities.Component, querySpaceUid=<gen:0>, path=org.thingsplode.core.entities.Component)
          - EntityAttributeFetchImpl(entity=org.thingsplode.core.entities.Model, querySpaceUid=<gen:1>, path=org.thingsplode.core.entities.Component.model)
          - CompositeAttributeFetchImpl(composite=org.thingsplode.core.Location, querySpaceUid=<gen:2>, path=org.thingsplode.core.entities.Component.location)
             - NestedCompositeAttributeFetchImpl(composite=org.thingsplode.core.Address, querySpaceUid=<gen:3>, path=org.thingsplode.core.entities.Component.location.address)
    - QuerySpaces
       - EntityQuerySpaceImpl(uid=<gen:0>, entity=org.thingsplode.core.entities.Component)
          - SQL table alias mapping - component0_
          - alias suffix - 0_
          - suffixed key columns - {id2_1_0_}
          - JOIN (JoinDefinedByMetadata(location)) : <gen:0> -> <gen:2>
             - CompositeQuerySpaceImpl(uid=<gen:2>)
                - SQL table alias mapping - component0_
                - JOIN (JoinDefinedByMetadata(address)) : <gen:2> -> <gen:3>
                   - CompositeQuerySpaceImpl(uid=<gen:3>)
                      - SQL table alias mapping - component0_

5651 [main] DEBUG org.hibernate.loader.entity.plan.EntityLoader  - Static select for entity org.thingsplode.core.entities.Component [PESSIMISTIC_WRITE]: select component0_.id as id2_1_0_, component0_.deviceClass as deviceCl3_1_0_, component0_.enabledState as enabledS4_1_0_, component0_.identification as identifi5_1_0_, component0_.model_id as model_i10_1_0_, component0_.partNumber as partNumb6_1_0_, component0_.serialNumber as serialNu7_1_0_, component0_.status as status8_1_0_, component0_.type as type9_1_0_, component0_1_.hostAddress as hostAddr1_3_0_, component0_1_.lastHeartBeat as lastHear2_3_0_, component0_1_.city as city3_3_0_, component0_1_.country as country4_3_0_, component0_1_.houseNumber as houseNum5_3_0_, component0_1_.postCode as postCode6_3_0_, component0_1_.state as state7_3_0_, component0_1_.street as street8_3_0_, component0_1_.description as descript9_3_0_, component0_1_.latitude as latitud10_3_0_, component0_1_.longitude as longitu11_3_0_, component0_1_.startupDate as startup12_3_0_, component0_.MAIN_TYPE as MAIN_TYP1_1_0_ from COMPONENT component0_ left outer join DEVICES component0_1_ on component0_.id=component0_1_.id where component0_.id=? for update
5652 [main] DEBUG org.hibernate.loader.plan.build.internal.spaces.QuerySpacesImpl  - Adding QuerySpace : uid = <gen:0> -> org.hibernate.loader.plan.build.internal.spaces.EntityQuerySpaceImpl@16a6dc21]
5652 [main] DEBUG org.hibernate.loader.plan.build.internal.spaces.QuerySpacesImpl  - Adding QuerySpace : uid = <gen:1> -> org.hibernate.loader.plan.build.internal.spaces.EntityQuerySpaceImpl@59f45950]
5652 [main] DEBUG org.hibernate.loader.plan.build.internal.spaces.QuerySpacesImpl  - Adding QuerySpace : uid = <gen:2> -> org.hibernate.loader.plan.build.internal.spaces.CompositeQuerySpaceImpl@7871d261]
5652 [main] DEBUG org.hibernate.loader.plan.build.internal.spaces.QuerySpacesImpl  - Adding QuerySpace : uid = <gen:3> -> org.hibernate.loader.plan.build.internal.spaces.CompositeQuerySpaceImpl@11bfffb3]
5652 [main] DEBUG org.hibernate.loader.plan.build.internal.FetchStyleLoadPlanBuildingAssociationVisitationStrategy  - Building LoadPlan...
5652 [main] DEBUG org.hibernate.loader.plan.exec.internal.LoadQueryJoinAndFetchProcessor  - processing queryspace <gen:0>
5653 [main] DEBUG org.hibernate.loader.plan.build.spi.LoadPlanTreePrinter  - LoadPlan(entity=org.thingsplode.core.entities.Component)
    - Returns
       - EntityReturnImpl(entity=org.thingsplode.core.entities.Component, querySpaceUid=<gen:0>, path=org.thingsplode.core.entities.Component)
          - EntityAttributeFetchImpl(entity=org.thingsplode.core.entities.Model, querySpaceUid=<gen:1>, path=org.thingsplode.core.entities.Component.model)
          - CompositeAttributeFetchImpl(composite=org.thingsplode.core.Location, querySpaceUid=<gen:2>, path=org.thingsplode.core.entities.Component.location)
             - NestedCompositeAttributeFetchImpl(composite=org.thingsplode.core.Address, querySpaceUid=<gen:3>, path=org.thingsplode.core.entities.Component.location.address)
    - QuerySpaces
       - EntityQuerySpaceImpl(uid=<gen:0>, entity=org.thingsplode.core.entities.Component)
          - SQL table alias mapping - component0_
          - alias suffix - 0_
          - suffixed key columns - {id2_1_0_}
          - JOIN (JoinDefinedByMetadata(location)) : <gen:0> -> <gen:2>
             - CompositeQuerySpaceImpl(uid=<gen:2>)
                - SQL table alias mapping - component0_
                - JOIN (JoinDefinedByMetadata(address)) : <gen:2> -> <gen:3>
                   - CompositeQuerySpaceImpl(uid=<gen:3>)
                      - SQL table alias mapping - component0_

5653 [main] DEBUG org.hibernate.loader.entity.plan.EntityLoader  - Static select for entity org.thingsplode.core.entities.Component [PESSIMISTIC_FORCE_INCREMENT]: select component0_.id as id2_1_0_, component0_.deviceClass as deviceCl3_1_0_, component0_.enabledState as enabledS4_1_0_, component0_.identification as identifi5_1_0_, component0_.model_id as model_i10_1_0_, component0_.partNumber as partNumb6_1_0_, component0_.serialNumber as serialNu7_1_0_, component0_.status as status8_1_0_, component0_.type as type9_1_0_, component0_1_.hostAddress as hostAddr1_3_0_, component0_1_.lastHeartBeat as lastHear2_3_0_, component0_1_.city as city3_3_0_, component0_1_.country as country4_3_0_, component0_1_.houseNumber as houseNum5_3_0_, component0_1_.postCode as postCode6_3_0_, component0_1_.state as state7_3_0_, component0_1_.street as street8_3_0_, component0_1_.description as descript9_3_0_, component0_1_.latitude as latitud10_3_0_, component0_1_.longitude as longitu11_3_0_, component0_1_.startupDate as startup12_3_0_, component0_.MAIN_TYPE as MAIN_TYP1_1_0_ from COMPONENT component0_ left outer join DEVICES component0_1_ on component0_.id=component0_1_.id where component0_.id=? for update
5653 [main] DEBUG org.hibernate.loader.plan.build.internal.spaces.QuerySpacesImpl  - Adding QuerySpace : uid = <gen:0> -> org.hibernate.loader.plan.build.internal.spaces.EntityQuerySpaceImpl@1c6e3ff9]
5653 [main] DEBUG org.hibernate.loader.plan.build.internal.spaces.QuerySpacesImpl  - Adding QuerySpace : uid = <gen:1> -> org.hibernate.loader.plan.build.internal.spaces.EntityQuerySpaceImpl@184afb78]
5653 [main] DEBUG org.hibernate.loader.plan.build.internal.spaces.QuerySpacesImpl  - Adding QuerySpace : uid = <gen:2> -> org.hibernate.loader.plan.build.internal.spaces.CompositeQuerySpaceImpl@22da200e]
5653 [main] DEBUG org.hibernate.loader.plan.build.internal.spaces.QuerySpacesImpl  - Adding QuerySpace : uid = <gen:3> -> org.hibernate.loader.plan.build.internal.spaces.CompositeQuerySpaceImpl@f03ee8f]
5653 [main] DEBUG org.hibernate.loader.plan.build.internal.FetchStyleLoadPlanBuildingAssociationVisitationStrategy  - Building LoadPlan...
5653 [main] DEBUG org.hibernate.loader.plan.exec.internal.LoadQueryJoinAndFetchProcessor  - processing queryspace <gen:0>
5664 [main] DEBUG org.hibernate.loader.plan.build.spi.LoadPlanTreePrinter  - LoadPlan(entity=org.thingsplode.core.entities.Component)
    - Returns
       - EntityReturnImpl(entity=org.thingsplode.core.entities.Component, querySpaceUid=<gen:0>, path=org.thingsplode.core.entities.Component)
          - EntityAttributeFetchImpl(entity=org.thingsplode.core.entities.Model, querySpaceUid=<gen:1>, path=org.thingsplode.core.entities.Component.model)
          - CompositeAttributeFetchImpl(composite=org.thingsplode.core.Location, querySpaceUid=<gen:2>, path=org.thingsplode.core.entities.Component.location)
             - NestedCompositeAttributeFetchImpl(composite=org.thingsplode.core.Address, querySpaceUid=<gen:3>, path=org.thingsplode.core.entities.Component.location.address)
    - QuerySpaces
       - EntityQuerySpaceImpl(uid=<gen:0>, entity=org.thingsplode.core.entities.Component)
          - SQL table alias mapping - component0_
          - alias suffix - 0_
          - suffixed key columns - {id2_1_0_}
          - JOIN (JoinDefinedByMetadata(location)) : <gen:0> -> <gen:2>
             - CompositeQuerySpaceImpl(uid=<gen:2>)
                - SQL table alias mapping - component0_
                - JOIN (JoinDefinedByMetadata(address)) : <gen:2> -> <gen:3>
                   - CompositeQuerySpaceImpl(uid=<gen:3>)
                      - SQL table alias mapping - component0_

5664 [main] DEBUG org.hibernate.loader.entity.plan.EntityLoader  - Static select for entity org.thingsplode.core.entities.Component [OPTIMISTIC]: select component0_.id as id2_1_0_, component0_.deviceClass as deviceCl3_1_0_, component0_.enabledState as enabledS4_1_0_, component0_.identification as identifi5_1_0_, component0_.model_id as model_i10_1_0_, component0_.partNumber as partNumb6_1_0_, component0_.serialNumber as serialNu7_1_0_, component0_.status as status8_1_0_, component0_.type as type9_1_0_, component0_1_.hostAddress as hostAddr1_3_0_, component0_1_.lastHeartBeat as lastHear2_3_0_, component0_1_.city as city3_3_0_, component0_1_.country as country4_3_0_, component0_1_.houseNumber as houseNum5_3_0_, component0_1_.postCode as postCode6_3_0_, component0_1_.state as state7_3_0_, component0_1_.street as street8_3_0_, component0_1_.description as descript9_3_0_, component0_1_.latitude as latitud10_3_0_, component0_1_.longitude as longitu11_3_0_, component0_1_.startupDate as startup12_3_0_, component0_.MAIN_TYPE as MAIN_TYP1_1_0_ from COMPONENT component0_ left outer join DEVICES component0_1_ on component0_.id=component0_1_.id where component0_.id=?
5664 [main] DEBUG org.hibernate.loader.plan.build.internal.spaces.QuerySpacesImpl  - Adding QuerySpace : uid = <gen:0> -> org.hibernate.loader.plan.build.internal.spaces.EntityQuerySpaceImpl@33f4c769]
5665 [main] DEBUG org.hibernate.loader.plan.build.internal.spaces.QuerySpacesImpl  - Adding QuerySpace : uid = <gen:1> -> org.hibernate.loader.plan.build.internal.spaces.EntityQuerySpaceImpl@5e5a8718]
5665 [main] DEBUG org.hibernate.loader.plan.build.internal.spaces.QuerySpacesImpl  - Adding QuerySpace : uid = <gen:2> -> org.hibernate.loader.plan.build.internal.spaces.CompositeQuerySpaceImpl@7404ddca]
5665 [main] DEBUG org.hibernate.loader.plan.build.internal.spaces.QuerySpacesImpl  - Adding QuerySpace : uid = <gen:3> -> org.hibernate.loader.plan.build.internal.spaces.CompositeQuerySpaceImpl@4438938e]
5665 [main] DEBUG org.hibernate.loader.plan.build.internal.FetchStyleLoadPlanBuildingAssociationVisitationStrategy  - Building LoadPlan...
5665 [main] DEBUG org.hibernate.loader.plan.exec.internal.LoadQueryJoinAndFetchProcessor  - processing queryspace <gen:0>
5665 [main] DEBUG org.hibernate.loader.plan.build.spi.LoadPlanTreePrinter  - LoadPlan(entity=org.thingsplode.core.entities.Component)
    - Returns
       - EntityReturnImpl(entity=org.thingsplode.core.entities.Component, querySpaceUid=<gen:0>, path=org.thingsplode.core.entities.Component)
          - EntityAttributeFetchImpl(entity=org.thingsplode.core.entities.Model, querySpaceUid=<gen:1>, path=org.thingsplode.core.entities.Component.model)
          - CompositeAttributeFetchImpl(composite=org.thingsplode.core.Location, querySpaceUid=<gen:2>, path=org.thingsplode.core.entities.Component.location)
             - NestedCompositeAttributeFetchImpl(composite=org.thingsplode.core.Address, querySpaceUid=<gen:3>, path=org.thingsplode.core.entities.Component.location.address)
    - QuerySpaces
       - EntityQuerySpaceImpl(uid=<gen:0>, entity=org.thingsplode.core.entities.Component)
          - SQL table alias mapping - component0_
          - alias suffix - 0_
          - suffixed key columns - {id2_1_0_}
          - JOIN (JoinDefinedByMetadata(location)) : <gen:0> -> <gen:2>
             - CompositeQuerySpaceImpl(uid=<gen:2>)
                - SQL table alias mapping - component0_
                - JOIN (JoinDefinedByMetadata(address)) : <gen:2> -> <gen:3>
                   - CompositeQuerySpaceImpl(uid=<gen:3>)
                      - SQL table alias mapping - component0_

5665 [main] DEBUG org.hibernate.loader.entity.plan.EntityLoader  - Static select for entity org.thingsplode.core.entities.Component [OPTIMISTIC_FORCE_INCREMENT]: select component0_.id as id2_1_0_, component0_.deviceClass as deviceCl3_1_0_, component0_.enabledState as enabledS4_1_0_, component0_.identification as identifi5_1_0_, component0_.model_id as model_i10_1_0_, component0_.partNumber as partNumb6_1_0_, component0_.serialNumber as serialNu7_1_0_, component0_.status as status8_1_0_, component0_.type as type9_1_0_, component0_1_.hostAddress as hostAddr1_3_0_, component0_1_.lastHeartBeat as lastHear2_3_0_, component0_1_.city as city3_3_0_, component0_1_.country as country4_3_0_, component0_1_.houseNumber as houseNum5_3_0_, component0_1_.postCode as postCode6_3_0_, component0_1_.state as state7_3_0_, component0_1_.street as street8_3_0_, component0_1_.description as descript9_3_0_, component0_1_.latitude as latitud10_3_0_, component0_1_.longitude as longitu11_3_0_, component0_1_.startupDate as startup12_3_0_, component0_.MAIN_TYPE as MAIN_TYP1_1_0_ from COMPONENT component0_ left outer join DEVICES component0_1_ on component0_.id=component0_1_.id where component0_.id=?
5666 [main] DEBUG org.hibernate.loader.Loader  - Static select for action ACTION_MERGE on entity org.thingsplode.core.entities.Component: select component0_.id as id2_1_2_, component0_.deviceClass as deviceCl3_1_2_, component0_.enabledState as enabledS4_1_2_, component0_.identification as identifi5_1_2_, component0_.model_id as model_i10_1_2_, component0_.partNumber as partNumb6_1_2_, component0_.serialNumber as serialNu7_1_2_, component0_.status as status8_1_2_, component0_.type as type9_1_2_, component0_1_.hostAddress as hostAddr1_3_2_, component0_1_.lastHeartBeat as lastHear2_3_2_, component0_1_.city as city3_3_2_, component0_1_.country as country4_3_2_, component0_1_.houseNumber as houseNum5_3_2_, component0_1_.postCode as postCode6_3_2_, component0_1_.state as state7_3_2_, component0_1_.street as street8_3_2_, component0_1_.description as descript9_3_2_, component0_1_.latitude as latitud10_3_2_, component0_1_.longitude as longitu11_3_2_, component0_1_.startupDate as startup12_3_2_, component0_.MAIN_TYPE as MAIN_TYP1_1_2_, capabiliti1_.COMP_ID as COMP_ID7_1_4_, capabiliti1_.id as id1_0_4_, capabiliti1_.id as id1_0_0_, capabiliti1_.active as active2_0_0_, capabiliti1_.name as name3_0_0_, capabiliti1_.type as type4_0_0_, capabiliti1_.content as content5_0_0_, capabiliti1_.VALUE_TYPE as VALUE_TY6_0_0_, model2_.id as id1_6_1_, model2_.manufacturer as manufact2_6_1_, model2_.type as type3_6_1_, model2_.version as version4_6_1_ from COMPONENT component0_ left outer join DEVICES component0_1_ on component0_.id=component0_1_.id left outer join CAPABILITIES capabiliti1_ on component0_.id=capabiliti1_.COMP_ID left outer join MODELS model2_ on component0_.model_id=model2_.id where component0_.id=?
5666 [main] DEBUG org.hibernate.loader.Loader  - Static select for action ACTION_REFRESH on entity org.thingsplode.core.entities.Component: select component0_.id as id2_1_2_, component0_.deviceClass as deviceCl3_1_2_, component0_.enabledState as enabledS4_1_2_, component0_.identification as identifi5_1_2_, component0_.model_id as model_i10_1_2_, component0_.partNumber as partNumb6_1_2_, component0_.serialNumber as serialNu7_1_2_, component0_.status as status8_1_2_, component0_.type as type9_1_2_, component0_1_.hostAddress as hostAddr1_3_2_, component0_1_.lastHeartBeat as lastHear2_3_2_, component0_1_.city as city3_3_2_, component0_1_.country as country4_3_2_, component0_1_.houseNumber as houseNum5_3_2_, component0_1_.postCode as postCode6_3_2_, component0_1_.state as state7_3_2_, component0_1_.street as street8_3_2_, component0_1_.description as descript9_3_2_, component0_1_.latitude as latitud10_3_2_, component0_1_.longitude as longitu11_3_2_, component0_1_.startupDate as startup12_3_2_, component0_.MAIN_TYPE as MAIN_TYP1_1_2_, capabiliti1_.COMP_ID as COMP_ID7_1_4_, capabiliti1_.id as id1_0_4_, capabiliti1_.id as id1_0_0_, capabiliti1_.active as active2_0_0_, capabiliti1_.name as name3_0_0_, capabiliti1_.type as type4_0_0_, capabiliti1_.content as content5_0_0_, capabiliti1_.VALUE_TYPE as VALUE_TY6_0_0_, model2_.id as id1_6_1_, model2_.manufacturer as manufact2_6_1_, model2_.type as type3_6_1_, model2_.version as version4_6_1_ from COMPONENT component0_ left outer join DEVICES component0_1_ on component0_.id=component0_1_.id left outer join CAPABILITIES capabiliti1_ on component0_.id=capabiliti1_.COMP_ID left outer join MODELS model2_ on component0_.model_id=model2_.id where component0_.id=?
5666 [main] DEBUG org.hibernate.loader.plan.build.internal.spaces.QuerySpacesImpl  - Adding QuerySpace : uid = <gen:0> -> org.hibernate.loader.plan.build.internal.spaces.EntityQuerySpaceImpl@1c68d0db]
5666 [main] DEBUG org.hibernate.loader.plan.build.internal.FetchStyleLoadPlanBuildingAssociationVisitationStrategy  - Building LoadPlan...
5667 [main] DEBUG org.hibernate.loader.plan.exec.internal.LoadQueryJoinAndFetchProcessor  - processing queryspace <gen:0>
5667 [main] DEBUG org.hibernate.loader.plan.build.spi.LoadPlanTreePrinter  - LoadPlan(entity=org.thingsplode.core.entities.Model)
    - Returns
       - EntityReturnImpl(entity=org.thingsplode.core.entities.Model, querySpaceUid=<gen:0>, path=org.thingsplode.core.entities.Model)
    - QuerySpaces
       - EntityQuerySpaceImpl(uid=<gen:0>, entity=org.thingsplode.core.entities.Model)
          - SQL table alias mapping - model0_
          - alias suffix - 0_
          - suffixed key columns - {id1_6_0_}

5667 [main] DEBUG org.hibernate.loader.entity.plan.EntityLoader  - Static select for entity org.thingsplode.core.entities.Model [NONE]: select model0_.id as id1_6_0_, model0_.manufacturer as manufact2_6_0_, model0_.type as type3_6_0_, model0_.version as version4_6_0_ from MODELS model0_ where model0_.id=?
5667 [main] DEBUG org.hibernate.loader.plan.build.internal.spaces.QuerySpacesImpl  - Adding QuerySpace : uid = <gen:0> -> org.hibernate.loader.plan.build.internal.spaces.EntityQuerySpaceImpl@91a2543]
5667 [main] DEBUG org.hibernate.loader.plan.build.internal.FetchStyleLoadPlanBuildingAssociationVisitationStrategy  - Building LoadPlan...
5667 [main] DEBUG org.hibernate.loader.plan.exec.internal.LoadQueryJoinAndFetchProcessor  - processing queryspace <gen:0>
5667 [main] DEBUG org.hibernate.loader.plan.build.spi.LoadPlanTreePrinter  - LoadPlan(entity=org.thingsplode.core.entities.Model)
    - Returns
       - EntityReturnImpl(entity=org.thingsplode.core.entities.Model, querySpaceUid=<gen:0>, path=org.thingsplode.core.entities.Model)
    - QuerySpaces
       - EntityQuerySpaceImpl(uid=<gen:0>, entity=org.thingsplode.core.entities.Model)
          - SQL table alias mapping - model0_
          - alias suffix - 0_
          - suffixed key columns - {id1_6_0_}

5667 [main] DEBUG org.hibernate.loader.entity.plan.EntityLoader  - Static select for entity org.thingsplode.core.entities.Model [READ]: select model0_.id as id1_6_0_, model0_.manufacturer as manufact2_6_0_, model0_.type as type3_6_0_, model0_.version as version4_6_0_ from MODELS model0_ where model0_.id=?
5667 [main] DEBUG org.hibernate.loader.plan.build.internal.spaces.QuerySpacesImpl  - Adding QuerySpace : uid = <gen:0> -> org.hibernate.loader.plan.build.internal.spaces.EntityQuerySpaceImpl@18c7f6b5]
5667 [main] DEBUG org.hibernate.loader.plan.build.internal.FetchStyleLoadPlanBuildingAssociationVisitationStrategy  - Building LoadPlan...
5667 [main] DEBUG org.hibernate.loader.plan.exec.internal.LoadQueryJoinAndFetchProcessor  - processing queryspace <gen:0>
5667 [main] DEBUG org.hibernate.loader.plan.build.spi.LoadPlanTreePrinter  - LoadPlan(entity=org.thingsplode.core.entities.Model)
    - Returns
       - EntityReturnImpl(entity=org.thingsplode.core.entities.Model, querySpaceUid=<gen:0>, path=org.thingsplode.core.entities.Model)
    - QuerySpaces
       - EntityQuerySpaceImpl(uid=<gen:0>, entity=org.thingsplode.core.entities.Model)
          - SQL table alias mapping - model0_
          - alias suffix - 0_
          - suffixed key columns - {id1_6_0_}

5667 [main] DEBUG org.hibernate.loader.entity.plan.EntityLoader  - Static select for entity org.thingsplode.core.entities.Model [UPGRADE]: select model0_.id as id1_6_0_, model0_.manufacturer as manufact2_6_0_, model0_.type as type3_6_0_, model0_.version as version4_6_0_ from MODELS model0_ where model0_.id=? for update
5667 [main] DEBUG org.hibernate.loader.plan.build.internal.spaces.QuerySpacesImpl  - Adding QuerySpace : uid = <gen:0> -> org.hibernate.loader.plan.build.internal.spaces.EntityQuerySpaceImpl@3af36922]
5668 [main] DEBUG org.hibernate.loader.plan.build.internal.FetchStyleLoadPlanBuildingAssociationVisitationStrategy  - Building LoadPlan...
5668 [main] DEBUG org.hibernate.loader.plan.exec.internal.LoadQueryJoinAndFetchProcessor  - processing queryspace <gen:0>
5668 [main] DEBUG org.hibernate.loader.plan.build.spi.LoadPlanTreePrinter  - LoadPlan(entity=org.thingsplode.core.entities.Model)
    - Returns
       - EntityReturnImpl(entity=org.thingsplode.core.entities.Model, querySpaceUid=<gen:0>, path=org.thingsplode.core.entities.Model)
    - QuerySpaces
       - EntityQuerySpaceImpl(uid=<gen:0>, entity=org.thingsplode.core.entities.Model)
          - SQL table alias mapping - model0_
          - alias suffix - 0_
          - suffixed key columns - {id1_6_0_}

5668 [main] DEBUG org.hibernate.loader.entity.plan.EntityLoader  - Static select for entity org.thingsplode.core.entities.Model [UPGRADE_NOWAIT]: select model0_.id as id1_6_0_, model0_.manufacturer as manufact2_6_0_, model0_.type as type3_6_0_, model0_.version as version4_6_0_ from MODELS model0_ where model0_.id=? for update
5668 [main] DEBUG org.hibernate.loader.plan.build.internal.spaces.QuerySpacesImpl  - Adding QuerySpace : uid = <gen:0> -> org.hibernate.loader.plan.build.internal.spaces.EntityQuerySpaceImpl@474e34e4]
5668 [main] DEBUG org.hibernate.loader.plan.build.internal.FetchStyleLoadPlanBuildingAssociationVisitationStrategy  - Building LoadPlan...
5668 [main] DEBUG org.hibernate.loader.plan.exec.internal.LoadQueryJoinAndFetchProcessor  - processing queryspace <gen:0>
5668 [main] DEBUG org.hibernate.loader.plan.build.spi.LoadPlanTreePrinter  - LoadPlan(entity=org.thingsplode.core.entities.Model)
    - Returns
       - EntityReturnImpl(entity=org.thingsplode.core.entities.Model, querySpaceUid=<gen:0>, path=org.thingsplode.core.entities.Model)
    - QuerySpaces
       - EntityQuerySpaceImpl(uid=<gen:0>, entity=org.thingsplode.core.entities.Model)
          - SQL table alias mapping - model0_
          - alias suffix - 0_
          - suffixed key columns - {id1_6_0_}

5668 [main] DEBUG org.hibernate.loader.entity.plan.EntityLoader  - Static select for entity org.thingsplode.core.entities.Model [UPGRADE_SKIPLOCKED]: select model0_.id as id1_6_0_, model0_.manufacturer as manufact2_6_0_, model0_.type as type3_6_0_, model0_.version as version4_6_0_ from MODELS model0_ where model0_.id=? for update
5668 [main] DEBUG org.hibernate.loader.plan.build.internal.spaces.QuerySpacesImpl  - Adding QuerySpace : uid = <gen:0> -> org.hibernate.loader.plan.build.internal.spaces.EntityQuerySpaceImpl@5fb7ab9c]
5668 [main] DEBUG org.hibernate.loader.plan.build.internal.FetchStyleLoadPlanBuildingAssociationVisitationStrategy  - Building LoadPlan...
5668 [main] DEBUG org.hibernate.loader.plan.exec.internal.LoadQueryJoinAndFetchProcessor  - processing queryspace <gen:0>
5668 [main] DEBUG org.hibernate.loader.plan.build.spi.LoadPlanTreePrinter  - LoadPlan(entity=org.thingsplode.core.entities.Model)
    - Returns
       - EntityReturnImpl(entity=org.thingsplode.core.entities.Model, querySpaceUid=<gen:0>, path=org.thingsplode.core.entities.Model)
    - QuerySpaces
       - EntityQuerySpaceImpl(uid=<gen:0>, entity=org.thingsplode.core.entities.Model)
          - SQL table alias mapping - model0_
          - alias suffix - 0_
          - suffixed key columns - {id1_6_0_}

5668 [main] DEBUG org.hibernate.loader.entity.plan.EntityLoader  - Static select for entity org.thingsplode.core.entities.Model [FORCE]: select model0_.id as id1_6_0_, model0_.manufacturer as manufact2_6_0_, model0_.type as type3_6_0_, model0_.version as version4_6_0_ from MODELS model0_ where model0_.id=? for update
5668 [main] DEBUG org.hibernate.loader.plan.build.internal.spaces.QuerySpacesImpl  - Adding QuerySpace : uid = <gen:0> -> org.hibernate.loader.plan.build.internal.spaces.EntityQuerySpaceImpl@51eb0e84]
5668 [main] DEBUG org.hibernate.loader.plan.build.internal.FetchStyleLoadPlanBuildingAssociationVisitationStrategy  - Building LoadPlan...
5668 [main] DEBUG org.hibernate.loader.plan.exec.internal.LoadQueryJoinAndFetchProcessor  - processing queryspace <gen:0>
5668 [main] DEBUG org.hibernate.loader.plan.build.spi.LoadPlanTreePrinter  - LoadPlan(entity=org.thingsplode.core.entities.Model)
    - Returns
       - EntityReturnImpl(entity=org.thingsplode.core.entities.Model, querySpaceUid=<gen:0>, path=org.thingsplode.core.entities.Model)
    - QuerySpaces
       - EntityQuerySpaceImpl(uid=<gen:0>, entity=org.thingsplode.core.entities.Model)
          - SQL table alias mapping - model0_
          - alias suffix - 0_
          - suffixed key columns - {id1_6_0_}

5668 [main] DEBUG org.hibernate.loader.entity.plan.EntityLoader  - Static select for entity org.thingsplode.core.entities.Model [PESSIMISTIC_READ]: select model0_.id as id1_6_0_, model0_.manufacturer as manufact2_6_0_, model0_.type as type3_6_0_, model0_.version as version4_6_0_ from MODELS model0_ where model0_.id=? for update
5668 [main] DEBUG org.hibernate.loader.plan.build.internal.spaces.QuerySpacesImpl  - Adding QuerySpace : uid = <gen:0> -> org.hibernate.loader.plan.build.internal.spaces.EntityQuerySpaceImpl@2eebce87]
5669 [main] DEBUG org.hibernate.loader.plan.build.internal.FetchStyleLoadPlanBuildingAssociationVisitationStrategy  - Building LoadPlan...
5669 [main] DEBUG org.hibernate.loader.plan.exec.internal.LoadQueryJoinAndFetchProcessor  - processing queryspace <gen:0>
5669 [main] DEBUG org.hibernate.loader.plan.build.spi.LoadPlanTreePrinter  - LoadPlan(entity=org.thingsplode.core.entities.Model)
    - Returns
       - EntityReturnImpl(entity=org.thingsplode.core.entities.Model, querySpaceUid=<gen:0>, path=org.thingsplode.core.entities.Model)
    - QuerySpaces
       - EntityQuerySpaceImpl(uid=<gen:0>, entity=org.thingsplode.core.entities.Model)
          - SQL table alias mapping - model0_
          - alias suffix - 0_
          - suffixed key columns - {id1_6_0_}

5669 [main] DEBUG org.hibernate.loader.entity.plan.EntityLoader  - Static select for entity org.thingsplode.core.entities.Model [PESSIMISTIC_WRITE]: select model0_.id as id1_6_0_, model0_.manufacturer as manufact2_6_0_, model0_.type as type3_6_0_, model0_.version as version4_6_0_ from MODELS model0_ where model0_.id=? for update
5669 [main] DEBUG org.hibernate.loader.plan.build.internal.spaces.QuerySpacesImpl  - Adding QuerySpace : uid = <gen:0> -> org.hibernate.loader.plan.build.internal.spaces.EntityQuerySpaceImpl@6775c0d1]
5669 [main] DEBUG org.hibernate.loader.plan.build.internal.FetchStyleLoadPlanBuildingAssociationVisitationStrategy  - Building LoadPlan...
5669 [main] DEBUG org.hibernate.loader.plan.exec.internal.LoadQueryJoinAndFetchProcessor  - processing queryspace <gen:0>
5669 [main] DEBUG org.hibernate.loader.plan.build.spi.LoadPlanTreePrinter  - LoadPlan(entity=org.thingsplode.core.entities.Model)
    - Returns
       - EntityReturnImpl(entity=org.thingsplode.core.entities.Model, querySpaceUid=<gen:0>, path=org.thingsplode.core.entities.Model)
    - QuerySpaces
       - EntityQuerySpaceImpl(uid=<gen:0>, entity=org.thingsplode.core.entities.Model)
          - SQL table alias mapping - model0_
          - alias suffix - 0_
          - suffixed key columns - {id1_6_0_}

5669 [main] DEBUG org.hibernate.loader.entity.plan.EntityLoader  - Static select for entity org.thingsplode.core.entities.Model [PESSIMISTIC_FORCE_INCREMENT]: select model0_.id as id1_6_0_, model0_.manufacturer as manufact2_6_0_, model0_.type as type3_6_0_, model0_.version as version4_6_0_ from MODELS model0_ where model0_.id=? for update
5669 [main] DEBUG org.hibernate.loader.plan.build.internal.spaces.QuerySpacesImpl  - Adding QuerySpace : uid = <gen:0> -> org.hibernate.loader.plan.build.internal.spaces.EntityQuerySpaceImpl@4899799b]
5669 [main] DEBUG org.hibernate.loader.plan.build.internal.FetchStyleLoadPlanBuildingAssociationVisitationStrategy  - Building LoadPlan...
5669 [main] DEBUG org.hibernate.loader.plan.exec.internal.LoadQueryJoinAndFetchProcessor  - processing queryspace <gen:0>
5669 [main] DEBUG org.hibernate.loader.plan.build.spi.LoadPlanTreePrinter  - LoadPlan(entity=org.thingsplode.core.entities.Model)
    - Returns
       - EntityReturnImpl(entity=org.thingsplode.core.entities.Model, querySpaceUid=<gen:0>, path=org.thingsplode.core.entities.Model)
    - QuerySpaces
       - EntityQuerySpaceImpl(uid=<gen:0>, entity=org.thingsplode.core.entities.Model)
          - SQL table alias mapping - model0_
          - alias suffix - 0_
          - suffixed key columns - {id1_6_0_}

5669 [main] DEBUG org.hibernate.loader.entity.plan.EntityLoader  - Static select for entity org.thingsplode.core.entities.Model [OPTIMISTIC]: select model0_.id as id1_6_0_, model0_.manufacturer as manufact2_6_0_, model0_.type as type3_6_0_, model0_.version as version4_6_0_ from MODELS model0_ where model0_.id=?
5669 [main] DEBUG org.hibernate.loader.plan.build.internal.spaces.QuerySpacesImpl  - Adding QuerySpace : uid = <gen:0> -> org.hibernate.loader.plan.build.internal.spaces.EntityQuerySpaceImpl@74500e4f]
5669 [main] DEBUG org.hibernate.loader.plan.build.internal.FetchStyleLoadPlanBuildingAssociationVisitationStrategy  - Building LoadPlan...
5669 [main] DEBUG org.hibernate.loader.plan.exec.internal.LoadQueryJoinAndFetchProcessor  - processing queryspace <gen:0>
5670 [main] DEBUG org.hibernate.loader.plan.build.spi.LoadPlanTreePrinter  - LoadPlan(entity=org.thingsplode.core.entities.Model)
    - Returns
       - EntityReturnImpl(entity=org.thingsplode.core.entities.Model, querySpaceUid=<gen:0>, path=org.thingsplode.core.entities.Model)
    - QuerySpaces
       - EntityQuerySpaceImpl(uid=<gen:0>, entity=org.thingsplode.core.entities.Model)
          - SQL table alias mapping - model0_
          - alias suffix - 0_
          - suffixed key columns - {id1_6_0_}

5670 [main] DEBUG org.hibernate.loader.entity.plan.EntityLoader  - Static select for entity org.thingsplode.core.entities.Model [OPTIMISTIC_FORCE_INCREMENT]: select model0_.id as id1_6_0_, model0_.manufacturer as manufact2_6_0_, model0_.type as type3_6_0_, model0_.version as version4_6_0_ from MODELS model0_ where model0_.id=?
5670 [main] DEBUG org.hibernate.loader.Loader  - Static select for action ACTION_MERGE on entity org.thingsplode.core.entities.Model: select model0_.id as id1_6_0_, model0_.manufacturer as manufact2_6_0_, model0_.type as type3_6_0_, model0_.version as version4_6_0_ from MODELS model0_ where model0_.id=?
5670 [main] DEBUG org.hibernate.loader.Loader  - Static select for action ACTION_REFRESH on entity org.thingsplode.core.entities.Model: select model0_.id as id1_6_0_, model0_.manufacturer as manufact2_6_0_, model0_.type as type3_6_0_, model0_.version as version4_6_0_ from MODELS model0_ where model0_.id=?
5670 [main] DEBUG org.hibernate.loader.plan.build.internal.spaces.QuerySpacesImpl  - Adding QuerySpace : uid = <gen:0> -> org.hibernate.loader.plan.build.internal.spaces.EntityQuerySpaceImpl@7fc7152e]
5670 [main] DEBUG org.hibernate.loader.plan.build.internal.FetchStyleLoadPlanBuildingAssociationVisitationStrategy  - Building LoadPlan...
5670 [main] DEBUG org.hibernate.loader.plan.exec.internal.LoadQueryJoinAndFetchProcessor  - processing queryspace <gen:0>
5670 [main] DEBUG org.hibernate.loader.plan.build.spi.LoadPlanTreePrinter  - LoadPlan(entity=org.thingsplode.core.entities.Parameter)
    - Returns
       - EntityReturnImpl(entity=org.thingsplode.core.entities.Parameter, querySpaceUid=<gen:0>, path=org.thingsplode.core.entities.Parameter)
    - QuerySpaces
       - EntityQuerySpaceImpl(uid=<gen:0>, entity=org.thingsplode.core.entities.Parameter)
          - SQL table alias mapping - parameter0_
          - alias suffix - 0_
          - suffixed key columns - {id1_7_0_}

5670 [main] DEBUG org.hibernate.loader.entity.plan.EntityLoader  - Static select for entity org.thingsplode.core.entities.Parameter [NONE]: select parameter0_.id as id1_7_0_, parameter0_.name as name2_7_0_, parameter0_.valueType as valueTyp3_7_0_ from PARAMETERS parameter0_ where parameter0_.id=?
5670 [main] DEBUG org.hibernate.loader.plan.build.internal.spaces.QuerySpacesImpl  - Adding QuerySpace : uid = <gen:0> -> org.hibernate.loader.plan.build.internal.spaces.EntityQuerySpaceImpl@6704df84]
5670 [main] DEBUG org.hibernate.loader.plan.build.internal.FetchStyleLoadPlanBuildingAssociationVisitationStrategy  - Building LoadPlan...
5670 [main] DEBUG org.hibernate.loader.plan.exec.internal.LoadQueryJoinAndFetchProcessor  - processing queryspace <gen:0>
5670 [main] DEBUG org.hibernate.loader.plan.build.spi.LoadPlanTreePrinter  - LoadPlan(entity=org.thingsplode.core.entities.Parameter)
    - Returns
       - EntityReturnImpl(entity=org.thingsplode.core.entities.Parameter, querySpaceUid=<gen:0>, path=org.thingsplode.core.entities.Parameter)
    - QuerySpaces
       - EntityQuerySpaceImpl(uid=<gen:0>, entity=org.thingsplode.core.entities.Parameter)
          - SQL table alias mapping - parameter0_
          - alias suffix - 0_
          - suffixed key columns - {id1_7_0_}

5670 [main] DEBUG org.hibernate.loader.entity.plan.EntityLoader  - Static select for entity org.thingsplode.core.entities.Parameter [READ]: select parameter0_.id as id1_7_0_, parameter0_.name as name2_7_0_, parameter0_.valueType as valueTyp3_7_0_ from PARAMETERS parameter0_ where parameter0_.id=?
5670 [main] DEBUG org.hibernate.loader.plan.build.internal.spaces.QuerySpacesImpl  - Adding QuerySpace : uid = <gen:0> -> org.hibernate.loader.plan.build.internal.spaces.EntityQuerySpaceImpl@53bb71e5]
5670 [main] DEBUG org.hibernate.loader.plan.build.internal.FetchStyleLoadPlanBuildingAssociationVisitationStrategy  - Building LoadPlan...
5671 [main] DEBUG org.hibernate.loader.plan.exec.internal.LoadQueryJoinAndFetchProcessor  - processing queryspace <gen:0>
5671 [main] DEBUG org.hibernate.loader.plan.build.spi.LoadPlanTreePrinter  - LoadPlan(entity=org.thingsplode.core.entities.Parameter)
    - Returns
       - EntityReturnImpl(entity=org.thingsplode.core.entities.Parameter, querySpaceUid=<gen:0>, path=org.thingsplode.core.entities.Parameter)
    - QuerySpaces
       - EntityQuerySpaceImpl(uid=<gen:0>, entity=org.thingsplode.core.entities.Parameter)
          - SQL table alias mapping - parameter0_
          - alias suffix - 0_
          - suffixed key columns - {id1_7_0_}

5671 [main] DEBUG org.hibernate.loader.entity.plan.EntityLoader  - Static select for entity org.thingsplode.core.entities.Parameter [UPGRADE]: select parameter0_.id as id1_7_0_, parameter0_.name as name2_7_0_, parameter0_.valueType as valueTyp3_7_0_ from PARAMETERS parameter0_ where parameter0_.id=? for update
5671 [main] DEBUG org.hibernate.loader.plan.build.internal.spaces.QuerySpacesImpl  - Adding QuerySpace : uid = <gen:0> -> org.hibernate.loader.plan.build.internal.spaces.EntityQuerySpaceImpl@15994b0b]
5671 [main] DEBUG org.hibernate.loader.plan.build.internal.FetchStyleLoadPlanBuildingAssociationVisitationStrategy  - Building LoadPlan...
5671 [main] DEBUG org.hibernate.loader.plan.exec.internal.LoadQueryJoinAndFetchProcessor  - processing queryspace <gen:0>
5671 [main] DEBUG org.hibernate.loader.plan.build.spi.LoadPlanTreePrinter  - LoadPlan(entity=org.thingsplode.core.entities.Parameter)
    - Returns
       - EntityReturnImpl(entity=org.thingsplode.core.entities.Parameter, querySpaceUid=<gen:0>, path=org.thingsplode.core.entities.Parameter)
    - QuerySpaces
       - EntityQuerySpaceImpl(uid=<gen:0>, entity=org.thingsplode.core.entities.Parameter)
          - SQL table alias mapping - parameter0_
          - alias suffix - 0_
          - suffixed key columns - {id1_7_0_}

5671 [main] DEBUG org.hibernate.loader.entity.plan.EntityLoader  - Static select for entity org.thingsplode.core.entities.Parameter [UPGRADE_NOWAIT]: select parameter0_.id as id1_7_0_, parameter0_.name as name2_7_0_, parameter0_.valueType as valueTyp3_7_0_ from PARAMETERS parameter0_ where parameter0_.id=? for update
5671 [main] DEBUG org.hibernate.loader.plan.build.internal.spaces.QuerySpacesImpl  - Adding QuerySpace : uid = <gen:0> -> org.hibernate.loader.plan.build.internal.spaces.EntityQuerySpaceImpl@1a717d79]
5671 [main] DEBUG org.hibernate.loader.plan.build.internal.FetchStyleLoadPlanBuildingAssociationVisitationStrategy  - Building LoadPlan...
5671 [main] DEBUG org.hibernate.loader.plan.exec.internal.LoadQueryJoinAndFetchProcessor  - processing queryspace <gen:0>
5671 [main] DEBUG org.hibernate.loader.plan.build.spi.LoadPlanTreePrinter  - LoadPlan(entity=org.thingsplode.core.entities.Parameter)
    - Returns
       - EntityReturnImpl(entity=org.thingsplode.core.entities.Parameter, querySpaceUid=<gen:0>, path=org.thingsplode.core.entities.Parameter)
    - QuerySpaces
       - EntityQuerySpaceImpl(uid=<gen:0>, entity=org.thingsplode.core.entities.Parameter)
          - SQL table alias mapping - parameter0_
          - alias suffix - 0_
          - suffixed key columns - {id1_7_0_}

5671 [main] DEBUG org.hibernate.loader.entity.plan.EntityLoader  - Static select for entity org.thingsplode.core.entities.Parameter [UPGRADE_SKIPLOCKED]: select parameter0_.id as id1_7_0_, parameter0_.name as name2_7_0_, parameter0_.valueType as valueTyp3_7_0_ from PARAMETERS parameter0_ where parameter0_.id=? for update
5671 [main] DEBUG org.hibernate.loader.plan.build.internal.spaces.QuerySpacesImpl  - Adding QuerySpace : uid = <gen:0> -> org.hibernate.loader.plan.build.internal.spaces.EntityQuerySpaceImpl@13aed42b]
5671 [main] DEBUG org.hibernate.loader.plan.build.internal.FetchStyleLoadPlanBuildingAssociationVisitationStrategy  - Building LoadPlan...
5671 [main] DEBUG org.hibernate.loader.plan.exec.internal.LoadQueryJoinAndFetchProcessor  - processing queryspace <gen:0>
5671 [main] DEBUG org.hibernate.loader.plan.build.spi.LoadPlanTreePrinter  - LoadPlan(entity=org.thingsplode.core.entities.Parameter)
    - Returns
       - EntityReturnImpl(entity=org.thingsplode.core.entities.Parameter, querySpaceUid=<gen:0>, path=org.thingsplode.core.entities.Parameter)
    - QuerySpaces
       - EntityQuerySpaceImpl(uid=<gen:0>, entity=org.thingsplode.core.entities.Parameter)
          - SQL table alias mapping - parameter0_
          - alias suffix - 0_
          - suffixed key columns - {id1_7_0_}

5671 [main] DEBUG org.hibernate.loader.entity.plan.EntityLoader  - Static select for entity org.thingsplode.core.entities.Parameter [FORCE]: select parameter0_.id as id1_7_0_, parameter0_.name as name2_7_0_, parameter0_.valueType as valueTyp3_7_0_ from PARAMETERS parameter0_ where parameter0_.id=? for update
5671 [main] DEBUG org.hibernate.loader.plan.build.internal.spaces.QuerySpacesImpl  - Adding QuerySpace : uid = <gen:0> -> org.hibernate.loader.plan.build.internal.spaces.EntityQuerySpaceImpl@78065fcd]
5671 [main] DEBUG org.hibernate.loader.plan.build.internal.FetchStyleLoadPlanBuildingAssociationVisitationStrategy  - Building LoadPlan...
5671 [main] DEBUG org.hibernate.loader.plan.exec.internal.LoadQueryJoinAndFetchProcessor  - processing queryspace <gen:0>
5672 [main] DEBUG org.hibernate.loader.plan.build.spi.LoadPlanTreePrinter  - LoadPlan(entity=org.thingsplode.core.entities.Parameter)
    - Returns
       - EntityReturnImpl(entity=org.thingsplode.core.entities.Parameter, querySpaceUid=<gen:0>, path=org.thingsplode.core.entities.Parameter)
    - QuerySpaces
       - EntityQuerySpaceImpl(uid=<gen:0>, entity=org.thingsplode.core.entities.Parameter)
          - SQL table alias mapping - parameter0_
          - alias suffix - 0_
          - suffixed key columns - {id1_7_0_}

5672 [main] DEBUG org.hibernate.loader.entity.plan.EntityLoader  - Static select for entity org.thingsplode.core.entities.Parameter [PESSIMISTIC_READ]: select parameter0_.id as id1_7_0_, parameter0_.name as name2_7_0_, parameter0_.valueType as valueTyp3_7_0_ from PARAMETERS parameter0_ where parameter0_.id=? for update
5672 [main] DEBUG org.hibernate.loader.plan.build.internal.spaces.QuerySpacesImpl  - Adding QuerySpace : uid = <gen:0> -> org.hibernate.loader.plan.build.internal.spaces.EntityQuerySpaceImpl@51ed2f68]
5672 [main] DEBUG org.hibernate.loader.plan.build.internal.FetchStyleLoadPlanBuildingAssociationVisitationStrategy  - Building LoadPlan...
5672 [main] DEBUG org.hibernate.loader.plan.exec.internal.LoadQueryJoinAndFetchProcessor  - processing queryspace <gen:0>
5672 [main] DEBUG org.hibernate.loader.plan.build.spi.LoadPlanTreePrinter  - LoadPlan(entity=org.thingsplode.core.entities.Parameter)
    - Returns
       - EntityReturnImpl(entity=org.thingsplode.core.entities.Parameter, querySpaceUid=<gen:0>, path=org.thingsplode.core.entities.Parameter)
    - QuerySpaces
       - EntityQuerySpaceImpl(uid=<gen:0>, entity=org.thingsplode.core.entities.Parameter)
          - SQL table alias mapping - parameter0_
          - alias suffix - 0_
          - suffixed key columns - {id1_7_0_}

5672 [main] DEBUG org.hibernate.loader.entity.plan.EntityLoader  - Static select for entity org.thingsplode.core.entities.Parameter [PESSIMISTIC_WRITE]: select parameter0_.id as id1_7_0_, parameter0_.name as name2_7_0_, parameter0_.valueType as valueTyp3_7_0_ from PARAMETERS parameter0_ where parameter0_.id=? for update
5672 [main] DEBUG org.hibernate.loader.plan.build.internal.spaces.QuerySpacesImpl  - Adding QuerySpace : uid = <gen:0> -> org.hibernate.loader.plan.build.internal.spaces.EntityQuerySpaceImpl@19b9f903]
5672 [main] DEBUG org.hibernate.loader.plan.build.internal.FetchStyleLoadPlanBuildingAssociationVisitationStrategy  - Building LoadPlan...
5673 [main] DEBUG org.hibernate.loader.plan.exec.internal.LoadQueryJoinAndFetchProcessor  - processing queryspace <gen:0>
5673 [main] DEBUG org.hibernate.loader.plan.build.spi.LoadPlanTreePrinter  - LoadPlan(entity=org.thingsplode.core.entities.Parameter)
    - Returns
       - EntityReturnImpl(entity=org.thingsplode.core.entities.Parameter, querySpaceUid=<gen:0>, path=org.thingsplode.core.entities.Parameter)
    - QuerySpaces
       - EntityQuerySpaceImpl(uid=<gen:0>, entity=org.thingsplode.core.entities.Parameter)
          - SQL table alias mapping - parameter0_
          - alias suffix - 0_
          - suffixed key columns - {id1_7_0_}

5673 [main] DEBUG org.hibernate.loader.entity.plan.EntityLoader  - Static select for entity org.thingsplode.core.entities.Parameter [PESSIMISTIC_FORCE_INCREMENT]: select parameter0_.id as id1_7_0_, parameter0_.name as name2_7_0_, parameter0_.valueType as valueTyp3_7_0_ from PARAMETERS parameter0_ where parameter0_.id=? for update
5673 [main] DEBUG org.hibernate.loader.plan.build.internal.spaces.QuerySpacesImpl  - Adding QuerySpace : uid = <gen:0> -> org.hibernate.loader.plan.build.internal.spaces.EntityQuerySpaceImpl@28cb86b2]
5673 [main] DEBUG org.hibernate.loader.plan.build.internal.FetchStyleLoadPlanBuildingAssociationVisitationStrategy  - Building LoadPlan...
5673 [main] DEBUG org.hibernate.loader.plan.exec.internal.LoadQueryJoinAndFetchProcessor  - processing queryspace <gen:0>
5673 [main] DEBUG org.hibernate.loader.plan.build.spi.LoadPlanTreePrinter  - LoadPlan(entity=org.thingsplode.core.entities.Parameter)
    - Returns
       - EntityReturnImpl(entity=org.thingsplode.core.entities.Parameter, querySpaceUid=<gen:0>, path=org.thingsplode.core.entities.Parameter)
    - QuerySpaces
       - EntityQuerySpaceImpl(uid=<gen:0>, entity=org.thingsplode.core.entities.Parameter)
          - SQL table alias mapping - parameter0_
          - alias suffix - 0_
          - suffixed key columns - {id1_7_0_}

5673 [main] DEBUG org.hibernate.loader.entity.plan.EntityLoader  - Static select for entity org.thingsplode.core.entities.Parameter [OPTIMISTIC]: select parameter0_.id as id1_7_0_, parameter0_.name as name2_7_0_, parameter0_.valueType as valueTyp3_7_0_ from PARAMETERS parameter0_ where parameter0_.id=?
5673 [main] DEBUG org.hibernate.loader.plan.build.internal.spaces.QuerySpacesImpl  - Adding QuerySpace : uid = <gen:0> -> org.hibernate.loader.plan.build.internal.spaces.EntityQuerySpaceImpl@748904e8]
5673 [main] DEBUG org.hibernate.loader.plan.build.internal.FetchStyleLoadPlanBuildingAssociationVisitationStrategy  - Building LoadPlan...
5674 [main] DEBUG org.hibernate.loader.plan.exec.internal.LoadQueryJoinAndFetchProcessor  - processing queryspace <gen:0>
5674 [main] DEBUG org.hibernate.loader.plan.build.spi.LoadPlanTreePrinter  - LoadPlan(entity=org.thingsplode.core.entities.Parameter)
    - Returns
       - EntityReturnImpl(entity=org.thingsplode.core.entities.Parameter, querySpaceUid=<gen:0>, path=org.thingsplode.core.entities.Parameter)
    - QuerySpaces
       - EntityQuerySpaceImpl(uid=<gen:0>, entity=org.thingsplode.core.entities.Parameter)
          - SQL table alias mapping - parameter0_
          - alias suffix - 0_
          - suffixed key columns - {id1_7_0_}

5674 [main] DEBUG org.hibernate.loader.entity.plan.EntityLoader  - Static select for entity org.thingsplode.core.entities.Parameter [OPTIMISTIC_FORCE_INCREMENT]: select parameter0_.id as id1_7_0_, parameter0_.name as name2_7_0_, parameter0_.valueType as valueTyp3_7_0_ from PARAMETERS parameter0_ where parameter0_.id=?
5674 [main] DEBUG org.hibernate.loader.Loader  - Static select for action ACTION_MERGE on entity org.thingsplode.core.entities.Parameter: select parameter0_.id as id1_7_0_, parameter0_.name as name2_7_0_, parameter0_.valueType as valueTyp3_7_0_ from PARAMETERS parameter0_ where parameter0_.id=?
5674 [main] DEBUG org.hibernate.loader.Loader  - Static select for action ACTION_REFRESH on entity org.thingsplode.core.entities.Parameter: select parameter0_.id as id1_7_0_, parameter0_.name as name2_7_0_, parameter0_.valueType as valueTyp3_7_0_ from PARAMETERS parameter0_ where parameter0_.id=?
5674 [main] DEBUG org.hibernate.loader.plan.build.internal.spaces.QuerySpacesImpl  - Adding QuerySpace : uid = <gen:0> -> org.hibernate.loader.plan.build.internal.spaces.EntityQuerySpaceImpl@3b3056a6]
5674 [main] DEBUG org.hibernate.loader.plan.build.internal.FetchStyleLoadPlanBuildingAssociationVisitationStrategy  - Building LoadPlan...
5674 [main] DEBUG org.hibernate.loader.plan.exec.internal.LoadQueryJoinAndFetchProcessor  - processing queryspace <gen:0>
5674 [main] DEBUG org.hibernate.loader.plan.build.spi.LoadPlanTreePrinter  - LoadPlan(entity=org.thingsplode.core.entities.Configuration)
    - Returns
       - EntityReturnImpl(entity=org.thingsplode.core.entities.Configuration, querySpaceUid=<gen:0>, path=org.thingsplode.core.entities.Configuration)
    - QuerySpaces
       - EntityQuerySpaceImpl(uid=<gen:0>, entity=org.thingsplode.core.entities.Configuration)
          - SQL table alias mapping - configurat0_
          - alias suffix - 0_
          - suffixed key columns - {id1_2_0_}

5675 [main] DEBUG org.hibernate.loader.entity.plan.EntityLoader  - Static select for entity org.thingsplode.core.entities.Configuration [NONE]: select configurat0_.id as id1_2_0_, configurat0_.key as key2_2_0_, configurat0_.syncStatus as syncStat3_2_0_, configurat0_.type as type4_2_0_, configurat0_.value as value5_2_0_ from CONFIGURATION configurat0_ where configurat0_.id=?
5675 [main] DEBUG org.hibernate.loader.plan.build.internal.spaces.QuerySpacesImpl  - Adding QuerySpace : uid = <gen:0> -> org.hibernate.loader.plan.build.internal.spaces.EntityQuerySpaceImpl@51d8f2f2]
5675 [main] DEBUG org.hibernate.loader.plan.build.internal.FetchStyleLoadPlanBuildingAssociationVisitationStrategy  - Building LoadPlan...
5675 [main] DEBUG org.hibernate.loader.plan.exec.internal.LoadQueryJoinAndFetchProcessor  - processing queryspace <gen:0>
5675 [main] DEBUG org.hibernate.loader.plan.build.spi.LoadPlanTreePrinter  - LoadPlan(entity=org.thingsplode.core.entities.Configuration)
    - Returns
       - EntityReturnImpl(entity=org.thingsplode.core.entities.Configuration, querySpaceUid=<gen:0>, path=org.thingsplode.core.entities.Configuration)
    - QuerySpaces
       - EntityQuerySpaceImpl(uid=<gen:0>, entity=org.thingsplode.core.entities.Configuration)
          - SQL table alias mapping - configurat0_
          - alias suffix - 0_
          - suffixed key columns - {id1_2_0_}

5675 [main] DEBUG org.hibernate.loader.entity.plan.EntityLoader  - Static select for entity org.thingsplode.core.entities.Configuration [READ]: select configurat0_.id as id1_2_0_, configurat0_.key as key2_2_0_, configurat0_.syncStatus as syncStat3_2_0_, configurat0_.type as type4_2_0_, configurat0_.value as value5_2_0_ from CONFIGURATION configurat0_ where configurat0_.id=?
5675 [main] DEBUG org.hibernate.loader.plan.build.internal.spaces.QuerySpacesImpl  - Adding QuerySpace : uid = <gen:0> -> org.hibernate.loader.plan.build.internal.spaces.EntityQuerySpaceImpl@72fb989b]
5675 [main] DEBUG org.hibernate.loader.plan.build.internal.FetchStyleLoadPlanBuildingAssociationVisitationStrategy  - Building LoadPlan...
5675 [main] DEBUG org.hibernate.loader.plan.exec.internal.LoadQueryJoinAndFetchProcessor  - processing queryspace <gen:0>
5675 [main] DEBUG org.hibernate.loader.plan.build.spi.LoadPlanTreePrinter  - LoadPlan(entity=org.thingsplode.core.entities.Configuration)
    - Returns
       - EntityReturnImpl(entity=org.thingsplode.core.entities.Configuration, querySpaceUid=<gen:0>, path=org.thingsplode.core.entities.Configuration)
    - QuerySpaces
       - EntityQuerySpaceImpl(uid=<gen:0>, entity=org.thingsplode.core.entities.Configuration)
          - SQL table alias mapping - configurat0_
          - alias suffix - 0_
          - suffixed key columns - {id1_2_0_}

5675 [main] DEBUG org.hibernate.loader.entity.plan.EntityLoader  - Static select for entity org.thingsplode.core.entities.Configuration [UPGRADE]: select configurat0_.id as id1_2_0_, configurat0_.key as key2_2_0_, configurat0_.syncStatus as syncStat3_2_0_, configurat0_.type as type4_2_0_, configurat0_.value as value5_2_0_ from CONFIGURATION configurat0_ where configurat0_.id=? for update
5676 [main] DEBUG org.hibernate.loader.plan.build.internal.spaces.QuerySpacesImpl  - Adding QuerySpace : uid = <gen:0> -> org.hibernate.loader.plan.build.internal.spaces.EntityQuerySpaceImpl@597a7afa]
5676 [main] DEBUG org.hibernate.loader.plan.build.internal.FetchStyleLoadPlanBuildingAssociationVisitationStrategy  - Building LoadPlan...
5676 [main] DEBUG org.hibernate.loader.plan.exec.internal.LoadQueryJoinAndFetchProcessor  - processing queryspace <gen:0>
5676 [main] DEBUG org.hibernate.loader.plan.build.spi.LoadPlanTreePrinter  - LoadPlan(entity=org.thingsplode.core.entities.Configuration)
    - Returns
       - EntityReturnImpl(entity=org.thingsplode.core.entities.Configuration, querySpaceUid=<gen:0>, path=org.thingsplode.core.entities.Configuration)
    - QuerySpaces
       - EntityQuerySpaceImpl(uid=<gen:0>, entity=org.thingsplode.core.entities.Configuration)
          - SQL table alias mapping - configurat0_
          - alias suffix - 0_
          - suffixed key columns - {id1_2_0_}

5676 [main] DEBUG org.hibernate.loader.entity.plan.EntityLoader  - Static select for entity org.thingsplode.core.entities.Configuration [UPGRADE_NOWAIT]: select configurat0_.id as id1_2_0_, configurat0_.key as key2_2_0_, configurat0_.syncStatus as syncStat3_2_0_, configurat0_.type as type4_2_0_, configurat0_.value as value5_2_0_ from CONFIGURATION configurat0_ where configurat0_.id=? for update
5676 [main] DEBUG org.hibernate.loader.plan.build.internal.spaces.QuerySpacesImpl  - Adding QuerySpace : uid = <gen:0> -> org.hibernate.loader.plan.build.internal.spaces.EntityQuerySpaceImpl@7cdb7fc]
5676 [main] DEBUG org.hibernate.loader.plan.build.internal.FetchStyleLoadPlanBuildingAssociationVisitationStrategy  - Building LoadPlan...
5676 [main] DEBUG org.hibernate.loader.plan.exec.internal.LoadQueryJoinAndFetchProcessor  - processing queryspace <gen:0>
5687 [main] DEBUG org.hibernate.loader.plan.build.spi.LoadPlanTreePrinter  - LoadPlan(entity=org.thingsplode.core.entities.Configuration)
    - Returns
       - EntityReturnImpl(entity=org.thingsplode.core.entities.Configuration, querySpaceUid=<gen:0>, path=org.thingsplode.core.entities.Configuration)
    - QuerySpaces
       - EntityQuerySpaceImpl(uid=<gen:0>, entity=org.thingsplode.core.entities.Configuration)
          - SQL table alias mapping - configurat0_
          - alias suffix - 0_
          - suffixed key columns - {id1_2_0_}

5687 [main] DEBUG org.hibernate.loader.entity.plan.EntityLoader  - Static select for entity org.thingsplode.core.entities.Configuration [UPGRADE_SKIPLOCKED]: select configurat0_.id as id1_2_0_, configurat0_.key as key2_2_0_, configurat0_.syncStatus as syncStat3_2_0_, configurat0_.type as type4_2_0_, configurat0_.value as value5_2_0_ from CONFIGURATION configurat0_ where configurat0_.id=? for update
5687 [main] DEBUG org.hibernate.loader.plan.build.internal.spaces.QuerySpacesImpl  - Adding QuerySpace : uid = <gen:0> -> org.hibernate.loader.plan.build.internal.spaces.EntityQuerySpaceImpl@586843bc]
5687 [main] DEBUG org.hibernate.loader.plan.build.internal.FetchStyleLoadPlanBuildingAssociationVisitationStrategy  - Building LoadPlan...
5687 [main] DEBUG org.hibernate.loader.plan.exec.internal.LoadQueryJoinAndFetchProcessor  - processing queryspace <gen:0>
5687 [main] DEBUG org.hibernate.loader.plan.build.spi.LoadPlanTreePrinter  - LoadPlan(entity=org.thingsplode.core.entities.Configuration)
    - Returns
       - EntityReturnImpl(entity=org.thingsplode.core.entities.Configuration, querySpaceUid=<gen:0>, path=org.thingsplode.core.entities.Configuration)
    - QuerySpaces
       - EntityQuerySpaceImpl(uid=<gen:0>, entity=org.thingsplode.core.entities.Configuration)
          - SQL table alias mapping - configurat0_
          - alias suffix - 0_
          - suffixed key columns - {id1_2_0_}

5687 [main] DEBUG org.hibernate.loader.entity.plan.EntityLoader  - Static select for entity org.thingsplode.core.entities.Configuration [FORCE]: select configurat0_.id as id1_2_0_, configurat0_.key as key2_2_0_, configurat0_.syncStatus as syncStat3_2_0_, configurat0_.type as type4_2_0_, configurat0_.value as value5_2_0_ from CONFIGURATION configurat0_ where configurat0_.id=? for update
5687 [main] DEBUG org.hibernate.loader.plan.build.internal.spaces.QuerySpacesImpl  - Adding QuerySpace : uid = <gen:0> -> org.hibernate.loader.plan.build.internal.spaces.EntityQuerySpaceImpl@7d8b66d9]
5687 [main] DEBUG org.hibernate.loader.plan.build.internal.FetchStyleLoadPlanBuildingAssociationVisitationStrategy  - Building LoadPlan...
5688 [main] DEBUG org.hibernate.loader.plan.exec.internal.LoadQueryJoinAndFetchProcessor  - processing queryspace <gen:0>
5688 [main] DEBUG org.hibernate.loader.plan.build.spi.LoadPlanTreePrinter  - LoadPlan(entity=org.thingsplode.core.entities.Configuration)
    - Returns
       - EntityReturnImpl(entity=org.thingsplode.core.entities.Configuration, querySpaceUid=<gen:0>, path=org.thingsplode.core.entities.Configuration)
    - QuerySpaces
       - EntityQuerySpaceImpl(uid=<gen:0>, entity=org.thingsplode.core.entities.Configuration)
          - SQL table alias mapping - configurat0_
          - alias suffix - 0_
          - suffixed key columns - {id1_2_0_}

5688 [main] DEBUG org.hibernate.loader.entity.plan.EntityLoader  - Static select for entity org.thingsplode.core.entities.Configuration [PESSIMISTIC_READ]: select configurat0_.id as id1_2_0_, configurat0_.key as key2_2_0_, configurat0_.syncStatus as syncStat3_2_0_, configurat0_.type as type4_2_0_, configurat0_.value as value5_2_0_ from CONFIGURATION configurat0_ where configurat0_.id=? for update
5688 [main] DEBUG org.hibernate.loader.plan.build.internal.spaces.QuerySpacesImpl  - Adding QuerySpace : uid = <gen:0> -> org.hibernate.loader.plan.build.internal.spaces.EntityQuerySpaceImpl@4ff66917]
5688 [main] DEBUG org.hibernate.loader.plan.build.internal.FetchStyleLoadPlanBuildingAssociationVisitationStrategy  - Building LoadPlan...
5688 [main] DEBUG org.hibernate.loader.plan.exec.internal.LoadQueryJoinAndFetchProcessor  - processing queryspace <gen:0>
5688 [main] DEBUG org.hibernate.loader.plan.build.spi.LoadPlanTreePrinter  - LoadPlan(entity=org.thingsplode.core.entities.Configuration)
    - Returns
       - EntityReturnImpl(entity=org.thingsplode.core.entities.Configuration, querySpaceUid=<gen:0>, path=org.thingsplode.core.entities.Configuration)
    - QuerySpaces
       - EntityQuerySpaceImpl(uid=<gen:0>, entity=org.thingsplode.core.entities.Configuration)
          - SQL table alias mapping - configurat0_
          - alias suffix - 0_
          - suffixed key columns - {id1_2_0_}

5688 [main] DEBUG org.hibernate.loader.entity.plan.EntityLoader  - Static select for entity org.thingsplode.core.entities.Configuration [PESSIMISTIC_WRITE]: select configurat0_.id as id1_2_0_, configurat0_.key as key2_2_0_, configurat0_.syncStatus as syncStat3_2_0_, configurat0_.type as type4_2_0_, configurat0_.value as value5_2_0_ from CONFIGURATION configurat0_ where configurat0_.id=? for update
5688 [main] DEBUG org.hibernate.loader.plan.build.internal.spaces.QuerySpacesImpl  - Adding QuerySpace : uid = <gen:0> -> org.hibernate.loader.plan.build.internal.spaces.EntityQuerySpaceImpl@647fb583]
5688 [main] DEBUG org.hibernate.loader.plan.build.internal.FetchStyleLoadPlanBuildingAssociationVisitationStrategy  - Building LoadPlan...
5689 [main] DEBUG org.hibernate.loader.plan.exec.internal.LoadQueryJoinAndFetchProcessor  - processing queryspace <gen:0>
5689 [main] DEBUG org.hibernate.loader.plan.build.spi.LoadPlanTreePrinter  - LoadPlan(entity=org.thingsplode.core.entities.Configuration)
    - Returns
       - EntityReturnImpl(entity=org.thingsplode.core.entities.Configuration, querySpaceUid=<gen:0>, path=org.thingsplode.core.entities.Configuration)
    - QuerySpaces
       - EntityQuerySpaceImpl(uid=<gen:0>, entity=org.thingsplode.core.entities.Configuration)
          - SQL table alias mapping - configurat0_
          - alias suffix - 0_
          - suffixed key columns - {id1_2_0_}

5689 [main] DEBUG org.hibernate.loader.entity.plan.EntityLoader  - Static select for entity org.thingsplode.core.entities.Configuration [PESSIMISTIC_FORCE_INCREMENT]: select configurat0_.id as id1_2_0_, configurat0_.key as key2_2_0_, configurat0_.syncStatus as syncStat3_2_0_, configurat0_.type as type4_2_0_, configurat0_.value as value5_2_0_ from CONFIGURATION configurat0_ where configurat0_.id=? for update
5689 [main] DEBUG org.hibernate.loader.plan.build.internal.spaces.QuerySpacesImpl  - Adding QuerySpace : uid = <gen:0> -> org.hibernate.loader.plan.build.internal.spaces.EntityQuerySpaceImpl@919086]
5689 [main] DEBUG org.hibernate.loader.plan.build.internal.FetchStyleLoadPlanBuildingAssociationVisitationStrategy  - Building LoadPlan...
5689 [main] DEBUG org.hibernate.loader.plan.exec.internal.LoadQueryJoinAndFetchProcessor  - processing queryspace <gen:0>
5689 [main] DEBUG org.hibernate.loader.plan.build.spi.LoadPlanTreePrinter  - LoadPlan(entity=org.thingsplode.core.entities.Configuration)
    - Returns
       - EntityReturnImpl(entity=org.thingsplode.core.entities.Configuration, querySpaceUid=<gen:0>, path=org.thingsplode.core.entities.Configuration)
    - QuerySpaces
       - EntityQuerySpaceImpl(uid=<gen:0>, entity=org.thingsplode.core.entities.Configuration)
          - SQL table alias mapping - configurat0_
          - alias suffix - 0_
          - suffixed key columns - {id1_2_0_}

5689 [main] DEBUG org.hibernate.loader.entity.plan.EntityLoader  - Static select for entity org.thingsplode.core.entities.Configuration [OPTIMISTIC]: select configurat0_.id as id1_2_0_, configurat0_.key as key2_2_0_, configurat0_.syncStatus as syncStat3_2_0_, configurat0_.type as type4_2_0_, configurat0_.value as value5_2_0_ from CONFIGURATION configurat0_ where configurat0_.id=?
5689 [main] DEBUG org.hibernate.loader.plan.build.internal.spaces.QuerySpacesImpl  - Adding QuerySpace : uid = <gen:0> -> org.hibernate.loader.plan.build.internal.spaces.EntityQuerySpaceImpl@7ead1d80]
5689 [main] DEBUG org.hibernate.loader.plan.build.internal.FetchStyleLoadPlanBuildingAssociationVisitationStrategy  - Building LoadPlan...
5689 [main] DEBUG org.hibernate.loader.plan.exec.internal.LoadQueryJoinAndFetchProcessor  - processing queryspace <gen:0>
5690 [main] DEBUG org.hibernate.loader.plan.build.spi.LoadPlanTreePrinter  - LoadPlan(entity=org.thingsplode.core.entities.Configuration)
    - Returns
       - EntityReturnImpl(entity=org.thingsplode.core.entities.Configuration, querySpaceUid=<gen:0>, path=org.thingsplode.core.entities.Configuration)
    - QuerySpaces
       - EntityQuerySpaceImpl(uid=<gen:0>, entity=org.thingsplode.core.entities.Configuration)
          - SQL table alias mapping - configurat0_
          - alias suffix - 0_
          - suffixed key columns - {id1_2_0_}

5690 [main] DEBUG org.hibernate.loader.entity.plan.EntityLoader  - Static select for entity org.thingsplode.core.entities.Configuration [OPTIMISTIC_FORCE_INCREMENT]: select configurat0_.id as id1_2_0_, configurat0_.key as key2_2_0_, configurat0_.syncStatus as syncStat3_2_0_, configurat0_.type as type4_2_0_, configurat0_.value as value5_2_0_ from CONFIGURATION configurat0_ where configurat0_.id=?
5690 [main] DEBUG org.hibernate.loader.Loader  - Static select for action ACTION_MERGE on entity org.thingsplode.core.entities.Configuration: select configurat0_.id as id1_2_0_, configurat0_.key as key2_2_0_, configurat0_.syncStatus as syncStat3_2_0_, configurat0_.type as type4_2_0_, configurat0_.value as value5_2_0_ from CONFIGURATION configurat0_ where configurat0_.id=?
5690 [main] DEBUG org.hibernate.loader.Loader  - Static select for action ACTION_REFRESH on entity org.thingsplode.core.entities.Configuration: select configurat0_.id as id1_2_0_, configurat0_.key as key2_2_0_, configurat0_.syncStatus as syncStat3_2_0_, configurat0_.type as type4_2_0_, configurat0_.value as value5_2_0_ from CONFIGURATION configurat0_ where configurat0_.id=?
5690 [main] DEBUG org.hibernate.loader.plan.build.internal.spaces.QuerySpacesImpl  - Adding QuerySpace : uid = <gen:0> -> org.hibernate.loader.plan.build.internal.spaces.EntityQuerySpaceImpl@1182413a]
5690 [main] DEBUG org.hibernate.loader.plan.build.internal.spaces.QuerySpacesImpl  - Adding QuerySpace : uid = <gen:1> -> org.hibernate.loader.plan.build.internal.spaces.CompositeQuerySpaceImpl@5b14f482]
5690 [main] DEBUG org.hibernate.loader.plan.build.internal.FetchStyleLoadPlanBuildingAssociationVisitationStrategy  - Building LoadPlan...
5690 [main] DEBUG org.hibernate.loader.plan.exec.internal.LoadQueryJoinAndFetchProcessor  - processing queryspace <gen:0>
5691 [main] DEBUG org.hibernate.loader.plan.build.spi.LoadPlanTreePrinter  - LoadPlan(entity=org.thingsplode.core.entities.Indication)
    - Returns
       - EntityReturnImpl(entity=org.thingsplode.core.entities.Indication, querySpaceUid=<gen:0>, path=org.thingsplode.core.entities.Indication)
          - CompositeAttributeFetchImpl(composite=org.thingsplode.core.Value, querySpaceUid=<gen:1>, path=org.thingsplode.core.entities.Indication.indicationValue)
    - QuerySpaces
       - EntityQuerySpaceImpl(uid=<gen:0>, entity=org.thingsplode.core.entities.Indication)
          - SQL table alias mapping - indication0_
          - alias suffix - 0_
          - suffixed key columns - {id1_5_0_}
          - JOIN (JoinDefinedByMetadata(indicationValue)) : <gen:0> -> <gen:1>
             - CompositeQuerySpaceImpl(uid=<gen:1>)
                - SQL table alias mapping - indication0_

5691 [main] DEBUG org.hibernate.loader.entity.plan.EntityLoader  - Static select for entity org.thingsplode.core.entities.Indication [NONE]: select indication0_.id as id1_5_0_, indication0_.content as content2_5_0_, indication0_.VALUE_TYPE as VALUE_TY3_5_0_, indication0_.name as name4_5_0_ from INDICATIONS indication0_ where indication0_.id=?
5691 [main] DEBUG org.hibernate.loader.plan.build.internal.spaces.QuerySpacesImpl  - Adding QuerySpace : uid = <gen:0> -> org.hibernate.loader.plan.build.internal.spaces.EntityQuerySpaceImpl@1a785fd5]
5691 [main] DEBUG org.hibernate.loader.plan.build.internal.spaces.QuerySpacesImpl  - Adding QuerySpace : uid = <gen:1> -> org.hibernate.loader.plan.build.internal.spaces.CompositeQuerySpaceImpl@362a561e]
5691 [main] DEBUG org.hibernate.loader.plan.build.internal.FetchStyleLoadPlanBuildingAssociationVisitationStrategy  - Building LoadPlan...
5691 [main] DEBUG org.hibernate.loader.plan.exec.internal.LoadQueryJoinAndFetchProcessor  - processing queryspace <gen:0>
5691 [main] DEBUG org.hibernate.loader.plan.build.spi.LoadPlanTreePrinter  - LoadPlan(entity=org.thingsplode.core.entities.Indication)
    - Returns
       - EntityReturnImpl(entity=org.thingsplode.core.entities.Indication, querySpaceUid=<gen:0>, path=org.thingsplode.core.entities.Indication)
          - CompositeAttributeFetchImpl(composite=org.thingsplode.core.Value, querySpaceUid=<gen:1>, path=org.thingsplode.core.entities.Indication.indicationValue)
    - QuerySpaces
       - EntityQuerySpaceImpl(uid=<gen:0>, entity=org.thingsplode.core.entities.Indication)
          - SQL table alias mapping - indication0_
          - alias suffix - 0_
          - suffixed key columns - {id1_5_0_}
          - JOIN (JoinDefinedByMetadata(indicationValue)) : <gen:0> -> <gen:1>
             - CompositeQuerySpaceImpl(uid=<gen:1>)
                - SQL table alias mapping - indication0_

5691 [main] DEBUG org.hibernate.loader.entity.plan.EntityLoader  - Static select for entity org.thingsplode.core.entities.Indication [READ]: select indication0_.id as id1_5_0_, indication0_.content as content2_5_0_, indication0_.VALUE_TYPE as VALUE_TY3_5_0_, indication0_.name as name4_5_0_ from INDICATIONS indication0_ where indication0_.id=?
5691 [main] DEBUG org.hibernate.loader.plan.build.internal.spaces.QuerySpacesImpl  - Adding QuerySpace : uid = <gen:0> -> org.hibernate.loader.plan.build.internal.spaces.EntityQuerySpaceImpl@75ad30c1]
5691 [main] DEBUG org.hibernate.loader.plan.build.internal.spaces.QuerySpacesImpl  - Adding QuerySpace : uid = <gen:1> -> org.hibernate.loader.plan.build.internal.spaces.CompositeQuerySpaceImpl@6b9697ae]
5691 [main] DEBUG org.hibernate.loader.plan.build.internal.FetchStyleLoadPlanBuildingAssociationVisitationStrategy  - Building LoadPlan...
5691 [main] DEBUG org.hibernate.loader.plan.exec.internal.LoadQueryJoinAndFetchProcessor  - processing queryspace <gen:0>
5692 [main] DEBUG org.hibernate.loader.plan.build.spi.LoadPlanTreePrinter  - LoadPlan(entity=org.thingsplode.core.entities.Indication)
    - Returns
       - EntityReturnImpl(entity=org.thingsplode.core.entities.Indication, querySpaceUid=<gen:0>, path=org.thingsplode.core.entities.Indication)
          - CompositeAttributeFetchImpl(composite=org.thingsplode.core.Value, querySpaceUid=<gen:1>, path=org.thingsplode.core.entities.Indication.indicationValue)
    - QuerySpaces
       - EntityQuerySpaceImpl(uid=<gen:0>, entity=org.thingsplode.core.entities.Indication)
          - SQL table alias mapping - indication0_
          - alias suffix - 0_
          - suffixed key columns - {id1_5_0_}
          - JOIN (JoinDefinedByMetadata(indicationValue)) : <gen:0> -> <gen:1>
             - CompositeQuerySpaceImpl(uid=<gen:1>)
                - SQL table alias mapping - indication0_

5692 [main] DEBUG org.hibernate.loader.entity.plan.EntityLoader  - Static select for entity org.thingsplode.core.entities.Indication [UPGRADE]: select indication0_.id as id1_5_0_, indication0_.content as content2_5_0_, indication0_.VALUE_TYPE as VALUE_TY3_5_0_, indication0_.name as name4_5_0_ from INDICATIONS indication0_ where indication0_.id=? for update
5692 [main] DEBUG org.hibernate.loader.plan.build.internal.spaces.QuerySpacesImpl  - Adding QuerySpace : uid = <gen:0> -> org.hibernate.loader.plan.build.internal.spaces.EntityQuerySpaceImpl@40c76f5a]
5692 [main] DEBUG org.hibernate.loader.plan.build.internal.spaces.QuerySpacesImpl  - Adding QuerySpace : uid = <gen:1> -> org.hibernate.loader.plan.build.internal.spaces.CompositeQuerySpaceImpl@5546e754]
5692 [main] DEBUG org.hibernate.loader.plan.build.internal.FetchStyleLoadPlanBuildingAssociationVisitationStrategy  - Building LoadPlan...
5692 [main] DEBUG org.hibernate.loader.plan.exec.internal.LoadQueryJoinAndFetchProcessor  - processing queryspace <gen:0>
5692 [main] DEBUG org.hibernate.loader.plan.build.spi.LoadPlanTreePrinter  - LoadPlan(entity=org.thingsplode.core.entities.Indication)
    - Returns
       - EntityReturnImpl(entity=org.thingsplode.core.entities.Indication, querySpaceUid=<gen:0>, path=org.thingsplode.core.entities.Indication)
          - CompositeAttributeFetchImpl(composite=org.thingsplode.core.Value, querySpaceUid=<gen:1>, path=org.thingsplode.core.entities.Indication.indicationValue)
    - QuerySpaces
       - EntityQuerySpaceImpl(uid=<gen:0>, entity=org.thingsplode.core.entities.Indication)
          - SQL table alias mapping - indication0_
          - alias suffix - 0_
          - suffixed key columns - {id1_5_0_}
          - JOIN (JoinDefinedByMetadata(indicationValue)) : <gen:0> -> <gen:1>
             - CompositeQuerySpaceImpl(uid=<gen:1>)
                - SQL table alias mapping - indication0_

5692 [main] DEBUG org.hibernate.loader.entity.plan.EntityLoader  - Static select for entity org.thingsplode.core.entities.Indication [UPGRADE_NOWAIT]: select indication0_.id as id1_5_0_, indication0_.content as content2_5_0_, indication0_.VALUE_TYPE as VALUE_TY3_5_0_, indication0_.name as name4_5_0_ from INDICATIONS indication0_ where indication0_.id=? for update
5692 [main] DEBUG org.hibernate.loader.plan.build.internal.spaces.QuerySpacesImpl  - Adding QuerySpace : uid = <gen:0> -> org.hibernate.loader.plan.build.internal.spaces.EntityQuerySpaceImpl@7196a8f1]
5692 [main] DEBUG org.hibernate.loader.plan.build.internal.spaces.QuerySpacesImpl  - Adding QuerySpace : uid = <gen:1> -> org.hibernate.loader.plan.build.internal.spaces.CompositeQuerySpaceImpl@8f39224]
5692 [main] DEBUG org.hibernate.loader.plan.build.internal.FetchStyleLoadPlanBuildingAssociationVisitationStrategy  - Building LoadPlan...
5692 [main] DEBUG org.hibernate.loader.plan.exec.internal.LoadQueryJoinAndFetchProcessor  - processing queryspace <gen:0>
5692 [main] DEBUG org.hibernate.loader.plan.build.spi.LoadPlanTreePrinter  - LoadPlan(entity=org.thingsplode.core.entities.Indication)
    - Returns
       - EntityReturnImpl(entity=org.thingsplode.core.entities.Indication, querySpaceUid=<gen:0>, path=org.thingsplode.core.entities.Indication)
          - CompositeAttributeFetchImpl(composite=org.thingsplode.core.Value, querySpaceUid=<gen:1>, path=org.thingsplode.core.entities.Indication.indicationValue)
    - QuerySpaces
       - EntityQuerySpaceImpl(uid=<gen:0>, entity=org.thingsplode.core.entities.Indication)
          - SQL table alias mapping - indication0_
          - alias suffix - 0_
          - suffixed key columns - {id1_5_0_}
          - JOIN (JoinDefinedByMetadata(indicationValue)) : <gen:0> -> <gen:1>
             - CompositeQuerySpaceImpl(uid=<gen:1>)
                - SQL table alias mapping - indication0_

5693 [main] DEBUG org.hibernate.loader.entity.plan.EntityLoader  - Static select for entity org.thingsplode.core.entities.Indication [UPGRADE_SKIPLOCKED]: select indication0_.id as id1_5_0_, indication0_.content as content2_5_0_, indication0_.VALUE_TYPE as VALUE_TY3_5_0_, indication0_.name as name4_5_0_ from INDICATIONS indication0_ where indication0_.id=? for update
5693 [main] DEBUG org.hibernate.loader.plan.build.internal.spaces.QuerySpacesImpl  - Adding QuerySpace : uid = <gen:0> -> org.hibernate.loader.plan.build.internal.spaces.EntityQuerySpaceImpl@43e3a390]
5693 [main] DEBUG org.hibernate.loader.plan.build.internal.spaces.QuerySpacesImpl  - Adding QuerySpace : uid = <gen:1> -> org.hibernate.loader.plan.build.internal.spaces.CompositeQuerySpaceImpl@50dc49e1]
5693 [main] DEBUG org.hibernate.loader.plan.build.internal.FetchStyleLoadPlanBuildingAssociationVisitationStrategy  - Building LoadPlan...
5693 [main] DEBUG org.hibernate.loader.plan.exec.internal.LoadQueryJoinAndFetchProcessor  - processing queryspace <gen:0>
5693 [main] DEBUG org.hibernate.loader.plan.build.spi.LoadPlanTreePrinter  - LoadPlan(entity=org.thingsplode.core.entities.Indication)
    - Returns
       - EntityReturnImpl(entity=org.thingsplode.core.entities.Indication, querySpaceUid=<gen:0>, path=org.thingsplode.core.entities.Indication)
          - CompositeAttributeFetchImpl(composite=org.thingsplode.core.Value, querySpaceUid=<gen:1>, path=org.thingsplode.core.entities.Indication.indicationValue)
    - QuerySpaces
       - EntityQuerySpaceImpl(uid=<gen:0>, entity=org.thingsplode.core.entities.Indication)
          - SQL table alias mapping - indication0_
          - alias suffix - 0_
          - suffixed key columns - {id1_5_0_}
          - JOIN (JoinDefinedByMetadata(indicationValue)) : <gen:0> -> <gen:1>
             - CompositeQuerySpaceImpl(uid=<gen:1>)
                - SQL table alias mapping - indication0_

5693 [main] DEBUG org.hibernate.loader.entity.plan.EntityLoader  - Static select for entity org.thingsplode.core.entities.Indication [FORCE]: select indication0_.id as id1_5_0_, indication0_.content as content2_5_0_, indication0_.VALUE_TYPE as VALUE_TY3_5_0_, indication0_.name as name4_5_0_ from INDICATIONS indication0_ where indication0_.id=? for update
5693 [main] DEBUG org.hibernate.loader.plan.build.internal.spaces.QuerySpacesImpl  - Adding QuerySpace : uid = <gen:0> -> org.hibernate.loader.plan.build.internal.spaces.EntityQuerySpaceImpl@3babcaed]
5693 [main] DEBUG org.hibernate.loader.plan.build.internal.spaces.QuerySpacesImpl  - Adding QuerySpace : uid = <gen:1> -> org.hibernate.loader.plan.build.internal.spaces.CompositeQuerySpaceImpl@19bfbe28]
5693 [main] DEBUG org.hibernate.loader.plan.build.internal.FetchStyleLoadPlanBuildingAssociationVisitationStrategy  - Building LoadPlan...
5693 [main] DEBUG org.hibernate.loader.plan.exec.internal.LoadQueryJoinAndFetchProcessor  - processing queryspace <gen:0>
5693 [main] DEBUG org.hibernate.loader.plan.build.spi.LoadPlanTreePrinter  - LoadPlan(entity=org.thingsplode.core.entities.Indication)
    - Returns
       - EntityReturnImpl(entity=org.thingsplode.core.entities.Indication, querySpaceUid=<gen:0>, path=org.thingsplode.core.entities.Indication)
          - CompositeAttributeFetchImpl(composite=org.thingsplode.core.Value, querySpaceUid=<gen:1>, path=org.thingsplode.core.entities.Indication.indicationValue)
    - QuerySpaces
       - EntityQuerySpaceImpl(uid=<gen:0>, entity=org.thingsplode.core.entities.Indication)
          - SQL table alias mapping - indication0_
          - alias suffix - 0_
          - suffixed key columns - {id1_5_0_}
          - JOIN (JoinDefinedByMetadata(indicationValue)) : <gen:0> -> <gen:1>
             - CompositeQuerySpaceImpl(uid=<gen:1>)
                - SQL table alias mapping - indication0_

5693 [main] DEBUG org.hibernate.loader.entity.plan.EntityLoader  - Static select for entity org.thingsplode.core.entities.Indication [PESSIMISTIC_READ]: select indication0_.id as id1_5_0_, indication0_.content as content2_5_0_, indication0_.VALUE_TYPE as VALUE_TY3_5_0_, indication0_.name as name4_5_0_ from INDICATIONS indication0_ where indication0_.id=? for update
5693 [main] DEBUG org.hibernate.loader.plan.build.internal.spaces.QuerySpacesImpl  - Adding QuerySpace : uid = <gen:0> -> org.hibernate.loader.plan.build.internal.spaces.EntityQuerySpaceImpl@49ced9c7]
5693 [main] DEBUG org.hibernate.loader.plan.build.internal.spaces.QuerySpacesImpl  - Adding QuerySpace : uid = <gen:1> -> org.hibernate.loader.plan.build.internal.spaces.CompositeQuerySpaceImpl@75ed125a]
5693 [main] DEBUG org.hibernate.loader.plan.build.internal.FetchStyleLoadPlanBuildingAssociationVisitationStrategy  - Building LoadPlan...
5693 [main] DEBUG org.hibernate.loader.plan.exec.internal.LoadQueryJoinAndFetchProcessor  - processing queryspace <gen:0>
5693 [main] DEBUG org.hibernate.loader.plan.build.spi.LoadPlanTreePrinter  - LoadPlan(entity=org.thingsplode.core.entities.Indication)
    - Returns
       - EntityReturnImpl(entity=org.thingsplode.core.entities.Indication, querySpaceUid=<gen:0>, path=org.thingsplode.core.entities.Indication)
          - CompositeAttributeFetchImpl(composite=org.thingsplode.core.Value, querySpaceUid=<gen:1>, path=org.thingsplode.core.entities.Indication.indicationValue)
    - QuerySpaces
       - EntityQuerySpaceImpl(uid=<gen:0>, entity=org.thingsplode.core.entities.Indication)
          - SQL table alias mapping - indication0_
          - alias suffix - 0_
          - suffixed key columns - {id1_5_0_}
          - JOIN (JoinDefinedByMetadata(indicationValue)) : <gen:0> -> <gen:1>
             - CompositeQuerySpaceImpl(uid=<gen:1>)
                - SQL table alias mapping - indication0_

5693 [main] DEBUG org.hibernate.loader.entity.plan.EntityLoader  - Static select for entity org.thingsplode.core.entities.Indication [PESSIMISTIC_WRITE]: select indication0_.id as id1_5_0_, indication0_.content as content2_5_0_, indication0_.VALUE_TYPE as VALUE_TY3_5_0_, indication0_.name as name4_5_0_ from INDICATIONS indication0_ where indication0_.id=? for update
5693 [main] DEBUG org.hibernate.loader.plan.build.internal.spaces.QuerySpacesImpl  - Adding QuerySpace : uid = <gen:0> -> org.hibernate.loader.plan.build.internal.spaces.EntityQuerySpaceImpl@5a85b4e6]
5693 [main] DEBUG org.hibernate.loader.plan.build.internal.spaces.QuerySpacesImpl  - Adding QuerySpace : uid = <gen:1> -> org.hibernate.loader.plan.build.internal.spaces.CompositeQuerySpaceImpl@6b09ce57]
5694 [main] DEBUG org.hibernate.loader.plan.build.internal.FetchStyleLoadPlanBuildingAssociationVisitationStrategy  - Building LoadPlan...
5694 [main] DEBUG org.hibernate.loader.plan.exec.internal.LoadQueryJoinAndFetchProcessor  - processing queryspace <gen:0>
5694 [main] DEBUG org.hibernate.loader.plan.build.spi.LoadPlanTreePrinter  - LoadPlan(entity=org.thingsplode.core.entities.Indication)
    - Returns
       - EntityReturnImpl(entity=org.thingsplode.core.entities.Indication, querySpaceUid=<gen:0>, path=org.thingsplode.core.entities.Indication)
          - CompositeAttributeFetchImpl(composite=org.thingsplode.core.Value, querySpaceUid=<gen:1>, path=org.thingsplode.core.entities.Indication.indicationValue)
    - QuerySpaces
       - EntityQuerySpaceImpl(uid=<gen:0>, entity=org.thingsplode.core.entities.Indication)
          - SQL table alias mapping - indication0_
          - alias suffix - 0_
          - suffixed key columns - {id1_5_0_}
          - JOIN (JoinDefinedByMetadata(indicationValue)) : <gen:0> -> <gen:1>
             - CompositeQuerySpaceImpl(uid=<gen:1>)
                - SQL table alias mapping - indication0_

5694 [main] DEBUG org.hibernate.loader.entity.plan.EntityLoader  - Static select for entity org.thingsplode.core.entities.Indication [PESSIMISTIC_FORCE_INCREMENT]: select indication0_.id as id1_5_0_, indication0_.content as content2_5_0_, indication0_.VALUE_TYPE as VALUE_TY3_5_0_, indication0_.name as name4_5_0_ from INDICATIONS indication0_ where indication0_.id=? for update
5694 [main] DEBUG org.hibernate.loader.plan.build.internal.spaces.QuerySpacesImpl  - Adding QuerySpace : uid = <gen:0> -> org.hibernate.loader.plan.build.internal.spaces.EntityQuerySpaceImpl@2b9aeedb]
5694 [main] DEBUG org.hibernate.loader.plan.build.internal.spaces.QuerySpacesImpl  - Adding QuerySpace : uid = <gen:1> -> org.hibernate.loader.plan.build.internal.spaces.CompositeQuerySpaceImpl@23ea8830]
5694 [main] DEBUG org.hibernate.loader.plan.build.internal.FetchStyleLoadPlanBuildingAssociationVisitationStrategy  - Building LoadPlan...
5694 [main] DEBUG org.hibernate.loader.plan.exec.internal.LoadQueryJoinAndFetchProcessor  - processing queryspace <gen:0>
5694 [main] DEBUG org.hibernate.loader.plan.build.spi.LoadPlanTreePrinter  - LoadPlan(entity=org.thingsplode.core.entities.Indication)
    - Returns
       - EntityReturnImpl(entity=org.thingsplode.core.entities.Indication, querySpaceUid=<gen:0>, path=org.thingsplode.core.entities.Indication)
          - CompositeAttributeFetchImpl(composite=org.thingsplode.core.Value, querySpaceUid=<gen:1>, path=org.thingsplode.core.entities.Indication.indicationValue)
    - QuerySpaces
       - EntityQuerySpaceImpl(uid=<gen:0>, entity=org.thingsplode.core.entities.Indication)
          - SQL table alias mapping - indication0_
          - alias suffix - 0_
          - suffixed key columns - {id1_5_0_}
          - JOIN (JoinDefinedByMetadata(indicationValue)) : <gen:0> -> <gen:1>
             - CompositeQuerySpaceImpl(uid=<gen:1>)
                - SQL table alias mapping - indication0_

5694 [main] DEBUG org.hibernate.loader.entity.plan.EntityLoader  - Static select for entity org.thingsplode.core.entities.Indication [OPTIMISTIC]: select indication0_.id as id1_5_0_, indication0_.content as content2_5_0_, indication0_.VALUE_TYPE as VALUE_TY3_5_0_, indication0_.name as name4_5_0_ from INDICATIONS indication0_ where indication0_.id=?
5694 [main] DEBUG org.hibernate.loader.plan.build.internal.spaces.QuerySpacesImpl  - Adding QuerySpace : uid = <gen:0> -> org.hibernate.loader.plan.build.internal.spaces.EntityQuerySpaceImpl@790ac3e0]
5694 [main] DEBUG org.hibernate.loader.plan.build.internal.spaces.QuerySpacesImpl  - Adding QuerySpace : uid = <gen:1> -> org.hibernate.loader.plan.build.internal.spaces.CompositeQuerySpaceImpl@2cee5365]
5694 [main] DEBUG org.hibernate.loader.plan.build.internal.FetchStyleLoadPlanBuildingAssociationVisitationStrategy  - Building LoadPlan...
5694 [main] DEBUG org.hibernate.loader.plan.exec.internal.LoadQueryJoinAndFetchProcessor  - processing queryspace <gen:0>
5694 [main] DEBUG org.hibernate.loader.plan.build.spi.LoadPlanTreePrinter  - LoadPlan(entity=org.thingsplode.core.entities.Indication)
    - Returns
       - EntityReturnImpl(entity=org.thingsplode.core.entities.Indication, querySpaceUid=<gen:0>, path=org.thingsplode.core.entities.Indication)
          - CompositeAttributeFetchImpl(composite=org.thingsplode.core.Value, querySpaceUid=<gen:1>, path=org.thingsplode.core.entities.Indication.indicationValue)
    - QuerySpaces
       - EntityQuerySpaceImpl(uid=<gen:0>, entity=org.thingsplode.core.entities.Indication)
          - SQL table alias mapping - indication0_
          - alias suffix - 0_
          - suffixed key columns - {id1_5_0_}
          - JOIN (JoinDefinedByMetadata(indicationValue)) : <gen:0> -> <gen:1>
             - CompositeQuerySpaceImpl(uid=<gen:1>)
                - SQL table alias mapping - indication0_

5694 [main] DEBUG org.hibernate.loader.entity.plan.EntityLoader  - Static select for entity org.thingsplode.core.entities.Indication [OPTIMISTIC_FORCE_INCREMENT]: select indication0_.id as id1_5_0_, indication0_.content as content2_5_0_, indication0_.VALUE_TYPE as VALUE_TY3_5_0_, indication0_.name as name4_5_0_ from INDICATIONS indication0_ where indication0_.id=?
5694 [main] DEBUG org.hibernate.loader.Loader  - Static select for action ACTION_MERGE on entity org.thingsplode.core.entities.Indication: select indication0_.id as id1_5_0_, indication0_.content as content2_5_0_, indication0_.VALUE_TYPE as VALUE_TY3_5_0_, indication0_.name as name4_5_0_ from INDICATIONS indication0_ where indication0_.id=?
5695 [main] DEBUG org.hibernate.loader.Loader  - Static select for action ACTION_REFRESH on entity org.thingsplode.core.entities.Indication: select indication0_.id as id1_5_0_, indication0_.content as content2_5_0_, indication0_.VALUE_TYPE as VALUE_TY3_5_0_, indication0_.name as name4_5_0_ from INDICATIONS indication0_ where indication0_.id=?
5695 [main] DEBUG org.hibernate.loader.plan.build.internal.spaces.QuerySpacesImpl  - Adding QuerySpace : uid = <gen:0> -> org.hibernate.loader.plan.build.internal.spaces.EntityQuerySpaceImpl@56d6a1b1]
5695 [main] DEBUG org.hibernate.loader.plan.build.internal.spaces.QuerySpacesImpl  - Adding QuerySpace : uid = <gen:1> -> org.hibernate.loader.plan.build.internal.spaces.EntityQuerySpaceImpl@44da7eb3]
5695 [main] DEBUG org.hibernate.loader.plan.build.internal.spaces.QuerySpacesImpl  - Adding QuerySpace : uid = <gen:2> -> org.hibernate.loader.plan.build.internal.spaces.EntityQuerySpaceImpl@3d512652]
5695 [main] DEBUG org.hibernate.loader.plan.build.internal.spaces.QuerySpacesImpl  - Adding QuerySpace : uid = <gen:3> -> org.hibernate.loader.plan.build.internal.spaces.CompositeQuerySpaceImpl@3b96f8b0]
5695 [main] DEBUG org.hibernate.loader.plan.build.internal.spaces.QuerySpacesImpl  - Adding QuerySpace : uid = <gen:4> -> org.hibernate.loader.plan.build.internal.spaces.CompositeQuerySpaceImpl@1fc0d9b4]
5695 [main] DEBUG org.hibernate.loader.plan.build.internal.spaces.QuerySpacesImpl  - Adding QuerySpace : uid = <gen:5> -> org.hibernate.loader.plan.build.internal.spaces.CollectionQuerySpaceImpl@4e4f4092]
5695 [main] DEBUG org.hibernate.loader.plan.build.internal.spaces.QuerySpacesImpl  - Adding QuerySpace : uid = <gen:6> -> org.hibernate.loader.plan.build.internal.spaces.EntityQuerySpaceImpl@5d829ef0]
5695 [main] DEBUG org.hibernate.loader.plan.build.internal.spaces.QuerySpacesImpl  - Adding QuerySpace : uid = <gen:7> -> org.hibernate.loader.plan.build.internal.spaces.CompositeQuerySpaceImpl@3120495d]
5695 [main] DEBUG org.hibernate.loader.plan.build.internal.FetchStyleLoadPlanBuildingAssociationVisitationStrategy  - Building LoadPlan...
5695 [main] DEBUG org.hibernate.loader.plan.exec.internal.LoadQueryJoinAndFetchProcessor  - processing queryspace <gen:0>
5697 [main] DEBUG org.hibernate.loader.plan.build.spi.LoadPlanTreePrinter  - LoadPlan(entity=org.thingsplode.core.entities.Event)
    - Returns
       - EntityReturnImpl(entity=org.thingsplode.core.entities.Event, querySpaceUid=<gen:0>, path=org.thingsplode.core.entities.Event)
          - EntityAttributeFetchImpl(entity=org.thingsplode.core.entities.Component, querySpaceUid=<gen:1>, path=org.thingsplode.core.entities.Event.component)
             - EntityAttributeFetchImpl(entity=org.thingsplode.core.entities.Model, querySpaceUid=<gen:2>, path=org.thingsplode.core.entities.Event.component.model)
             - CompositeAttributeFetchImpl(composite=org.thingsplode.core.Location, querySpaceUid=<gen:3>, path=org.thingsplode.core.entities.Event.component.location)
                - NestedCompositeAttributeFetchImpl(composite=org.thingsplode.core.Address, querySpaceUid=<gen:4>, path=org.thingsplode.core.entities.Event.component.location.address)
          - CollectionAttributeFetchImpl(collection=org.thingsplode.core.entities.Event.indications, querySpaceUid=<gen:5>, path=org.thingsplode.core.entities.Event.indications)
             - (collection element) CollectionFetchableElementEntityGraph(entity=org.thingsplode.core.entities.Indication, querySpaceUid=<gen:6>, path=org.thingsplode.core.entities.Event.indications.<elements>)
                - CompositeAttributeFetchImpl(composite=org.thingsplode.core.Value, querySpaceUid=<gen:7>, path=org.thingsplode.core.entities.Event.indications.<elements>.indicationValue)
    - QuerySpaces
       - EntityQuerySpaceImpl(uid=<gen:0>, entity=org.thingsplode.core.entities.Event)
          - SQL table alias mapping - event0_
          - alias suffix - 0_
          - suffixed key columns - {id1_4_0_}
          - JOIN (JoinDefinedByMetadata(component)) : <gen:0> -> <gen:1>
             - EntityQuerySpaceImpl(uid=<gen:1>, entity=org.thingsplode.core.entities.Component)
                - SQL table alias mapping - component1_
                - alias suffix - 1_
                - suffixed key columns - {id2_1_1_}
                - JOIN (JoinDefinedByMetadata(model)) : <gen:1> -> <gen:2>
                   - EntityQuerySpaceImpl(uid=<gen:2>, entity=org.thingsplode.core.entities.Model)
                      - SQL table alias mapping - model2_
                      - alias suffix - 2_
                      - suffixed key columns - {id1_6_2_}
                - JOIN (JoinDefinedByMetadata(location)) : <gen:1> -> <gen:3>
                   - CompositeQuerySpaceImpl(uid=<gen:3>)
                      - SQL table alias mapping - component1_
                      - JOIN (JoinDefinedByMetadata(address)) : <gen:3> -> <gen:4>
                         - CompositeQuerySpaceImpl(uid=<gen:4>)
                            - SQL table alias mapping - component1_
          - JOIN (JoinDefinedByMetadata(indications)) : <gen:0> -> <gen:5>
             - CollectionQuerySpaceImpl(uid=<gen:5>, collection=org.thingsplode.core.entities.Event.indications)
                - SQL table alias mapping - indication3_
                - alias suffix - 3_
                - suffixed key columns - {EVT_ID5_4_3_}
                - entity-element alias suffix - 4_
                - 4_entity-element suffixed key columns - id1_5_4_
                - JOIN (JoinDefinedByMetadata(elements)) : <gen:5> -> <gen:6>
                   - EntityQuerySpaceImpl(uid=<gen:6>, entity=org.thingsplode.core.entities.Indication)
                      - SQL table alias mapping - indication3_
                      - alias suffix - 4_
                      - suffixed key columns - {id1_5_4_}
                      - JOIN (JoinDefinedByMetadata(indicationValue)) : <gen:6> -> <gen:7>
                         - CompositeQuerySpaceImpl(uid=<gen:7>)
                            - SQL table alias mapping - indication3_

5697 [main] DEBUG org.hibernate.loader.entity.plan.EntityLoader  - Static select for entity org.thingsplode.core.entities.Event [NONE]: select event0_.id as id1_4_0_, event0_.COMPONENT_ID as COMPONEN8_4_0_, event0_.eventClass as eventCla2_4_0_, event0_.eventDate as eventDat3_4_0_, event0_.eventId as eventId4_4_0_, event0_.receiveDate as receiveD5_4_0_, event0_.severity as severity6_4_0_, event0_.type as type7_4_0_, component1_.id as id2_1_1_, component1_.deviceClass as deviceCl3_1_1_, component1_.enabledState as enabledS4_1_1_, component1_.identification as identifi5_1_1_, component1_.model_id as model_i10_1_1_, component1_.partNumber as partNumb6_1_1_, component1_.serialNumber as serialNu7_1_1_, component1_.status as status8_1_1_, component1_.type as type9_1_1_, component1_1_.hostAddress as hostAddr1_3_1_, component1_1_.lastHeartBeat as lastHear2_3_1_, component1_1_.city as city3_3_1_, component1_1_.country as country4_3_1_, component1_1_.houseNumber as houseNum5_3_1_, component1_1_.postCode as postCode6_3_1_, component1_1_.state as state7_3_1_, component1_1_.street as street8_3_1_, component1_1_.description as descript9_3_1_, component1_1_.latitude as latitud10_3_1_, component1_1_.longitude as longitu11_3_1_, component1_1_.startupDate as startup12_3_1_, component1_.MAIN_TYPE as MAIN_TYP1_1_1_, model2_.id as id1_6_2_, model2_.manufacturer as manufact2_6_2_, model2_.type as type3_6_2_, model2_.version as version4_6_2_, indication3_.EVT_ID as EVT_ID5_4_3_, indication3_.id as id1_5_3_, indication3_.id as id1_5_4_, indication3_.content as content2_5_4_, indication3_.VALUE_TYPE as VALUE_TY3_5_4_, indication3_.name as name4_5_4_ from EVENTS event0_ left outer join COMPONENT component1_ on event0_.COMPONENT_ID=component1_.id left outer join DEVICES component1_1_ on component1_.id=component1_1_.id left outer join MODELS model2_ on component1_.model_id=model2_.id left outer join INDICATIONS indication3_ on event0_.id=indication3_.EVT_ID where event0_.id=?
5697 [main] DEBUG org.hibernate.loader.plan.build.internal.spaces.QuerySpacesImpl  - Adding QuerySpace : uid = <gen:0> -> org.hibernate.loader.plan.build.internal.spaces.EntityQuerySpaceImpl@b75b890]
5697 [main] DEBUG org.hibernate.loader.plan.build.internal.spaces.QuerySpacesImpl  - Adding QuerySpace : uid = <gen:1> -> org.hibernate.loader.plan.build.internal.spaces.EntityQuerySpaceImpl@439d545c]
5697 [main] DEBUG org.hibernate.loader.plan.build.internal.spaces.QuerySpacesImpl  - Adding QuerySpace : uid = <gen:2> -> org.hibernate.loader.plan.build.internal.spaces.EntityQuerySpaceImpl@7c2b6acb]
5697 [main] DEBUG org.hibernate.loader.plan.build.internal.spaces.QuerySpacesImpl  - Adding QuerySpace : uid = <gen:3> -> org.hibernate.loader.plan.build.internal.spaces.CompositeQuerySpaceImpl@1a0f349]
5697 [main] DEBUG org.hibernate.loader.plan.build.internal.spaces.QuerySpacesImpl  - Adding QuerySpace : uid = <gen:4> -> org.hibernate.loader.plan.build.internal.spaces.CompositeQuerySpaceImpl@1b3a9ef4]
5697 [main] DEBUG org.hibernate.loader.plan.build.internal.spaces.QuerySpacesImpl  - Adding QuerySpace : uid = <gen:5> -> org.hibernate.loader.plan.build.internal.spaces.CollectionQuerySpaceImpl@6c6928c]
5697 [main] DEBUG org.hibernate.loader.plan.build.internal.spaces.QuerySpacesImpl  - Adding QuerySpace : uid = <gen:6> -> org.hibernate.loader.plan.build.internal.spaces.EntityQuerySpaceImpl@3c28181b]
5698 [main] DEBUG org.hibernate.loader.plan.build.internal.spaces.QuerySpacesImpl  - Adding QuerySpace : uid = <gen:7> -> org.hibernate.loader.plan.build.internal.spaces.CompositeQuerySpaceImpl@117b2cc6]
5698 [main] DEBUG org.hibernate.loader.plan.build.internal.FetchStyleLoadPlanBuildingAssociationVisitationStrategy  - Building LoadPlan...
5698 [main] DEBUG org.hibernate.loader.plan.exec.internal.LoadQueryJoinAndFetchProcessor  - processing queryspace <gen:0>
5698 [main] DEBUG org.hibernate.loader.plan.build.spi.LoadPlanTreePrinter  - LoadPlan(entity=org.thingsplode.core.entities.Event)
    - Returns
       - EntityReturnImpl(entity=org.thingsplode.core.entities.Event, querySpaceUid=<gen:0>, path=org.thingsplode.core.entities.Event)
          - EntityAttributeFetchImpl(entity=org.thingsplode.core.entities.Component, querySpaceUid=<gen:1>, path=org.thingsplode.core.entities.Event.component)
             - EntityAttributeFetchImpl(entity=org.thingsplode.core.entities.Model, querySpaceUid=<gen:2>, path=org.thingsplode.core.entities.Event.component.model)
             - CompositeAttributeFetchImpl(composite=org.thingsplode.core.Location, querySpaceUid=<gen:3>, path=org.thingsplode.core.entities.Event.component.location)
                - NestedCompositeAttributeFetchImpl(composite=org.thingsplode.core.Address, querySpaceUid=<gen:4>, path=org.thingsplode.core.entities.Event.component.location.address)
          - CollectionAttributeFetchImpl(collection=org.thingsplode.core.entities.Event.indications, querySpaceUid=<gen:5>, path=org.thingsplode.core.entities.Event.indications)
             - (collection element) CollectionFetchableElementEntityGraph(entity=org.thingsplode.core.entities.Indication, querySpaceUid=<gen:6>, path=org.thingsplode.core.entities.Event.indications.<elements>)
                - CompositeAttributeFetchImpl(composite=org.thingsplode.core.Value, querySpaceUid=<gen:7>, path=org.thingsplode.core.entities.Event.indications.<elements>.indicationValue)
    - QuerySpaces
       - EntityQuerySpaceImpl(uid=<gen:0>, entity=org.thingsplode.core.entities.Event)
          - SQL table alias mapping - event0_
          - alias suffix - 0_
          - suffixed key columns - {id1_4_0_}
          - JOIN (JoinDefinedByMetadata(component)) : <gen:0> -> <gen:1>
             - EntityQuerySpaceImpl(uid=<gen:1>, entity=org.thingsplode.core.entities.Component)
                - SQL table alias mapping - component1_
                - alias suffix - 1_
                - suffixed key columns - {id2_1_1_}
                - JOIN (JoinDefinedByMetadata(model)) : <gen:1> -> <gen:2>
                   - EntityQuerySpaceImpl(uid=<gen:2>, entity=org.thingsplode.core.entities.Model)
                      - SQL table alias mapping - model2_
                      - alias suffix - 2_
                      - suffixed key columns - {id1_6_2_}
                - JOIN (JoinDefinedByMetadata(location)) : <gen:1> -> <gen:3>
                   - CompositeQuerySpaceImpl(uid=<gen:3>)
                      - SQL table alias mapping - component1_
                      - JOIN (JoinDefinedByMetadata(address)) : <gen:3> -> <gen:4>
                         - CompositeQuerySpaceImpl(uid=<gen:4>)
                            - SQL table alias mapping - component1_
          - JOIN (JoinDefinedByMetadata(indications)) : <gen:0> -> <gen:5>
             - CollectionQuerySpaceImpl(uid=<gen:5>, collection=org.thingsplode.core.entities.Event.indications)
                - SQL table alias mapping - indication3_
                - alias suffix - 3_
                - suffixed key columns - {EVT_ID5_4_3_}
                - entity-element alias suffix - 4_
                - 4_entity-element suffixed key columns - id1_5_4_
                - JOIN (JoinDefinedByMetadata(elements)) : <gen:5> -> <gen:6>
                   - EntityQuerySpaceImpl(uid=<gen:6>, entity=org.thingsplode.core.entities.Indication)
                      - SQL table alias mapping - indication3_
                      - alias suffix - 4_
                      - suffixed key columns - {id1_5_4_}
                      - JOIN (JoinDefinedByMetadata(indicationValue)) : <gen:6> -> <gen:7>
                         - CompositeQuerySpaceImpl(uid=<gen:7>)
                            - SQL table alias mapping - indication3_

5699 [main] DEBUG org.hibernate.loader.entity.plan.EntityLoader  - Static select for entity org.thingsplode.core.entities.Event [READ]: select event0_.id as id1_4_0_, event0_.COMPONENT_ID as COMPONEN8_4_0_, event0_.eventClass as eventCla2_4_0_, event0_.eventDate as eventDat3_4_0_, event0_.eventId as eventId4_4_0_, event0_.receiveDate as receiveD5_4_0_, event0_.severity as severity6_4_0_, event0_.type as type7_4_0_, component1_.id as id2_1_1_, component1_.deviceClass as deviceCl3_1_1_, component1_.enabledState as enabledS4_1_1_, component1_.identification as identifi5_1_1_, component1_.model_id as model_i10_1_1_, component1_.partNumber as partNumb6_1_1_, component1_.serialNumber as serialNu7_1_1_, component1_.status as status8_1_1_, component1_.type as type9_1_1_, component1_1_.hostAddress as hostAddr1_3_1_, component1_1_.lastHeartBeat as lastHear2_3_1_, component1_1_.city as city3_3_1_, component1_1_.country as country4_3_1_, component1_1_.houseNumber as houseNum5_3_1_, component1_1_.postCode as postCode6_3_1_, component1_1_.state as state7_3_1_, component1_1_.street as street8_3_1_, component1_1_.description as descript9_3_1_, component1_1_.latitude as latitud10_3_1_, component1_1_.longitude as longitu11_3_1_, component1_1_.startupDate as startup12_3_1_, component1_.MAIN_TYPE as MAIN_TYP1_1_1_, model2_.id as id1_6_2_, model2_.manufacturer as manufact2_6_2_, model2_.type as type3_6_2_, model2_.version as version4_6_2_, indication3_.EVT_ID as EVT_ID5_4_3_, indication3_.id as id1_5_3_, indication3_.id as id1_5_4_, indication3_.content as content2_5_4_, indication3_.VALUE_TYPE as VALUE_TY3_5_4_, indication3_.name as name4_5_4_ from EVENTS event0_ left outer join COMPONENT component1_ on event0_.COMPONENT_ID=component1_.id left outer join DEVICES component1_1_ on component1_.id=component1_1_.id left outer join MODELS model2_ on component1_.model_id=model2_.id left outer join INDICATIONS indication3_ on event0_.id=indication3_.EVT_ID where event0_.id=?
5699 [main] DEBUG org.hibernate.loader.plan.build.internal.spaces.QuerySpacesImpl  - Adding QuerySpace : uid = <gen:0> -> org.hibernate.loader.plan.build.internal.spaces.EntityQuerySpaceImpl@49038f97]
5699 [main] DEBUG org.hibernate.loader.plan.build.internal.spaces.QuerySpacesImpl  - Adding QuerySpace : uid = <gen:1> -> org.hibernate.loader.plan.build.internal.spaces.EntityQuerySpaceImpl@7ef41ca2]
5699 [main] DEBUG org.hibernate.loader.plan.build.internal.spaces.QuerySpacesImpl  - Adding QuerySpace : uid = <gen:2> -> org.hibernate.loader.plan.build.internal.spaces.CollectionQuerySpaceImpl@6b3f4bd8]
5699 [main] DEBUG org.hibernate.loader.plan.build.internal.spaces.QuerySpacesImpl  - Adding QuerySpace : uid = <gen:3> -> org.hibernate.loader.plan.build.internal.spaces.EntityQuerySpaceImpl@3e151e1f]
5699 [main] DEBUG org.hibernate.loader.plan.build.internal.FetchStyleLoadPlanBuildingAssociationVisitationStrategy  - Building LoadPlan...
5699 [main] DEBUG org.hibernate.loader.plan.exec.internal.LoadQueryJoinAndFetchProcessor  - processing queryspace <gen:0>
5700 [main] DEBUG org.hibernate.loader.plan.build.spi.LoadPlanTreePrinter  - LoadPlan(entity=org.thingsplode.core.entities.Event)
    - Returns
       - EntityReturnImpl(entity=org.thingsplode.core.entities.Event, querySpaceUid=<gen:0>, path=org.thingsplode.core.entities.Event)
          - EntityAttributeFetchImpl(entity=org.thingsplode.core.entities.Component, querySpaceUid=<gen:1>, path=org.thingsplode.core.entities.Event.component)
          - CollectionAttributeFetchImpl(collection=org.thingsplode.core.entities.Event.indications, querySpaceUid=<gen:2>, path=org.thingsplode.core.entities.Event.indications)
             - (collection element) CollectionFetchableElementEntityGraph(entity=org.thingsplode.core.entities.Indication, querySpaceUid=<gen:3>, path=org.thingsplode.core.entities.Event.indications.<elements>)
    - QuerySpaces
       - EntityQuerySpaceImpl(uid=<gen:0>, entity=org.thingsplode.core.entities.Event)
          - SQL table alias mapping - event0_
          - alias suffix - 0_
          - suffixed key columns - {id1_4_0_}

5700 [main] DEBUG org.hibernate.loader.entity.plan.EntityLoader  - Static select for entity org.thingsplode.core.entities.Event [UPGRADE]: select event0_.id as id1_4_0_, event0_.COMPONENT_ID as COMPONEN8_4_0_, event0_.eventClass as eventCla2_4_0_, event0_.eventDate as eventDat3_4_0_, event0_.eventId as eventId4_4_0_, event0_.receiveDate as receiveD5_4_0_, event0_.severity as severity6_4_0_, event0_.type as type7_4_0_ from EVENTS event0_ where event0_.id=? for update
5700 [main] DEBUG org.hibernate.loader.plan.build.internal.spaces.QuerySpacesImpl  - Adding QuerySpace : uid = <gen:0> -> org.hibernate.loader.plan.build.internal.spaces.EntityQuerySpaceImpl@d70e9a]
5700 [main] DEBUG org.hibernate.loader.plan.build.internal.spaces.QuerySpacesImpl  - Adding QuerySpace : uid = <gen:1> -> org.hibernate.loader.plan.build.internal.spaces.EntityQuerySpaceImpl@4fe8f2ae]
5700 [main] DEBUG org.hibernate.loader.plan.build.internal.spaces.QuerySpacesImpl  - Adding QuerySpace : uid = <gen:2> -> org.hibernate.loader.plan.build.internal.spaces.CollectionQuerySpaceImpl@591be8aa]
5700 [main] DEBUG org.hibernate.loader.plan.build.internal.spaces.QuerySpacesImpl  - Adding QuerySpace : uid = <gen:3> -> org.hibernate.loader.plan.build.internal.spaces.EntityQuerySpaceImpl@61808ecd]
5700 [main] DEBUG org.hibernate.loader.plan.build.internal.FetchStyleLoadPlanBuildingAssociationVisitationStrategy  - Building LoadPlan...
5700 [main] DEBUG org.hibernate.loader.plan.exec.internal.LoadQueryJoinAndFetchProcessor  - processing queryspace <gen:0>
5700 [main] DEBUG org.hibernate.loader.plan.build.spi.LoadPlanTreePrinter  - LoadPlan(entity=org.thingsplode.core.entities.Event)
    - Returns
       - EntityReturnImpl(entity=org.thingsplode.core.entities.Event, querySpaceUid=<gen:0>, path=org.thingsplode.core.entities.Event)
          - EntityAttributeFetchImpl(entity=org.thingsplode.core.entities.Component, querySpaceUid=<gen:1>, path=org.thingsplode.core.entities.Event.component)
          - CollectionAttributeFetchImpl(collection=org.thingsplode.core.entities.Event.indications, querySpaceUid=<gen:2>, path=org.thingsplode.core.entities.Event.indications)
             - (collection element) CollectionFetchableElementEntityGraph(entity=org.thingsplode.core.entities.Indication, querySpaceUid=<gen:3>, path=org.thingsplode.core.entities.Event.indications.<elements>)
    - QuerySpaces
       - EntityQuerySpaceImpl(uid=<gen:0>, entity=org.thingsplode.core.entities.Event)
          - SQL table alias mapping - event0_
          - alias suffix - 0_
          - suffixed key columns - {id1_4_0_}

5700 [main] DEBUG org.hibernate.loader.entity.plan.EntityLoader  - Static select for entity org.thingsplode.core.entities.Event [UPGRADE_NOWAIT]: select event0_.id as id1_4_0_, event0_.COMPONENT_ID as COMPONEN8_4_0_, event0_.eventClass as eventCla2_4_0_, event0_.eventDate as eventDat3_4_0_, event0_.eventId as eventId4_4_0_, event0_.receiveDate as receiveD5_4_0_, event0_.severity as severity6_4_0_, event0_.type as type7_4_0_ from EVENTS event0_ where event0_.id=? for update
5700 [main] DEBUG org.hibernate.loader.plan.build.internal.spaces.QuerySpacesImpl  - Adding QuerySpace : uid = <gen:0> -> org.hibernate.loader.plan.build.internal.spaces.EntityQuerySpaceImpl@7f1f60a0]
5700 [main] DEBUG org.hibernate.loader.plan.build.internal.spaces.QuerySpacesImpl  - Adding QuerySpace : uid = <gen:1> -> org.hibernate.loader.plan.build.internal.spaces.EntityQuerySpaceImpl@71b26880]
5700 [main] DEBUG org.hibernate.loader.plan.build.internal.spaces.QuerySpacesImpl  - Adding QuerySpace : uid = <gen:2> -> org.hibernate.loader.plan.build.internal.spaces.CollectionQuerySpaceImpl@14a1769d]
5700 [main] DEBUG org.hibernate.loader.plan.build.internal.spaces.QuerySpacesImpl  - Adding QuerySpace : uid = <gen:3> -> org.hibernate.loader.plan.build.internal.spaces.EntityQuerySpaceImpl@10bf1ec9]
5701 [main] DEBUG org.hibernate.loader.plan.build.internal.FetchStyleLoadPlanBuildingAssociationVisitationStrategy  - Building LoadPlan...
5701 [main] DEBUG org.hibernate.loader.plan.exec.internal.LoadQueryJoinAndFetchProcessor  - processing queryspace <gen:0>
5701 [main] DEBUG org.hibernate.loader.plan.build.spi.LoadPlanTreePrinter  - LoadPlan(entity=org.thingsplode.core.entities.Event)
    - Returns
       - EntityReturnImpl(entity=org.thingsplode.core.entities.Event, querySpaceUid=<gen:0>, path=org.thingsplode.core.entities.Event)
          - EntityAttributeFetchImpl(entity=org.thingsplode.core.entities.Component, querySpaceUid=<gen:1>, path=org.thingsplode.core.entities.Event.component)
          - CollectionAttributeFetchImpl(collection=org.thingsplode.core.entities.Event.indications, querySpaceUid=<gen:2>, path=org.thingsplode.core.entities.Event.indications)
             - (collection element) CollectionFetchableElementEntityGraph(entity=org.thingsplode.core.entities.Indication, querySpaceUid=<gen:3>, path=org.thingsplode.core.entities.Event.indications.<elements>)
    - QuerySpaces
       - EntityQuerySpaceImpl(uid=<gen:0>, entity=org.thingsplode.core.entities.Event)
          - SQL table alias mapping - event0_
          - alias suffix - 0_
          - suffixed key columns - {id1_4_0_}

5701 [main] DEBUG org.hibernate.loader.entity.plan.EntityLoader  - Static select for entity org.thingsplode.core.entities.Event [UPGRADE_SKIPLOCKED]: select event0_.id as id1_4_0_, event0_.COMPONENT_ID as COMPONEN8_4_0_, event0_.eventClass as eventCla2_4_0_, event0_.eventDate as eventDat3_4_0_, event0_.eventId as eventId4_4_0_, event0_.receiveDate as receiveD5_4_0_, event0_.severity as severity6_4_0_, event0_.type as type7_4_0_ from EVENTS event0_ where event0_.id=? for update
5701 [main] DEBUG org.hibernate.loader.plan.build.internal.spaces.QuerySpacesImpl  - Adding QuerySpace : uid = <gen:0> -> org.hibernate.loader.plan.build.internal.spaces.EntityQuerySpaceImpl@33751d49]
5701 [main] DEBUG org.hibernate.loader.plan.build.internal.spaces.QuerySpacesImpl  - Adding QuerySpace : uid = <gen:1> -> org.hibernate.loader.plan.build.internal.spaces.EntityQuerySpaceImpl@4eeb14e0]
5701 [main] DEBUG org.hibernate.loader.plan.build.internal.spaces.QuerySpacesImpl  - Adding QuerySpace : uid = <gen:2> -> org.hibernate.loader.plan.build.internal.spaces.CollectionQuerySpaceImpl@26ca12a2]
5701 [main] DEBUG org.hibernate.loader.plan.build.internal.spaces.QuerySpacesImpl  - Adding QuerySpace : uid = <gen:3> -> org.hibernate.loader.plan.build.internal.spaces.EntityQuerySpaceImpl@3d4ecc67]
5701 [main] DEBUG org.hibernate.loader.plan.build.internal.FetchStyleLoadPlanBuildingAssociationVisitationStrategy  - Building LoadPlan...
5701 [main] DEBUG org.hibernate.loader.plan.exec.internal.LoadQueryJoinAndFetchProcessor  - processing queryspace <gen:0>
5701 [main] DEBUG org.hibernate.loader.plan.build.spi.LoadPlanTreePrinter  - LoadPlan(entity=org.thingsplode.core.entities.Event)
    - Returns
       - EntityReturnImpl(entity=org.thingsplode.core.entities.Event, querySpaceUid=<gen:0>, path=org.thingsplode.core.entities.Event)
          - EntityAttributeFetchImpl(entity=org.thingsplode.core.entities.Component, querySpaceUid=<gen:1>, path=org.thingsplode.core.entities.Event.component)
          - CollectionAttributeFetchImpl(collection=org.thingsplode.core.entities.Event.indications, querySpaceUid=<gen:2>, path=org.thingsplode.core.entities.Event.indications)
             - (collection element) CollectionFetchableElementEntityGraph(entity=org.thingsplode.core.entities.Indication, querySpaceUid=<gen:3>, path=org.thingsplode.core.entities.Event.indications.<elements>)
    - QuerySpaces
       - EntityQuerySpaceImpl(uid=<gen:0>, entity=org.thingsplode.core.entities.Event)
          - SQL table alias mapping - event0_
          - alias suffix - 0_
          - suffixed key columns - {id1_4_0_}

5702 [main] DEBUG org.hibernate.loader.entity.plan.EntityLoader  - Static select for entity org.thingsplode.core.entities.Event [FORCE]: select event0_.id as id1_4_0_, event0_.COMPONENT_ID as COMPONEN8_4_0_, event0_.eventClass as eventCla2_4_0_, event0_.eventDate as eventDat3_4_0_, event0_.eventId as eventId4_4_0_, event0_.receiveDate as receiveD5_4_0_, event0_.severity as severity6_4_0_, event0_.type as type7_4_0_ from EVENTS event0_ where event0_.id=? for update
5702 [main] DEBUG org.hibernate.loader.plan.build.internal.spaces.QuerySpacesImpl  - Adding QuerySpace : uid = <gen:0> -> org.hibernate.loader.plan.build.internal.spaces.EntityQuerySpaceImpl@60dcf9ec]
5702 [main] DEBUG org.hibernate.loader.plan.build.internal.spaces.QuerySpacesImpl  - Adding QuerySpace : uid = <gen:1> -> org.hibernate.loader.plan.build.internal.spaces.EntityQuerySpaceImpl@afee63]
5702 [main] DEBUG org.hibernate.loader.plan.build.internal.spaces.QuerySpacesImpl  - Adding QuerySpace : uid = <gen:2> -> org.hibernate.loader.plan.build.internal.spaces.CollectionQuerySpaceImpl@4b4927e5]
5702 [main] DEBUG org.hibernate.loader.plan.build.internal.spaces.QuerySpacesImpl  - Adding QuerySpace : uid = <gen:3> -> org.hibernate.loader.plan.build.internal.spaces.EntityQuerySpaceImpl@4c5da4f9]
5702 [main] DEBUG org.hibernate.loader.plan.build.internal.FetchStyleLoadPlanBuildingAssociationVisitationStrategy  - Building LoadPlan...
5702 [main] DEBUG org.hibernate.loader.plan.exec.internal.LoadQueryJoinAndFetchProcessor  - processing queryspace <gen:0>
5702 [main] DEBUG org.hibernate.loader.plan.build.spi.LoadPlanTreePrinter  - LoadPlan(entity=org.thingsplode.core.entities.Event)
    - Returns
       - EntityReturnImpl(entity=org.thingsplode.core.entities.Event, querySpaceUid=<gen:0>, path=org.thingsplode.core.entities.Event)
          - EntityAttributeFetchImpl(entity=org.thingsplode.core.entities.Component, querySpaceUid=<gen:1>, path=org.thingsplode.core.entities.Event.component)
          - CollectionAttributeFetchImpl(collection=org.thingsplode.core.entities.Event.indications, querySpaceUid=<gen:2>, path=org.thingsplode.core.entities.Event.indications)
             - (collection element) CollectionFetchableElementEntityGraph(entity=org.thingsplode.core.entities.Indication, querySpaceUid=<gen:3>, path=org.thingsplode.core.entities.Event.indications.<elements>)
    - QuerySpaces
       - EntityQuerySpaceImpl(uid=<gen:0>, entity=org.thingsplode.core.entities.Event)
          - SQL table alias mapping - event0_
          - alias suffix - 0_
          - suffixed key columns - {id1_4_0_}

5702 [main] DEBUG org.hibernate.loader.entity.plan.EntityLoader  - Static select for entity org.thingsplode.core.entities.Event [PESSIMISTIC_READ]: select event0_.id as id1_4_0_, event0_.COMPONENT_ID as COMPONEN8_4_0_, event0_.eventClass as eventCla2_4_0_, event0_.eventDate as eventDat3_4_0_, event0_.eventId as eventId4_4_0_, event0_.receiveDate as receiveD5_4_0_, event0_.severity as severity6_4_0_, event0_.type as type7_4_0_ from EVENTS event0_ where event0_.id=? for update
5702 [main] DEBUG org.hibernate.loader.plan.build.internal.spaces.QuerySpacesImpl  - Adding QuerySpace : uid = <gen:0> -> org.hibernate.loader.plan.build.internal.spaces.EntityQuerySpaceImpl@ff0e6d4]
5702 [main] DEBUG org.hibernate.loader.plan.build.internal.spaces.QuerySpacesImpl  - Adding QuerySpace : uid = <gen:1> -> org.hibernate.loader.plan.build.internal.spaces.EntityQuerySpaceImpl@72a7aa4f]
5702 [main] DEBUG org.hibernate.loader.plan.build.internal.spaces.QuerySpacesImpl  - Adding QuerySpace : uid = <gen:2> -> org.hibernate.loader.plan.build.internal.spaces.CollectionQuerySpaceImpl@537ca28e]
5702 [main] DEBUG org.hibernate.loader.plan.build.internal.spaces.QuerySpacesImpl  - Adding QuerySpace : uid = <gen:3> -> org.hibernate.loader.plan.build.internal.spaces.EntityQuerySpaceImpl@5b322873]
5702 [main] DEBUG org.hibernate.loader.plan.build.internal.FetchStyleLoadPlanBuildingAssociationVisitationStrategy  - Building LoadPlan...
5702 [main] DEBUG org.hibernate.loader.plan.exec.internal.LoadQueryJoinAndFetchProcessor  - processing queryspace <gen:0>
5703 [main] DEBUG org.hibernate.loader.plan.build.spi.LoadPlanTreePrinter  - LoadPlan(entity=org.thingsplode.core.entities.Event)
    - Returns
       - EntityReturnImpl(entity=org.thingsplode.core.entities.Event, querySpaceUid=<gen:0>, path=org.thingsplode.core.entities.Event)
          - EntityAttributeFetchImpl(entity=org.thingsplode.core.entities.Component, querySpaceUid=<gen:1>, path=org.thingsplode.core.entities.Event.component)
          - CollectionAttributeFetchImpl(collection=org.thingsplode.core.entities.Event.indications, querySpaceUid=<gen:2>, path=org.thingsplode.core.entities.Event.indications)
             - (collection element) CollectionFetchableElementEntityGraph(entity=org.thingsplode.core.entities.Indication, querySpaceUid=<gen:3>, path=org.thingsplode.core.entities.Event.indications.<elements>)
    - QuerySpaces
       - EntityQuerySpaceImpl(uid=<gen:0>, entity=org.thingsplode.core.entities.Event)
          - SQL table alias mapping - event0_
          - alias suffix - 0_
          - suffixed key columns - {id1_4_0_}

5703 [main] DEBUG org.hibernate.loader.entity.plan.EntityLoader  - Static select for entity org.thingsplode.core.entities.Event [PESSIMISTIC_WRITE]: select event0_.id as id1_4_0_, event0_.COMPONENT_ID as COMPONEN8_4_0_, event0_.eventClass as eventCla2_4_0_, event0_.eventDate as eventDat3_4_0_, event0_.eventId as eventId4_4_0_, event0_.receiveDate as receiveD5_4_0_, event0_.severity as severity6_4_0_, event0_.type as type7_4_0_ from EVENTS event0_ where event0_.id=? for update
5703 [main] DEBUG org.hibernate.loader.plan.build.internal.spaces.QuerySpacesImpl  - Adding QuerySpace : uid = <gen:0> -> org.hibernate.loader.plan.build.internal.spaces.EntityQuerySpaceImpl@35e2b89f]
5703 [main] DEBUG org.hibernate.loader.plan.build.internal.spaces.QuerySpacesImpl  - Adding QuerySpace : uid = <gen:1> -> org.hibernate.loader.plan.build.internal.spaces.EntityQuerySpaceImpl@4c063cb9]
5703 [main] DEBUG org.hibernate.loader.plan.build.internal.spaces.QuerySpacesImpl  - Adding QuerySpace : uid = <gen:2> -> org.hibernate.loader.plan.build.internal.spaces.CollectionQuerySpaceImpl@63de4fa]
5703 [main] DEBUG org.hibernate.loader.plan.build.internal.spaces.QuerySpacesImpl  - Adding QuerySpace : uid = <gen:3> -> org.hibernate.loader.plan.build.internal.spaces.EntityQuerySpaceImpl@26bb92e2]
5703 [main] DEBUG org.hibernate.loader.plan.build.internal.FetchStyleLoadPlanBuildingAssociationVisitationStrategy  - Building LoadPlan...
5703 [main] DEBUG org.hibernate.loader.plan.exec.internal.LoadQueryJoinAndFetchProcessor  - processing queryspace <gen:0>
5703 [main] DEBUG org.hibernate.loader.plan.build.spi.LoadPlanTreePrinter  - LoadPlan(entity=org.thingsplode.core.entities.Event)
    - Returns
       - EntityReturnImpl(entity=org.thingsplode.core.entities.Event, querySpaceUid=<gen:0>, path=org.thingsplode.core.entities.Event)
          - EntityAttributeFetchImpl(entity=org.thingsplode.core.entities.Component, querySpaceUid=<gen:1>, path=org.thingsplode.core.entities.Event.component)
          - CollectionAttributeFetchImpl(collection=org.thingsplode.core.entities.Event.indications, querySpaceUid=<gen:2>, path=org.thingsplode.core.entities.Event.indications)
             - (collection element) CollectionFetchableElementEntityGraph(entity=org.thingsplode.core.entities.Indication, querySpaceUid=<gen:3>, path=org.thingsplode.core.entities.Event.indications.<elements>)
    - QuerySpaces
       - EntityQuerySpaceImpl(uid=<gen:0>, entity=org.thingsplode.core.entities.Event)
          - SQL table alias mapping - event0_
          - alias suffix - 0_
          - suffixed key columns - {id1_4_0_}

5703 [main] DEBUG org.hibernate.loader.entity.plan.EntityLoader  - Static select for entity org.thingsplode.core.entities.Event [PESSIMISTIC_FORCE_INCREMENT]: select event0_.id as id1_4_0_, event0_.COMPONENT_ID as COMPONEN8_4_0_, event0_.eventClass as eventCla2_4_0_, event0_.eventDate as eventDat3_4_0_, event0_.eventId as eventId4_4_0_, event0_.receiveDate as receiveD5_4_0_, event0_.severity as severity6_4_0_, event0_.type as type7_4_0_ from EVENTS event0_ where event0_.id=? for update
5703 [main] DEBUG org.hibernate.loader.plan.build.internal.spaces.QuerySpacesImpl  - Adding QuerySpace : uid = <gen:0> -> org.hibernate.loader.plan.build.internal.spaces.EntityQuerySpaceImpl@18907af2]
5703 [main] DEBUG org.hibernate.loader.plan.build.internal.spaces.QuerySpacesImpl  - Adding QuerySpace : uid = <gen:1> -> org.hibernate.loader.plan.build.internal.spaces.EntityQuerySpaceImpl@cfd5cd2]
5703 [main] DEBUG org.hibernate.loader.plan.build.internal.spaces.QuerySpacesImpl  - Adding QuerySpace : uid = <gen:2> -> org.hibernate.loader.plan.build.internal.spaces.CollectionQuerySpaceImpl@762bf32d]
5703 [main] DEBUG org.hibernate.loader.plan.build.internal.spaces.QuerySpacesImpl  - Adding QuerySpace : uid = <gen:3> -> org.hibernate.loader.plan.build.internal.spaces.EntityQuerySpaceImpl@6d7740f0]
5703 [main] DEBUG org.hibernate.loader.plan.build.internal.FetchStyleLoadPlanBuildingAssociationVisitationStrategy  - Building LoadPlan...
5704 [main] DEBUG org.hibernate.loader.plan.exec.internal.LoadQueryJoinAndFetchProcessor  - processing queryspace <gen:0>
5704 [main] DEBUG org.hibernate.loader.plan.build.spi.LoadPlanTreePrinter  - LoadPlan(entity=org.thingsplode.core.entities.Event)
    - Returns
       - EntityReturnImpl(entity=org.thingsplode.core.entities.Event, querySpaceUid=<gen:0>, path=org.thingsplode.core.entities.Event)
          - EntityAttributeFetchImpl(entity=org.thingsplode.core.entities.Component, querySpaceUid=<gen:1>, path=org.thingsplode.core.entities.Event.component)
          - CollectionAttributeFetchImpl(collection=org.thingsplode.core.entities.Event.indications, querySpaceUid=<gen:2>, path=org.thingsplode.core.entities.Event.indications)
             - (collection element) CollectionFetchableElementEntityGraph(entity=org.thingsplode.core.entities.Indication, querySpaceUid=<gen:3>, path=org.thingsplode.core.entities.Event.indications.<elements>)
    - QuerySpaces
       - EntityQuerySpaceImpl(uid=<gen:0>, entity=org.thingsplode.core.entities.Event)
          - SQL table alias mapping - event0_
          - alias suffix - 0_
          - suffixed key columns - {id1_4_0_}

5706 [main] DEBUG org.hibernate.loader.entity.plan.EntityLoader  - Static select for entity org.thingsplode.core.entities.Event [OPTIMISTIC]: select event0_.id as id1_4_0_, event0_.COMPONENT_ID as COMPONEN8_4_0_, event0_.eventClass as eventCla2_4_0_, event0_.eventDate as eventDat3_4_0_, event0_.eventId as eventId4_4_0_, event0_.receiveDate as receiveD5_4_0_, event0_.severity as severity6_4_0_, event0_.type as type7_4_0_ from EVENTS event0_ where event0_.id=?
5707 [main] DEBUG org.hibernate.loader.plan.build.internal.spaces.QuerySpacesImpl  - Adding QuerySpace : uid = <gen:0> -> org.hibernate.loader.plan.build.internal.spaces.EntityQuerySpaceImpl@7b1a30e5]
5713 [main] DEBUG org.hibernate.loader.plan.build.internal.spaces.QuerySpacesImpl  - Adding QuerySpace : uid = <gen:1> -> org.hibernate.loader.plan.build.internal.spaces.EntityQuerySpaceImpl@34fcd292]
5714 [main] DEBUG org.hibernate.loader.plan.build.internal.spaces.QuerySpacesImpl  - Adding QuerySpace : uid = <gen:2> -> org.hibernate.loader.plan.build.internal.spaces.CollectionQuerySpaceImpl@63db743d]
5714 [main] DEBUG org.hibernate.loader.plan.build.internal.spaces.QuerySpacesImpl  - Adding QuerySpace : uid = <gen:3> -> org.hibernate.loader.plan.build.internal.spaces.EntityQuerySpaceImpl@496cedbb]
5714 [main] DEBUG org.hibernate.loader.plan.build.internal.FetchStyleLoadPlanBuildingAssociationVisitationStrategy  - Building LoadPlan...
5714 [main] DEBUG org.hibernate.loader.plan.exec.internal.LoadQueryJoinAndFetchProcessor  - processing queryspace <gen:0>
5714 [main] DEBUG org.hibernate.loader.plan.build.spi.LoadPlanTreePrinter  - LoadPlan(entity=org.thingsplode.core.entities.Event)
    - Returns
       - EntityReturnImpl(entity=org.thingsplode.core.entities.Event, querySpaceUid=<gen:0>, path=org.thingsplode.core.entities.Event)
          - EntityAttributeFetchImpl(entity=org.thingsplode.core.entities.Component, querySpaceUid=<gen:1>, path=org.thingsplode.core.entities.Event.component)
          - CollectionAttributeFetchImpl(collection=org.thingsplode.core.entities.Event.indications, querySpaceUid=<gen:2>, path=org.thingsplode.core.entities.Event.indications)
             - (collection element) CollectionFetchableElementEntityGraph(entity=org.thingsplode.core.entities.Indication, querySpaceUid=<gen:3>, path=org.thingsplode.core.entities.Event.indications.<elements>)
    - QuerySpaces
       - EntityQuerySpaceImpl(uid=<gen:0>, entity=org.thingsplode.core.entities.Event)
          - SQL table alias mapping - event0_
          - alias suffix - 0_
          - suffixed key columns - {id1_4_0_}

5714 [main] DEBUG org.hibernate.loader.entity.plan.EntityLoader  - Static select for entity org.thingsplode.core.entities.Event [OPTIMISTIC_FORCE_INCREMENT]: select event0_.id as id1_4_0_, event0_.COMPONENT_ID as COMPONEN8_4_0_, event0_.eventClass as eventCla2_4_0_, event0_.eventDate as eventDat3_4_0_, event0_.eventId as eventId4_4_0_, event0_.receiveDate as receiveD5_4_0_, event0_.severity as severity6_4_0_, event0_.type as type7_4_0_ from EVENTS event0_ where event0_.id=?
5715 [main] DEBUG org.hibernate.loader.Loader  - Static select for action ACTION_MERGE on entity org.thingsplode.core.entities.Event: select event0_.id as id1_4_1_, event0_.COMPONENT_ID as COMPONEN8_4_1_, event0_.eventClass as eventCla2_4_1_, event0_.eventDate as eventDat3_4_1_, event0_.eventId as eventId4_4_1_, event0_.receiveDate as receiveD5_4_1_, event0_.severity as severity6_4_1_, event0_.type as type7_4_1_, indication1_.EVT_ID as EVT_ID5_4_3_, indication1_.id as id1_5_3_, indication1_.id as id1_5_0_, indication1_.content as content2_5_0_, indication1_.VALUE_TYPE as VALUE_TY3_5_0_, indication1_.name as name4_5_0_ from EVENTS event0_ left outer join INDICATIONS indication1_ on event0_.id=indication1_.EVT_ID where event0_.id=?
5715 [main] DEBUG org.hibernate.loader.Loader  - Static select for action ACTION_REFRESH on entity org.thingsplode.core.entities.Event: select event0_.id as id1_4_1_, event0_.COMPONENT_ID as COMPONEN8_4_1_, event0_.eventClass as eventCla2_4_1_, event0_.eventDate as eventDat3_4_1_, event0_.eventId as eventId4_4_1_, event0_.receiveDate as receiveD5_4_1_, event0_.severity as severity6_4_1_, event0_.type as type7_4_1_, indication1_.EVT_ID as EVT_ID5_4_3_, indication1_.id as id1_5_3_, indication1_.id as id1_5_0_, indication1_.content as content2_5_0_, indication1_.VALUE_TYPE as VALUE_TY3_5_0_, indication1_.name as name4_5_0_ from EVENTS event0_ left outer join INDICATIONS indication1_ on event0_.id=indication1_.EVT_ID where event0_.id=?
5716 [main] DEBUG org.hibernate.loader.plan.build.internal.spaces.QuerySpacesImpl  - Adding QuerySpace : uid = <gen:0> -> org.hibernate.loader.plan.build.internal.spaces.EntityQuerySpaceImpl@6b6def36]
5716 [main] DEBUG org.hibernate.loader.plan.build.internal.spaces.QuerySpacesImpl  - Adding QuerySpace : uid = <gen:1> -> org.hibernate.loader.plan.build.internal.spaces.CollectionQuerySpaceImpl@1152900]
5716 [main] DEBUG org.hibernate.loader.plan.build.internal.spaces.QuerySpacesImpl  - Adding QuerySpace : uid = <gen:2> -> org.hibernate.loader.plan.build.internal.spaces.EntityQuerySpaceImpl@2fba0dac]
5716 [main] DEBUG org.hibernate.loader.plan.build.internal.spaces.QuerySpacesImpl  - Adding QuerySpace : uid = <gen:3> -> org.hibernate.loader.plan.build.internal.spaces.CompositeQuerySpaceImpl@4cb24e2]
5716 [main] DEBUG org.hibernate.loader.plan.build.internal.FetchStyleLoadPlanBuildingAssociationVisitationStrategy  - Building LoadPlan...
5716 [main] DEBUG org.hibernate.loader.plan.exec.internal.LoadQueryJoinAndFetchProcessor  - processing queryspace <gen:0>
5717 [main] DEBUG org.hibernate.loader.plan.build.spi.LoadPlanTreePrinter  - LoadPlan(entity=org.thingsplode.core.entities.Capability)
    - Returns
       - EntityReturnImpl(entity=org.thingsplode.core.entities.Capability, querySpaceUid=<gen:0>, path=org.thingsplode.core.entities.Capability)
          - CollectionAttributeFetchImpl(collection=org.thingsplode.core.entities.Capability.parameters, querySpaceUid=<gen:1>, path=org.thingsplode.core.entities.Capability.parameters)
             - (collection element) CollectionFetchableElementEntityGraph(entity=org.thingsplode.core.entities.Parameter, querySpaceUid=<gen:2>, path=org.thingsplode.core.entities.Capability.parameters.<elements>)
          - CompositeAttributeFetchImpl(composite=org.thingsplode.core.Value, querySpaceUid=<gen:3>, path=org.thingsplode.core.entities.Capability.value)
    - QuerySpaces
       - EntityQuerySpaceImpl(uid=<gen:0>, entity=org.thingsplode.core.entities.Capability)
          - SQL table alias mapping - capability0_
          - alias suffix - 0_
          - suffixed key columns - {id1_0_0_}
          - JOIN (JoinDefinedByMetadata(parameters)) : <gen:0> -> <gen:1>
             - CollectionQuerySpaceImpl(uid=<gen:1>, collection=org.thingsplode.core.entities.Capability.parameters)
                - SQL table alias mapping - parameters1_
                - alias suffix - 1_
                - suffixed key columns - {CAP_ID4_0_1_}
                - entity-element alias suffix - 2_
                - 2_entity-element suffixed key columns - id1_7_2_
                - JOIN (JoinDefinedByMetadata(elements)) : <gen:1> -> <gen:2>
                   - EntityQuerySpaceImpl(uid=<gen:2>, entity=org.thingsplode.core.entities.Parameter)
                      - SQL table alias mapping - parameters1_
                      - alias suffix - 2_
                      - suffixed key columns - {id1_7_2_}
          - JOIN (JoinDefinedByMetadata(value)) : <gen:0> -> <gen:3>
             - CompositeQuerySpaceImpl(uid=<gen:3>)
                - SQL table alias mapping - capability0_

5721 [main] DEBUG org.hibernate.loader.entity.plan.EntityLoader  - Static select for entity org.thingsplode.core.entities.Capability [NONE]: select capability0_.id as id1_0_0_, capability0_.active as active2_0_0_, capability0_.name as name3_0_0_, capability0_.type as type4_0_0_, capability0_.content as content5_0_0_, capability0_.VALUE_TYPE as VALUE_TY6_0_0_, parameters1_.CAP_ID as CAP_ID4_0_1_, parameters1_.id as id1_7_1_, parameters1_.id as id1_7_2_, parameters1_.name as name2_7_2_, parameters1_.valueType as valueTyp3_7_2_ from CAPABILITIES capability0_ left outer join PARAMETERS parameters1_ on capability0_.id=parameters1_.CAP_ID where capability0_.id=?
5722 [main] DEBUG org.hibernate.loader.plan.build.internal.spaces.QuerySpacesImpl  - Adding QuerySpace : uid = <gen:0> -> org.hibernate.loader.plan.build.internal.spaces.EntityQuerySpaceImpl@2296127]
5722 [main] DEBUG org.hibernate.loader.plan.build.internal.spaces.QuerySpacesImpl  - Adding QuerySpace : uid = <gen:1> -> org.hibernate.loader.plan.build.internal.spaces.CollectionQuerySpaceImpl@1d283d1]
5722 [main] DEBUG org.hibernate.loader.plan.build.internal.spaces.QuerySpacesImpl  - Adding QuerySpace : uid = <gen:2> -> org.hibernate.loader.plan.build.internal.spaces.EntityQuerySpaceImpl@66234b0f]
5722 [main] DEBUG org.hibernate.loader.plan.build.internal.spaces.QuerySpacesImpl  - Adding QuerySpace : uid = <gen:3> -> org.hibernate.loader.plan.build.internal.spaces.CompositeQuerySpaceImpl@7cb29ea8]
5722 [main] DEBUG org.hibernate.loader.plan.build.internal.FetchStyleLoadPlanBuildingAssociationVisitationStrategy  - Building LoadPlan...
5722 [main] DEBUG org.hibernate.loader.plan.exec.internal.LoadQueryJoinAndFetchProcessor  - processing queryspace <gen:0>
5722 [main] DEBUG org.hibernate.loader.plan.build.spi.LoadPlanTreePrinter  - LoadPlan(entity=org.thingsplode.core.entities.Capability)
    - Returns
       - EntityReturnImpl(entity=org.thingsplode.core.entities.Capability, querySpaceUid=<gen:0>, path=org.thingsplode.core.entities.Capability)
          - CollectionAttributeFetchImpl(collection=org.thingsplode.core.entities.Capability.parameters, querySpaceUid=<gen:1>, path=org.thingsplode.core.entities.Capability.parameters)
             - (collection element) CollectionFetchableElementEntityGraph(entity=org.thingsplode.core.entities.Parameter, querySpaceUid=<gen:2>, path=org.thingsplode.core.entities.Capability.parameters.<elements>)
          - CompositeAttributeFetchImpl(composite=org.thingsplode.core.Value, querySpaceUid=<gen:3>, path=org.thingsplode.core.entities.Capability.value)
    - QuerySpaces
       - EntityQuerySpaceImpl(uid=<gen:0>, entity=org.thingsplode.core.entities.Capability)
          - SQL table alias mapping - capability0_
          - alias suffix - 0_
          - suffixed key columns - {id1_0_0_}
          - JOIN (JoinDefinedByMetadata(parameters)) : <gen:0> -> <gen:1>
             - CollectionQuerySpaceImpl(uid=<gen:1>, collection=org.thingsplode.core.entities.Capability.parameters)
                - SQL table alias mapping - parameters1_
                - alias suffix - 1_
                - suffixed key columns - {CAP_ID4_0_1_}
                - entity-element alias suffix - 2_
                - 2_entity-element suffixed key columns - id1_7_2_
                - JOIN (JoinDefinedByMetadata(elements)) : <gen:1> -> <gen:2>
                   - EntityQuerySpaceImpl(uid=<gen:2>, entity=org.thingsplode.core.entities.Parameter)
                      - SQL table alias mapping - parameters1_
                      - alias suffix - 2_
                      - suffixed key columns - {id1_7_2_}
          - JOIN (JoinDefinedByMetadata(value)) : <gen:0> -> <gen:3>
             - CompositeQuerySpaceImpl(uid=<gen:3>)
                - SQL table alias mapping - capability0_

5722 [main] DEBUG org.hibernate.loader.entity.plan.EntityLoader  - Static select for entity org.thingsplode.core.entities.Capability [READ]: select capability0_.id as id1_0_0_, capability0_.active as active2_0_0_, capability0_.name as name3_0_0_, capability0_.type as type4_0_0_, capability0_.content as content5_0_0_, capability0_.VALUE_TYPE as VALUE_TY6_0_0_, parameters1_.CAP_ID as CAP_ID4_0_1_, parameters1_.id as id1_7_1_, parameters1_.id as id1_7_2_, parameters1_.name as name2_7_2_, parameters1_.valueType as valueTyp3_7_2_ from CAPABILITIES capability0_ left outer join PARAMETERS parameters1_ on capability0_.id=parameters1_.CAP_ID where capability0_.id=?
5722 [main] DEBUG org.hibernate.loader.plan.build.internal.spaces.QuerySpacesImpl  - Adding QuerySpace : uid = <gen:0> -> org.hibernate.loader.plan.build.internal.spaces.EntityQuerySpaceImpl@7e747037]
5722 [main] DEBUG org.hibernate.loader.plan.build.internal.spaces.QuerySpacesImpl  - Adding QuerySpace : uid = <gen:1> -> org.hibernate.loader.plan.build.internal.spaces.CollectionQuerySpaceImpl@25218a4d]
5723 [main] DEBUG org.hibernate.loader.plan.build.internal.spaces.QuerySpacesImpl  - Adding QuerySpace : uid = <gen:2> -> org.hibernate.loader.plan.build.internal.spaces.EntityQuerySpaceImpl@bf2aa32]
5723 [main] DEBUG org.hibernate.loader.plan.build.internal.spaces.QuerySpacesImpl  - Adding QuerySpace : uid = <gen:3> -> org.hibernate.loader.plan.build.internal.spaces.CompositeQuerySpaceImpl@56da96b3]
5723 [main] DEBUG org.hibernate.loader.plan.build.internal.FetchStyleLoadPlanBuildingAssociationVisitationStrategy  - Building LoadPlan...
5723 [main] DEBUG org.hibernate.loader.plan.exec.internal.LoadQueryJoinAndFetchProcessor  - processing queryspace <gen:0>
5723 [main] DEBUG org.hibernate.loader.plan.build.spi.LoadPlanTreePrinter  - LoadPlan(entity=org.thingsplode.core.entities.Capability)
    - Returns
       - EntityReturnImpl(entity=org.thingsplode.core.entities.Capability, querySpaceUid=<gen:0>, path=org.thingsplode.core.entities.Capability)
          - CollectionAttributeFetchImpl(collection=org.thingsplode.core.entities.Capability.parameters, querySpaceUid=<gen:1>, path=org.thingsplode.core.entities.Capability.parameters)
             - (collection element) CollectionFetchableElementEntityGraph(entity=org.thingsplode.core.entities.Parameter, querySpaceUid=<gen:2>, path=org.thingsplode.core.entities.Capability.parameters.<elements>)
          - CompositeAttributeFetchImpl(composite=org.thingsplode.core.Value, querySpaceUid=<gen:3>, path=org.thingsplode.core.entities.Capability.value)
    - QuerySpaces
       - EntityQuerySpaceImpl(uid=<gen:0>, entity=org.thingsplode.core.entities.Capability)
          - SQL table alias mapping - capability0_
          - alias suffix - 0_
          - suffixed key columns - {id1_0_0_}
          - JOIN (JoinDefinedByMetadata(value)) : <gen:0> -> <gen:3>
             - CompositeQuerySpaceImpl(uid=<gen:3>)
                - SQL table alias mapping - capability0_

5723 [main] DEBUG org.hibernate.loader.entity.plan.EntityLoader  - Static select for entity org.thingsplode.core.entities.Capability [UPGRADE]: select capability0_.id as id1_0_0_, capability0_.active as active2_0_0_, capability0_.name as name3_0_0_, capability0_.type as type4_0_0_, capability0_.content as content5_0_0_, capability0_.VALUE_TYPE as VALUE_TY6_0_0_ from CAPABILITIES capability0_ where capability0_.id=? for update
5723 [main] DEBUG org.hibernate.loader.plan.build.internal.spaces.QuerySpacesImpl  - Adding QuerySpace : uid = <gen:0> -> org.hibernate.loader.plan.build.internal.spaces.EntityQuerySpaceImpl@426710f0]
5723 [main] DEBUG org.hibernate.loader.plan.build.internal.spaces.QuerySpacesImpl  - Adding QuerySpace : uid = <gen:1> -> org.hibernate.loader.plan.build.internal.spaces.CollectionQuerySpaceImpl@5e37fb82]
5723 [main] DEBUG org.hibernate.loader.plan.build.internal.spaces.QuerySpacesImpl  - Adding QuerySpace : uid = <gen:2> -> org.hibernate.loader.plan.build.internal.spaces.EntityQuerySpaceImpl@59ec7020]
5723 [main] DEBUG org.hibernate.loader.plan.build.internal.spaces.QuerySpacesImpl  - Adding QuerySpace : uid = <gen:3> -> org.hibernate.loader.plan.build.internal.spaces.CompositeQuerySpaceImpl@23f60b7d]
5723 [main] DEBUG org.hibernate.loader.plan.build.internal.FetchStyleLoadPlanBuildingAssociationVisitationStrategy  - Building LoadPlan...
5723 [main] DEBUG org.hibernate.loader.plan.exec.internal.LoadQueryJoinAndFetchProcessor  - processing queryspace <gen:0>
5724 [main] DEBUG org.hibernate.loader.plan.build.spi.LoadPlanTreePrinter  - LoadPlan(entity=org.thingsplode.core.entities.Capability)
    - Returns
       - EntityReturnImpl(entity=org.thingsplode.core.entities.Capability, querySpaceUid=<gen:0>, path=org.thingsplode.core.entities.Capability)
          - CollectionAttributeFetchImpl(collection=org.thingsplode.core.entities.Capability.parameters, querySpaceUid=<gen:1>, path=org.thingsplode.core.entities.Capability.parameters)
             - (collection element) CollectionFetchableElementEntityGraph(entity=org.thingsplode.core.entities.Parameter, querySpaceUid=<gen:2>, path=org.thingsplode.core.entities.Capability.parameters.<elements>)
          - CompositeAttributeFetchImpl(composite=org.thingsplode.core.Value, querySpaceUid=<gen:3>, path=org.thingsplode.core.entities.Capability.value)
    - QuerySpaces
       - EntityQuerySpaceImpl(uid=<gen:0>, entity=org.thingsplode.core.entities.Capability)
          - SQL table alias mapping - capability0_
          - alias suffix - 0_
          - suffixed key columns - {id1_0_0_}
          - JOIN (JoinDefinedByMetadata(value)) : <gen:0> -> <gen:3>
             - CompositeQuerySpaceImpl(uid=<gen:3>)
                - SQL table alias mapping - capability0_

5724 [main] DEBUG org.hibernate.loader.entity.plan.EntityLoader  - Static select for entity org.thingsplode.core.entities.Capability [UPGRADE_NOWAIT]: select capability0_.id as id1_0_0_, capability0_.active as active2_0_0_, capability0_.name as name3_0_0_, capability0_.type as type4_0_0_, capability0_.content as content5_0_0_, capability0_.VALUE_TYPE as VALUE_TY6_0_0_ from CAPABILITIES capability0_ where capability0_.id=? for update
5724 [main] DEBUG org.hibernate.loader.plan.build.internal.spaces.QuerySpacesImpl  - Adding QuerySpace : uid = <gen:0> -> org.hibernate.loader.plan.build.internal.spaces.EntityQuerySpaceImpl@4aa3fc9a]
5724 [main] DEBUG org.hibernate.loader.plan.build.internal.spaces.QuerySpacesImpl  - Adding QuerySpace : uid = <gen:1> -> org.hibernate.loader.plan.build.internal.spaces.CollectionQuerySpaceImpl@634aa81e]
5724 [main] DEBUG org.hibernate.loader.plan.build.internal.spaces.QuerySpacesImpl  - Adding QuerySpace : uid = <gen:2> -> org.hibernate.loader.plan.build.internal.spaces.EntityQuerySpaceImpl@74b1838]
5724 [main] DEBUG org.hibernate.loader.plan.build.internal.spaces.QuerySpacesImpl  - Adding QuerySpace : uid = <gen:3> -> org.hibernate.loader.plan.build.internal.spaces.CompositeQuerySpaceImpl@52d96367]
5724 [main] DEBUG org.hibernate.loader.plan.build.internal.FetchStyleLoadPlanBuildingAssociationVisitationStrategy  - Building LoadPlan...
5724 [main] DEBUG org.hibernate.loader.plan.exec.internal.LoadQueryJoinAndFetchProcessor  - processing queryspace <gen:0>
5724 [main] DEBUG org.hibernate.loader.plan.build.spi.LoadPlanTreePrinter  - LoadPlan(entity=org.thingsplode.core.entities.Capability)
    - Returns
       - EntityReturnImpl(entity=org.thingsplode.core.entities.Capability, querySpaceUid=<gen:0>, path=org.thingsplode.core.entities.Capability)
          - CollectionAttributeFetchImpl(collection=org.thingsplode.core.entities.Capability.parameters, querySpaceUid=<gen:1>, path=org.thingsplode.core.entities.Capability.parameters)
             - (collection element) CollectionFetchableElementEntityGraph(entity=org.thingsplode.core.entities.Parameter, querySpaceUid=<gen:2>, path=org.thingsplode.core.entities.Capability.parameters.<elements>)
          - CompositeAttributeFetchImpl(composite=org.thingsplode.core.Value, querySpaceUid=<gen:3>, path=org.thingsplode.core.entities.Capability.value)
    - QuerySpaces
       - EntityQuerySpaceImpl(uid=<gen:0>, entity=org.thingsplode.core.entities.Capability)
          - SQL table alias mapping - capability0_
          - alias suffix - 0_
          - suffixed key columns - {id1_0_0_}
          - JOIN (JoinDefinedByMetadata(value)) : <gen:0> -> <gen:3>
             - CompositeQuerySpaceImpl(uid=<gen:3>)
                - SQL table alias mapping - capability0_

5724 [main] DEBUG org.hibernate.loader.entity.plan.EntityLoader  - Static select for entity org.thingsplode.core.entities.Capability [UPGRADE_SKIPLOCKED]: select capability0_.id as id1_0_0_, capability0_.active as active2_0_0_, capability0_.name as name3_0_0_, capability0_.type as type4_0_0_, capability0_.content as content5_0_0_, capability0_.VALUE_TYPE as VALUE_TY6_0_0_ from CAPABILITIES capability0_ where capability0_.id=? for update
5724 [main] DEBUG org.hibernate.loader.plan.build.internal.spaces.QuerySpacesImpl  - Adding QuerySpace : uid = <gen:0> -> org.hibernate.loader.plan.build.internal.spaces.EntityQuerySpaceImpl@3302035b]
5724 [main] DEBUG org.hibernate.loader.plan.build.internal.spaces.QuerySpacesImpl  - Adding QuerySpace : uid = <gen:1> -> org.hibernate.loader.plan.build.internal.spaces.CollectionQuerySpaceImpl@750cd36d]
5724 [main] DEBUG org.hibernate.loader.plan.build.internal.spaces.QuerySpacesImpl  - Adding QuerySpace : uid = <gen:2> -> org.hibernate.loader.plan.build.internal.spaces.EntityQuerySpaceImpl@2c8ff67]
5724 [main] DEBUG org.hibernate.loader.plan.build.internal.spaces.QuerySpacesImpl  - Adding QuerySpace : uid = <gen:3> -> org.hibernate.loader.plan.build.internal.spaces.CompositeQuerySpaceImpl@21733cbe]
5725 [main] DEBUG org.hibernate.loader.plan.build.internal.FetchStyleLoadPlanBuildingAssociationVisitationStrategy  - Building LoadPlan...
5725 [main] DEBUG org.hibernate.loader.plan.exec.internal.LoadQueryJoinAndFetchProcessor  - processing queryspace <gen:0>
5725 [main] DEBUG org.hibernate.loader.plan.build.spi.LoadPlanTreePrinter  - LoadPlan(entity=org.thingsplode.core.entities.Capability)
    - Returns
       - EntityReturnImpl(entity=org.thingsplode.core.entities.Capability, querySpaceUid=<gen:0>, path=org.thingsplode.core.entities.Capability)
          - CollectionAttributeFetchImpl(collection=org.thingsplode.core.entities.Capability.parameters, querySpaceUid=<gen:1>, path=org.thingsplode.core.entities.Capability.parameters)
             - (collection element) CollectionFetchableElementEntityGraph(entity=org.thingsplode.core.entities.Parameter, querySpaceUid=<gen:2>, path=org.thingsplode.core.entities.Capability.parameters.<elements>)
          - CompositeAttributeFetchImpl(composite=org.thingsplode.core.Value, querySpaceUid=<gen:3>, path=org.thingsplode.core.entities.Capability.value)
    - QuerySpaces
       - EntityQuerySpaceImpl(uid=<gen:0>, entity=org.thingsplode.core.entities.Capability)
          - SQL table alias mapping - capability0_
          - alias suffix - 0_
          - suffixed key columns - {id1_0_0_}
          - JOIN (JoinDefinedByMetadata(value)) : <gen:0> -> <gen:3>
             - CompositeQuerySpaceImpl(uid=<gen:3>)
                - SQL table alias mapping - capability0_

5725 [main] DEBUG org.hibernate.loader.entity.plan.EntityLoader  - Static select for entity org.thingsplode.core.entities.Capability [FORCE]: select capability0_.id as id1_0_0_, capability0_.active as active2_0_0_, capability0_.name as name3_0_0_, capability0_.type as type4_0_0_, capability0_.content as content5_0_0_, capability0_.VALUE_TYPE as VALUE_TY6_0_0_ from CAPABILITIES capability0_ where capability0_.id=? for update
5725 [main] DEBUG org.hibernate.loader.plan.build.internal.spaces.QuerySpacesImpl  - Adding QuerySpace : uid = <gen:0> -> org.hibernate.loader.plan.build.internal.spaces.EntityQuerySpaceImpl@64c8fcfb]
5725 [main] DEBUG org.hibernate.loader.plan.build.internal.spaces.QuerySpacesImpl  - Adding QuerySpace : uid = <gen:1> -> org.hibernate.loader.plan.build.internal.spaces.CollectionQuerySpaceImpl@19105a87]
5725 [main] DEBUG org.hibernate.loader.plan.build.internal.spaces.QuerySpacesImpl  - Adding QuerySpace : uid = <gen:2> -> org.hibernate.loader.plan.build.internal.spaces.EntityQuerySpaceImpl@83b0d0f]
5725 [main] DEBUG org.hibernate.loader.plan.build.internal.spaces.QuerySpacesImpl  - Adding QuerySpace : uid = <gen:3> -> org.hibernate.loader.plan.build.internal.spaces.CompositeQuerySpaceImpl@2bb717d7]
5725 [main] DEBUG org.hibernate.loader.plan.build.internal.FetchStyleLoadPlanBuildingAssociationVisitationStrategy  - Building LoadPlan...
5725 [main] DEBUG org.hibernate.loader.plan.exec.internal.LoadQueryJoinAndFetchProcessor  - processing queryspace <gen:0>
5725 [main] DEBUG org.hibernate.loader.plan.build.spi.LoadPlanTreePrinter  - LoadPlan(entity=org.thingsplode.core.entities.Capability)
    - Returns
       - EntityReturnImpl(entity=org.thingsplode.core.entities.Capability, querySpaceUid=<gen:0>, path=org.thingsplode.core.entities.Capability)
          - CollectionAttributeFetchImpl(collection=org.thingsplode.core.entities.Capability.parameters, querySpaceUid=<gen:1>, path=org.thingsplode.core.entities.Capability.parameters)
             - (collection element) CollectionFetchableElementEntityGraph(entity=org.thingsplode.core.entities.Parameter, querySpaceUid=<gen:2>, path=org.thingsplode.core.entities.Capability.parameters.<elements>)
          - CompositeAttributeFetchImpl(composite=org.thingsplode.core.Value, querySpaceUid=<gen:3>, path=org.thingsplode.core.entities.Capability.value)
    - QuerySpaces
       - EntityQuerySpaceImpl(uid=<gen:0>, entity=org.thingsplode.core.entities.Capability)
          - SQL table alias mapping - capability0_
          - alias suffix - 0_
          - suffixed key columns - {id1_0_0_}
          - JOIN (JoinDefinedByMetadata(value)) : <gen:0> -> <gen:3>
             - CompositeQuerySpaceImpl(uid=<gen:3>)
                - SQL table alias mapping - capability0_

5725 [main] DEBUG org.hibernate.loader.entity.plan.EntityLoader  - Static select for entity org.thingsplode.core.entities.Capability [PESSIMISTIC_READ]: select capability0_.id as id1_0_0_, capability0_.active as active2_0_0_, capability0_.name as name3_0_0_, capability0_.type as type4_0_0_, capability0_.content as content5_0_0_, capability0_.VALUE_TYPE as VALUE_TY6_0_0_ from CAPABILITIES capability0_ where capability0_.id=? for update
5725 [main] DEBUG org.hibernate.loader.plan.build.internal.spaces.QuerySpacesImpl  - Adding QuerySpace : uid = <gen:0> -> org.hibernate.loader.plan.build.internal.spaces.EntityQuerySpaceImpl@6121a7dd]
5726 [main] DEBUG org.hibernate.loader.plan.build.internal.spaces.QuerySpacesImpl  - Adding QuerySpace : uid = <gen:1> -> org.hibernate.loader.plan.build.internal.spaces.CollectionQuerySpaceImpl@22b82ddf]
5726 [main] DEBUG org.hibernate.loader.plan.build.internal.spaces.QuerySpacesImpl  - Adding QuerySpace : uid = <gen:2> -> org.hibernate.loader.plan.build.internal.spaces.EntityQuerySpaceImpl@28bf82d9]
5726 [main] DEBUG org.hibernate.loader.plan.build.internal.spaces.QuerySpacesImpl  - Adding QuerySpace : uid = <gen:3> -> org.hibernate.loader.plan.build.internal.spaces.CompositeQuerySpaceImpl@44ccd75c]
5726 [main] DEBUG org.hibernate.loader.plan.build.internal.FetchStyleLoadPlanBuildingAssociationVisitationStrategy  - Building LoadPlan...
5726 [main] DEBUG org.hibernate.loader.plan.exec.internal.LoadQueryJoinAndFetchProcessor  - processing queryspace <gen:0>
5726 [main] DEBUG org.hibernate.loader.plan.build.spi.LoadPlanTreePrinter  - LoadPlan(entity=org.thingsplode.core.entities.Capability)
    - Returns
       - EntityReturnImpl(entity=org.thingsplode.core.entities.Capability, querySpaceUid=<gen:0>, path=org.thingsplode.core.entities.Capability)
          - CollectionAttributeFetchImpl(collection=org.thingsplode.core.entities.Capability.parameters, querySpaceUid=<gen:1>, path=org.thingsplode.core.entities.Capability.parameters)
             - (collection element) CollectionFetchableElementEntityGraph(entity=org.thingsplode.core.entities.Parameter, querySpaceUid=<gen:2>, path=org.thingsplode.core.entities.Capability.parameters.<elements>)
          - CompositeAttributeFetchImpl(composite=org.thingsplode.core.Value, querySpaceUid=<gen:3>, path=org.thingsplode.core.entities.Capability.value)
    - QuerySpaces
       - EntityQuerySpaceImpl(uid=<gen:0>, entity=org.thingsplode.core.entities.Capability)
          - SQL table alias mapping - capability0_
          - alias suffix - 0_
          - suffixed key columns - {id1_0_0_}
          - JOIN (JoinDefinedByMetadata(value)) : <gen:0> -> <gen:3>
             - CompositeQuerySpaceImpl(uid=<gen:3>)
                - SQL table alias mapping - capability0_

5726 [main] DEBUG org.hibernate.loader.entity.plan.EntityLoader  - Static select for entity org.thingsplode.core.entities.Capability [PESSIMISTIC_WRITE]: select capability0_.id as id1_0_0_, capability0_.active as active2_0_0_, capability0_.name as name3_0_0_, capability0_.type as type4_0_0_, capability0_.content as content5_0_0_, capability0_.VALUE_TYPE as VALUE_TY6_0_0_ from CAPABILITIES capability0_ where capability0_.id=? for update
5726 [main] DEBUG org.hibernate.loader.plan.build.internal.spaces.QuerySpacesImpl  - Adding QuerySpace : uid = <gen:0> -> org.hibernate.loader.plan.build.internal.spaces.EntityQuerySpaceImpl@2120bed]
5726 [main] DEBUG org.hibernate.loader.plan.build.internal.spaces.QuerySpacesImpl  - Adding QuerySpace : uid = <gen:1> -> org.hibernate.loader.plan.build.internal.spaces.CollectionQuerySpaceImpl@743bb39a]
5726 [main] DEBUG org.hibernate.loader.plan.build.internal.spaces.QuerySpacesImpl  - Adding QuerySpace : uid = <gen:2> -> org.hibernate.loader.plan.build.internal.spaces.EntityQuerySpaceImpl@2de3b052]
5726 [main] DEBUG org.hibernate.loader.plan.build.internal.spaces.QuerySpacesImpl  - Adding QuerySpace : uid = <gen:3> -> org.hibernate.loader.plan.build.internal.spaces.CompositeQuerySpaceImpl@3f3c8b60]
5726 [main] DEBUG org.hibernate.loader.plan.build.internal.FetchStyleLoadPlanBuildingAssociationVisitationStrategy  - Building LoadPlan...
5726 [main] DEBUG org.hibernate.loader.plan.exec.internal.LoadQueryJoinAndFetchProcessor  - processing queryspace <gen:0>
5729 [main] DEBUG org.hibernate.loader.plan.build.spi.LoadPlanTreePrinter  - LoadPlan(entity=org.thingsplode.core.entities.Capability)
    - Returns
       - EntityReturnImpl(entity=org.thingsplode.core.entities.Capability, querySpaceUid=<gen:0>, path=org.thingsplode.core.entities.Capability)
          - CollectionAttributeFetchImpl(collection=org.thingsplode.core.entities.Capability.parameters, querySpaceUid=<gen:1>, path=org.thingsplode.core.entities.Capability.parameters)
             - (collection element) CollectionFetchableElementEntityGraph(entity=org.thingsplode.core.entities.Parameter, querySpaceUid=<gen:2>, path=org.thingsplode.core.entities.Capability.parameters.<elements>)
          - CompositeAttributeFetchImpl(composite=org.thingsplode.core.Value, querySpaceUid=<gen:3>, path=org.thingsplode.core.entities.Capability.value)
    - QuerySpaces
       - EntityQuerySpaceImpl(uid=<gen:0>, entity=org.thingsplode.core.entities.Capability)
          - SQL table alias mapping - capability0_
          - alias suffix - 0_
          - suffixed key columns - {id1_0_0_}
          - JOIN (JoinDefinedByMetadata(value)) : <gen:0> -> <gen:3>
             - CompositeQuerySpaceImpl(uid=<gen:3>)
                - SQL table alias mapping - capability0_

5730 [main] DEBUG org.hibernate.loader.entity.plan.EntityLoader  - Static select for entity org.thingsplode.core.entities.Capability [PESSIMISTIC_FORCE_INCREMENT]: select capability0_.id as id1_0_0_, capability0_.active as active2_0_0_, capability0_.name as name3_0_0_, capability0_.type as type4_0_0_, capability0_.content as content5_0_0_, capability0_.VALUE_TYPE as VALUE_TY6_0_0_ from CAPABILITIES capability0_ where capability0_.id=? for update
5730 [main] DEBUG org.hibernate.loader.plan.build.internal.spaces.QuerySpacesImpl  - Adding QuerySpace : uid = <gen:0> -> org.hibernate.loader.plan.build.internal.spaces.EntityQuerySpaceImpl@3f357c9d]
5730 [main] DEBUG org.hibernate.loader.plan.build.internal.spaces.QuerySpacesImpl  - Adding QuerySpace : uid = <gen:1> -> org.hibernate.loader.plan.build.internal.spaces.CollectionQuerySpaceImpl@5458c71e]
5730 [main] DEBUG org.hibernate.loader.plan.build.internal.spaces.QuerySpacesImpl  - Adding QuerySpace : uid = <gen:2> -> org.hibernate.loader.plan.build.internal.spaces.EntityQuerySpaceImpl@1ffd0114]
5731 [main] DEBUG org.hibernate.loader.plan.build.internal.spaces.QuerySpacesImpl  - Adding QuerySpace : uid = <gen:3> -> org.hibernate.loader.plan.build.internal.spaces.CompositeQuerySpaceImpl@b3857e2]
5731 [main] DEBUG org.hibernate.loader.plan.build.internal.FetchStyleLoadPlanBuildingAssociationVisitationStrategy  - Building LoadPlan...
5731 [main] DEBUG org.hibernate.loader.plan.exec.internal.LoadQueryJoinAndFetchProcessor  - processing queryspace <gen:0>
5731 [main] DEBUG org.hibernate.loader.plan.build.spi.LoadPlanTreePrinter  - LoadPlan(entity=org.thingsplode.core.entities.Capability)
    - Returns
       - EntityReturnImpl(entity=org.thingsplode.core.entities.Capability, querySpaceUid=<gen:0>, path=org.thingsplode.core.entities.Capability)
          - CollectionAttributeFetchImpl(collection=org.thingsplode.core.entities.Capability.parameters, querySpaceUid=<gen:1>, path=org.thingsplode.core.entities.Capability.parameters)
             - (collection element) CollectionFetchableElementEntityGraph(entity=org.thingsplode.core.entities.Parameter, querySpaceUid=<gen:2>, path=org.thingsplode.core.entities.Capability.parameters.<elements>)
          - CompositeAttributeFetchImpl(composite=org.thingsplode.core.Value, querySpaceUid=<gen:3>, path=org.thingsplode.core.entities.Capability.value)
    - QuerySpaces
       - EntityQuerySpaceImpl(uid=<gen:0>, entity=org.thingsplode.core.entities.Capability)
          - SQL table alias mapping - capability0_
          - alias suffix - 0_
          - suffixed key columns - {id1_0_0_}
          - JOIN (JoinDefinedByMetadata(value)) : <gen:0> -> <gen:3>
             - CompositeQuerySpaceImpl(uid=<gen:3>)
                - SQL table alias mapping - capability0_

5734 [main] DEBUG org.hibernate.loader.entity.plan.EntityLoader  - Static select for entity org.thingsplode.core.entities.Capability [OPTIMISTIC]: select capability0_.id as id1_0_0_, capability0_.active as active2_0_0_, capability0_.name as name3_0_0_, capability0_.type as type4_0_0_, capability0_.content as content5_0_0_, capability0_.VALUE_TYPE as VALUE_TY6_0_0_ from CAPABILITIES capability0_ where capability0_.id=?
5734 [main] DEBUG org.hibernate.loader.plan.build.internal.spaces.QuerySpacesImpl  - Adding QuerySpace : uid = <gen:0> -> org.hibernate.loader.plan.build.internal.spaces.EntityQuerySpaceImpl@37d0d373]
5734 [main] DEBUG org.hibernate.loader.plan.build.internal.spaces.QuerySpacesImpl  - Adding QuerySpace : uid = <gen:1> -> org.hibernate.loader.plan.build.internal.spaces.CollectionQuerySpaceImpl@99c4993]
5735 [main] DEBUG org.hibernate.loader.plan.build.internal.spaces.QuerySpacesImpl  - Adding QuerySpace : uid = <gen:2> -> org.hibernate.loader.plan.build.internal.spaces.EntityQuerySpaceImpl@38089dae]
5735 [main] DEBUG org.hibernate.loader.plan.build.internal.spaces.QuerySpacesImpl  - Adding QuerySpace : uid = <gen:3> -> org.hibernate.loader.plan.build.internal.spaces.CompositeQuerySpaceImpl@9729a97]
5735 [main] DEBUG org.hibernate.loader.plan.build.internal.FetchStyleLoadPlanBuildingAssociationVisitationStrategy  - Building LoadPlan...
5735 [main] DEBUG org.hibernate.loader.plan.exec.internal.LoadQueryJoinAndFetchProcessor  - processing queryspace <gen:0>
5735 [main] DEBUG org.hibernate.loader.plan.build.spi.LoadPlanTreePrinter  - LoadPlan(entity=org.thingsplode.core.entities.Capability)
    - Returns
       - EntityReturnImpl(entity=org.thingsplode.core.entities.Capability, querySpaceUid=<gen:0>, path=org.thingsplode.core.entities.Capability)
          - CollectionAttributeFetchImpl(collection=org.thingsplode.core.entities.Capability.parameters, querySpaceUid=<gen:1>, path=org.thingsplode.core.entities.Capability.parameters)
             - (collection element) CollectionFetchableElementEntityGraph(entity=org.thingsplode.core.entities.Parameter, querySpaceUid=<gen:2>, path=org.thingsplode.core.entities.Capability.parameters.<elements>)
          - CompositeAttributeFetchImpl(composite=org.thingsplode.core.Value, querySpaceUid=<gen:3>, path=org.thingsplode.core.entities.Capability.value)
    - QuerySpaces
       - EntityQuerySpaceImpl(uid=<gen:0>, entity=org.thingsplode.core.entities.Capability)
          - SQL table alias mapping - capability0_
          - alias suffix - 0_
          - suffixed key columns - {id1_0_0_}
          - JOIN (JoinDefinedByMetadata(value)) : <gen:0> -> <gen:3>
             - CompositeQuerySpaceImpl(uid=<gen:3>)
                - SQL table alias mapping - capability0_

5735 [main] DEBUG org.hibernate.loader.entity.plan.EntityLoader  - Static select for entity org.thingsplode.core.entities.Capability [OPTIMISTIC_FORCE_INCREMENT]: select capability0_.id as id1_0_0_, capability0_.active as active2_0_0_, capability0_.name as name3_0_0_, capability0_.type as type4_0_0_, capability0_.content as content5_0_0_, capability0_.VALUE_TYPE as VALUE_TY6_0_0_ from CAPABILITIES capability0_ where capability0_.id=?
5735 [main] DEBUG org.hibernate.loader.Loader  - Static select for action ACTION_MERGE on entity org.thingsplode.core.entities.Capability: select capability0_.id as id1_0_1_, capability0_.active as active2_0_1_, capability0_.name as name3_0_1_, capability0_.type as type4_0_1_, capability0_.content as content5_0_1_, capability0_.VALUE_TYPE as VALUE_TY6_0_1_, parameters1_.CAP_ID as CAP_ID4_0_3_, parameters1_.id as id1_7_3_, parameters1_.id as id1_7_0_, parameters1_.name as name2_7_0_, parameters1_.valueType as valueTyp3_7_0_ from CAPABILITIES capability0_ left outer join PARAMETERS parameters1_ on capability0_.id=parameters1_.CAP_ID where capability0_.id=?
5735 [main] DEBUG org.hibernate.loader.Loader  - Static select for action ACTION_REFRESH on entity org.thingsplode.core.entities.Capability: select capability0_.id as id1_0_1_, capability0_.active as active2_0_1_, capability0_.name as name3_0_1_, capability0_.type as type4_0_1_, capability0_.content as content5_0_1_, capability0_.VALUE_TYPE as VALUE_TY6_0_1_, parameters1_.CAP_ID as CAP_ID4_0_3_, parameters1_.id as id1_7_3_, parameters1_.id as id1_7_0_, parameters1_.name as name2_7_0_, parameters1_.valueType as valueTyp3_7_0_ from CAPABILITIES capability0_ left outer join PARAMETERS parameters1_ on capability0_.id=parameters1_.CAP_ID where capability0_.id=?
5735 [main] DEBUG org.hibernate.loader.plan.build.internal.spaces.QuerySpacesImpl  - Adding QuerySpace : uid = <gen:0> -> org.hibernate.loader.plan.build.internal.spaces.CollectionQuerySpaceImpl@36463b09]
5735 [main] DEBUG org.hibernate.loader.plan.build.internal.spaces.QuerySpacesImpl  - Adding QuerySpace : uid = <gen:1> -> org.hibernate.loader.plan.build.internal.spaces.EntityQuerySpaceImpl@4adf3582]
5736 [main] DEBUG org.hibernate.loader.plan.build.internal.spaces.QuerySpacesImpl  - Adding QuerySpace : uid = <gen:2> -> org.hibernate.loader.plan.build.internal.spaces.CompositeQuerySpaceImpl@64bba0eb]
5736 [main] DEBUG org.hibernate.loader.plan.build.internal.FetchStyleLoadPlanBuildingAssociationVisitationStrategy  - Building LoadPlan...
5736 [main] DEBUG org.hibernate.loader.plan.exec.internal.LoadQueryJoinAndFetchProcessor  - processing queryspace <gen:0>
5736 [main] DEBUG org.hibernate.loader.plan.build.spi.LoadPlanTreePrinter  - LoadPlan(collection=org.thingsplode.core.entities.Component.tresholds)
    - Returns
       - CollectionReturnImpl(collection=org.thingsplode.core.entities.Component.tresholds, querySpaceUid=<gen:0>, path=[org.thingsplode.core.entities.Component.tresholds])
          - (collection element) CollectionFetchableElementEntityGraph(entity=org.thingsplode.core.entities.Treshold, querySpaceUid=<gen:1>, path=[org.thingsplode.core.entities.Component.tresholds].<elements>)
             - CompositeAttributeFetchImpl(composite=org.thingsplode.core.Value, querySpaceUid=<gen:2>, path=[org.thingsplode.core.entities.Component.tresholds].<elements>.tresholdValue)
    - QuerySpaces
       - CollectionQuerySpaceImpl(uid=<gen:0>, collection=org.thingsplode.core.entities.Component.tresholds)
          - SQL table alias mapping - tresholds0_
          - alias suffix - 0_
          - suffixed key columns - {COMP_ID7_1_0_}
          - entity-element alias suffix - 1_
          - 1_entity-element suffixed key columns - id1_8_1_
          - JOIN (JoinDefinedByMetadata(elements)) : <gen:0> -> <gen:1>
             - EntityQuerySpaceImpl(uid=<gen:1>, entity=org.thingsplode.core.entities.Treshold)
                - SQL table alias mapping - tresholds0_
                - alias suffix - 1_
                - suffixed key columns - {id1_8_1_}
                - JOIN (JoinDefinedByMetadata(tresholdValue)) : <gen:1> -> <gen:2>
                   - CompositeQuerySpaceImpl(uid=<gen:2>)
                      - SQL table alias mapping - tresholds0_

5736 [main] DEBUG org.hibernate.loader.collection.plan.CollectionLoader  - Static select for collection org.thingsplode.core.entities.Component.tresholds: select tresholds0_.COMP_ID as COMP_ID7_1_0_, tresholds0_.id as id1_8_0_, tresholds0_.id as id1_8_1_, tresholds0_.name as name2_8_1_, tresholds0_.scope as scope3_8_1_, tresholds0_.content as content4_8_1_, tresholds0_.VALUE_TYPE as VALUE_TY5_8_1_, tresholds0_.type as type6_8_1_ from TRESHOLDS tresholds0_ where tresholds0_.COMP_ID=?
5736 [main] DEBUG org.hibernate.loader.plan.build.internal.spaces.QuerySpacesImpl  - Adding QuerySpace : uid = <gen:0> -> org.hibernate.loader.plan.build.internal.spaces.CollectionQuerySpaceImpl@25ae1f80]
5736 [main] DEBUG org.hibernate.loader.plan.build.internal.spaces.QuerySpacesImpl  - Adding QuerySpace : uid = <gen:1> -> org.hibernate.loader.plan.build.internal.spaces.EntityQuerySpaceImpl@54f2df29]
5736 [main] DEBUG org.hibernate.loader.plan.build.internal.FetchStyleLoadPlanBuildingAssociationVisitationStrategy  - Building LoadPlan...
5736 [main] DEBUG org.hibernate.loader.plan.exec.internal.LoadQueryJoinAndFetchProcessor  - processing queryspace <gen:0>
5736 [main] DEBUG org.hibernate.loader.plan.build.spi.LoadPlanTreePrinter  - LoadPlan(collection=org.thingsplode.core.entities.Component.configuration)
    - Returns
       - CollectionReturnImpl(collection=org.thingsplode.core.entities.Component.configuration, querySpaceUid=<gen:0>, path=[org.thingsplode.core.entities.Component.configuration])
          - (collection element) CollectionFetchableElementEntityGraph(entity=org.thingsplode.core.entities.Configuration, querySpaceUid=<gen:1>, path=[org.thingsplode.core.entities.Component.configuration].<elements>)
    - QuerySpaces
       - CollectionQuerySpaceImpl(uid=<gen:0>, collection=org.thingsplode.core.entities.Component.configuration)
          - SQL table alias mapping - configurat0_
          - alias suffix - 0_
          - suffixed key columns - {COMP_ID6_1_0_}
          - entity-element alias suffix - 1_
          - 1_entity-element suffixed key columns - id1_2_1_
          - JOIN (JoinDefinedByMetadata(elements)) : <gen:0> -> <gen:1>
             - EntityQuerySpaceImpl(uid=<gen:1>, entity=org.thingsplode.core.entities.Configuration)
                - SQL table alias mapping - configurat0_
                - alias suffix - 1_
                - suffixed key columns - {id1_2_1_}

5737 [main] DEBUG org.hibernate.loader.collection.plan.CollectionLoader  - Static select for collection org.thingsplode.core.entities.Component.configuration: select configurat0_.COMP_ID as COMP_ID6_1_0_, configurat0_.id as id1_2_0_, configurat0_.id as id1_2_1_, configurat0_.key as key2_2_1_, configurat0_.syncStatus as syncStat3_2_1_, configurat0_.type as type4_2_1_, configurat0_.value as value5_2_1_ from CONFIGURATION configurat0_ where configurat0_.COMP_ID=?
5737 [main] DEBUG org.hibernate.loader.plan.build.internal.spaces.QuerySpacesImpl  - Adding QuerySpace : uid = <gen:0> -> org.hibernate.loader.plan.build.internal.spaces.CollectionQuerySpaceImpl@305552d6]
5737 [main] DEBUG org.hibernate.loader.plan.build.internal.spaces.QuerySpacesImpl  - Adding QuerySpace : uid = <gen:1> -> org.hibernate.loader.plan.build.internal.spaces.EntityQuerySpaceImpl@729cd862]
5737 [main] DEBUG org.hibernate.loader.plan.build.internal.spaces.QuerySpacesImpl  - Adding QuerySpace : uid = <gen:2> -> org.hibernate.loader.plan.build.internal.spaces.EntityQuerySpaceImpl@4c56644f]
5737 [main] DEBUG org.hibernate.loader.plan.build.internal.spaces.QuerySpacesImpl  - Adding QuerySpace : uid = <gen:3> -> org.hibernate.loader.plan.build.internal.spaces.CompositeQuerySpaceImpl@43588265]
5737 [main] DEBUG org.hibernate.loader.plan.build.internal.spaces.QuerySpacesImpl  - Adding QuerySpace : uid = <gen:4> -> org.hibernate.loader.plan.build.internal.spaces.CompositeQuerySpaceImpl@100d0218]
5737 [main] DEBUG org.hibernate.loader.plan.build.internal.FetchStyleLoadPlanBuildingAssociationVisitationStrategy  - Building LoadPlan...
5737 [main] DEBUG org.hibernate.loader.plan.exec.internal.LoadQueryJoinAndFetchProcessor  - processing queryspace <gen:0>
5737 [main] DEBUG org.hibernate.loader.plan.build.spi.LoadPlanTreePrinter  - LoadPlan(collection=org.thingsplode.core.entities.Component.components)
    - Returns
       - CollectionReturnImpl(collection=org.thingsplode.core.entities.Component.components, querySpaceUid=<gen:0>, path=[org.thingsplode.core.entities.Component.components])
          - (collection element) CollectionFetchableElementEntityGraph(entity=org.thingsplode.core.entities.Component, querySpaceUid=<gen:1>, path=[org.thingsplode.core.entities.Component.components].<elements>)
             - EntityAttributeFetchImpl(entity=org.thingsplode.core.entities.Model, querySpaceUid=<gen:2>, path=[org.thingsplode.core.entities.Component.components].<elements>.model)
             - CompositeAttributeFetchImpl(composite=org.thingsplode.core.Location, querySpaceUid=<gen:3>, path=[org.thingsplode.core.entities.Component.components].<elements>.location)
                - NestedCompositeAttributeFetchImpl(composite=org.thingsplode.core.Address, querySpaceUid=<gen:4>, path=[org.thingsplode.core.entities.Component.components].<elements>.location.address)
    - QuerySpaces
       - CollectionQuerySpaceImpl(uid=<gen:0>, collection=org.thingsplode.core.entities.Component.components)
          - SQL table alias mapping - components0_
          - alias suffix - 0_
          - suffixed key columns - {ROOT_CO11_1_0_}
          - entity-element alias suffix - 1_
          - 1_entity-element suffixed key columns - id2_1_1_
          - JOIN (JoinDefinedByMetadata(elements)) : <gen:0> -> <gen:1>
             - EntityQuerySpaceImpl(uid=<gen:1>, entity=org.thingsplode.core.entities.Component)
                - SQL table alias mapping - components0_
                - alias suffix - 1_
                - suffixed key columns - {id2_1_1_}
                - JOIN (JoinDefinedByMetadata(model)) : <gen:1> -> <gen:2>
                   - EntityQuerySpaceImpl(uid=<gen:2>, entity=org.thingsplode.core.entities.Model)
                      - SQL table alias mapping - model1_
                      - alias suffix - 2_
                      - suffixed key columns - {id1_6_2_}
                - JOIN (JoinDefinedByMetadata(location)) : <gen:1> -> <gen:3>
                   - CompositeQuerySpaceImpl(uid=<gen:3>)
                      - SQL table alias mapping - components0_
                      - JOIN (JoinDefinedByMetadata(address)) : <gen:3> -> <gen:4>
                         - CompositeQuerySpaceImpl(uid=<gen:4>)
                            - SQL table alias mapping - components0_

5738 [main] DEBUG org.hibernate.loader.collection.plan.CollectionLoader  - Static select for collection org.thingsplode.core.entities.Component.components: select components0_.ROOT_COMP_ID as ROOT_CO11_1_0_, components0_.id as id2_1_0_, components0_.id as id2_1_1_, components0_.deviceClass as deviceCl3_1_1_, components0_.enabledState as enabledS4_1_1_, components0_.identification as identifi5_1_1_, components0_.model_id as model_i10_1_1_, components0_.partNumber as partNumb6_1_1_, components0_.serialNumber as serialNu7_1_1_, components0_.status as status8_1_1_, components0_.type as type9_1_1_, components0_1_.hostAddress as hostAddr1_3_1_, components0_1_.lastHeartBeat as lastHear2_3_1_, components0_1_.city as city3_3_1_, components0_1_.country as country4_3_1_, components0_1_.houseNumber as houseNum5_3_1_, components0_1_.postCode as postCode6_3_1_, components0_1_.state as state7_3_1_, components0_1_.street as street8_3_1_, components0_1_.description as descript9_3_1_, components0_1_.latitude as latitud10_3_1_, components0_1_.longitude as longitu11_3_1_, components0_1_.startupDate as startup12_3_1_, components0_.MAIN_TYPE as MAIN_TYP1_1_1_, model1_.id as id1_6_2_, model1_.manufacturer as manufact2_6_2_, model1_.type as type3_6_2_, model1_.version as version4_6_2_ from COMPONENT components0_ left outer join DEVICES components0_1_ on components0_.id=components0_1_.id left outer join MODELS model1_ on components0_.model_id=model1_.id where components0_.ROOT_COMP_ID=?
5738 [main] DEBUG org.hibernate.loader.plan.build.internal.spaces.QuerySpacesImpl  - Adding QuerySpace : uid = <gen:0> -> org.hibernate.loader.plan.build.internal.spaces.CollectionQuerySpaceImpl@20b829d5]
5738 [main] DEBUG org.hibernate.loader.plan.build.internal.spaces.QuerySpacesImpl  - Adding QuerySpace : uid = <gen:1> -> org.hibernate.loader.plan.build.internal.spaces.EntityQuerySpaceImpl@7c5f29c6]
5738 [main] DEBUG org.hibernate.loader.plan.build.internal.FetchStyleLoadPlanBuildingAssociationVisitationStrategy  - Building LoadPlan...
5738 [main] DEBUG org.hibernate.loader.plan.exec.internal.LoadQueryJoinAndFetchProcessor  - processing queryspace <gen:0>
5738 [main] DEBUG org.hibernate.loader.plan.build.spi.LoadPlanTreePrinter  - LoadPlan(collection=org.thingsplode.core.entities.Capability.parameters)
    - Returns
       - CollectionReturnImpl(collection=org.thingsplode.core.entities.Capability.parameters, querySpaceUid=<gen:0>, path=[org.thingsplode.core.entities.Capability.parameters])
          - (collection element) CollectionFetchableElementEntityGraph(entity=org.thingsplode.core.entities.Parameter, querySpaceUid=<gen:1>, path=[org.thingsplode.core.entities.Capability.parameters].<elements>)
    - QuerySpaces
       - CollectionQuerySpaceImpl(uid=<gen:0>, collection=org.thingsplode.core.entities.Capability.parameters)
          - SQL table alias mapping - parameters0_
          - alias suffix - 0_
          - suffixed key columns - {CAP_ID4_0_0_}
          - entity-element alias suffix - 1_
          - 1_entity-element suffixed key columns - id1_7_1_
          - JOIN (JoinDefinedByMetadata(elements)) : <gen:0> -> <gen:1>
             - EntityQuerySpaceImpl(uid=<gen:1>, entity=org.thingsplode.core.entities.Parameter)
                - SQL table alias mapping - parameters0_
                - alias suffix - 1_
                - suffixed key columns - {id1_7_1_}

5742 [main] DEBUG org.hibernate.loader.collection.plan.CollectionLoader  - Static select for collection org.thingsplode.core.entities.Capability.parameters: select parameters0_.CAP_ID as CAP_ID4_0_0_, parameters0_.id as id1_7_0_, parameters0_.id as id1_7_1_, parameters0_.name as name2_7_1_, parameters0_.valueType as valueTyp3_7_1_ from PARAMETERS parameters0_ where parameters0_.CAP_ID=?
5742 [main] DEBUG org.hibernate.loader.plan.build.internal.spaces.QuerySpacesImpl  - Adding QuerySpace : uid = <gen:0> -> org.hibernate.loader.plan.build.internal.spaces.CollectionQuerySpaceImpl@643f6179]
5743 [main] DEBUG org.hibernate.loader.plan.build.internal.spaces.QuerySpacesImpl  - Adding QuerySpace : uid = <gen:1> -> org.hibernate.loader.plan.build.internal.spaces.EntityQuerySpaceImpl@61ab6521]
5743 [main] DEBUG org.hibernate.loader.plan.build.internal.spaces.QuerySpacesImpl  - Adding QuerySpace : uid = <gen:2> -> org.hibernate.loader.plan.build.internal.spaces.CollectionQuerySpaceImpl@68fc9167]
5743 [main] DEBUG org.hibernate.loader.plan.build.internal.spaces.QuerySpacesImpl  - Adding QuerySpace : uid = <gen:3> -> org.hibernate.loader.plan.build.internal.spaces.EntityQuerySpaceImpl@52c46334]
5743 [main] DEBUG org.hibernate.loader.plan.build.internal.spaces.QuerySpacesImpl  - Adding QuerySpace : uid = <gen:4> -> org.hibernate.loader.plan.build.internal.spaces.CompositeQuerySpaceImpl@12fccff0]
5743 [main] DEBUG org.hibernate.loader.plan.build.internal.FetchStyleLoadPlanBuildingAssociationVisitationStrategy  - Building LoadPlan...
5743 [main] DEBUG org.hibernate.loader.plan.exec.internal.LoadQueryJoinAndFetchProcessor  - processing queryspace <gen:0>
5743 [main] DEBUG org.hibernate.loader.plan.build.spi.LoadPlanTreePrinter  - LoadPlan(collection=org.thingsplode.core.entities.Component.capabilities)
    - Returns
       - CollectionReturnImpl(collection=org.thingsplode.core.entities.Component.capabilities, querySpaceUid=<gen:0>, path=[org.thingsplode.core.entities.Component.capabilities])
          - (collection element) CollectionFetchableElementEntityGraph(entity=org.thingsplode.core.entities.Capability, querySpaceUid=<gen:1>, path=[org.thingsplode.core.entities.Component.capabilities].<elements>)
             - CollectionAttributeFetchImpl(collection=org.thingsplode.core.entities.Capability.parameters, querySpaceUid=<gen:2>, path=[org.thingsplode.core.entities.Component.capabilities].<elements>.parameters)
                - (collection element) CollectionFetchableElementEntityGraph(entity=org.thingsplode.core.entities.Parameter, querySpaceUid=<gen:3>, path=[org.thingsplode.core.entities.Component.capabilities].<elements>.parameters.<elements>)
             - CompositeAttributeFetchImpl(composite=org.thingsplode.core.Value, querySpaceUid=<gen:4>, path=[org.thingsplode.core.entities.Component.capabilities].<elements>.value)
    - QuerySpaces
       - CollectionQuerySpaceImpl(uid=<gen:0>, collection=org.thingsplode.core.entities.Component.capabilities)
          - SQL table alias mapping - capabiliti0_
          - alias suffix - 0_
          - suffixed key columns - {COMP_ID7_1_0_}
          - entity-element alias suffix - 1_
          - 1_entity-element suffixed key columns - id1_0_1_
          - JOIN (JoinDefinedByMetadata(elements)) : <gen:0> -> <gen:1>
             - EntityQuerySpaceImpl(uid=<gen:1>, entity=org.thingsplode.core.entities.Capability)
                - SQL table alias mapping - capabiliti0_
                - alias suffix - 1_
                - suffixed key columns - {id1_0_1_}
                - JOIN (JoinDefinedByMetadata(value)) : <gen:1> -> <gen:4>
                   - CompositeQuerySpaceImpl(uid=<gen:4>)
                      - SQL table alias mapping - capabiliti0_

5743 [main] DEBUG org.hibernate.loader.collection.plan.CollectionLoader  - Static select for collection org.thingsplode.core.entities.Component.capabilities: select capabiliti0_.COMP_ID as COMP_ID7_1_0_, capabiliti0_.id as id1_0_0_, capabiliti0_.id as id1_0_1_, capabiliti0_.active as active2_0_1_, capabiliti0_.name as name3_0_1_, capabiliti0_.type as type4_0_1_, capabiliti0_.content as content5_0_1_, capabiliti0_.VALUE_TYPE as VALUE_TY6_0_1_ from CAPABILITIES capabiliti0_ where capabiliti0_.COMP_ID=?
5743 [main] DEBUG org.hibernate.loader.plan.build.internal.spaces.QuerySpacesImpl  - Adding QuerySpace : uid = <gen:0> -> org.hibernate.loader.plan.build.internal.spaces.CollectionQuerySpaceImpl@510da778]
5743 [main] DEBUG org.hibernate.loader.plan.build.internal.spaces.QuerySpacesImpl  - Adding QuerySpace : uid = <gen:1> -> org.hibernate.loader.plan.build.internal.spaces.EntityQuerySpaceImpl@20a1b3ae]
5743 [main] DEBUG org.hibernate.loader.plan.build.internal.spaces.QuerySpacesImpl  - Adding QuerySpace : uid = <gen:2> -> org.hibernate.loader.plan.build.internal.spaces.CompositeQuerySpaceImpl@6546371]
5744 [main] DEBUG org.hibernate.loader.plan.build.internal.FetchStyleLoadPlanBuildingAssociationVisitationStrategy  - Building LoadPlan...
5744 [main] DEBUG org.hibernate.loader.plan.exec.internal.LoadQueryJoinAndFetchProcessor  - processing queryspace <gen:0>
5744 [main] DEBUG org.hibernate.loader.plan.build.spi.LoadPlanTreePrinter  - LoadPlan(collection=org.thingsplode.core.entities.Event.indications)
    - Returns
       - CollectionReturnImpl(collection=org.thingsplode.core.entities.Event.indications, querySpaceUid=<gen:0>, path=[org.thingsplode.core.entities.Event.indications])
          - (collection element) CollectionFetchableElementEntityGraph(entity=org.thingsplode.core.entities.Indication, querySpaceUid=<gen:1>, path=[org.thingsplode.core.entities.Event.indications].<elements>)
             - CompositeAttributeFetchImpl(composite=org.thingsplode.core.Value, querySpaceUid=<gen:2>, path=[org.thingsplode.core.entities.Event.indications].<elements>.indicationValue)
    - QuerySpaces
       - CollectionQuerySpaceImpl(uid=<gen:0>, collection=org.thingsplode.core.entities.Event.indications)
          - SQL table alias mapping - indication0_
          - alias suffix - 0_
          - suffixed key columns - {EVT_ID5_4_0_}
          - entity-element alias suffix - 1_
          - 1_entity-element suffixed key columns - id1_5_1_
          - JOIN (JoinDefinedByMetadata(elements)) : <gen:0> -> <gen:1>
             - EntityQuerySpaceImpl(uid=<gen:1>, entity=org.thingsplode.core.entities.Indication)
                - SQL table alias mapping - indication0_
                - alias suffix - 1_
                - suffixed key columns - {id1_5_1_}
                - JOIN (JoinDefinedByMetadata(indicationValue)) : <gen:1> -> <gen:2>
                   - CompositeQuerySpaceImpl(uid=<gen:2>)
                      - SQL table alias mapping - indication0_

5744 [main] DEBUG org.hibernate.loader.collection.plan.CollectionLoader  - Static select for collection org.thingsplode.core.entities.Event.indications: select indication0_.EVT_ID as EVT_ID5_4_0_, indication0_.id as id1_5_0_, indication0_.id as id1_5_1_, indication0_.content as content2_5_1_, indication0_.VALUE_TYPE as VALUE_TY3_5_1_, indication0_.name as name4_5_1_ from INDICATIONS indication0_ where indication0_.EVT_ID=?
5744 [main] DEBUG org.hibernate.internal.SessionFactoryRegistry  - Registering SessionFactory: dde1eeae-547e-49ac-86d1-00e997f417e5 (<unnamed>)
5744 [main] DEBUG org.hibernate.internal.SessionFactoryRegistry  - Not binding SessionFactory to JNDI, no JNDI name configured
5744 [main] DEBUG org.hibernate.internal.SessionFactoryImpl  - Instantiated session factory
5744 [main] INFO org.hibernate.tool.hbm2ddl.SchemaUpdate  - HHH000228: Running hbm2ddl schema update
5744 [main] INFO org.hibernate.tool.hbm2ddl.SchemaUpdate  - HHH000102: Fetching database metadata
5745 [main] INFO org.hibernate.tool.hbm2ddl.SchemaUpdate  - HHH000396: Updating schema
5749 [main] INFO org.hibernate.tool.hbm2ddl.TableMetadata  - HHH000261: Table found: THINGSPLODE_H2DB_TEST.PUBLIC.CAPABILITIES
5749 [main] INFO org.hibernate.tool.hbm2ddl.TableMetadata  - HHH000037: Columns: [value_type, name, active, id, type, comp_id, content]
5749 [main] INFO org.hibernate.tool.hbm2ddl.TableMetadata  - HHH000108: Foreign keys: [fk_qh15qq5csvpdy9gr04xvpa5kp]
5749 [main] INFO org.hibernate.tool.hbm2ddl.TableMetadata  - HHH000126: Indexes: [primary_key_3, uk_kkhl72he91wcxsg4hcaxidb37_index_3, fk_qh15qq5csvpdy9gr04xvpa5kp_index_3]
5751 [main] INFO org.hibernate.tool.hbm2ddl.TableMetadata  - HHH000261: Table found: THINGSPLODE_H2DB_TEST.PUBLIC.COMPONENT
5751 [main] INFO org.hibernate.tool.hbm2ddl.TableMetadata  - HHH000037: Columns: [identification, serialnumber, enabledstate, root_comp_id, main_type, id, model_id, deviceclass, type, partnumber, status]
5751 [main] INFO org.hibernate.tool.hbm2ddl.TableMetadata  - HHH000108: Foreign keys: [fk_feg3sht8wk011xwtjhv5stvtm, fk_lo7idin9s0k11tueyb9jsmw6a]
5751 [main] INFO org.hibernate.tool.hbm2ddl.TableMetadata  - HHH000126: Indexes: [unique_ids_index_5, uk_g3yj09kkuwosboyy33l8eyuqo_index_5, fk_lo7idin9s0k11tueyb9jsmw6a_index_5, fk_feg3sht8wk011xwtjhv5stvtm_index_5, primary_key_5]
5753 [main] INFO org.hibernate.tool.hbm2ddl.TableMetadata  - HHH000261: Table found: THINGSPLODE_H2DB_TEST.PUBLIC.CONFIGURATION
5754 [main] INFO org.hibernate.tool.hbm2ddl.TableMetadata  - HHH000037: Columns: [syncstatus, id, type, comp_id, value, key]
5754 [main] INFO org.hibernate.tool.hbm2ddl.TableMetadata  - HHH000108: Foreign keys: [fk_pbc8wm565b6wuik56r3wdikd0]
5754 [main] INFO org.hibernate.tool.hbm2ddl.TableMetadata  - HHH000126: Indexes: [primary_key_2, unique_conf_index_2, fk_pbc8wm565b6wuik56r3wdikd0_index_2]
5757 [main] INFO org.hibernate.tool.hbm2ddl.TableMetadata  - HHH000261: Table found: THINGSPLODE_H2DB_TEST.PUBLIC.DEVICES
5757 [main] INFO org.hibernate.tool.hbm2ddl.TableMetadata  - HHH000037: Columns: [country, startupdate, city, latitude, postcode, description, hostaddress, lastheartbeat, housenumber, street, state, id, longitude]
5757 [main] INFO org.hibernate.tool.hbm2ddl.TableMetadata  - HHH000108: Foreign keys: [fk_2k3ne9brr5hwviblbh9dxc48j]
5757 [main] INFO org.hibernate.tool.hbm2ddl.TableMetadata  - HHH000126: Indexes: [primary_key_8]
5759 [main] INFO org.hibernate.tool.hbm2ddl.TableMetadata  - HHH000261: Table found: THINGSPLODE_H2DB_TEST.PUBLIC.EVENTS
5759 [main] INFO org.hibernate.tool.hbm2ddl.TableMetadata  - HHH000037: Columns: [severity, eventid, component_id, receivedate, id, type, eventclass, eventdate]
5759 [main] INFO org.hibernate.tool.hbm2ddl.TableMetadata  - HHH000108: Foreign keys: [fk_3bpapgqkbtlnm5emfpa5787fu]
5759 [main] INFO org.hibernate.tool.hbm2ddl.TableMetadata  - HHH000126: Indexes: [fk_3bpapgqkbtlnm5emfpa5787fu_index_7, primary_key_7]
5761 [main] INFO org.hibernate.tool.hbm2ddl.TableMetadata  - HHH000261: Table found: THINGSPLODE_H2DB_TEST.PUBLIC.INDICATIONS
5762 [main] INFO org.hibernate.tool.hbm2ddl.TableMetadata  - HHH000037: Columns: [value_type, name, evt_id, id, content]
5762 [main] INFO org.hibernate.tool.hbm2ddl.TableMetadata  - HHH000108: Foreign keys: [fk_t4hs0iiteqh8pkdjetw87tjm2]
5762 [main] INFO org.hibernate.tool.hbm2ddl.TableMetadata  - HHH000126: Indexes: [primary_key_30, fk_t4hs0iiteqh8pkdjetw87tjm2_index_3]
5763 [main] INFO org.hibernate.tool.hbm2ddl.TableMetadata  - HHH000261: Table found: THINGSPLODE_H2DB_TEST.PUBLIC.MODELS
5764 [main] INFO org.hibernate.tool.hbm2ddl.TableMetadata  - HHH000037: Columns: [id, type, version, manufacturer]
5764 [main] INFO org.hibernate.tool.hbm2ddl.TableMetadata  - HHH000108: Foreign keys: []
5764 [main] INFO org.hibernate.tool.hbm2ddl.TableMetadata  - HHH000126: Indexes: [primary_key_87, uk_8g9ptgdwhdocc2x7hwrk9gsyp_index_8]
5765 [main] INFO org.hibernate.tool.hbm2ddl.TableMetadata  - HHH000261: Table found: THINGSPLODE_H2DB_TEST.PUBLIC.PARAMETERS
5765 [main] INFO org.hibernate.tool.hbm2ddl.TableMetadata  - HHH000037: Columns: [valuetype, cap_id, name, id]
5765 [main] INFO org.hibernate.tool.hbm2ddl.TableMetadata  - HHH000108: Foreign keys: [fk_6x9a0gjj2wb7v5jt30ibm1o5h]
5765 [main] INFO org.hibernate.tool.hbm2ddl.TableMetadata  - HHH000126: Indexes: [primary_key_38, fk_6x9a0gjj2wb7v5jt30ibm1o5h_index_3]
5767 [main] INFO org.hibernate.tool.hbm2ddl.TableMetadata  - HHH000261: Table found: THINGSPLODE_H2DB_TEST.PUBLIC.TRESHOLDS
5767 [main] INFO org.hibernate.tool.hbm2ddl.TableMetadata  - HHH000037: Columns: [value_type, scope, name, id, type, comp_id, content]
5768 [main] INFO org.hibernate.tool.hbm2ddl.TableMetadata  - HHH000108: Foreign keys: [fk_qt6y1pwe684s6r4dfp03a3uv0]
5768 [main] INFO org.hibernate.tool.hbm2ddl.TableMetadata  - HHH000126: Indexes: [primary_key_c, fk_qt6y1pwe684s6r4dfp03a3uv0_index_c, uk_fg5yr6e1y46ad0srwsxolyrwr_index_c]
5768 [main] DEBUG org.hibernate.tool.hbm2ddl.SchemaUpdate  - alter table CAPABILITIES drop constraint if exists UK_kkhl72he91wcxsg4hcaxidb37
5768 [main] DEBUG org.hibernate.tool.hbm2ddl.SchemaUpdate  - alter table CAPABILITIES add constraint UK_kkhl72he91wcxsg4hcaxidb37  unique (name, COMP_ID)
5769 [main] DEBUG org.hibernate.tool.hbm2ddl.SchemaUpdate  - alter table COMPONENT drop constraint if exists unique_ids
5769 [main] DEBUG org.hibernate.tool.hbm2ddl.SchemaUpdate  - alter table COMPONENT add constraint unique_ids  unique (identification, ROOT_COMP_ID)
5769 [main] DEBUG org.hibernate.tool.hbm2ddl.SchemaUpdate  - alter table CONFIGURATION drop constraint if exists unique_conf
5770 [main] DEBUG org.hibernate.tool.hbm2ddl.SchemaUpdate  - alter table CONFIGURATION add constraint unique_conf  unique (key, COMP_ID)
5770 [main] DEBUG org.hibernate.tool.hbm2ddl.SchemaUpdate  - alter table MODELS drop constraint if exists UK_8g9ptgdwhdocc2x7hwrk9gsyp
5770 [main] DEBUG org.hibernate.tool.hbm2ddl.SchemaUpdate  - alter table MODELS add constraint UK_8g9ptgdwhdocc2x7hwrk9gsyp  unique (manufacturer, type, version)
5771 [main] DEBUG org.hibernate.tool.hbm2ddl.SchemaUpdate  - alter table TRESHOLDS drop constraint if exists UK_fg5yr6e1y46ad0srwsxolyrwr
5771 [main] DEBUG org.hibernate.tool.hbm2ddl.SchemaUpdate  - alter table TRESHOLDS add constraint UK_fg5yr6e1y46ad0srwsxolyrwr  unique (name, COMP_ID)
5771 [main] INFO org.hibernate.tool.hbm2ddl.SchemaUpdate  - HHH000232: Schema update complete
5773 [main] DEBUG org.hibernate.internal.NamedQueryRepository  - Checking 0 named HQL queries
5774 [main] DEBUG org.hibernate.internal.NamedQueryRepository  - Checking 0 named SQL queries
5774 [main] DEBUG org.hibernate.stat.internal.StatisticsInitiator  - Statistics initialized [enabled=false]
5774 [main] DEBUG org.hibernate.jpa.internal.schemagen.JpaSchemaGenerator  - No actions specified; doing nothing
5782 [main] DEBUG org.hibernate.jpa.internal.EntityManagerFactoryRegistry  - Registering EntityManagerFactory: default 
5790 [main] WARN org.hibernate.jpa.internal.EntityManagerFactoryRegistry  - HHH000436: Entity manager factory name (default) is already registered.  If entity manager will be clustered or passivated, specify a unique value for property 'hibernate.ejb.entitymanager_factory_name'
5847 [main] DEBUG org.hibernate.jpa.spi.AbstractEntityManagerImpl  - Mark transaction for rollback
5854 [main] DEBUG org.hibernate.jpa.spi.AbstractEntityManagerImpl  - Mark transaction for rollback
5855 [main] DEBUG org.hibernate.jpa.spi.AbstractEntityManagerImpl  - Mark transaction for rollback
5862 [main] DEBUG org.hibernate.jpa.spi.AbstractEntityManagerImpl  - Mark transaction for rollback
5893 [main] DEBUG org.hibernate.hql.internal.ast.QueryTranslatorImpl  - parse() - HQL: select c from org.thingsplode.core.entities.Component c where MAIN_TYPE= ?1
5894 [main] DEBUG org.hibernate.hql.internal.ast.QueryTranslatorImpl  - --- HQL AST ---
 \-[QUERY] Node: 'query'
    +-[SELECT_FROM] Node: 'SELECT_FROM'
    |  +-[FROM] Node: 'from'
    |  |  \-[RANGE] Node: 'RANGE'
    |  |     +-[DOT] Node: '.'
    |  |     |  +-[DOT] Node: '.'
    |  |     |  |  +-[DOT] Node: '.'
    |  |     |  |  |  +-[DOT] Node: '.'
    |  |     |  |  |  |  +-[IDENT] Node: 'org'
    |  |     |  |  |  |  \-[IDENT] Node: 'thingsplode'
    |  |     |  |  |  \-[IDENT] Node: 'core'
    |  |     |  |  \-[IDENT] Node: 'entities'
    |  |     |  \-[IDENT] Node: 'Component'
    |  |     \-[ALIAS] Node: 'c'
    |  \-[SELECT] Node: 'select'
    |     \-[IDENT] Node: 'c'
    \-[WHERE] Node: 'where'
       \-[EQ] Node: '='
          +-[IDENT] Node: 'MAIN_TYPE'
          \-[PARAM] Node: '?'
             \-[NUM_INT] Node: '1'

5894 [main] DEBUG org.hibernate.hql.internal.ast.ErrorCounter  - throwQueryException() : no errors
5894 [main] DEBUG org.hibernate.hql.internal.antlr.HqlSqlBaseWalker  - select << begin [level=1, statement=select]
5894 [main] DEBUG org.hibernate.hql.internal.ast.tree.FromElement  - FromClause{level=1} : org.thingsplode.core.entities.Component (c) -> component0_
5894 [main] DEBUG org.hibernate.hql.internal.ast.tree.FromReferenceNode  - Resolved : c -> component0_.id
5895 [main] DEBUG org.hibernate.hql.internal.antlr.HqlSqlBaseWalker  - select : finishing up [level=1, statement=select]
5895 [main] DEBUG org.hibernate.hql.internal.ast.HqlSqlWalker  - processQuery() :  ( SELECT ( {select clause} component0_.id ) ( FromClause{level=1} COMPONENT component0_ ) ( where ( = MAIN_TYPE ? ) ) )
5895 [main] DEBUG org.hibernate.hql.internal.ast.util.JoinProcessor  - Using FROM fragment [COMPONENT component0_ left outer join DEVICES component0_1_ on component0_.id=component0_1_.id]
5895 [main] DEBUG org.hibernate.hql.internal.antlr.HqlSqlBaseWalker  - select >> end [level=1, statement=select]
5895 [main] DEBUG org.hibernate.hql.internal.ast.QueryTranslatorImpl  - --- SQL AST ---
 \-[SELECT] QueryNode: 'SELECT'  querySpaces (COMPONENT)
    +-[SELECT_CLAUSE] SelectClause: '{select clause}'
    |  +-[ALIAS_REF] IdentNode: 'component0_.id as id2_1_' {alias=c, className=org.thingsplode.core.entities.Component, tableAlias=component0_}
    |  \-[SQL_TOKEN] SqlFragment: 'component0_.deviceClass as deviceCl3_1_, component0_.enabledState as enabledS4_1_, component0_.identification as identifi5_1_, component0_.model_id as model_i10_1_, component0_.partNumber as partNumb6_1_, component0_.serialNumber as serialNu7_1_, component0_.status as status8_1_, component0_.type as type9_1_, component0_1_.hostAddress as hostAddr1_3_, component0_1_.lastHeartBeat as lastHear2_3_, component0_1_.city as city3_3_, component0_1_.country as country4_3_, component0_1_.houseNumber as houseNum5_3_, component0_1_.postCode as postCode6_3_, component0_1_.state as state7_3_, component0_1_.street as street8_3_, component0_1_.description as descript9_3_, component0_1_.latitude as latitud10_3_, component0_1_.longitude as longitu11_3_, component0_1_.startupDate as startup12_3_, component0_.MAIN_TYPE as MAIN_TYP1_1_'
    +-[FROM] FromClause: 'from' FromClause{level=1, fromElementCounter=1, fromElements=1, fromElementByClassAlias=[c], fromElementByTableAlias=[component0_], fromElementsByPath=[], collectionJoinFromElementsByPath=[], impliedElements=[]}
    |  \-[FROM_FRAGMENT] FromElement: 'COMPONENT component0_ left outer join DEVICES component0_1_ on component0_.id=component0_1_.id' FromElement{explicit,not a collection join,not a fetch join,fetch non-lazy properties,classAlias=c,role=null,tableName=COMPONENT,tableAlias=component0_,origin=null,columns={,className=org.thingsplode.core.entities.Component}}
    \-[WHERE] SqlNode: 'where'
       \-[EQ] BinaryLogicOperatorNode: '='
          +-[IDENT] IdentNode: 'MAIN_TYPE' {originalText=MAIN_TYPE}
          \-[NAMED_PARAM] ParameterNode: '?' {name=1, expectedType=null}

5895 [main] DEBUG org.hibernate.hql.internal.ast.ErrorCounter  - throwQueryException() : no errors
5895 [main] DEBUG org.hibernate.hql.internal.ast.QueryTranslatorImpl  - HQL: select c from org.thingsplode.core.entities.Component c where MAIN_TYPE= ?1
5895 [main] DEBUG org.hibernate.hql.internal.ast.QueryTranslatorImpl  - SQL: select component0_.id as id2_1_, component0_.deviceClass as deviceCl3_1_, component0_.enabledState as enabledS4_1_, component0_.identification as identifi5_1_, component0_.model_id as model_i10_1_, component0_.partNumber as partNumb6_1_, component0_.serialNumber as serialNu7_1_, component0_.status as status8_1_, component0_.type as type9_1_, component0_1_.hostAddress as hostAddr1_3_, component0_1_.lastHeartBeat as lastHear2_3_, component0_1_.city as city3_3_, component0_1_.country as country4_3_, component0_1_.houseNumber as houseNum5_3_, component0_1_.postCode as postCode6_3_, component0_1_.state as state7_3_, component0_1_.street as street8_3_, component0_1_.description as descript9_3_, component0_1_.latitude as latitud10_3_, component0_1_.longitude as longitu11_3_, component0_1_.startupDate as startup12_3_, component0_.MAIN_TYPE as MAIN_TYP1_1_ from COMPONENT component0_ left outer join DEVICES component0_1_ on component0_.id=component0_1_.id where MAIN_TYPE=?
5895 [main] DEBUG org.hibernate.hql.internal.ast.ErrorCounter  - throwQueryException() : no errors
Test Property ---------> [default]
]]></system-out>
  </testcase>
</testsuite>