<?xml version="1.0" encoding="UTF-8"?>
<testsuite name="org.thingsplode.server.repositories.RepositoryTest" time="0.567" tests="4" errors="4" skipped="0" failures="0">
  <properties>
    <property name="java.runtime.name" value="Java(TM) SE Runtime Environment"/>
    <property name="sun.boot.library.path" value="/usr/lib/jvm/java-8-oracle/jre/lib/amd64"/>
    <property name="java.vm.version" value="25.45-b02"/>
    <property name="java.vm.vendor" value="Oracle Corporation"/>
    <property name="java.vendor.url" value="http://java.oracle.com/"/>
    <property name="path.separator" value=":"/>
    <property name="guice.disable.misplaced.annotation.check" value="true"/>
    <property name="java.vm.name" value="Java HotSpot(TM) 64-Bit Server VM"/>
    <property name="file.encoding.pkg" value="sun.io"/>
    <property name="user.country" value="US"/>
    <property name="sun.java.launcher" value="SUN_STANDARD"/>
    <property name="sun.os.patch.level" value="unknown"/>
    <property name="java.vm.specification.name" value="Java Virtual Machine Specification"/>
    <property name="user.dir" value="/home/tamas/Code/thingsplode/thingsplode-server"/>
    <property name="java.runtime.version" value="1.8.0_45-b14"/>
    <property name="java.awt.graphicsenv" value="sun.awt.X11GraphicsEnvironment"/>
    <property name="java.endorsed.dirs" value="/usr/lib/jvm/java-8-oracle/jre/lib/endorsed"/>
    <property name="os.arch" value="amd64"/>
    <property name="java.io.tmpdir" value="/tmp"/>
    <property name="line.separator" value="&#10;"/>
    <property name="java.vm.specification.vendor" value="Oracle Corporation"/>
    <property name="os.name" value="Linux"/>
    <property name="maven.ext.class.path" value="/home/tamas/Programs/netbeans-8.0.2/java/maven-nblib/netbeans-eventspy.jar"/>
    <property name="classworlds.conf" value="/home/tamas/Programs/netbeans-8.0.2/java/maven/bin/m2.conf"/>
    <property name="sun.jnu.encoding" value="UTF-8"/>
    <property name="java.library.path" value="/usr/lib/jvm/java-8-oracle/jre/lib/amd64:/usr/lib/jvm/java-8-oracle/jre/lib/i386::/usr/java/packages/lib/amd64:/usr/lib64:/lib64:/lib:/usr/lib"/>
    <property name="java.specification.name" value="Java Platform API Specification"/>
    <property name="java.class.version" value="52.0"/>
    <property name="sun.management.compiler" value="HotSpot 64-Bit Tiered Compilers"/>
    <property name="os.version" value="3.16.0-37-generic"/>
    <property name="user.home" value="/home/tamas"/>
    <property name="user.timezone" value="Europe/Vienna"/>
    <property name="java.awt.printerjob" value="sun.print.PSPrinterJob"/>
    <property name="file.encoding" value="UTF-8"/>
    <property name="java.specification.version" value="1.8"/>
    <property name="java.net.useSystemProxies" value="true"/>
    <property name="user.name" value="tamas"/>
    <property name="java.class.path" value="/home/tamas/Programs/netbeans-8.0.2/java/maven/boot/plexus-classworlds-2.4.jar"/>
    <property name="java.vm.specification.version" value="1.8"/>
    <property name="sun.arch.data.model" value="64"/>
    <property name="java.home" value="/usr/lib/jvm/java-8-oracle/jre"/>
    <property name="sun.java.command" value="org.codehaus.plexus.classworlds.launcher.Launcher -Dmaven.ext.class.path=/home/tamas/Programs/netbeans-8.0.2/java/maven-nblib/netbeans-eventspy.jar -Djava.net.useSystemProxies=true clean install"/>
    <property name="java.specification.vendor" value="Oracle Corporation"/>
    <property name="user.language" value="en"/>
    <property name="awt.toolkit" value="sun.awt.X11.XToolkit"/>
    <property name="java.vm.info" value="mixed mode"/>
    <property name="java.version" value="1.8.0_45"/>
    <property name="java.ext.dirs" value="/usr/lib/jvm/java-8-oracle/jre/lib/ext:/usr/java/packages/lib/ext"/>
    <property name="securerandom.source" value="file:/dev/./urandom"/>
    <property name="sun.boot.class.path" value="/usr/lib/jvm/java-8-oracle/jre/lib/resources.jar:/usr/lib/jvm/java-8-oracle/jre/lib/rt.jar:/usr/lib/jvm/java-8-oracle/jre/lib/sunrsasign.jar:/usr/lib/jvm/java-8-oracle/jre/lib/jsse.jar:/usr/lib/jvm/java-8-oracle/jre/lib/jce.jar:/usr/lib/jvm/java-8-oracle/jre/lib/charsets.jar:/usr/lib/jvm/java-8-oracle/jre/lib/jfr.jar:/usr/lib/jvm/java-8-oracle/jre/classes"/>
    <property name="java.vendor" value="Oracle Corporation"/>
    <property name="maven.home" value="/home/tamas/Programs/netbeans-8.0.2/java/maven"/>
    <property name="file.separator" value="/"/>
    <property name="java.vendor.url.bug" value="http://bugreport.sun.com/bugreport/"/>
    <property name="sun.cpu.endian" value="little"/>
    <property name="sun.io.unicode.encoding" value="UnicodeLittle"/>
    <property name="sun.desktop" value="gnome"/>
    <property name="sun.cpu.isalist" value=""/>
  </properties>
  <testcase name="testDeleteConfigs" classname="org.thingsplode.server.repositories.RepositoryTest" time="0.525">
    <error message="A collection with cascade=&quot;all-delete-orphan&quot; was no longer referenced by the owning entity instance: org.thingsplode.core.entities.Capability.parameters; nested exception is org.hibernate.HibernateException: A collection with cascade=&quot;all-delete-orphan&quot; was no longer referenced by the owning entity instance: org.thingsplode.core.entities.Capability.parameters" type="org.springframework.orm.jpa.JpaSystemException">org.springframework.orm.jpa.JpaSystemException: A collection with cascade="all-delete-orphan" was no longer referenced by the owning entity instance: org.thingsplode.core.entities.Capability.parameters; nested exception is org.hibernate.HibernateException: A collection with cascade="all-delete-orphan" was no longer referenced by the owning entity instance: org.thingsplode.core.entities.Capability.parameters
	at org.hibernate.engine.internal.Collections.processDereferencedCollection(Collections.java:114)
	at org.hibernate.engine.internal.Collections.processUnreachableCollection(Collections.java:67)
	at org.hibernate.event.internal.AbstractFlushingEventListener.flushCollections(AbstractFlushingEventListener.java:258)
	at org.hibernate.event.internal.AbstractFlushingEventListener.flushEverythingToExecutions(AbstractFlushingEventListener.java:103)
	at org.hibernate.event.internal.DefaultFlushEventListener.onFlush(DefaultFlushEventListener.java:55)
	at org.hibernate.internal.SessionImpl.flush(SessionImpl.java:1222)
	at org.hibernate.internal.SessionImpl.managedFlush(SessionImpl.java:425)
	at org.hibernate.engine.transaction.internal.jdbc.JdbcTransaction.beforeTransactionCommit(JdbcTransaction.java:101)
	at org.hibernate.engine.transaction.spi.AbstractTransactionImpl.commit(AbstractTransactionImpl.java:177)
	at org.hibernate.jpa.internal.TransactionImpl.commit(TransactionImpl.java:77)
	at org.springframework.orm.jpa.JpaTransactionManager.doCommit(JpaTransactionManager.java:517)
	at org.springframework.transaction.support.AbstractPlatformTransactionManager.processCommit(AbstractPlatformTransactionManager.java:757)
	at org.springframework.transaction.support.AbstractPlatformTransactionManager.commit(AbstractPlatformTransactionManager.java:726)
	at org.springframework.transaction.interceptor.TransactionAspectSupport.commitTransactionAfterReturning(TransactionAspectSupport.java:515)
	at org.springframework.transaction.interceptor.TransactionAspectSupport.invokeWithinTransaction(TransactionAspectSupport.java:291)
	at org.springframework.transaction.interceptor.TransactionInterceptor.invoke(TransactionInterceptor.java:96)
	at org.springframework.aop.framework.ReflectiveMethodInvocation.proceed(ReflectiveMethodInvocation.java:179)
	at org.springframework.dao.support.PersistenceExceptionTranslationInterceptor.invoke(PersistenceExceptionTranslationInterceptor.java:136)
	at org.springframework.aop.framework.ReflectiveMethodInvocation.proceed(ReflectiveMethodInvocation.java:179)
	at org.springframework.data.jpa.repository.support.CrudMethodMetadataPostProcessor$CrudMethodMetadataPopulatingMethodIntercceptor.invoke(CrudMethodMetadataPostProcessor.java:122)
	at org.springframework.aop.framework.ReflectiveMethodInvocation.proceed(ReflectiveMethodInvocation.java:179)
	at org.springframework.aop.interceptor.ExposeInvocationInterceptor.invoke(ExposeInvocationInterceptor.java:92)
	at org.springframework.aop.framework.ReflectiveMethodInvocation.proceed(ReflectiveMethodInvocation.java:179)
	at org.springframework.aop.framework.JdkDynamicAopProxy.invoke(JdkDynamicAopProxy.java:207)
	at com.sun.proxy.$Proxy77.save(Unknown Source)
	at org.thingsplode.server.repositories.RepositoryTest.testDeleteConfigs(RepositoryTest.java:82)
</error>
    <system-out><![CDATA[

 ***** 
 REMOVING PREVIOUS DATABASE: (/tmp/thingsplode_h2db_test.h2.db)
 *****


 **** WARNING: test database file was not found and not deleted. (/tmp/thingsplode_h2db_test.h2.db)
0 [main] DEBUG org.jboss.logging  - Logging Provider: org.jboss.logging.Log4jLoggerProvider
27 [main] INFO com.mchange.v2.log.MLog  - MLog clients using log4j logging.
108 [main] INFO com.mchange.v2.c3p0.C3P0Registry  - Initializing c3p0-0.9.1.2 [built 21-May-2007 15:04:56; debug? true; trace: 10]
572 [main] INFO com.mchange.v2.c3p0.impl.AbstractPoolBackedDataSource  - Initializing c3p0 pool... com.mchange.v2.c3p0.ComboPooledDataSource [ acquireIncrement -> 2, acquireRetryAttempts -> 10, acquireRetryDelay -> 1000, autoCommitOnClose -> false, automaticTestTable -> test, breakAfterAcquireFailure -> false, checkoutTimeout -> 0, connectionCustomizerClassName -> null, connectionTesterClassName -> com.mchange.v2.c3p0.impl.DefaultConnectionTester, dataSourceName -> z8kfsx99g6p8uv1bsvmrg|21ba0741, debugUnreturnedConnectionStackTraces -> false, description -> null, driverClass -> org.h2.Driver, factoryClassLocation -> null, forceIgnoreUnresolvedTransactions -> false, identityToken -> z8kfsx99g6p8uv1bsvmrg|21ba0741, idleConnectionTestPeriod -> 60000, initialPoolSize -> 10, jdbcUrl -> jdbc:h2:/tmp/thingsplode_h2db_test;MODE=Oracle;AUTO_SERVER=TRUE, maxAdministrativeTaskTime -> 0, maxConnectionAge -> 0, maxIdleTime -> 0, maxIdleTimeExcessConnections -> 0, maxPoolSize -> 20, maxStatements -> 0, maxStatementsPerConnection -> 50, minPoolSize -> 10, numHelperThreads -> 10, numThreadsAwaitingCheckoutDefaultUser -> 0, preferredTestQuery -> null, properties -> {user=******, password=******}, propertyCycle -> 0, testConnectionOnCheckin -> true, testConnectionOnCheckout -> false, unreturnedConnectionTimeout -> 0, usesTraditionalReflectiveProxies -> false ]
573 [main] DEBUG org.hibernate.jpa.internal.util.LogHelper  - PersistenceUnitInfo [
	name: default
	persistence provider classname: null
	classloader: sun.misc.Launcher$AppClassLoader@42a57993
	excludeUnlistedClasses: true
	JTA datasource: null
	Non JTA datasource: com.mchange.v2.c3p0.ComboPooledDataSource [ acquireIncrement -> 2, acquireRetryAttempts -> 10, acquireRetryDelay -> 1000, autoCommitOnClose -> false, automaticTestTable -> test, breakAfterAcquireFailure -> false, checkoutTimeout -> 0, connectionCustomizerClassName -> null, connectionTesterClassName -> com.mchange.v2.c3p0.impl.DefaultConnectionTester, dataSourceName -> z8kfsx99g6p8uv1bsvmrg|21ba0741, debugUnreturnedConnectionStackTraces -> false, description -> null, driverClass -> org.h2.Driver, factoryClassLocation -> null, forceIgnoreUnresolvedTransactions -> false, identityToken -> z8kfsx99g6p8uv1bsvmrg|21ba0741, idleConnectionTestPeriod -> 60000, initialPoolSize -> 10, jdbcUrl -> jdbc:h2:/tmp/thingsplode_h2db_test;MODE=Oracle;AUTO_SERVER=TRUE, maxAdministrativeTaskTime -> 0, maxConnectionAge -> 0, maxIdleTime -> 0, maxIdleTimeExcessConnections -> 0, maxPoolSize -> 20, maxStatements -> 0, maxStatementsPerConnection -> 50, minPoolSize -> 10, numHelperThreads -> 10, numThreadsAwaitingCheckoutDefaultUser -> 0, preferredTestQuery -> null, properties -> {user=******, password=******}, propertyCycle -> 0, testConnectionOnCheckin -> true, testConnectionOnCheckout -> false, unreturnedConnectionTimeout -> 0, usesTraditionalReflectiveProxies -> false ]
	Transaction type: RESOURCE_LOCAL
	PU root URL: file:/home/tamas/.m2/repository/org/thingsplode/thingsplode-core/1.0-SNAPSHOT/thingsplode-core-1.0-SNAPSHOT.jar
	Shared Cache Mode: UNSPECIFIED
	Validation Mode: AUTO
	Jar files URLs []
	Managed classes names [
		org.thingsplode.core.entities.Configuration
		org.thingsplode.core.entities.Component
		org.thingsplode.core.entities.Parameter
		org.thingsplode.core.entities.Indication
		org.thingsplode.core.entities.Capability
		org.thingsplode.core.entities.Persistable
		org.thingsplode.core.entities.Device
		org.thingsplode.core.entities.Model
		org.thingsplode.core.entities.Treshold
		org.thingsplode.core.entities.Event]
	Mapping files names []
	Properties []
587 [main] DEBUG org.hibernate.integrator.internal.IntegratorServiceImpl  - Adding Integrator [org.hibernate.cfg.beanvalidation.BeanValidationIntegrator].
588 [main] DEBUG org.hibernate.integrator.internal.IntegratorServiceImpl  - Adding Integrator [org.hibernate.secure.spi.JaccIntegrator].
589 [main] DEBUG org.hibernate.integrator.internal.IntegratorServiceImpl  - Adding Integrator [org.hibernate.cache.internal.CollectionCacheInvalidator].
589 [main] DEBUG org.hibernate.integrator.internal.IntegratorServiceImpl  - Adding Integrator [org.hibernate.jpa.event.spi.JpaIntegrator].
596 [main] DEBUG org.hibernate.integrator.internal.IntegratorServiceImpl  - Adding Integrator [org.hibernate.envers.event.spi.EnversIntegrator].
616 [main] DEBUG org.hibernate.boot.registry.selector.internal.StrategySelectorImpl  - Registering named strategy selector [org.hibernate.dialect.Dialect] : [MySQL5] -> [org.hibernate.dialect.MySQL5Dialect] (replacing [org.hibernate.dialect.MySQL5Dialect])
616 [main] DEBUG org.hibernate.boot.registry.selector.internal.StrategySelectorImpl  - Registering named strategy selector [org.hibernate.dialect.Dialect] : [MySQL5InnoDB] -> [org.hibernate.dialect.MySQL5InnoDBDialect] (replacing [org.hibernate.dialect.MySQL5InnoDBDialect])
650 [main] INFO org.hibernate.Version  - HHH000412: Hibernate Core {4.3.8.Final}
830 [main] DEBUG org.hibernate.service.spi.ServiceBinding  - Overriding existing service binding [org.hibernate.secure.spi.JaccService]
914 [main] DEBUG org.hibernate.engine.jdbc.internal.JdbcServicesImpl  - Database ->
       name : H2
    version : 1.3.172 (2013-05-25)
      major : 1
      minor : 3
914 [main] DEBUG org.hibernate.engine.jdbc.internal.JdbcServicesImpl  - Driver ->
       name : H2 JDBC Driver
    version : 1.3.172 (2013-05-25)
      major : 1
      minor : 3
914 [main] DEBUG org.hibernate.engine.jdbc.internal.JdbcServicesImpl  - JDBC version : 4.0
916 [main] DEBUG org.hibernate.engine.jdbc.cursor.internal.StandardRefCursorSupport  - Unexpected error trying to gauge level of JDBC REF_CURSOR support : null
932 [main] INFO org.hibernate.dialect.Dialect  - HHH000400: Using dialect: org.hibernate.dialect.H2Dialect
940 [main] INFO org.hibernate.engine.jdbc.internal.LobCreatorBuilder  - HHH000424: Disabling contextual LOB creation as createClob() method threw error : java.lang.reflect.InvocationTargetException
1114 [main] DEBUG org.hibernate.engine.transaction.jta.platform.internal.JtaPlatformInitiator  - No JtaPlatform was specified, checking resolver
1115 [main] DEBUG org.hibernate.engine.transaction.jta.platform.internal.JtaPlatformResolverInitiator  - No JtaPlatformResolver was specified, using default [org.hibernate.engine.transaction.jta.platform.internal.StandardJtaPlatformResolver]
1117 [main] DEBUG org.hibernate.engine.transaction.jta.platform.internal.StandardJtaPlatformResolver  - Could not resolve JtaPlatform, using default [org.hibernate.engine.transaction.jta.platform.internal.NoJtaPlatform]
1122 [main] INFO org.hibernate.hql.internal.ast.ASTQueryTranslatorFactory  - HHH000397: Using ASTQueryTranslatorFactory
1123 [main] DEBUG org.hibernate.cache.internal.RegionFactoryInitiator  - Cache region factory : org.hibernate.cache.internal.NoCachingRegionFactory
1130 [main] DEBUG org.hibernate.internal.SessionFactoryImpl  - Building session factory
1136 [main] TRACE org.hibernate.type.TypeFactory  - Scoping types to session factory org.hibernate.internal.SessionFactoryImpl@31ee96f4
1137 [main] DEBUG org.hibernate.internal.SessionFactoryImpl  - Session factory constructed with filter configurations : {}
1143 [main] DEBUG org.hibernate.internal.SessionFactoryImpl  - Instantiating session factory with properties: {java.runtime.name=Java(TM) SE Runtime Environment, sun.boot.library.path=/usr/lib/jvm/java-8-oracle/jre/lib/amd64, java.vm.version=25.45-b02, java.vm.vendor=Oracle Corporation, java.vendor.url=http://java.oracle.com/, path.separator=:, java.vm.name=Java HotSpot(TM) 64-Bit Server VM, file.encoding.pkg=sun.io, user.country=US, sun.java.launcher=SUN_STANDARD, sun.os.patch.level=unknown, java.vm.specification.name=Java Virtual Machine Specification, user.dir=/home/tamas/Code/thingsplode/thingsplode-server, javax.persistence.sharedCache.mode=UNSPECIFIED, java.runtime.version=1.8.0_45-b14, java.awt.graphicsenv=sun.awt.X11GraphicsEnvironment, basedir=/home/tamas/Code/thingsplode/thingsplode-server, java.endorsed.dirs=/usr/lib/jvm/java-8-oracle/jre/lib/endorsed, os.arch=amd64, surefire.real.class.path=/home/tamas/Code/thingsplode/thingsplode-server/target/surefire/surefirebooter5813859415860693255.jar, hibernate.connection.autocommit=true, java.io.tmpdir=/tmp, line.separator=
, java.vm.specification.vendor=Oracle Corporation, hibernate.validator.apply_to_ddl=true, os.name=Linux, maven.ext.class.path=/home/tamas/Programs/netbeans-8.0.2/java/maven-nblib/netbeans-eventspy.jar, sun.jnu.encoding=UTF-8, java.library.path=/usr/lib/jvm/java-8-oracle/jre/lib/amd64:/usr/lib/jvm/java-8-oracle/jre/lib/i386::/usr/java/packages/lib/amd64:/usr/lib64:/lib64:/lib:/usr/lib, surefire.test.class.path=/home/tamas/Code/thingsplode/thingsplode-server/target/test-classes:/home/tamas/Code/thingsplode/thingsplode-server/target/classes:/home/tamas/.m2/repository/junit/junit/4.12/junit-4.12.jar:/home/tamas/.m2/repository/org/hamcrest/hamcrest-core/1.3/hamcrest-core-1.3.jar:/home/tamas/.m2/repository/com/h2database/h2/1.3.172/h2-1.3.172.jar:/home/tamas/.m2/repository/org/springframework/integration/spring-integration-core/4.1.2.RELEASE/spring-integration-core-4.1.2.RELEASE.jar:/home/tamas/.m2/repository/org/projectreactor/reactor-core/1.1.4.RELEASE/reactor-core-1.1.4.RELEASE.jar:/home/tamas/.m2/repository/com/goldmansachs/gs-collections/5.1.0/gs-collections-5.1.0.jar:/home/tamas/.m2/repository/com/goldmansachs/gs-collections-api/5.1.0/gs-collections-api-5.1.0.jar:/home/tamas/.m2/repository/com/lmax/disruptor/3.2.1/disruptor-3.2.1.jar:/home/tamas/.m2/repository/io/gatling/jsr166e/1.0/jsr166e-1.0.jar:/home/tamas/.m2/repository/org/springframework/spring-aop/4.1.4.RELEASE/spring-aop-4.1.4.RELEASE.jar:/home/tamas/.m2/repository/aopalliance/aopalliance/1.0/aopalliance-1.0.jar:/home/tamas/.m2/repository/org/springframework/retry/spring-retry/1.1.1.RELEASE/spring-retry-1.1.1.RELEASE.jar:/home/tamas/.m2/repository/org/springframework/spring-messaging/4.1.4.RELEASE/spring-messaging-4.1.4.RELEASE.jar:/home/tamas/.m2/repository/org/springframework/data/spring-data-jpa/1.7.2.RELEASE/spring-data-jpa-1.7.2.RELEASE.jar:/home/tamas/.m2/repository/org/springframework/data/spring-data-commons/1.9.2.RELEASE/spring-data-commons-1.9.2.RELEASE.jar:/home/tamas/.m2/repository/org/springframework/spring-beans/4.0.9.RELEASE/spring-beans-4.0.9.RELEASE.jar:/home/tamas/.m2/repository/org/aspectj/aspectjrt/1.8.4/aspectjrt-1.8.4.jar:/home/tamas/.m2/repository/org/slf4j/slf4j-api/1.7.10/slf4j-api-1.7.10.jar:/home/tamas/.m2/repository/org/slf4j/jcl-over-slf4j/1.7.10/jcl-over-slf4j-1.7.10.jar:/home/tamas/.m2/repository/org/springframework/spring-context/4.1.4.RELEASE/spring-context-4.1.4.RELEASE.jar:/home/tamas/.m2/repository/org/springframework/spring-expression/4.1.4.RELEASE/spring-expression-4.1.4.RELEASE.jar:/home/tamas/.m2/repository/org/springframework/spring-core/4.1.4.RELEASE/spring-core-4.1.4.RELEASE.jar:/home/tamas/.m2/repository/commons-logging/commons-logging/1.2/commons-logging-1.2.jar:/home/tamas/.m2/repository/org/springframework/spring-test/4.1.4.RELEASE/spring-test-4.1.4.RELEASE.jar:/home/tamas/.m2/repository/org/springframework/spring-orm/4.0.9.RELEASE/spring-orm-4.0.9.RELEASE.jar:/home/tamas/.m2/repository/org/springframework/spring-jdbc/4.0.9.RELEASE/spring-jdbc-4.0.9.RELEASE.jar:/home/tamas/.m2/repository/org/springframework/spring-tx/4.1.4.RELEASE/spring-tx-4.1.4.RELEASE.jar:/home/tamas/.m2/repository/org/hibernate/hibernate-tools/3.2.4.GA/hibernate-tools-3.2.4.GA.jar:/home/tamas/.m2/repository/org/beanshell/bsh/2.0b4/bsh-2.0b4.jar:/home/tamas/.m2/repository/freemarker/freemarker/2.3.8/freemarker-2.3.8.jar:/home/tamas/.m2/repository/org/hibernate/jtidy/r8-20060801/jtidy-r8-20060801.jar:/home/tamas/.m2/repository/org/hibernate/hibernate-commons-annotations/3.2.0.Final/hibernate-commons-annotations-3.2.0.Final.jar:/home/tamas/.m2/repository/org/hibernate/hibernate-entitymanager/4.3.8.Final/hibernate-entitymanager-4.3.8.Final.jar:/home/tamas/.m2/repository/org/jboss/logging/jboss-logging/3.1.3.GA/jboss-logging-3.1.3.GA.jar:/home/tamas/.m2/repository/org/jboss/logging/jboss-logging-annotations/1.2.0.Beta1/jboss-logging-annotations-1.2.0.Beta1.jar:/home/tamas/.m2/repository/org/hibernate/hibernate-core/4.3.8.Final/hibernate-core-4.3.8.Final.jar:/home/tamas/.m2/repository/antlr/antlr/2.7.7/antlr-2.7.7.jar:/home/tamas/.m2/repository/org/jboss/jandex/1.1.0.Final/jandex-1.1.0.Final.jar:/home/tamas/.m2/repository/dom4j/dom4j/1.6.1/dom4j-1.6.1.jar:/home/tamas/.m2/repository/xml-apis/xml-apis/1.0.b2/xml-apis-1.0.b2.jar:/home/tamas/.m2/repository/org/hibernate/common/hibernate-commons-annotations/4.0.5.Final/hibernate-commons-annotations-4.0.5.Final.jar:/home/tamas/.m2/repository/org/hibernate/javax/persistence/hibernate-jpa-2.1-api/1.0.0.Final/hibernate-jpa-2.1-api-1.0.0.Final.jar:/home/tamas/.m2/repository/org/jboss/spec/javax/transaction/jboss-transaction-api_1.2_spec/1.0.0.Final/jboss-transaction-api_1.2_spec-1.0.0.Final.jar:/home/tamas/.m2/repository/org/javassist/javassist/3.18.1-GA/javassist-3.18.1-GA.jar:/home/tamas/.m2/repository/org/hibernate/hibernate-envers/4.3.8.Final/hibernate-envers-4.3.8.Final.jar:/home/tamas/.m2/repository/c3p0/c3p0/0.9.1.2/c3p0-0.9.1.2.jar:/home/tamas/.m2/repository/log4j/log4j/1.2.17/log4j-1.2.17.jar:/home/tamas/.m2/repository/org/thingsplode/thingsplode-core/1.0-SNAPSHOT/thingsplode-core-1.0-SNAPSHOT.jar:/home/tamas/.m2/repository/org/hibernate/hibernate-validator/4.1.0.Final/hibernate-validator-4.1.0.Final.jar:/home/tamas/.m2/repository/javax/validation/validation-api/1.0.0.GA/validation-api-1.0.0.GA.jar:/home/tamas/.m2/repository/org/thingsplode/thingsplode-core/1.0-SNAPSHOT/thingsplode-core-1.0-SNAPSHOT-tests.jar:, hibernate.ejb.persistenceUnitName=default, java.specification.name=Java Platform API Specification, java.class.version=52.0, sun.management.compiler=HotSpot 64-Bit Tiered Compilers, os.version=3.16.0-37-generic, user.home=/home/tamas, user.timezone=Europe/Vienna, java.awt.printerjob=sun.print.PSPrinterJob, java.specification.version=1.8, file.encoding=UTF-8, javax.persistence.nonJtaDataSource=com.mchange.v2.c3p0.ComboPooledDataSource [ acquireIncrement -> 2, acquireRetryAttempts -> 10, acquireRetryDelay -> 1000, autoCommitOnClose -> false, automaticTestTable -> test, breakAfterAcquireFailure -> false, checkoutTimeout -> 0, connectionCustomizerClassName -> null, connectionTesterClassName -> com.mchange.v2.c3p0.impl.DefaultConnectionTester, dataSourceName -> z8kfsx99g6p8uv1bsvmrg|21ba0741, debugUnreturnedConnectionStackTraces -> false, description -> null, driverClass -> org.h2.Driver, factoryClassLocation -> null, forceIgnoreUnresolvedTransactions -> false, identityToken -> z8kfsx99g6p8uv1bsvmrg|21ba0741, idleConnectionTestPeriod -> 60000, initialPoolSize -> 10, jdbcUrl -> jdbc:h2:/tmp/thingsplode_h2db_test;MODE=Oracle;AUTO_SERVER=TRUE, maxAdministrativeTaskTime -> 0, maxConnectionAge -> 0, maxIdleTime -> 0, maxIdleTimeExcessConnections -> 0, maxPoolSize -> 20, maxStatements -> 0, maxStatementsPerConnection -> 50, minPoolSize -> 10, numHelperThreads -> 10, numThreadsAwaitingCheckoutDefaultUser -> 0, preferredTestQuery -> null, properties -> {user=******, password=******}, propertyCycle -> 0, testConnectionOnCheckin -> true, testConnectionOnCheckout -> false, unreturnedConnectionTimeout -> 0, usesTraditionalReflectiveProxies -> false ], hibernate.format_sql=true, java.net.useSystemProxies=true, user.name=tamas, java.class.path=/home/tamas/Code/thingsplode/thingsplode-server/target/test-classes:/home/tamas/Code/thingsplode/thingsplode-server/target/classes:/home/tamas/.m2/repository/junit/junit/4.12/junit-4.12.jar:/home/tamas/.m2/repository/org/hamcrest/hamcrest-core/1.3/hamcrest-core-1.3.jar:/home/tamas/.m2/repository/com/h2database/h2/1.3.172/h2-1.3.172.jar:/home/tamas/.m2/repository/org/springframework/integration/spring-integration-core/4.1.2.RELEASE/spring-integration-core-4.1.2.RELEASE.jar:/home/tamas/.m2/repository/org/projectreactor/reactor-core/1.1.4.RELEASE/reactor-core-1.1.4.RELEASE.jar:/home/tamas/.m2/repository/com/goldmansachs/gs-collections/5.1.0/gs-collections-5.1.0.jar:/home/tamas/.m2/repository/com/goldmansachs/gs-collections-api/5.1.0/gs-collections-api-5.1.0.jar:/home/tamas/.m2/repository/com/lmax/disruptor/3.2.1/disruptor-3.2.1.jar:/home/tamas/.m2/repository/io/gatling/jsr166e/1.0/jsr166e-1.0.jar:/home/tamas/.m2/repository/org/springframework/spring-aop/4.1.4.RELEASE/spring-aop-4.1.4.RELEASE.jar:/home/tamas/.m2/repository/aopalliance/aopalliance/1.0/aopalliance-1.0.jar:/home/tamas/.m2/repository/org/springframework/retry/spring-retry/1.1.1.RELEASE/spring-retry-1.1.1.RELEASE.jar:/home/tamas/.m2/repository/org/springframework/spring-messaging/4.1.4.RELEASE/spring-messaging-4.1.4.RELEASE.jar:/home/tamas/.m2/repository/org/springframework/data/spring-data-jpa/1.7.2.RELEASE/spring-data-jpa-1.7.2.RELEASE.jar:/home/tamas/.m2/repository/org/springframework/data/spring-data-commons/1.9.2.RELEASE/spring-data-commons-1.9.2.RELEASE.jar:/home/tamas/.m2/repository/org/springframework/spring-beans/4.0.9.RELEASE/spring-beans-4.0.9.RELEASE.jar:/home/tamas/.m2/repository/org/aspectj/aspectjrt/1.8.4/aspectjrt-1.8.4.jar:/home/tamas/.m2/repository/org/slf4j/slf4j-api/1.7.10/slf4j-api-1.7.10.jar:/home/tamas/.m2/repository/org/slf4j/jcl-over-slf4j/1.7.10/jcl-over-slf4j-1.7.10.jar:/home/tamas/.m2/repository/org/springframework/spring-context/4.1.4.RELEASE/spring-context-4.1.4.RELEASE.jar:/home/tamas/.m2/repository/org/springframework/spring-expression/4.1.4.RELEASE/spring-expression-4.1.4.RELEASE.jar:/home/tamas/.m2/repository/org/springframework/spring-core/4.1.4.RELEASE/spring-core-4.1.4.RELEASE.jar:/home/tamas/.m2/repository/commons-logging/commons-logging/1.2/commons-logging-1.2.jar:/home/tamas/.m2/repository/org/springframework/spring-test/4.1.4.RELEASE/spring-test-4.1.4.RELEASE.jar:/home/tamas/.m2/repository/org/springframework/spring-orm/4.0.9.RELEASE/spring-orm-4.0.9.RELEASE.jar:/home/tamas/.m2/repository/org/springframework/spring-jdbc/4.0.9.RELEASE/spring-jdbc-4.0.9.RELEASE.jar:/home/tamas/.m2/repository/org/springframework/spring-tx/4.1.4.RELEASE/spring-tx-4.1.4.RELEASE.jar:/home/tamas/.m2/repository/org/hibernate/hibernate-tools/3.2.4.GA/hibernate-tools-3.2.4.GA.jar:/home/tamas/.m2/repository/org/beanshell/bsh/2.0b4/bsh-2.0b4.jar:/home/tamas/.m2/repository/freemarker/freemarker/2.3.8/freemarker-2.3.8.jar:/home/tamas/.m2/repository/org/hibernate/jtidy/r8-20060801/jtidy-r8-20060801.jar:/home/tamas/.m2/repository/org/hibernate/hibernate-commons-annotations/3.2.0.Final/hibernate-commons-annotations-3.2.0.Final.jar:/home/tamas/.m2/repository/org/hibernate/hibernate-entitymanager/4.3.8.Final/hibernate-entitymanager-4.3.8.Final.jar:/home/tamas/.m2/repository/org/jboss/logging/jboss-logging/3.1.3.GA/jboss-logging-3.1.3.GA.jar:/home/tamas/.m2/repository/org/jboss/logging/jboss-logging-annotations/1.2.0.Beta1/jboss-logging-annotations-1.2.0.Beta1.jar:/home/tamas/.m2/repository/org/hibernate/hibernate-core/4.3.8.Final/hibernate-core-4.3.8.Final.jar:/home/tamas/.m2/repository/antlr/antlr/2.7.7/antlr-2.7.7.jar:/home/tamas/.m2/repository/org/jboss/jandex/1.1.0.Final/jandex-1.1.0.Final.jar:/home/tamas/.m2/repository/dom4j/dom4j/1.6.1/dom4j-1.6.1.jar:/home/tamas/.m2/repository/xml-apis/xml-apis/1.0.b2/xml-apis-1.0.b2.jar:/home/tamas/.m2/repository/org/hibernate/common/hibernate-commons-annotations/4.0.5.Final/hibernate-commons-annotations-4.0.5.Final.jar:/home/tamas/.m2/repository/org/hibernate/javax/persistence/hibernate-jpa-2.1-api/1.0.0.Final/hibernate-jpa-2.1-api-1.0.0.Final.jar:/home/tamas/.m2/repository/org/jboss/spec/javax/transaction/jboss-transaction-api_1.2_spec/1.0.0.Final/jboss-transaction-api_1.2_spec-1.0.0.Final.jar:/home/tamas/.m2/repository/org/javassist/javassist/3.18.1-GA/javassist-3.18.1-GA.jar:/home/tamas/.m2/repository/org/hibernate/hibernate-envers/4.3.8.Final/hibernate-envers-4.3.8.Final.jar:/home/tamas/.m2/repository/c3p0/c3p0/0.9.1.2/c3p0-0.9.1.2.jar:/home/tamas/.m2/repository/log4j/log4j/1.2.17/log4j-1.2.17.jar:/home/tamas/.m2/repository/org/thingsplode/thingsplode-core/1.0-SNAPSHOT/thingsplode-core-1.0-SNAPSHOT.jar:/home/tamas/.m2/repository/org/hibernate/hibernate-validator/4.1.0.Final/hibernate-validator-4.1.0.Final.jar:/home/tamas/.m2/repository/javax/validation/validation-api/1.0.0.GA/validation-api-1.0.0.GA.jar:/home/tamas/.m2/repository/org/thingsplode/thingsplode-core/1.0-SNAPSHOT/thingsplode-core-1.0-SNAPSHOT-tests.jar:, hibernate.bytecode.use_reflection_optimizer=false, hibernate.show_sql=true, javax.persistence.validation.mode=AUTO, java.vm.specification.version=1.8, sun.arch.data.model=64, java.home=/usr/lib/jvm/java-8-oracle/jre, sun.java.command=/home/tamas/Code/thingsplode/thingsplode-server/target/surefire/surefirebooter5813859415860693255.jar /home/tamas/Code/thingsplode/thingsplode-server/target/surefire/surefire3464791000706607825tmp /home/tamas/Code/thingsplode/thingsplode-server/target/surefire/surefire_02634881183168893393tmp, hibernate.dialect=org.hibernate.dialect.H2Dialect, java.specification.vendor=Oracle Corporation, user.language=en, awt.toolkit=sun.awt.X11.XToolkit, java.vm.info=mixed mode, java.version=1.8.0_45, java.ext.dirs=/usr/lib/jvm/java-8-oracle/jre/lib/ext:/usr/java/packages/lib/ext, sun.boot.class.path=/usr/lib/jvm/java-8-oracle/jre/lib/resources.jar:/usr/lib/jvm/java-8-oracle/jre/lib/rt.jar:/usr/lib/jvm/java-8-oracle/jre/lib/sunrsasign.jar:/usr/lib/jvm/java-8-oracle/jre/lib/jsse.jar:/usr/lib/jvm/java-8-oracle/jre/lib/jce.jar:/usr/lib/jvm/java-8-oracle/jre/lib/charsets.jar:/usr/lib/jvm/java-8-oracle/jre/lib/jfr.jar:/usr/lib/jvm/java-8-oracle/jre/classes, java.vendor=Oracle Corporation, hibernate.jdbc.batch_size=50, localRepository=/home/tamas/.m2/repository, persistence.validation.mode=NONE, file.separator=/, java.vendor.url.bug=http://bugreport.sun.com/bugreport/, hibernate.hbm2ddl.auto=update, sun.cpu.endian=little, sun.io.unicode.encoding=UnicodeLittle, sun.desktop=gnome, sun.cpu.isalist=}
1245 [main] DEBUG org.hibernate.secure.spi.JaccIntegrator  - Skipping JACC integration as it was not enabled
1245 [main] DEBUG org.hibernate.engine.spi.CascadeStyles  - External cascade style regsitration [persist : STYLE_PERSIST_SKIPLAZY] overrode base registration [STYLE_PERSIST]
1403 [main] DEBUG org.hibernate.persister.entity.JoinedSubclassEntityPersister  - Encountered explicit discriminator mapping for joined inheritance
1429 [main] DEBUG org.hibernate.persister.entity.JoinedSubclassEntityPersister  - Encountered explicit discriminator mapping for joined inheritance
1471 [main] DEBUG org.hibernate.persister.collection.AbstractCollectionPersister  - Static SQL for collection: org.thingsplode.core.entities.Component.tresholds
1471 [main] DEBUG org.hibernate.persister.collection.AbstractCollectionPersister  -  Row insert: update TRESHOLDS set COMP_ID=? where id=?
1471 [main] DEBUG org.hibernate.persister.collection.AbstractCollectionPersister  -  Row update: update TRESHOLDS set  where id=?
1472 [main] DEBUG org.hibernate.persister.collection.AbstractCollectionPersister  -  Row delete: update TRESHOLDS set COMP_ID=null where COMP_ID=? and id=?
1472 [main] DEBUG org.hibernate.persister.collection.AbstractCollectionPersister  -  One-shot delete: update TRESHOLDS set COMP_ID=null where COMP_ID=?
1472 [main] DEBUG org.hibernate.persister.collection.AbstractCollectionPersister  - Static SQL for collection: org.thingsplode.core.entities.Component.configuration
1472 [main] DEBUG org.hibernate.persister.collection.AbstractCollectionPersister  -  Row insert: update CONFIGURATION set COMP_ID=? where id=?
1472 [main] DEBUG org.hibernate.persister.collection.AbstractCollectionPersister  -  Row update: update CONFIGURATION set  where id=?
1472 [main] DEBUG org.hibernate.persister.collection.AbstractCollectionPersister  -  Row delete: update CONFIGURATION set COMP_ID=null where COMP_ID=? and id=?
1472 [main] DEBUG org.hibernate.persister.collection.AbstractCollectionPersister  -  One-shot delete: update CONFIGURATION set COMP_ID=null where COMP_ID=?
1473 [main] DEBUG org.hibernate.persister.collection.AbstractCollectionPersister  - Static SQL for collection: org.thingsplode.core.entities.Component.components
1473 [main] DEBUG org.hibernate.persister.collection.AbstractCollectionPersister  -  Row insert: update COMPONENT set ROOT_COMP_ID=? where id=?
1473 [main] DEBUG org.hibernate.persister.collection.AbstractCollectionPersister  -  Row update: update COMPONENT set  where id=?
1473 [main] DEBUG org.hibernate.persister.collection.AbstractCollectionPersister  -  Row delete: update COMPONENT set ROOT_COMP_ID=null where ROOT_COMP_ID=? and id=?
1473 [main] DEBUG org.hibernate.persister.collection.AbstractCollectionPersister  -  One-shot delete: update COMPONENT set ROOT_COMP_ID=null where ROOT_COMP_ID=?
1473 [main] DEBUG org.hibernate.persister.collection.AbstractCollectionPersister  - Static SQL for collection: org.thingsplode.core.entities.Capability.parameters
1473 [main] DEBUG org.hibernate.persister.collection.AbstractCollectionPersister  -  Row insert: update PARAMETERS set CAP_ID=? where id=?
1473 [main] DEBUG org.hibernate.persister.collection.AbstractCollectionPersister  -  Row update: update PARAMETERS set  where id=?
1474 [main] DEBUG org.hibernate.persister.collection.AbstractCollectionPersister  -  Row delete: update PARAMETERS set CAP_ID=null where CAP_ID=? and id=?
1474 [main] DEBUG org.hibernate.persister.collection.AbstractCollectionPersister  -  One-shot delete: update PARAMETERS set CAP_ID=null where CAP_ID=?
1474 [main] DEBUG org.hibernate.persister.collection.AbstractCollectionPersister  - Static SQL for collection: org.thingsplode.core.entities.Component.capabilities
1474 [main] DEBUG org.hibernate.persister.collection.AbstractCollectionPersister  -  Row insert: update CAPABILITIES set COMP_ID=? where id=?
1474 [main] DEBUG org.hibernate.persister.collection.AbstractCollectionPersister  -  Row update: update CAPABILITIES set  where id=?
1474 [main] DEBUG org.hibernate.persister.collection.AbstractCollectionPersister  -  Row delete: update CAPABILITIES set COMP_ID=null where COMP_ID=? and id=?
1474 [main] DEBUG org.hibernate.persister.collection.AbstractCollectionPersister  -  One-shot delete: update CAPABILITIES set COMP_ID=null where COMP_ID=?
1474 [main] DEBUG org.hibernate.persister.collection.AbstractCollectionPersister  - Static SQL for collection: org.thingsplode.core.entities.Event.indications
1474 [main] DEBUG org.hibernate.persister.collection.AbstractCollectionPersister  -  Row insert: update INDICATIONS set EVT_ID=? where id=?
1475 [main] DEBUG org.hibernate.persister.collection.AbstractCollectionPersister  -  Row update: update INDICATIONS set  where id=?
1475 [main] DEBUG org.hibernate.persister.collection.AbstractCollectionPersister  -  Row delete: update INDICATIONS set EVT_ID=null where EVT_ID=? and id=?
1475 [main] DEBUG org.hibernate.persister.collection.AbstractCollectionPersister  -  One-shot delete: update INDICATIONS set EVT_ID=null where EVT_ID=?
1519 [main] DEBUG org.hibernate.loader.plan.build.internal.spaces.QuerySpacesImpl  - Adding QuerySpace : uid = <gen:0> -> org.hibernate.loader.plan.build.internal.spaces.EntityQuerySpaceImpl@46c3a14d]
1525 [main] DEBUG org.hibernate.loader.plan.build.internal.spaces.QuerySpacesImpl  - Adding QuerySpace : uid = <gen:1> -> org.hibernate.loader.plan.build.internal.spaces.EntityQuerySpaceImpl@216914]
1531 [main] DEBUG org.hibernate.loader.plan.build.internal.spaces.QuerySpacesImpl  - Adding QuerySpace : uid = <gen:2> -> org.hibernate.loader.plan.build.internal.spaces.CompositeQuerySpaceImpl@3901f6af]
1533 [main] DEBUG org.hibernate.loader.plan.build.internal.spaces.QuerySpacesImpl  - Adding QuerySpace : uid = <gen:3> -> org.hibernate.loader.plan.build.internal.spaces.CompositeQuerySpaceImpl@3724b43e]
1534 [main] DEBUG org.hibernate.loader.plan.build.internal.FetchStyleLoadPlanBuildingAssociationVisitationStrategy  - Building LoadPlan...
1552 [main] DEBUG org.hibernate.loader.plan.exec.internal.LoadQueryJoinAndFetchProcessor  - processing queryspace <gen:0>
1558 [main] DEBUG org.hibernate.loader.plan.build.spi.LoadPlanTreePrinter  - LoadPlan(entity=org.thingsplode.core.entities.Device)
    - Returns
       - EntityReturnImpl(entity=org.thingsplode.core.entities.Device, querySpaceUid=<gen:0>, path=org.thingsplode.core.entities.Device)
          - EntityAttributeFetchImpl(entity=org.thingsplode.core.entities.Model, querySpaceUid=<gen:1>, path=org.thingsplode.core.entities.Device.model)
          - CompositeAttributeFetchImpl(composite=org.thingsplode.core.Location, querySpaceUid=<gen:2>, path=org.thingsplode.core.entities.Device.location)
             - NestedCompositeAttributeFetchImpl(composite=org.thingsplode.core.Address, querySpaceUid=<gen:3>, path=org.thingsplode.core.entities.Device.location.address)
    - QuerySpaces
       - EntityQuerySpaceImpl(uid=<gen:0>, entity=org.thingsplode.core.entities.Device)
          - SQL table alias mapping - device0_
          - alias suffix - 0_
          - suffixed key columns - {id2_1_0_}
          - JOIN (JoinDefinedByMetadata(model)) : <gen:0> -> <gen:1>
             - EntityQuerySpaceImpl(uid=<gen:1>, entity=org.thingsplode.core.entities.Model)
                - SQL table alias mapping - model1_
                - alias suffix - 1_
                - suffixed key columns - {id1_6_1_}
          - JOIN (JoinDefinedByMetadata(location)) : <gen:0> -> <gen:2>
             - CompositeQuerySpaceImpl(uid=<gen:2>)
                - SQL table alias mapping - device0_
                - JOIN (JoinDefinedByMetadata(address)) : <gen:2> -> <gen:3>
                   - CompositeQuerySpaceImpl(uid=<gen:3>)
                      - SQL table alias mapping - device0_

1561 [main] DEBUG org.hibernate.loader.entity.plan.EntityLoader  - Static select for entity org.thingsplode.core.entities.Device [NONE]: select device0_.id as id2_1_0_, device0_1_.deviceClass as deviceCl3_1_0_, device0_1_.enabledState as enabledS4_1_0_, device0_1_.identification as identifi5_1_0_, device0_1_.model_id as model_i10_1_0_, device0_1_.partNumber as partNumb6_1_0_, device0_1_.serialNumber as serialNu7_1_0_, device0_1_.status as status8_1_0_, device0_1_.type as type9_1_0_, device0_.hostAddress as hostAddr1_3_0_, device0_.lastHeartBeat as lastHear2_3_0_, device0_.city as city3_3_0_, device0_.country as country4_3_0_, device0_.houseNumber as houseNum5_3_0_, device0_.postCode as postCode6_3_0_, device0_.state as state7_3_0_, device0_.street as street8_3_0_, device0_.description as descript9_3_0_, device0_.latitude as latitud10_3_0_, device0_.longitude as longitu11_3_0_, device0_.startupDate as startup12_3_0_, model1_.id as id1_6_1_, model1_.manufacturer as manufact2_6_1_, model1_.type as type3_6_1_, model1_.version as version4_6_1_ from DEVICES device0_ inner join COMPONENT device0_1_ on device0_.id=device0_1_.id left outer join MODELS model1_ on device0_1_.model_id=model1_.id where device0_.id=?
1561 [main] DEBUG org.hibernate.loader.plan.build.internal.spaces.QuerySpacesImpl  - Adding QuerySpace : uid = <gen:0> -> org.hibernate.loader.plan.build.internal.spaces.EntityQuerySpaceImpl@481e91b6]
1562 [main] DEBUG org.hibernate.loader.plan.build.internal.spaces.QuerySpacesImpl  - Adding QuerySpace : uid = <gen:1> -> org.hibernate.loader.plan.build.internal.spaces.EntityQuerySpaceImpl@140d1230]
1562 [main] DEBUG org.hibernate.loader.plan.build.internal.spaces.QuerySpacesImpl  - Adding QuerySpace : uid = <gen:2> -> org.hibernate.loader.plan.build.internal.spaces.CompositeQuerySpaceImpl@10bea4]
1562 [main] DEBUG org.hibernate.loader.plan.build.internal.spaces.QuerySpacesImpl  - Adding QuerySpace : uid = <gen:3> -> org.hibernate.loader.plan.build.internal.spaces.CompositeQuerySpaceImpl@7c1e32c9]
1563 [main] DEBUG org.hibernate.loader.plan.build.internal.FetchStyleLoadPlanBuildingAssociationVisitationStrategy  - Building LoadPlan...
1563 [main] DEBUG org.hibernate.loader.plan.exec.internal.LoadQueryJoinAndFetchProcessor  - processing queryspace <gen:0>
1564 [main] DEBUG org.hibernate.loader.plan.build.spi.LoadPlanTreePrinter  - LoadPlan(entity=org.thingsplode.core.entities.Device)
    - Returns
       - EntityReturnImpl(entity=org.thingsplode.core.entities.Device, querySpaceUid=<gen:0>, path=org.thingsplode.core.entities.Device)
          - EntityAttributeFetchImpl(entity=org.thingsplode.core.entities.Model, querySpaceUid=<gen:1>, path=org.thingsplode.core.entities.Device.model)
          - CompositeAttributeFetchImpl(composite=org.thingsplode.core.Location, querySpaceUid=<gen:2>, path=org.thingsplode.core.entities.Device.location)
             - NestedCompositeAttributeFetchImpl(composite=org.thingsplode.core.Address, querySpaceUid=<gen:3>, path=org.thingsplode.core.entities.Device.location.address)
    - QuerySpaces
       - EntityQuerySpaceImpl(uid=<gen:0>, entity=org.thingsplode.core.entities.Device)
          - SQL table alias mapping - device0_
          - alias suffix - 0_
          - suffixed key columns - {id2_1_0_}
          - JOIN (JoinDefinedByMetadata(model)) : <gen:0> -> <gen:1>
             - EntityQuerySpaceImpl(uid=<gen:1>, entity=org.thingsplode.core.entities.Model)
                - SQL table alias mapping - model1_
                - alias suffix - 1_
                - suffixed key columns - {id1_6_1_}
          - JOIN (JoinDefinedByMetadata(location)) : <gen:0> -> <gen:2>
             - CompositeQuerySpaceImpl(uid=<gen:2>)
                - SQL table alias mapping - device0_
                - JOIN (JoinDefinedByMetadata(address)) : <gen:2> -> <gen:3>
                   - CompositeQuerySpaceImpl(uid=<gen:3>)
                      - SQL table alias mapping - device0_

1564 [main] DEBUG org.hibernate.loader.entity.plan.EntityLoader  - Static select for entity org.thingsplode.core.entities.Device [READ]: select device0_.id as id2_1_0_, device0_1_.deviceClass as deviceCl3_1_0_, device0_1_.enabledState as enabledS4_1_0_, device0_1_.identification as identifi5_1_0_, device0_1_.model_id as model_i10_1_0_, device0_1_.partNumber as partNumb6_1_0_, device0_1_.serialNumber as serialNu7_1_0_, device0_1_.status as status8_1_0_, device0_1_.type as type9_1_0_, device0_.hostAddress as hostAddr1_3_0_, device0_.lastHeartBeat as lastHear2_3_0_, device0_.city as city3_3_0_, device0_.country as country4_3_0_, device0_.houseNumber as houseNum5_3_0_, device0_.postCode as postCode6_3_0_, device0_.state as state7_3_0_, device0_.street as street8_3_0_, device0_.description as descript9_3_0_, device0_.latitude as latitud10_3_0_, device0_.longitude as longitu11_3_0_, device0_.startupDate as startup12_3_0_, model1_.id as id1_6_1_, model1_.manufacturer as manufact2_6_1_, model1_.type as type3_6_1_, model1_.version as version4_6_1_ from DEVICES device0_ inner join COMPONENT device0_1_ on device0_.id=device0_1_.id left outer join MODELS model1_ on device0_1_.model_id=model1_.id where device0_.id=?
1564 [main] DEBUG org.hibernate.loader.plan.build.internal.spaces.QuerySpacesImpl  - Adding QuerySpace : uid = <gen:0> -> org.hibernate.loader.plan.build.internal.spaces.EntityQuerySpaceImpl@3dd818e8]
1565 [main] DEBUG org.hibernate.loader.plan.build.internal.spaces.QuerySpacesImpl  - Adding QuerySpace : uid = <gen:1> -> org.hibernate.loader.plan.build.internal.spaces.EntityQuerySpaceImpl@41b1f51e]
1565 [main] DEBUG org.hibernate.loader.plan.build.internal.spaces.QuerySpacesImpl  - Adding QuerySpace : uid = <gen:2> -> org.hibernate.loader.plan.build.internal.spaces.CompositeQuerySpaceImpl@3a543f31]
1565 [main] DEBUG org.hibernate.loader.plan.build.internal.spaces.QuerySpacesImpl  - Adding QuerySpace : uid = <gen:3> -> org.hibernate.loader.plan.build.internal.spaces.CompositeQuerySpaceImpl@2b9f74d0]
1565 [main] DEBUG org.hibernate.loader.plan.build.internal.FetchStyleLoadPlanBuildingAssociationVisitationStrategy  - Building LoadPlan...
1566 [main] DEBUG org.hibernate.loader.plan.exec.internal.LoadQueryJoinAndFetchProcessor  - processing queryspace <gen:0>
1566 [main] DEBUG org.hibernate.loader.plan.build.spi.LoadPlanTreePrinter  - LoadPlan(entity=org.thingsplode.core.entities.Device)
    - Returns
       - EntityReturnImpl(entity=org.thingsplode.core.entities.Device, querySpaceUid=<gen:0>, path=org.thingsplode.core.entities.Device)
          - EntityAttributeFetchImpl(entity=org.thingsplode.core.entities.Model, querySpaceUid=<gen:1>, path=org.thingsplode.core.entities.Device.model)
          - CompositeAttributeFetchImpl(composite=org.thingsplode.core.Location, querySpaceUid=<gen:2>, path=org.thingsplode.core.entities.Device.location)
             - NestedCompositeAttributeFetchImpl(composite=org.thingsplode.core.Address, querySpaceUid=<gen:3>, path=org.thingsplode.core.entities.Device.location.address)
    - QuerySpaces
       - EntityQuerySpaceImpl(uid=<gen:0>, entity=org.thingsplode.core.entities.Device)
          - SQL table alias mapping - device0_
          - alias suffix - 0_
          - suffixed key columns - {id2_1_0_}
          - JOIN (JoinDefinedByMetadata(location)) : <gen:0> -> <gen:2>
             - CompositeQuerySpaceImpl(uid=<gen:2>)
                - SQL table alias mapping - device0_
                - JOIN (JoinDefinedByMetadata(address)) : <gen:2> -> <gen:3>
                   - CompositeQuerySpaceImpl(uid=<gen:3>)
                      - SQL table alias mapping - device0_

1566 [main] DEBUG org.hibernate.loader.entity.plan.EntityLoader  - Static select for entity org.thingsplode.core.entities.Device [UPGRADE]: select device0_.id as id2_1_0_, device0_1_.deviceClass as deviceCl3_1_0_, device0_1_.enabledState as enabledS4_1_0_, device0_1_.identification as identifi5_1_0_, device0_1_.model_id as model_i10_1_0_, device0_1_.partNumber as partNumb6_1_0_, device0_1_.serialNumber as serialNu7_1_0_, device0_1_.status as status8_1_0_, device0_1_.type as type9_1_0_, device0_.hostAddress as hostAddr1_3_0_, device0_.lastHeartBeat as lastHear2_3_0_, device0_.city as city3_3_0_, device0_.country as country4_3_0_, device0_.houseNumber as houseNum5_3_0_, device0_.postCode as postCode6_3_0_, device0_.state as state7_3_0_, device0_.street as street8_3_0_, device0_.description as descript9_3_0_, device0_.latitude as latitud10_3_0_, device0_.longitude as longitu11_3_0_, device0_.startupDate as startup12_3_0_ from DEVICES device0_ inner join COMPONENT device0_1_ on device0_.id=device0_1_.id where device0_.id=? for update
1567 [main] DEBUG org.hibernate.loader.plan.build.internal.spaces.QuerySpacesImpl  - Adding QuerySpace : uid = <gen:0> -> org.hibernate.loader.plan.build.internal.spaces.EntityQuerySpaceImpl@7efe7b87]
1567 [main] DEBUG org.hibernate.loader.plan.build.internal.spaces.QuerySpacesImpl  - Adding QuerySpace : uid = <gen:1> -> org.hibernate.loader.plan.build.internal.spaces.EntityQuerySpaceImpl@5a2bd7c8]
1567 [main] DEBUG org.hibernate.loader.plan.build.internal.spaces.QuerySpacesImpl  - Adding QuerySpace : uid = <gen:2> -> org.hibernate.loader.plan.build.internal.spaces.CompositeQuerySpaceImpl@7ca8d498]
1567 [main] DEBUG org.hibernate.loader.plan.build.internal.spaces.QuerySpacesImpl  - Adding QuerySpace : uid = <gen:3> -> org.hibernate.loader.plan.build.internal.spaces.CompositeQuerySpaceImpl@6b8280e6]
1567 [main] DEBUG org.hibernate.loader.plan.build.internal.FetchStyleLoadPlanBuildingAssociationVisitationStrategy  - Building LoadPlan...
1568 [main] DEBUG org.hibernate.loader.plan.exec.internal.LoadQueryJoinAndFetchProcessor  - processing queryspace <gen:0>
1568 [main] DEBUG org.hibernate.loader.plan.build.spi.LoadPlanTreePrinter  - LoadPlan(entity=org.thingsplode.core.entities.Device)
    - Returns
       - EntityReturnImpl(entity=org.thingsplode.core.entities.Device, querySpaceUid=<gen:0>, path=org.thingsplode.core.entities.Device)
          - EntityAttributeFetchImpl(entity=org.thingsplode.core.entities.Model, querySpaceUid=<gen:1>, path=org.thingsplode.core.entities.Device.model)
          - CompositeAttributeFetchImpl(composite=org.thingsplode.core.Location, querySpaceUid=<gen:2>, path=org.thingsplode.core.entities.Device.location)
             - NestedCompositeAttributeFetchImpl(composite=org.thingsplode.core.Address, querySpaceUid=<gen:3>, path=org.thingsplode.core.entities.Device.location.address)
    - QuerySpaces
       - EntityQuerySpaceImpl(uid=<gen:0>, entity=org.thingsplode.core.entities.Device)
          - SQL table alias mapping - device0_
          - alias suffix - 0_
          - suffixed key columns - {id2_1_0_}
          - JOIN (JoinDefinedByMetadata(location)) : <gen:0> -> <gen:2>
             - CompositeQuerySpaceImpl(uid=<gen:2>)
                - SQL table alias mapping - device0_
                - JOIN (JoinDefinedByMetadata(address)) : <gen:2> -> <gen:3>
                   - CompositeQuerySpaceImpl(uid=<gen:3>)
                      - SQL table alias mapping - device0_

1569 [main] DEBUG org.hibernate.loader.entity.plan.EntityLoader  - Static select for entity org.thingsplode.core.entities.Device [UPGRADE_NOWAIT]: select device0_.id as id2_1_0_, device0_1_.deviceClass as deviceCl3_1_0_, device0_1_.enabledState as enabledS4_1_0_, device0_1_.identification as identifi5_1_0_, device0_1_.model_id as model_i10_1_0_, device0_1_.partNumber as partNumb6_1_0_, device0_1_.serialNumber as serialNu7_1_0_, device0_1_.status as status8_1_0_, device0_1_.type as type9_1_0_, device0_.hostAddress as hostAddr1_3_0_, device0_.lastHeartBeat as lastHear2_3_0_, device0_.city as city3_3_0_, device0_.country as country4_3_0_, device0_.houseNumber as houseNum5_3_0_, device0_.postCode as postCode6_3_0_, device0_.state as state7_3_0_, device0_.street as street8_3_0_, device0_.description as descript9_3_0_, device0_.latitude as latitud10_3_0_, device0_.longitude as longitu11_3_0_, device0_.startupDate as startup12_3_0_ from DEVICES device0_ inner join COMPONENT device0_1_ on device0_.id=device0_1_.id where device0_.id=? for update
1569 [main] DEBUG org.hibernate.loader.plan.build.internal.spaces.QuerySpacesImpl  - Adding QuerySpace : uid = <gen:0> -> org.hibernate.loader.plan.build.internal.spaces.EntityQuerySpaceImpl@55259aa7]
1569 [main] DEBUG org.hibernate.loader.plan.build.internal.spaces.QuerySpacesImpl  - Adding QuerySpace : uid = <gen:1> -> org.hibernate.loader.plan.build.internal.spaces.EntityQuerySpaceImpl@66420549]
1569 [main] DEBUG org.hibernate.loader.plan.build.internal.spaces.QuerySpacesImpl  - Adding QuerySpace : uid = <gen:2> -> org.hibernate.loader.plan.build.internal.spaces.CompositeQuerySpaceImpl@15dc339f]
1569 [main] DEBUG org.hibernate.loader.plan.build.internal.spaces.QuerySpacesImpl  - Adding QuerySpace : uid = <gen:3> -> org.hibernate.loader.plan.build.internal.spaces.CompositeQuerySpaceImpl@34acbc60]
1570 [main] DEBUG org.hibernate.loader.plan.build.internal.FetchStyleLoadPlanBuildingAssociationVisitationStrategy  - Building LoadPlan...
1570 [main] DEBUG org.hibernate.loader.plan.exec.internal.LoadQueryJoinAndFetchProcessor  - processing queryspace <gen:0>
1571 [main] DEBUG org.hibernate.loader.plan.build.spi.LoadPlanTreePrinter  - LoadPlan(entity=org.thingsplode.core.entities.Device)
    - Returns
       - EntityReturnImpl(entity=org.thingsplode.core.entities.Device, querySpaceUid=<gen:0>, path=org.thingsplode.core.entities.Device)
          - EntityAttributeFetchImpl(entity=org.thingsplode.core.entities.Model, querySpaceUid=<gen:1>, path=org.thingsplode.core.entities.Device.model)
          - CompositeAttributeFetchImpl(composite=org.thingsplode.core.Location, querySpaceUid=<gen:2>, path=org.thingsplode.core.entities.Device.location)
             - NestedCompositeAttributeFetchImpl(composite=org.thingsplode.core.Address, querySpaceUid=<gen:3>, path=org.thingsplode.core.entities.Device.location.address)
    - QuerySpaces
       - EntityQuerySpaceImpl(uid=<gen:0>, entity=org.thingsplode.core.entities.Device)
          - SQL table alias mapping - device0_
          - alias suffix - 0_
          - suffixed key columns - {id2_1_0_}
          - JOIN (JoinDefinedByMetadata(location)) : <gen:0> -> <gen:2>
             - CompositeQuerySpaceImpl(uid=<gen:2>)
                - SQL table alias mapping - device0_
                - JOIN (JoinDefinedByMetadata(address)) : <gen:2> -> <gen:3>
                   - CompositeQuerySpaceImpl(uid=<gen:3>)
                      - SQL table alias mapping - device0_

1571 [main] DEBUG org.hibernate.loader.entity.plan.EntityLoader  - Static select for entity org.thingsplode.core.entities.Device [UPGRADE_SKIPLOCKED]: select device0_.id as id2_1_0_, device0_1_.deviceClass as deviceCl3_1_0_, device0_1_.enabledState as enabledS4_1_0_, device0_1_.identification as identifi5_1_0_, device0_1_.model_id as model_i10_1_0_, device0_1_.partNumber as partNumb6_1_0_, device0_1_.serialNumber as serialNu7_1_0_, device0_1_.status as status8_1_0_, device0_1_.type as type9_1_0_, device0_.hostAddress as hostAddr1_3_0_, device0_.lastHeartBeat as lastHear2_3_0_, device0_.city as city3_3_0_, device0_.country as country4_3_0_, device0_.houseNumber as houseNum5_3_0_, device0_.postCode as postCode6_3_0_, device0_.state as state7_3_0_, device0_.street as street8_3_0_, device0_.description as descript9_3_0_, device0_.latitude as latitud10_3_0_, device0_.longitude as longitu11_3_0_, device0_.startupDate as startup12_3_0_ from DEVICES device0_ inner join COMPONENT device0_1_ on device0_.id=device0_1_.id where device0_.id=? for update
1572 [main] DEBUG org.hibernate.loader.plan.build.internal.spaces.QuerySpacesImpl  - Adding QuerySpace : uid = <gen:0> -> org.hibernate.loader.plan.build.internal.spaces.EntityQuerySpaceImpl@36061cf3]
1572 [main] DEBUG org.hibernate.loader.plan.build.internal.spaces.QuerySpacesImpl  - Adding QuerySpace : uid = <gen:1> -> org.hibernate.loader.plan.build.internal.spaces.EntityQuerySpaceImpl@20134094]
1572 [main] DEBUG org.hibernate.loader.plan.build.internal.spaces.QuerySpacesImpl  - Adding QuerySpace : uid = <gen:2> -> org.hibernate.loader.plan.build.internal.spaces.CompositeQuerySpaceImpl@76889e60]
1572 [main] DEBUG org.hibernate.loader.plan.build.internal.spaces.QuerySpacesImpl  - Adding QuerySpace : uid = <gen:3> -> org.hibernate.loader.plan.build.internal.spaces.CompositeQuerySpaceImpl@6c15e8c7]
1573 [main] DEBUG org.hibernate.loader.plan.build.internal.FetchStyleLoadPlanBuildingAssociationVisitationStrategy  - Building LoadPlan...
1573 [main] DEBUG org.hibernate.loader.plan.exec.internal.LoadQueryJoinAndFetchProcessor  - processing queryspace <gen:0>
1573 [main] DEBUG org.hibernate.loader.plan.build.spi.LoadPlanTreePrinter  - LoadPlan(entity=org.thingsplode.core.entities.Device)
    - Returns
       - EntityReturnImpl(entity=org.thingsplode.core.entities.Device, querySpaceUid=<gen:0>, path=org.thingsplode.core.entities.Device)
          - EntityAttributeFetchImpl(entity=org.thingsplode.core.entities.Model, querySpaceUid=<gen:1>, path=org.thingsplode.core.entities.Device.model)
          - CompositeAttributeFetchImpl(composite=org.thingsplode.core.Location, querySpaceUid=<gen:2>, path=org.thingsplode.core.entities.Device.location)
             - NestedCompositeAttributeFetchImpl(composite=org.thingsplode.core.Address, querySpaceUid=<gen:3>, path=org.thingsplode.core.entities.Device.location.address)
    - QuerySpaces
       - EntityQuerySpaceImpl(uid=<gen:0>, entity=org.thingsplode.core.entities.Device)
          - SQL table alias mapping - device0_
          - alias suffix - 0_
          - suffixed key columns - {id2_1_0_}
          - JOIN (JoinDefinedByMetadata(location)) : <gen:0> -> <gen:2>
             - CompositeQuerySpaceImpl(uid=<gen:2>)
                - SQL table alias mapping - device0_
                - JOIN (JoinDefinedByMetadata(address)) : <gen:2> -> <gen:3>
                   - CompositeQuerySpaceImpl(uid=<gen:3>)
                      - SQL table alias mapping - device0_

1574 [main] DEBUG org.hibernate.loader.entity.plan.EntityLoader  - Static select for entity org.thingsplode.core.entities.Device [FORCE]: select device0_.id as id2_1_0_, device0_1_.deviceClass as deviceCl3_1_0_, device0_1_.enabledState as enabledS4_1_0_, device0_1_.identification as identifi5_1_0_, device0_1_.model_id as model_i10_1_0_, device0_1_.partNumber as partNumb6_1_0_, device0_1_.serialNumber as serialNu7_1_0_, device0_1_.status as status8_1_0_, device0_1_.type as type9_1_0_, device0_.hostAddress as hostAddr1_3_0_, device0_.lastHeartBeat as lastHear2_3_0_, device0_.city as city3_3_0_, device0_.country as country4_3_0_, device0_.houseNumber as houseNum5_3_0_, device0_.postCode as postCode6_3_0_, device0_.state as state7_3_0_, device0_.street as street8_3_0_, device0_.description as descript9_3_0_, device0_.latitude as latitud10_3_0_, device0_.longitude as longitu11_3_0_, device0_.startupDate as startup12_3_0_ from DEVICES device0_ inner join COMPONENT device0_1_ on device0_.id=device0_1_.id where device0_.id=? for update
1574 [main] DEBUG org.hibernate.loader.plan.build.internal.spaces.QuerySpacesImpl  - Adding QuerySpace : uid = <gen:0> -> org.hibernate.loader.plan.build.internal.spaces.EntityQuerySpaceImpl@64f1fd08]
1574 [main] DEBUG org.hibernate.loader.plan.build.internal.spaces.QuerySpacesImpl  - Adding QuerySpace : uid = <gen:1> -> org.hibernate.loader.plan.build.internal.spaces.EntityQuerySpaceImpl@282ffbf5]
1574 [main] DEBUG org.hibernate.loader.plan.build.internal.spaces.QuerySpacesImpl  - Adding QuerySpace : uid = <gen:2> -> org.hibernate.loader.plan.build.internal.spaces.CompositeQuerySpaceImpl@3e104d4b]
1574 [main] DEBUG org.hibernate.loader.plan.build.internal.spaces.QuerySpacesImpl  - Adding QuerySpace : uid = <gen:3> -> org.hibernate.loader.plan.build.internal.spaces.CompositeQuerySpaceImpl@45e1aa48]
1575 [main] DEBUG org.hibernate.loader.plan.build.internal.FetchStyleLoadPlanBuildingAssociationVisitationStrategy  - Building LoadPlan...
1575 [main] DEBUG org.hibernate.loader.plan.exec.internal.LoadQueryJoinAndFetchProcessor  - processing queryspace <gen:0>
1576 [main] DEBUG org.hibernate.loader.plan.build.spi.LoadPlanTreePrinter  - LoadPlan(entity=org.thingsplode.core.entities.Device)
    - Returns
       - EntityReturnImpl(entity=org.thingsplode.core.entities.Device, querySpaceUid=<gen:0>, path=org.thingsplode.core.entities.Device)
          - EntityAttributeFetchImpl(entity=org.thingsplode.core.entities.Model, querySpaceUid=<gen:1>, path=org.thingsplode.core.entities.Device.model)
          - CompositeAttributeFetchImpl(composite=org.thingsplode.core.Location, querySpaceUid=<gen:2>, path=org.thingsplode.core.entities.Device.location)
             - NestedCompositeAttributeFetchImpl(composite=org.thingsplode.core.Address, querySpaceUid=<gen:3>, path=org.thingsplode.core.entities.Device.location.address)
    - QuerySpaces
       - EntityQuerySpaceImpl(uid=<gen:0>, entity=org.thingsplode.core.entities.Device)
          - SQL table alias mapping - device0_
          - alias suffix - 0_
          - suffixed key columns - {id2_1_0_}
          - JOIN (JoinDefinedByMetadata(location)) : <gen:0> -> <gen:2>
             - CompositeQuerySpaceImpl(uid=<gen:2>)
                - SQL table alias mapping - device0_
                - JOIN (JoinDefinedByMetadata(address)) : <gen:2> -> <gen:3>
                   - CompositeQuerySpaceImpl(uid=<gen:3>)
                      - SQL table alias mapping - device0_

1576 [main] DEBUG org.hibernate.loader.entity.plan.EntityLoader  - Static select for entity org.thingsplode.core.entities.Device [PESSIMISTIC_READ]: select device0_.id as id2_1_0_, device0_1_.deviceClass as deviceCl3_1_0_, device0_1_.enabledState as enabledS4_1_0_, device0_1_.identification as identifi5_1_0_, device0_1_.model_id as model_i10_1_0_, device0_1_.partNumber as partNumb6_1_0_, device0_1_.serialNumber as serialNu7_1_0_, device0_1_.status as status8_1_0_, device0_1_.type as type9_1_0_, device0_.hostAddress as hostAddr1_3_0_, device0_.lastHeartBeat as lastHear2_3_0_, device0_.city as city3_3_0_, device0_.country as country4_3_0_, device0_.houseNumber as houseNum5_3_0_, device0_.postCode as postCode6_3_0_, device0_.state as state7_3_0_, device0_.street as street8_3_0_, device0_.description as descript9_3_0_, device0_.latitude as latitud10_3_0_, device0_.longitude as longitu11_3_0_, device0_.startupDate as startup12_3_0_ from DEVICES device0_ inner join COMPONENT device0_1_ on device0_.id=device0_1_.id where device0_.id=? for update
1576 [main] DEBUG org.hibernate.loader.plan.build.internal.spaces.QuerySpacesImpl  - Adding QuerySpace : uid = <gen:0> -> org.hibernate.loader.plan.build.internal.spaces.EntityQuerySpaceImpl@2e807c54]
1576 [main] DEBUG org.hibernate.loader.plan.build.internal.spaces.QuerySpacesImpl  - Adding QuerySpace : uid = <gen:1> -> org.hibernate.loader.plan.build.internal.spaces.EntityQuerySpaceImpl@242a209e]
1577 [main] DEBUG org.hibernate.loader.plan.build.internal.spaces.QuerySpacesImpl  - Adding QuerySpace : uid = <gen:2> -> org.hibernate.loader.plan.build.internal.spaces.CompositeQuerySpaceImpl@64469d8]
1577 [main] DEBUG org.hibernate.loader.plan.build.internal.spaces.QuerySpacesImpl  - Adding QuerySpace : uid = <gen:3> -> org.hibernate.loader.plan.build.internal.spaces.CompositeQuerySpaceImpl@4c18621b]
1577 [main] DEBUG org.hibernate.loader.plan.build.internal.FetchStyleLoadPlanBuildingAssociationVisitationStrategy  - Building LoadPlan...
1577 [main] DEBUG org.hibernate.loader.plan.exec.internal.LoadQueryJoinAndFetchProcessor  - processing queryspace <gen:0>
1578 [main] DEBUG org.hibernate.loader.plan.build.spi.LoadPlanTreePrinter  - LoadPlan(entity=org.thingsplode.core.entities.Device)
    - Returns
       - EntityReturnImpl(entity=org.thingsplode.core.entities.Device, querySpaceUid=<gen:0>, path=org.thingsplode.core.entities.Device)
          - EntityAttributeFetchImpl(entity=org.thingsplode.core.entities.Model, querySpaceUid=<gen:1>, path=org.thingsplode.core.entities.Device.model)
          - CompositeAttributeFetchImpl(composite=org.thingsplode.core.Location, querySpaceUid=<gen:2>, path=org.thingsplode.core.entities.Device.location)
             - NestedCompositeAttributeFetchImpl(composite=org.thingsplode.core.Address, querySpaceUid=<gen:3>, path=org.thingsplode.core.entities.Device.location.address)
    - QuerySpaces
       - EntityQuerySpaceImpl(uid=<gen:0>, entity=org.thingsplode.core.entities.Device)
          - SQL table alias mapping - device0_
          - alias suffix - 0_
          - suffixed key columns - {id2_1_0_}
          - JOIN (JoinDefinedByMetadata(location)) : <gen:0> -> <gen:2>
             - CompositeQuerySpaceImpl(uid=<gen:2>)
                - SQL table alias mapping - device0_
                - JOIN (JoinDefinedByMetadata(address)) : <gen:2> -> <gen:3>
                   - CompositeQuerySpaceImpl(uid=<gen:3>)
                      - SQL table alias mapping - device0_

1578 [main] DEBUG org.hibernate.loader.entity.plan.EntityLoader  - Static select for entity org.thingsplode.core.entities.Device [PESSIMISTIC_WRITE]: select device0_.id as id2_1_0_, device0_1_.deviceClass as deviceCl3_1_0_, device0_1_.enabledState as enabledS4_1_0_, device0_1_.identification as identifi5_1_0_, device0_1_.model_id as model_i10_1_0_, device0_1_.partNumber as partNumb6_1_0_, device0_1_.serialNumber as serialNu7_1_0_, device0_1_.status as status8_1_0_, device0_1_.type as type9_1_0_, device0_.hostAddress as hostAddr1_3_0_, device0_.lastHeartBeat as lastHear2_3_0_, device0_.city as city3_3_0_, device0_.country as country4_3_0_, device0_.houseNumber as houseNum5_3_0_, device0_.postCode as postCode6_3_0_, device0_.state as state7_3_0_, device0_.street as street8_3_0_, device0_.description as descript9_3_0_, device0_.latitude as latitud10_3_0_, device0_.longitude as longitu11_3_0_, device0_.startupDate as startup12_3_0_ from DEVICES device0_ inner join COMPONENT device0_1_ on device0_.id=device0_1_.id where device0_.id=? for update
1579 [main] DEBUG org.hibernate.loader.plan.build.internal.spaces.QuerySpacesImpl  - Adding QuerySpace : uid = <gen:0> -> org.hibernate.loader.plan.build.internal.spaces.EntityQuerySpaceImpl@1cec219f]
1579 [main] DEBUG org.hibernate.loader.plan.build.internal.spaces.QuerySpacesImpl  - Adding QuerySpace : uid = <gen:1> -> org.hibernate.loader.plan.build.internal.spaces.EntityQuerySpaceImpl@6629ad09]
1579 [main] DEBUG org.hibernate.loader.plan.build.internal.spaces.QuerySpacesImpl  - Adding QuerySpace : uid = <gen:2> -> org.hibernate.loader.plan.build.internal.spaces.CompositeQuerySpaceImpl@43e1692f]
1579 [main] DEBUG org.hibernate.loader.plan.build.internal.spaces.QuerySpacesImpl  - Adding QuerySpace : uid = <gen:3> -> org.hibernate.loader.plan.build.internal.spaces.CompositeQuerySpaceImpl@27df0f3d]
1580 [main] DEBUG org.hibernate.loader.plan.build.internal.FetchStyleLoadPlanBuildingAssociationVisitationStrategy  - Building LoadPlan...
1580 [main] DEBUG org.hibernate.loader.plan.exec.internal.LoadQueryJoinAndFetchProcessor  - processing queryspace <gen:0>
1581 [main] DEBUG org.hibernate.loader.plan.build.spi.LoadPlanTreePrinter  - LoadPlan(entity=org.thingsplode.core.entities.Device)
    - Returns
       - EntityReturnImpl(entity=org.thingsplode.core.entities.Device, querySpaceUid=<gen:0>, path=org.thingsplode.core.entities.Device)
          - EntityAttributeFetchImpl(entity=org.thingsplode.core.entities.Model, querySpaceUid=<gen:1>, path=org.thingsplode.core.entities.Device.model)
          - CompositeAttributeFetchImpl(composite=org.thingsplode.core.Location, querySpaceUid=<gen:2>, path=org.thingsplode.core.entities.Device.location)
             - NestedCompositeAttributeFetchImpl(composite=org.thingsplode.core.Address, querySpaceUid=<gen:3>, path=org.thingsplode.core.entities.Device.location.address)
    - QuerySpaces
       - EntityQuerySpaceImpl(uid=<gen:0>, entity=org.thingsplode.core.entities.Device)
          - SQL table alias mapping - device0_
          - alias suffix - 0_
          - suffixed key columns - {id2_1_0_}
          - JOIN (JoinDefinedByMetadata(location)) : <gen:0> -> <gen:2>
             - CompositeQuerySpaceImpl(uid=<gen:2>)
                - SQL table alias mapping - device0_
                - JOIN (JoinDefinedByMetadata(address)) : <gen:2> -> <gen:3>
                   - CompositeQuerySpaceImpl(uid=<gen:3>)
                      - SQL table alias mapping - device0_

1581 [main] DEBUG org.hibernate.loader.entity.plan.EntityLoader  - Static select for entity org.thingsplode.core.entities.Device [PESSIMISTIC_FORCE_INCREMENT]: select device0_.id as id2_1_0_, device0_1_.deviceClass as deviceCl3_1_0_, device0_1_.enabledState as enabledS4_1_0_, device0_1_.identification as identifi5_1_0_, device0_1_.model_id as model_i10_1_0_, device0_1_.partNumber as partNumb6_1_0_, device0_1_.serialNumber as serialNu7_1_0_, device0_1_.status as status8_1_0_, device0_1_.type as type9_1_0_, device0_.hostAddress as hostAddr1_3_0_, device0_.lastHeartBeat as lastHear2_3_0_, device0_.city as city3_3_0_, device0_.country as country4_3_0_, device0_.houseNumber as houseNum5_3_0_, device0_.postCode as postCode6_3_0_, device0_.state as state7_3_0_, device0_.street as street8_3_0_, device0_.description as descript9_3_0_, device0_.latitude as latitud10_3_0_, device0_.longitude as longitu11_3_0_, device0_.startupDate as startup12_3_0_ from DEVICES device0_ inner join COMPONENT device0_1_ on device0_.id=device0_1_.id where device0_.id=? for update
1581 [main] DEBUG org.hibernate.loader.plan.build.internal.spaces.QuerySpacesImpl  - Adding QuerySpace : uid = <gen:0> -> org.hibernate.loader.plan.build.internal.spaces.EntityQuerySpaceImpl@44550792]
1581 [main] DEBUG org.hibernate.loader.plan.build.internal.spaces.QuerySpacesImpl  - Adding QuerySpace : uid = <gen:1> -> org.hibernate.loader.plan.build.internal.spaces.EntityQuerySpaceImpl@474c9131]
1581 [main] DEBUG org.hibernate.loader.plan.build.internal.spaces.QuerySpacesImpl  - Adding QuerySpace : uid = <gen:2> -> org.hibernate.loader.plan.build.internal.spaces.CompositeQuerySpaceImpl@66213a0d]
1582 [main] DEBUG org.hibernate.loader.plan.build.internal.spaces.QuerySpacesImpl  - Adding QuerySpace : uid = <gen:3> -> org.hibernate.loader.plan.build.internal.spaces.CompositeQuerySpaceImpl@3cb8c8ce]
1582 [main] DEBUG org.hibernate.loader.plan.build.internal.FetchStyleLoadPlanBuildingAssociationVisitationStrategy  - Building LoadPlan...
1582 [main] DEBUG org.hibernate.loader.plan.exec.internal.LoadQueryJoinAndFetchProcessor  - processing queryspace <gen:0>
1583 [main] DEBUG org.hibernate.loader.plan.build.spi.LoadPlanTreePrinter  - LoadPlan(entity=org.thingsplode.core.entities.Device)
    - Returns
       - EntityReturnImpl(entity=org.thingsplode.core.entities.Device, querySpaceUid=<gen:0>, path=org.thingsplode.core.entities.Device)
          - EntityAttributeFetchImpl(entity=org.thingsplode.core.entities.Model, querySpaceUid=<gen:1>, path=org.thingsplode.core.entities.Device.model)
          - CompositeAttributeFetchImpl(composite=org.thingsplode.core.Location, querySpaceUid=<gen:2>, path=org.thingsplode.core.entities.Device.location)
             - NestedCompositeAttributeFetchImpl(composite=org.thingsplode.core.Address, querySpaceUid=<gen:3>, path=org.thingsplode.core.entities.Device.location.address)
    - QuerySpaces
       - EntityQuerySpaceImpl(uid=<gen:0>, entity=org.thingsplode.core.entities.Device)
          - SQL table alias mapping - device0_
          - alias suffix - 0_
          - suffixed key columns - {id2_1_0_}
          - JOIN (JoinDefinedByMetadata(location)) : <gen:0> -> <gen:2>
             - CompositeQuerySpaceImpl(uid=<gen:2>)
                - SQL table alias mapping - device0_
                - JOIN (JoinDefinedByMetadata(address)) : <gen:2> -> <gen:3>
                   - CompositeQuerySpaceImpl(uid=<gen:3>)
                      - SQL table alias mapping - device0_

1583 [main] DEBUG org.hibernate.loader.entity.plan.EntityLoader  - Static select for entity org.thingsplode.core.entities.Device [OPTIMISTIC]: select device0_.id as id2_1_0_, device0_1_.deviceClass as deviceCl3_1_0_, device0_1_.enabledState as enabledS4_1_0_, device0_1_.identification as identifi5_1_0_, device0_1_.model_id as model_i10_1_0_, device0_1_.partNumber as partNumb6_1_0_, device0_1_.serialNumber as serialNu7_1_0_, device0_1_.status as status8_1_0_, device0_1_.type as type9_1_0_, device0_.hostAddress as hostAddr1_3_0_, device0_.lastHeartBeat as lastHear2_3_0_, device0_.city as city3_3_0_, device0_.country as country4_3_0_, device0_.houseNumber as houseNum5_3_0_, device0_.postCode as postCode6_3_0_, device0_.state as state7_3_0_, device0_.street as street8_3_0_, device0_.description as descript9_3_0_, device0_.latitude as latitud10_3_0_, device0_.longitude as longitu11_3_0_, device0_.startupDate as startup12_3_0_ from DEVICES device0_ inner join COMPONENT device0_1_ on device0_.id=device0_1_.id where device0_.id=?
1583 [main] DEBUG org.hibernate.loader.plan.build.internal.spaces.QuerySpacesImpl  - Adding QuerySpace : uid = <gen:0> -> org.hibernate.loader.plan.build.internal.spaces.EntityQuerySpaceImpl@70c0a3d5]
1584 [main] DEBUG org.hibernate.loader.plan.build.internal.spaces.QuerySpacesImpl  - Adding QuerySpace : uid = <gen:1> -> org.hibernate.loader.plan.build.internal.spaces.EntityQuerySpaceImpl@260a3a5e]
1584 [main] DEBUG org.hibernate.loader.plan.build.internal.spaces.QuerySpacesImpl  - Adding QuerySpace : uid = <gen:2> -> org.hibernate.loader.plan.build.internal.spaces.CompositeQuerySpaceImpl@49206065]
1584 [main] DEBUG org.hibernate.loader.plan.build.internal.spaces.QuerySpacesImpl  - Adding QuerySpace : uid = <gen:3> -> org.hibernate.loader.plan.build.internal.spaces.CompositeQuerySpaceImpl@1317b708]
1584 [main] DEBUG org.hibernate.loader.plan.build.internal.FetchStyleLoadPlanBuildingAssociationVisitationStrategy  - Building LoadPlan...
1585 [main] DEBUG org.hibernate.loader.plan.exec.internal.LoadQueryJoinAndFetchProcessor  - processing queryspace <gen:0>
1585 [main] DEBUG org.hibernate.loader.plan.build.spi.LoadPlanTreePrinter  - LoadPlan(entity=org.thingsplode.core.entities.Device)
    - Returns
       - EntityReturnImpl(entity=org.thingsplode.core.entities.Device, querySpaceUid=<gen:0>, path=org.thingsplode.core.entities.Device)
          - EntityAttributeFetchImpl(entity=org.thingsplode.core.entities.Model, querySpaceUid=<gen:1>, path=org.thingsplode.core.entities.Device.model)
          - CompositeAttributeFetchImpl(composite=org.thingsplode.core.Location, querySpaceUid=<gen:2>, path=org.thingsplode.core.entities.Device.location)
             - NestedCompositeAttributeFetchImpl(composite=org.thingsplode.core.Address, querySpaceUid=<gen:3>, path=org.thingsplode.core.entities.Device.location.address)
    - QuerySpaces
       - EntityQuerySpaceImpl(uid=<gen:0>, entity=org.thingsplode.core.entities.Device)
          - SQL table alias mapping - device0_
          - alias suffix - 0_
          - suffixed key columns - {id2_1_0_}
          - JOIN (JoinDefinedByMetadata(location)) : <gen:0> -> <gen:2>
             - CompositeQuerySpaceImpl(uid=<gen:2>)
                - SQL table alias mapping - device0_
                - JOIN (JoinDefinedByMetadata(address)) : <gen:2> -> <gen:3>
                   - CompositeQuerySpaceImpl(uid=<gen:3>)
                      - SQL table alias mapping - device0_

1586 [main] DEBUG org.hibernate.loader.entity.plan.EntityLoader  - Static select for entity org.thingsplode.core.entities.Device [OPTIMISTIC_FORCE_INCREMENT]: select device0_.id as id2_1_0_, device0_1_.deviceClass as deviceCl3_1_0_, device0_1_.enabledState as enabledS4_1_0_, device0_1_.identification as identifi5_1_0_, device0_1_.model_id as model_i10_1_0_, device0_1_.partNumber as partNumb6_1_0_, device0_1_.serialNumber as serialNu7_1_0_, device0_1_.status as status8_1_0_, device0_1_.type as type9_1_0_, device0_.hostAddress as hostAddr1_3_0_, device0_.lastHeartBeat as lastHear2_3_0_, device0_.city as city3_3_0_, device0_.country as country4_3_0_, device0_.houseNumber as houseNum5_3_0_, device0_.postCode as postCode6_3_0_, device0_.state as state7_3_0_, device0_.street as street8_3_0_, device0_.description as descript9_3_0_, device0_.latitude as latitud10_3_0_, device0_.longitude as longitu11_3_0_, device0_.startupDate as startup12_3_0_ from DEVICES device0_ inner join COMPONENT device0_1_ on device0_.id=device0_1_.id where device0_.id=?
1603 [main] DEBUG org.hibernate.loader.Loader  - Static select for action ACTION_MERGE on entity org.thingsplode.core.entities.Device: select device0_.id as id2_1_2_, device0_1_.deviceClass as deviceCl3_1_2_, device0_1_.enabledState as enabledS4_1_2_, device0_1_.identification as identifi5_1_2_, device0_1_.model_id as model_i10_1_2_, device0_1_.partNumber as partNumb6_1_2_, device0_1_.serialNumber as serialNu7_1_2_, device0_1_.status as status8_1_2_, device0_1_.type as type9_1_2_, device0_.hostAddress as hostAddr1_3_2_, device0_.lastHeartBeat as lastHear2_3_2_, device0_.city as city3_3_2_, device0_.country as country4_3_2_, device0_.houseNumber as houseNum5_3_2_, device0_.postCode as postCode6_3_2_, device0_.state as state7_3_2_, device0_.street as street8_3_2_, device0_.description as descript9_3_2_, device0_.latitude as latitud10_3_2_, device0_.longitude as longitu11_3_2_, device0_.startupDate as startup12_3_2_, capabiliti1_.COMP_ID as COMP_ID7_1_4_, capabiliti1_.id as id1_0_4_, capabiliti1_.id as id1_0_0_, capabiliti1_.active as active2_0_0_, capabiliti1_.name as name3_0_0_, capabiliti1_.type as type4_0_0_, capabiliti1_.content as content5_0_0_, capabiliti1_.VALUE_TYPE as VALUE_TY6_0_0_, model2_.id as id1_6_1_, model2_.manufacturer as manufact2_6_1_, model2_.type as type3_6_1_, model2_.version as version4_6_1_ from DEVICES device0_ inner join COMPONENT device0_1_ on device0_.id=device0_1_.id left outer join CAPABILITIES capabiliti1_ on device0_.id=capabiliti1_.COMP_ID left outer join MODELS model2_ on device0_1_.model_id=model2_.id where device0_.id=?
1604 [main] DEBUG org.hibernate.loader.Loader  - Static select for action ACTION_REFRESH on entity org.thingsplode.core.entities.Device: select device0_.id as id2_1_2_, device0_1_.deviceClass as deviceCl3_1_2_, device0_1_.enabledState as enabledS4_1_2_, device0_1_.identification as identifi5_1_2_, device0_1_.model_id as model_i10_1_2_, device0_1_.partNumber as partNumb6_1_2_, device0_1_.serialNumber as serialNu7_1_2_, device0_1_.status as status8_1_2_, device0_1_.type as type9_1_2_, device0_.hostAddress as hostAddr1_3_2_, device0_.lastHeartBeat as lastHear2_3_2_, device0_.city as city3_3_2_, device0_.country as country4_3_2_, device0_.houseNumber as houseNum5_3_2_, device0_.postCode as postCode6_3_2_, device0_.state as state7_3_2_, device0_.street as street8_3_2_, device0_.description as descript9_3_2_, device0_.latitude as latitud10_3_2_, device0_.longitude as longitu11_3_2_, device0_.startupDate as startup12_3_2_, capabiliti1_.COMP_ID as COMP_ID7_1_4_, capabiliti1_.id as id1_0_4_, capabiliti1_.id as id1_0_0_, capabiliti1_.active as active2_0_0_, capabiliti1_.name as name3_0_0_, capabiliti1_.type as type4_0_0_, capabiliti1_.content as content5_0_0_, capabiliti1_.VALUE_TYPE as VALUE_TY6_0_0_, model2_.id as id1_6_1_, model2_.manufacturer as manufact2_6_1_, model2_.type as type3_6_1_, model2_.version as version4_6_1_ from DEVICES device0_ inner join COMPONENT device0_1_ on device0_.id=device0_1_.id left outer join CAPABILITIES capabiliti1_ on device0_.id=capabiliti1_.COMP_ID left outer join MODELS model2_ on device0_1_.model_id=model2_.id where device0_.id=?
1605 [main] DEBUG org.hibernate.loader.plan.build.internal.spaces.QuerySpacesImpl  - Adding QuerySpace : uid = <gen:0> -> org.hibernate.loader.plan.build.internal.spaces.EntityQuerySpaceImpl@74d3b638]
1609 [main] DEBUG org.hibernate.loader.plan.build.internal.spaces.QuerySpacesImpl  - Adding QuerySpace : uid = <gen:1> -> org.hibernate.loader.plan.build.internal.spaces.CompositeQuerySpaceImpl@126f1ba8]
1609 [main] DEBUG org.hibernate.loader.plan.build.internal.FetchStyleLoadPlanBuildingAssociationVisitationStrategy  - Building LoadPlan...
1610 [main] DEBUG org.hibernate.loader.plan.exec.internal.LoadQueryJoinAndFetchProcessor  - processing queryspace <gen:0>
1610 [main] DEBUG org.hibernate.loader.plan.build.spi.LoadPlanTreePrinter  - LoadPlan(entity=org.thingsplode.core.entities.Treshold)
    - Returns
       - EntityReturnImpl(entity=org.thingsplode.core.entities.Treshold, querySpaceUid=<gen:0>, path=org.thingsplode.core.entities.Treshold)
          - CompositeAttributeFetchImpl(composite=org.thingsplode.core.Value, querySpaceUid=<gen:1>, path=org.thingsplode.core.entities.Treshold.tresholdValue)
    - QuerySpaces
       - EntityQuerySpaceImpl(uid=<gen:0>, entity=org.thingsplode.core.entities.Treshold)
          - SQL table alias mapping - treshold0_
          - alias suffix - 0_
          - suffixed key columns - {id1_8_0_}
          - JOIN (JoinDefinedByMetadata(tresholdValue)) : <gen:0> -> <gen:1>
             - CompositeQuerySpaceImpl(uid=<gen:1>)
                - SQL table alias mapping - treshold0_

1610 [main] DEBUG org.hibernate.loader.entity.plan.EntityLoader  - Static select for entity org.thingsplode.core.entities.Treshold [NONE]: select treshold0_.id as id1_8_0_, treshold0_.name as name2_8_0_, treshold0_.scope as scope3_8_0_, treshold0_.content as content4_8_0_, treshold0_.VALUE_TYPE as VALUE_TY5_8_0_, treshold0_.type as type6_8_0_ from TRESHOLDS treshold0_ where treshold0_.id=?
1610 [main] DEBUG org.hibernate.loader.plan.build.internal.spaces.QuerySpacesImpl  - Adding QuerySpace : uid = <gen:0> -> org.hibernate.loader.plan.build.internal.spaces.EntityQuerySpaceImpl@53830483]
1611 [main] DEBUG org.hibernate.loader.plan.build.internal.spaces.QuerySpacesImpl  - Adding QuerySpace : uid = <gen:1> -> org.hibernate.loader.plan.build.internal.spaces.CompositeQuerySpaceImpl@43a0a32d]
1611 [main] DEBUG org.hibernate.loader.plan.build.internal.FetchStyleLoadPlanBuildingAssociationVisitationStrategy  - Building LoadPlan...
1611 [main] DEBUG org.hibernate.loader.plan.exec.internal.LoadQueryJoinAndFetchProcessor  - processing queryspace <gen:0>
1611 [main] DEBUG org.hibernate.loader.plan.build.spi.LoadPlanTreePrinter  - LoadPlan(entity=org.thingsplode.core.entities.Treshold)
    - Returns
       - EntityReturnImpl(entity=org.thingsplode.core.entities.Treshold, querySpaceUid=<gen:0>, path=org.thingsplode.core.entities.Treshold)
          - CompositeAttributeFetchImpl(composite=org.thingsplode.core.Value, querySpaceUid=<gen:1>, path=org.thingsplode.core.entities.Treshold.tresholdValue)
    - QuerySpaces
       - EntityQuerySpaceImpl(uid=<gen:0>, entity=org.thingsplode.core.entities.Treshold)
          - SQL table alias mapping - treshold0_
          - alias suffix - 0_
          - suffixed key columns - {id1_8_0_}
          - JOIN (JoinDefinedByMetadata(tresholdValue)) : <gen:0> -> <gen:1>
             - CompositeQuerySpaceImpl(uid=<gen:1>)
                - SQL table alias mapping - treshold0_

1612 [main] DEBUG org.hibernate.loader.entity.plan.EntityLoader  - Static select for entity org.thingsplode.core.entities.Treshold [READ]: select treshold0_.id as id1_8_0_, treshold0_.name as name2_8_0_, treshold0_.scope as scope3_8_0_, treshold0_.content as content4_8_0_, treshold0_.VALUE_TYPE as VALUE_TY5_8_0_, treshold0_.type as type6_8_0_ from TRESHOLDS treshold0_ where treshold0_.id=?
1612 [main] DEBUG org.hibernate.loader.plan.build.internal.spaces.QuerySpacesImpl  - Adding QuerySpace : uid = <gen:0> -> org.hibernate.loader.plan.build.internal.spaces.EntityQuerySpaceImpl@72825400]
1612 [main] DEBUG org.hibernate.loader.plan.build.internal.spaces.QuerySpacesImpl  - Adding QuerySpace : uid = <gen:1> -> org.hibernate.loader.plan.build.internal.spaces.CompositeQuerySpaceImpl@5f117b3d]
1612 [main] DEBUG org.hibernate.loader.plan.build.internal.FetchStyleLoadPlanBuildingAssociationVisitationStrategy  - Building LoadPlan...
1612 [main] DEBUG org.hibernate.loader.plan.exec.internal.LoadQueryJoinAndFetchProcessor  - processing queryspace <gen:0>
1613 [main] DEBUG org.hibernate.loader.plan.build.spi.LoadPlanTreePrinter  - LoadPlan(entity=org.thingsplode.core.entities.Treshold)
    - Returns
       - EntityReturnImpl(entity=org.thingsplode.core.entities.Treshold, querySpaceUid=<gen:0>, path=org.thingsplode.core.entities.Treshold)
          - CompositeAttributeFetchImpl(composite=org.thingsplode.core.Value, querySpaceUid=<gen:1>, path=org.thingsplode.core.entities.Treshold.tresholdValue)
    - QuerySpaces
       - EntityQuerySpaceImpl(uid=<gen:0>, entity=org.thingsplode.core.entities.Treshold)
          - SQL table alias mapping - treshold0_
          - alias suffix - 0_
          - suffixed key columns - {id1_8_0_}
          - JOIN (JoinDefinedByMetadata(tresholdValue)) : <gen:0> -> <gen:1>
             - CompositeQuerySpaceImpl(uid=<gen:1>)
                - SQL table alias mapping - treshold0_

1613 [main] DEBUG org.hibernate.loader.entity.plan.EntityLoader  - Static select for entity org.thingsplode.core.entities.Treshold [UPGRADE]: select treshold0_.id as id1_8_0_, treshold0_.name as name2_8_0_, treshold0_.scope as scope3_8_0_, treshold0_.content as content4_8_0_, treshold0_.VALUE_TYPE as VALUE_TY5_8_0_, treshold0_.type as type6_8_0_ from TRESHOLDS treshold0_ where treshold0_.id=? for update
1613 [main] DEBUG org.hibernate.loader.plan.build.internal.spaces.QuerySpacesImpl  - Adding QuerySpace : uid = <gen:0> -> org.hibernate.loader.plan.build.internal.spaces.EntityQuerySpaceImpl@71b6d77f]
1613 [main] DEBUG org.hibernate.loader.plan.build.internal.spaces.QuerySpacesImpl  - Adding QuerySpace : uid = <gen:1> -> org.hibernate.loader.plan.build.internal.spaces.CompositeQuerySpaceImpl@4cfa8227]
1613 [main] DEBUG org.hibernate.loader.plan.build.internal.FetchStyleLoadPlanBuildingAssociationVisitationStrategy  - Building LoadPlan...
1614 [main] DEBUG org.hibernate.loader.plan.exec.internal.LoadQueryJoinAndFetchProcessor  - processing queryspace <gen:0>
1614 [main] DEBUG org.hibernate.loader.plan.build.spi.LoadPlanTreePrinter  - LoadPlan(entity=org.thingsplode.core.entities.Treshold)
    - Returns
       - EntityReturnImpl(entity=org.thingsplode.core.entities.Treshold, querySpaceUid=<gen:0>, path=org.thingsplode.core.entities.Treshold)
          - CompositeAttributeFetchImpl(composite=org.thingsplode.core.Value, querySpaceUid=<gen:1>, path=org.thingsplode.core.entities.Treshold.tresholdValue)
    - QuerySpaces
       - EntityQuerySpaceImpl(uid=<gen:0>, entity=org.thingsplode.core.entities.Treshold)
          - SQL table alias mapping - treshold0_
          - alias suffix - 0_
          - suffixed key columns - {id1_8_0_}
          - JOIN (JoinDefinedByMetadata(tresholdValue)) : <gen:0> -> <gen:1>
             - CompositeQuerySpaceImpl(uid=<gen:1>)
                - SQL table alias mapping - treshold0_

1614 [main] DEBUG org.hibernate.loader.entity.plan.EntityLoader  - Static select for entity org.thingsplode.core.entities.Treshold [UPGRADE_NOWAIT]: select treshold0_.id as id1_8_0_, treshold0_.name as name2_8_0_, treshold0_.scope as scope3_8_0_, treshold0_.content as content4_8_0_, treshold0_.VALUE_TYPE as VALUE_TY5_8_0_, treshold0_.type as type6_8_0_ from TRESHOLDS treshold0_ where treshold0_.id=? for update
1615 [main] DEBUG org.hibernate.loader.plan.build.internal.spaces.QuerySpacesImpl  - Adding QuerySpace : uid = <gen:0> -> org.hibernate.loader.plan.build.internal.spaces.EntityQuerySpaceImpl@3f685162]
1615 [main] DEBUG org.hibernate.loader.plan.build.internal.spaces.QuerySpacesImpl  - Adding QuerySpace : uid = <gen:1> -> org.hibernate.loader.plan.build.internal.spaces.CompositeQuerySpaceImpl@987455b]
1615 [main] DEBUG org.hibernate.loader.plan.build.internal.FetchStyleLoadPlanBuildingAssociationVisitationStrategy  - Building LoadPlan...
1616 [main] DEBUG org.hibernate.loader.plan.exec.internal.LoadQueryJoinAndFetchProcessor  - processing queryspace <gen:0>
1616 [main] DEBUG org.hibernate.loader.plan.build.spi.LoadPlanTreePrinter  - LoadPlan(entity=org.thingsplode.core.entities.Treshold)
    - Returns
       - EntityReturnImpl(entity=org.thingsplode.core.entities.Treshold, querySpaceUid=<gen:0>, path=org.thingsplode.core.entities.Treshold)
          - CompositeAttributeFetchImpl(composite=org.thingsplode.core.Value, querySpaceUid=<gen:1>, path=org.thingsplode.core.entities.Treshold.tresholdValue)
    - QuerySpaces
       - EntityQuerySpaceImpl(uid=<gen:0>, entity=org.thingsplode.core.entities.Treshold)
          - SQL table alias mapping - treshold0_
          - alias suffix - 0_
          - suffixed key columns - {id1_8_0_}
          - JOIN (JoinDefinedByMetadata(tresholdValue)) : <gen:0> -> <gen:1>
             - CompositeQuerySpaceImpl(uid=<gen:1>)
                - SQL table alias mapping - treshold0_

1617 [main] DEBUG org.hibernate.loader.entity.plan.EntityLoader  - Static select for entity org.thingsplode.core.entities.Treshold [UPGRADE_SKIPLOCKED]: select treshold0_.id as id1_8_0_, treshold0_.name as name2_8_0_, treshold0_.scope as scope3_8_0_, treshold0_.content as content4_8_0_, treshold0_.VALUE_TYPE as VALUE_TY5_8_0_, treshold0_.type as type6_8_0_ from TRESHOLDS treshold0_ where treshold0_.id=? for update
1617 [main] DEBUG org.hibernate.loader.plan.build.internal.spaces.QuerySpacesImpl  - Adding QuerySpace : uid = <gen:0> -> org.hibernate.loader.plan.build.internal.spaces.EntityQuerySpaceImpl@2ec3633f]
1617 [main] DEBUG org.hibernate.loader.plan.build.internal.spaces.QuerySpacesImpl  - Adding QuerySpace : uid = <gen:1> -> org.hibernate.loader.plan.build.internal.spaces.CompositeQuerySpaceImpl@13275d8]
1617 [main] DEBUG org.hibernate.loader.plan.build.internal.FetchStyleLoadPlanBuildingAssociationVisitationStrategy  - Building LoadPlan...
1617 [main] DEBUG org.hibernate.loader.plan.exec.internal.LoadQueryJoinAndFetchProcessor  - processing queryspace <gen:0>
1618 [main] DEBUG org.hibernate.loader.plan.build.spi.LoadPlanTreePrinter  - LoadPlan(entity=org.thingsplode.core.entities.Treshold)
    - Returns
       - EntityReturnImpl(entity=org.thingsplode.core.entities.Treshold, querySpaceUid=<gen:0>, path=org.thingsplode.core.entities.Treshold)
          - CompositeAttributeFetchImpl(composite=org.thingsplode.core.Value, querySpaceUid=<gen:1>, path=org.thingsplode.core.entities.Treshold.tresholdValue)
    - QuerySpaces
       - EntityQuerySpaceImpl(uid=<gen:0>, entity=org.thingsplode.core.entities.Treshold)
          - SQL table alias mapping - treshold0_
          - alias suffix - 0_
          - suffixed key columns - {id1_8_0_}
          - JOIN (JoinDefinedByMetadata(tresholdValue)) : <gen:0> -> <gen:1>
             - CompositeQuerySpaceImpl(uid=<gen:1>)
                - SQL table alias mapping - treshold0_

1618 [main] DEBUG org.hibernate.loader.entity.plan.EntityLoader  - Static select for entity org.thingsplode.core.entities.Treshold [FORCE]: select treshold0_.id as id1_8_0_, treshold0_.name as name2_8_0_, treshold0_.scope as scope3_8_0_, treshold0_.content as content4_8_0_, treshold0_.VALUE_TYPE as VALUE_TY5_8_0_, treshold0_.type as type6_8_0_ from TRESHOLDS treshold0_ where treshold0_.id=? for update
1618 [main] DEBUG org.hibernate.loader.plan.build.internal.spaces.QuerySpacesImpl  - Adding QuerySpace : uid = <gen:0> -> org.hibernate.loader.plan.build.internal.spaces.EntityQuerySpaceImpl@20576557]
1618 [main] DEBUG org.hibernate.loader.plan.build.internal.spaces.QuerySpacesImpl  - Adding QuerySpace : uid = <gen:1> -> org.hibernate.loader.plan.build.internal.spaces.CompositeQuerySpaceImpl@45c2e0a6]
1618 [main] DEBUG org.hibernate.loader.plan.build.internal.FetchStyleLoadPlanBuildingAssociationVisitationStrategy  - Building LoadPlan...
1618 [main] DEBUG org.hibernate.loader.plan.exec.internal.LoadQueryJoinAndFetchProcessor  - processing queryspace <gen:0>
1619 [main] DEBUG org.hibernate.loader.plan.build.spi.LoadPlanTreePrinter  - LoadPlan(entity=org.thingsplode.core.entities.Treshold)
    - Returns
       - EntityReturnImpl(entity=org.thingsplode.core.entities.Treshold, querySpaceUid=<gen:0>, path=org.thingsplode.core.entities.Treshold)
          - CompositeAttributeFetchImpl(composite=org.thingsplode.core.Value, querySpaceUid=<gen:1>, path=org.thingsplode.core.entities.Treshold.tresholdValue)
    - QuerySpaces
       - EntityQuerySpaceImpl(uid=<gen:0>, entity=org.thingsplode.core.entities.Treshold)
          - SQL table alias mapping - treshold0_
          - alias suffix - 0_
          - suffixed key columns - {id1_8_0_}
          - JOIN (JoinDefinedByMetadata(tresholdValue)) : <gen:0> -> <gen:1>
             - CompositeQuerySpaceImpl(uid=<gen:1>)
                - SQL table alias mapping - treshold0_

1619 [main] DEBUG org.hibernate.loader.entity.plan.EntityLoader  - Static select for entity org.thingsplode.core.entities.Treshold [PESSIMISTIC_READ]: select treshold0_.id as id1_8_0_, treshold0_.name as name2_8_0_, treshold0_.scope as scope3_8_0_, treshold0_.content as content4_8_0_, treshold0_.VALUE_TYPE as VALUE_TY5_8_0_, treshold0_.type as type6_8_0_ from TRESHOLDS treshold0_ where treshold0_.id=? for update
1619 [main] DEBUG org.hibernate.loader.plan.build.internal.spaces.QuerySpacesImpl  - Adding QuerySpace : uid = <gen:0> -> org.hibernate.loader.plan.build.internal.spaces.EntityQuerySpaceImpl@a7ad6e5]
1619 [main] DEBUG org.hibernate.loader.plan.build.internal.spaces.QuerySpacesImpl  - Adding QuerySpace : uid = <gen:1> -> org.hibernate.loader.plan.build.internal.spaces.CompositeQuerySpaceImpl@690bc15e]
1629 [main] DEBUG org.hibernate.loader.plan.build.internal.FetchStyleLoadPlanBuildingAssociationVisitationStrategy  - Building LoadPlan...
1629 [main] DEBUG org.hibernate.loader.plan.exec.internal.LoadQueryJoinAndFetchProcessor  - processing queryspace <gen:0>
1629 [main] DEBUG org.hibernate.loader.plan.build.spi.LoadPlanTreePrinter  - LoadPlan(entity=org.thingsplode.core.entities.Treshold)
    - Returns
       - EntityReturnImpl(entity=org.thingsplode.core.entities.Treshold, querySpaceUid=<gen:0>, path=org.thingsplode.core.entities.Treshold)
          - CompositeAttributeFetchImpl(composite=org.thingsplode.core.Value, querySpaceUid=<gen:1>, path=org.thingsplode.core.entities.Treshold.tresholdValue)
    - QuerySpaces
       - EntityQuerySpaceImpl(uid=<gen:0>, entity=org.thingsplode.core.entities.Treshold)
          - SQL table alias mapping - treshold0_
          - alias suffix - 0_
          - suffixed key columns - {id1_8_0_}
          - JOIN (JoinDefinedByMetadata(tresholdValue)) : <gen:0> -> <gen:1>
             - CompositeQuerySpaceImpl(uid=<gen:1>)
                - SQL table alias mapping - treshold0_

1629 [main] DEBUG org.hibernate.loader.entity.plan.EntityLoader  - Static select for entity org.thingsplode.core.entities.Treshold [PESSIMISTIC_WRITE]: select treshold0_.id as id1_8_0_, treshold0_.name as name2_8_0_, treshold0_.scope as scope3_8_0_, treshold0_.content as content4_8_0_, treshold0_.VALUE_TYPE as VALUE_TY5_8_0_, treshold0_.type as type6_8_0_ from TRESHOLDS treshold0_ where treshold0_.id=? for update
1630 [main] DEBUG org.hibernate.loader.plan.build.internal.spaces.QuerySpacesImpl  - Adding QuerySpace : uid = <gen:0> -> org.hibernate.loader.plan.build.internal.spaces.EntityQuerySpaceImpl@475646d4]
1630 [main] DEBUG org.hibernate.loader.plan.build.internal.spaces.QuerySpacesImpl  - Adding QuerySpace : uid = <gen:1> -> org.hibernate.loader.plan.build.internal.spaces.CompositeQuerySpaceImpl@3db972d2]
1630 [main] DEBUG org.hibernate.loader.plan.build.internal.FetchStyleLoadPlanBuildingAssociationVisitationStrategy  - Building LoadPlan...
1630 [main] DEBUG org.hibernate.loader.plan.exec.internal.LoadQueryJoinAndFetchProcessor  - processing queryspace <gen:0>
1631 [main] DEBUG org.hibernate.loader.plan.build.spi.LoadPlanTreePrinter  - LoadPlan(entity=org.thingsplode.core.entities.Treshold)
    - Returns
       - EntityReturnImpl(entity=org.thingsplode.core.entities.Treshold, querySpaceUid=<gen:0>, path=org.thingsplode.core.entities.Treshold)
          - CompositeAttributeFetchImpl(composite=org.thingsplode.core.Value, querySpaceUid=<gen:1>, path=org.thingsplode.core.entities.Treshold.tresholdValue)
    - QuerySpaces
       - EntityQuerySpaceImpl(uid=<gen:0>, entity=org.thingsplode.core.entities.Treshold)
          - SQL table alias mapping - treshold0_
          - alias suffix - 0_
          - suffixed key columns - {id1_8_0_}
          - JOIN (JoinDefinedByMetadata(tresholdValue)) : <gen:0> -> <gen:1>
             - CompositeQuerySpaceImpl(uid=<gen:1>)
                - SQL table alias mapping - treshold0_

1631 [main] DEBUG org.hibernate.loader.entity.plan.EntityLoader  - Static select for entity org.thingsplode.core.entities.Treshold [PESSIMISTIC_FORCE_INCREMENT]: select treshold0_.id as id1_8_0_, treshold0_.name as name2_8_0_, treshold0_.scope as scope3_8_0_, treshold0_.content as content4_8_0_, treshold0_.VALUE_TYPE as VALUE_TY5_8_0_, treshold0_.type as type6_8_0_ from TRESHOLDS treshold0_ where treshold0_.id=? for update
1636 [main] DEBUG org.hibernate.loader.plan.build.internal.spaces.QuerySpacesImpl  - Adding QuerySpace : uid = <gen:0> -> org.hibernate.loader.plan.build.internal.spaces.EntityQuerySpaceImpl@687e4c93]
1636 [main] DEBUG org.hibernate.loader.plan.build.internal.spaces.QuerySpacesImpl  - Adding QuerySpace : uid = <gen:1> -> org.hibernate.loader.plan.build.internal.spaces.CompositeQuerySpaceImpl@6ec7bce0]
1636 [main] DEBUG org.hibernate.loader.plan.build.internal.FetchStyleLoadPlanBuildingAssociationVisitationStrategy  - Building LoadPlan...
1636 [main] DEBUG org.hibernate.loader.plan.exec.internal.LoadQueryJoinAndFetchProcessor  - processing queryspace <gen:0>
1637 [main] DEBUG org.hibernate.loader.plan.build.spi.LoadPlanTreePrinter  - LoadPlan(entity=org.thingsplode.core.entities.Treshold)
    - Returns
       - EntityReturnImpl(entity=org.thingsplode.core.entities.Treshold, querySpaceUid=<gen:0>, path=org.thingsplode.core.entities.Treshold)
          - CompositeAttributeFetchImpl(composite=org.thingsplode.core.Value, querySpaceUid=<gen:1>, path=org.thingsplode.core.entities.Treshold.tresholdValue)
    - QuerySpaces
       - EntityQuerySpaceImpl(uid=<gen:0>, entity=org.thingsplode.core.entities.Treshold)
          - SQL table alias mapping - treshold0_
          - alias suffix - 0_
          - suffixed key columns - {id1_8_0_}
          - JOIN (JoinDefinedByMetadata(tresholdValue)) : <gen:0> -> <gen:1>
             - CompositeQuerySpaceImpl(uid=<gen:1>)
                - SQL table alias mapping - treshold0_

1637 [main] DEBUG org.hibernate.loader.entity.plan.EntityLoader  - Static select for entity org.thingsplode.core.entities.Treshold [OPTIMISTIC]: select treshold0_.id as id1_8_0_, treshold0_.name as name2_8_0_, treshold0_.scope as scope3_8_0_, treshold0_.content as content4_8_0_, treshold0_.VALUE_TYPE as VALUE_TY5_8_0_, treshold0_.type as type6_8_0_ from TRESHOLDS treshold0_ where treshold0_.id=?
1638 [main] DEBUG org.hibernate.loader.plan.build.internal.spaces.QuerySpacesImpl  - Adding QuerySpace : uid = <gen:0> -> org.hibernate.loader.plan.build.internal.spaces.EntityQuerySpaceImpl@3727f0ee]
1638 [main] DEBUG org.hibernate.loader.plan.build.internal.spaces.QuerySpacesImpl  - Adding QuerySpace : uid = <gen:1> -> org.hibernate.loader.plan.build.internal.spaces.CompositeQuerySpaceImpl@fb713e7]
1638 [main] DEBUG org.hibernate.loader.plan.build.internal.FetchStyleLoadPlanBuildingAssociationVisitationStrategy  - Building LoadPlan...
1638 [main] DEBUG org.hibernate.loader.plan.exec.internal.LoadQueryJoinAndFetchProcessor  - processing queryspace <gen:0>
1639 [main] DEBUG org.hibernate.loader.plan.build.spi.LoadPlanTreePrinter  - LoadPlan(entity=org.thingsplode.core.entities.Treshold)
    - Returns
       - EntityReturnImpl(entity=org.thingsplode.core.entities.Treshold, querySpaceUid=<gen:0>, path=org.thingsplode.core.entities.Treshold)
          - CompositeAttributeFetchImpl(composite=org.thingsplode.core.Value, querySpaceUid=<gen:1>, path=org.thingsplode.core.entities.Treshold.tresholdValue)
    - QuerySpaces
       - EntityQuerySpaceImpl(uid=<gen:0>, entity=org.thingsplode.core.entities.Treshold)
          - SQL table alias mapping - treshold0_
          - alias suffix - 0_
          - suffixed key columns - {id1_8_0_}
          - JOIN (JoinDefinedByMetadata(tresholdValue)) : <gen:0> -> <gen:1>
             - CompositeQuerySpaceImpl(uid=<gen:1>)
                - SQL table alias mapping - treshold0_

1639 [main] DEBUG org.hibernate.loader.entity.plan.EntityLoader  - Static select for entity org.thingsplode.core.entities.Treshold [OPTIMISTIC_FORCE_INCREMENT]: select treshold0_.id as id1_8_0_, treshold0_.name as name2_8_0_, treshold0_.scope as scope3_8_0_, treshold0_.content as content4_8_0_, treshold0_.VALUE_TYPE as VALUE_TY5_8_0_, treshold0_.type as type6_8_0_ from TRESHOLDS treshold0_ where treshold0_.id=?
1639 [main] DEBUG org.hibernate.loader.Loader  - Static select for action ACTION_MERGE on entity org.thingsplode.core.entities.Treshold: select treshold0_.id as id1_8_0_, treshold0_.name as name2_8_0_, treshold0_.scope as scope3_8_0_, treshold0_.content as content4_8_0_, treshold0_.VALUE_TYPE as VALUE_TY5_8_0_, treshold0_.type as type6_8_0_ from TRESHOLDS treshold0_ where treshold0_.id=?
1639 [main] DEBUG org.hibernate.loader.Loader  - Static select for action ACTION_REFRESH on entity org.thingsplode.core.entities.Treshold: select treshold0_.id as id1_8_0_, treshold0_.name as name2_8_0_, treshold0_.scope as scope3_8_0_, treshold0_.content as content4_8_0_, treshold0_.VALUE_TYPE as VALUE_TY5_8_0_, treshold0_.type as type6_8_0_ from TRESHOLDS treshold0_ where treshold0_.id=?
1640 [main] DEBUG org.hibernate.loader.plan.build.internal.spaces.QuerySpacesImpl  - Adding QuerySpace : uid = <gen:0> -> org.hibernate.loader.plan.build.internal.spaces.EntityQuerySpaceImpl@13741d5a]
1640 [main] DEBUG org.hibernate.loader.plan.build.internal.spaces.QuerySpacesImpl  - Adding QuerySpace : uid = <gen:1> -> org.hibernate.loader.plan.build.internal.spaces.EntityQuerySpaceImpl@5c7668ba]
1640 [main] DEBUG org.hibernate.loader.plan.build.internal.spaces.QuerySpacesImpl  - Adding QuerySpace : uid = <gen:2> -> org.hibernate.loader.plan.build.internal.spaces.CompositeQuerySpaceImpl@158f4cfe]
1640 [main] DEBUG org.hibernate.loader.plan.build.internal.spaces.QuerySpacesImpl  - Adding QuerySpace : uid = <gen:3> -> org.hibernate.loader.plan.build.internal.spaces.CompositeQuerySpaceImpl@5aaaa446]
1641 [main] DEBUG org.hibernate.loader.plan.build.internal.FetchStyleLoadPlanBuildingAssociationVisitationStrategy  - Building LoadPlan...
1641 [main] DEBUG org.hibernate.loader.plan.exec.internal.LoadQueryJoinAndFetchProcessor  - processing queryspace <gen:0>
1642 [main] DEBUG org.hibernate.loader.plan.build.spi.LoadPlanTreePrinter  - LoadPlan(entity=org.thingsplode.core.entities.Component)
    - Returns
       - EntityReturnImpl(entity=org.thingsplode.core.entities.Component, querySpaceUid=<gen:0>, path=org.thingsplode.core.entities.Component)
          - EntityAttributeFetchImpl(entity=org.thingsplode.core.entities.Model, querySpaceUid=<gen:1>, path=org.thingsplode.core.entities.Component.model)
          - CompositeAttributeFetchImpl(composite=org.thingsplode.core.Location, querySpaceUid=<gen:2>, path=org.thingsplode.core.entities.Component.location)
             - NestedCompositeAttributeFetchImpl(composite=org.thingsplode.core.Address, querySpaceUid=<gen:3>, path=org.thingsplode.core.entities.Component.location.address)
    - QuerySpaces
       - EntityQuerySpaceImpl(uid=<gen:0>, entity=org.thingsplode.core.entities.Component)
          - SQL table alias mapping - component0_
          - alias suffix - 0_
          - suffixed key columns - {id2_1_0_}
          - JOIN (JoinDefinedByMetadata(model)) : <gen:0> -> <gen:1>
             - EntityQuerySpaceImpl(uid=<gen:1>, entity=org.thingsplode.core.entities.Model)
                - SQL table alias mapping - model1_
                - alias suffix - 1_
                - suffixed key columns - {id1_6_1_}
          - JOIN (JoinDefinedByMetadata(location)) : <gen:0> -> <gen:2>
             - CompositeQuerySpaceImpl(uid=<gen:2>)
                - SQL table alias mapping - component0_
                - JOIN (JoinDefinedByMetadata(address)) : <gen:2> -> <gen:3>
                   - CompositeQuerySpaceImpl(uid=<gen:3>)
                      - SQL table alias mapping - component0_

1642 [main] DEBUG org.hibernate.loader.entity.plan.EntityLoader  - Static select for entity org.thingsplode.core.entities.Component [NONE]: select component0_.id as id2_1_0_, component0_.deviceClass as deviceCl3_1_0_, component0_.enabledState as enabledS4_1_0_, component0_.identification as identifi5_1_0_, component0_.model_id as model_i10_1_0_, component0_.partNumber as partNumb6_1_0_, component0_.serialNumber as serialNu7_1_0_, component0_.status as status8_1_0_, component0_.type as type9_1_0_, component0_1_.hostAddress as hostAddr1_3_0_, component0_1_.lastHeartBeat as lastHear2_3_0_, component0_1_.city as city3_3_0_, component0_1_.country as country4_3_0_, component0_1_.houseNumber as houseNum5_3_0_, component0_1_.postCode as postCode6_3_0_, component0_1_.state as state7_3_0_, component0_1_.street as street8_3_0_, component0_1_.description as descript9_3_0_, component0_1_.latitude as latitud10_3_0_, component0_1_.longitude as longitu11_3_0_, component0_1_.startupDate as startup12_3_0_, component0_.MAIN_TYPE as MAIN_TYP1_1_0_, model1_.id as id1_6_1_, model1_.manufacturer as manufact2_6_1_, model1_.type as type3_6_1_, model1_.version as version4_6_1_ from COMPONENT component0_ left outer join DEVICES component0_1_ on component0_.id=component0_1_.id left outer join MODELS model1_ on component0_.model_id=model1_.id where component0_.id=?
1642 [main] DEBUG org.hibernate.loader.plan.build.internal.spaces.QuerySpacesImpl  - Adding QuerySpace : uid = <gen:0> -> org.hibernate.loader.plan.build.internal.spaces.EntityQuerySpaceImpl@3e47a03]
1647 [main] DEBUG org.hibernate.loader.plan.build.internal.spaces.QuerySpacesImpl  - Adding QuerySpace : uid = <gen:1> -> org.hibernate.loader.plan.build.internal.spaces.EntityQuerySpaceImpl@8deb645]
1647 [main] DEBUG org.hibernate.loader.plan.build.internal.spaces.QuerySpacesImpl  - Adding QuerySpace : uid = <gen:2> -> org.hibernate.loader.plan.build.internal.spaces.CompositeQuerySpaceImpl@5d425813]
1648 [main] DEBUG org.hibernate.loader.plan.build.internal.spaces.QuerySpacesImpl  - Adding QuerySpace : uid = <gen:3> -> org.hibernate.loader.plan.build.internal.spaces.CompositeQuerySpaceImpl@6a937336]
1648 [main] DEBUG org.hibernate.loader.plan.build.internal.FetchStyleLoadPlanBuildingAssociationVisitationStrategy  - Building LoadPlan...
1649 [main] DEBUG org.hibernate.loader.plan.exec.internal.LoadQueryJoinAndFetchProcessor  - processing queryspace <gen:0>
1651 [main] DEBUG org.hibernate.loader.plan.build.spi.LoadPlanTreePrinter  - LoadPlan(entity=org.thingsplode.core.entities.Component)
    - Returns
       - EntityReturnImpl(entity=org.thingsplode.core.entities.Component, querySpaceUid=<gen:0>, path=org.thingsplode.core.entities.Component)
          - EntityAttributeFetchImpl(entity=org.thingsplode.core.entities.Model, querySpaceUid=<gen:1>, path=org.thingsplode.core.entities.Component.model)
          - CompositeAttributeFetchImpl(composite=org.thingsplode.core.Location, querySpaceUid=<gen:2>, path=org.thingsplode.core.entities.Component.location)
             - NestedCompositeAttributeFetchImpl(composite=org.thingsplode.core.Address, querySpaceUid=<gen:3>, path=org.thingsplode.core.entities.Component.location.address)
    - QuerySpaces
       - EntityQuerySpaceImpl(uid=<gen:0>, entity=org.thingsplode.core.entities.Component)
          - SQL table alias mapping - component0_
          - alias suffix - 0_
          - suffixed key columns - {id2_1_0_}
          - JOIN (JoinDefinedByMetadata(model)) : <gen:0> -> <gen:1>
             - EntityQuerySpaceImpl(uid=<gen:1>, entity=org.thingsplode.core.entities.Model)
                - SQL table alias mapping - model1_
                - alias suffix - 1_
                - suffixed key columns - {id1_6_1_}
          - JOIN (JoinDefinedByMetadata(location)) : <gen:0> -> <gen:2>
             - CompositeQuerySpaceImpl(uid=<gen:2>)
                - SQL table alias mapping - component0_
                - JOIN (JoinDefinedByMetadata(address)) : <gen:2> -> <gen:3>
                   - CompositeQuerySpaceImpl(uid=<gen:3>)
                      - SQL table alias mapping - component0_

1651 [main] DEBUG org.hibernate.loader.entity.plan.EntityLoader  - Static select for entity org.thingsplode.core.entities.Component [READ]: select component0_.id as id2_1_0_, component0_.deviceClass as deviceCl3_1_0_, component0_.enabledState as enabledS4_1_0_, component0_.identification as identifi5_1_0_, component0_.model_id as model_i10_1_0_, component0_.partNumber as partNumb6_1_0_, component0_.serialNumber as serialNu7_1_0_, component0_.status as status8_1_0_, component0_.type as type9_1_0_, component0_1_.hostAddress as hostAddr1_3_0_, component0_1_.lastHeartBeat as lastHear2_3_0_, component0_1_.city as city3_3_0_, component0_1_.country as country4_3_0_, component0_1_.houseNumber as houseNum5_3_0_, component0_1_.postCode as postCode6_3_0_, component0_1_.state as state7_3_0_, component0_1_.street as street8_3_0_, component0_1_.description as descript9_3_0_, component0_1_.latitude as latitud10_3_0_, component0_1_.longitude as longitu11_3_0_, component0_1_.startupDate as startup12_3_0_, component0_.MAIN_TYPE as MAIN_TYP1_1_0_, model1_.id as id1_6_1_, model1_.manufacturer as manufact2_6_1_, model1_.type as type3_6_1_, model1_.version as version4_6_1_ from COMPONENT component0_ left outer join DEVICES component0_1_ on component0_.id=component0_1_.id left outer join MODELS model1_ on component0_.model_id=model1_.id where component0_.id=?
1651 [main] DEBUG org.hibernate.loader.plan.build.internal.spaces.QuerySpacesImpl  - Adding QuerySpace : uid = <gen:0> -> org.hibernate.loader.plan.build.internal.spaces.EntityQuerySpaceImpl@684b31de]
1652 [main] DEBUG org.hibernate.loader.plan.build.internal.spaces.QuerySpacesImpl  - Adding QuerySpace : uid = <gen:1> -> org.hibernate.loader.plan.build.internal.spaces.EntityQuerySpaceImpl@1a2909ae]
1652 [main] DEBUG org.hibernate.loader.plan.build.internal.spaces.QuerySpacesImpl  - Adding QuerySpace : uid = <gen:2> -> org.hibernate.loader.plan.build.internal.spaces.CompositeQuerySpaceImpl@e042c99]
1652 [main] DEBUG org.hibernate.loader.plan.build.internal.spaces.QuerySpacesImpl  - Adding QuerySpace : uid = <gen:3> -> org.hibernate.loader.plan.build.internal.spaces.CompositeQuerySpaceImpl@42b6d0cc]
1653 [main] DEBUG org.hibernate.loader.plan.build.internal.FetchStyleLoadPlanBuildingAssociationVisitationStrategy  - Building LoadPlan...
1653 [main] DEBUG org.hibernate.loader.plan.exec.internal.LoadQueryJoinAndFetchProcessor  - processing queryspace <gen:0>
1654 [main] DEBUG org.hibernate.loader.plan.build.spi.LoadPlanTreePrinter  - LoadPlan(entity=org.thingsplode.core.entities.Component)
    - Returns
       - EntityReturnImpl(entity=org.thingsplode.core.entities.Component, querySpaceUid=<gen:0>, path=org.thingsplode.core.entities.Component)
          - EntityAttributeFetchImpl(entity=org.thingsplode.core.entities.Model, querySpaceUid=<gen:1>, path=org.thingsplode.core.entities.Component.model)
          - CompositeAttributeFetchImpl(composite=org.thingsplode.core.Location, querySpaceUid=<gen:2>, path=org.thingsplode.core.entities.Component.location)
             - NestedCompositeAttributeFetchImpl(composite=org.thingsplode.core.Address, querySpaceUid=<gen:3>, path=org.thingsplode.core.entities.Component.location.address)
    - QuerySpaces
       - EntityQuerySpaceImpl(uid=<gen:0>, entity=org.thingsplode.core.entities.Component)
          - SQL table alias mapping - component0_
          - alias suffix - 0_
          - suffixed key columns - {id2_1_0_}
          - JOIN (JoinDefinedByMetadata(location)) : <gen:0> -> <gen:2>
             - CompositeQuerySpaceImpl(uid=<gen:2>)
                - SQL table alias mapping - component0_
                - JOIN (JoinDefinedByMetadata(address)) : <gen:2> -> <gen:3>
                   - CompositeQuerySpaceImpl(uid=<gen:3>)
                      - SQL table alias mapping - component0_

1654 [main] DEBUG org.hibernate.loader.entity.plan.EntityLoader  - Static select for entity org.thingsplode.core.entities.Component [UPGRADE]: select component0_.id as id2_1_0_, component0_.deviceClass as deviceCl3_1_0_, component0_.enabledState as enabledS4_1_0_, component0_.identification as identifi5_1_0_, component0_.model_id as model_i10_1_0_, component0_.partNumber as partNumb6_1_0_, component0_.serialNumber as serialNu7_1_0_, component0_.status as status8_1_0_, component0_.type as type9_1_0_, component0_1_.hostAddress as hostAddr1_3_0_, component0_1_.lastHeartBeat as lastHear2_3_0_, component0_1_.city as city3_3_0_, component0_1_.country as country4_3_0_, component0_1_.houseNumber as houseNum5_3_0_, component0_1_.postCode as postCode6_3_0_, component0_1_.state as state7_3_0_, component0_1_.street as street8_3_0_, component0_1_.description as descript9_3_0_, component0_1_.latitude as latitud10_3_0_, component0_1_.longitude as longitu11_3_0_, component0_1_.startupDate as startup12_3_0_, component0_.MAIN_TYPE as MAIN_TYP1_1_0_ from COMPONENT component0_ left outer join DEVICES component0_1_ on component0_.id=component0_1_.id where component0_.id=? for update
1654 [main] DEBUG org.hibernate.loader.plan.build.internal.spaces.QuerySpacesImpl  - Adding QuerySpace : uid = <gen:0> -> org.hibernate.loader.plan.build.internal.spaces.EntityQuerySpaceImpl@3f4f5330]
1655 [main] DEBUG org.hibernate.loader.plan.build.internal.spaces.QuerySpacesImpl  - Adding QuerySpace : uid = <gen:1> -> org.hibernate.loader.plan.build.internal.spaces.EntityQuerySpaceImpl@750ff7d3]
1655 [main] DEBUG org.hibernate.loader.plan.build.internal.spaces.QuerySpacesImpl  - Adding QuerySpace : uid = <gen:2> -> org.hibernate.loader.plan.build.internal.spaces.CompositeQuerySpaceImpl@63b3ee82]
1655 [main] DEBUG org.hibernate.loader.plan.build.internal.spaces.QuerySpacesImpl  - Adding QuerySpace : uid = <gen:3> -> org.hibernate.loader.plan.build.internal.spaces.CompositeQuerySpaceImpl@7c8d5312]
1656 [main] DEBUG org.hibernate.loader.plan.build.internal.FetchStyleLoadPlanBuildingAssociationVisitationStrategy  - Building LoadPlan...
1659 [main] DEBUG org.hibernate.loader.plan.exec.internal.LoadQueryJoinAndFetchProcessor  - processing queryspace <gen:0>
1660 [main] DEBUG org.hibernate.loader.plan.build.spi.LoadPlanTreePrinter  - LoadPlan(entity=org.thingsplode.core.entities.Component)
    - Returns
       - EntityReturnImpl(entity=org.thingsplode.core.entities.Component, querySpaceUid=<gen:0>, path=org.thingsplode.core.entities.Component)
          - EntityAttributeFetchImpl(entity=org.thingsplode.core.entities.Model, querySpaceUid=<gen:1>, path=org.thingsplode.core.entities.Component.model)
          - CompositeAttributeFetchImpl(composite=org.thingsplode.core.Location, querySpaceUid=<gen:2>, path=org.thingsplode.core.entities.Component.location)
             - NestedCompositeAttributeFetchImpl(composite=org.thingsplode.core.Address, querySpaceUid=<gen:3>, path=org.thingsplode.core.entities.Component.location.address)
    - QuerySpaces
       - EntityQuerySpaceImpl(uid=<gen:0>, entity=org.thingsplode.core.entities.Component)
          - SQL table alias mapping - component0_
          - alias suffix - 0_
          - suffixed key columns - {id2_1_0_}
          - JOIN (JoinDefinedByMetadata(location)) : <gen:0> -> <gen:2>
             - CompositeQuerySpaceImpl(uid=<gen:2>)
                - SQL table alias mapping - component0_
                - JOIN (JoinDefinedByMetadata(address)) : <gen:2> -> <gen:3>
                   - CompositeQuerySpaceImpl(uid=<gen:3>)
                      - SQL table alias mapping - component0_

1660 [main] DEBUG org.hibernate.loader.entity.plan.EntityLoader  - Static select for entity org.thingsplode.core.entities.Component [UPGRADE_NOWAIT]: select component0_.id as id2_1_0_, component0_.deviceClass as deviceCl3_1_0_, component0_.enabledState as enabledS4_1_0_, component0_.identification as identifi5_1_0_, component0_.model_id as model_i10_1_0_, component0_.partNumber as partNumb6_1_0_, component0_.serialNumber as serialNu7_1_0_, component0_.status as status8_1_0_, component0_.type as type9_1_0_, component0_1_.hostAddress as hostAddr1_3_0_, component0_1_.lastHeartBeat as lastHear2_3_0_, component0_1_.city as city3_3_0_, component0_1_.country as country4_3_0_, component0_1_.houseNumber as houseNum5_3_0_, component0_1_.postCode as postCode6_3_0_, component0_1_.state as state7_3_0_, component0_1_.street as street8_3_0_, component0_1_.description as descript9_3_0_, component0_1_.latitude as latitud10_3_0_, component0_1_.longitude as longitu11_3_0_, component0_1_.startupDate as startup12_3_0_, component0_.MAIN_TYPE as MAIN_TYP1_1_0_ from COMPONENT component0_ left outer join DEVICES component0_1_ on component0_.id=component0_1_.id where component0_.id=? for update
1660 [main] DEBUG org.hibernate.loader.plan.build.internal.spaces.QuerySpacesImpl  - Adding QuerySpace : uid = <gen:0> -> org.hibernate.loader.plan.build.internal.spaces.EntityQuerySpaceImpl@a0db585]
1660 [main] DEBUG org.hibernate.loader.plan.build.internal.spaces.QuerySpacesImpl  - Adding QuerySpace : uid = <gen:1> -> org.hibernate.loader.plan.build.internal.spaces.EntityQuerySpaceImpl@3d37203b]
1660 [main] DEBUG org.hibernate.loader.plan.build.internal.spaces.QuerySpacesImpl  - Adding QuerySpace : uid = <gen:2> -> org.hibernate.loader.plan.build.internal.spaces.CompositeQuerySpaceImpl@7fd26ad8]
1660 [main] DEBUG org.hibernate.loader.plan.build.internal.spaces.QuerySpacesImpl  - Adding QuerySpace : uid = <gen:3> -> org.hibernate.loader.plan.build.internal.spaces.CompositeQuerySpaceImpl@14b0e127]
1661 [main] DEBUG org.hibernate.loader.plan.build.internal.FetchStyleLoadPlanBuildingAssociationVisitationStrategy  - Building LoadPlan...
1665 [main] DEBUG org.hibernate.loader.plan.exec.internal.LoadQueryJoinAndFetchProcessor  - processing queryspace <gen:0>
1666 [main] DEBUG org.hibernate.loader.plan.build.spi.LoadPlanTreePrinter  - LoadPlan(entity=org.thingsplode.core.entities.Component)
    - Returns
       - EntityReturnImpl(entity=org.thingsplode.core.entities.Component, querySpaceUid=<gen:0>, path=org.thingsplode.core.entities.Component)
          - EntityAttributeFetchImpl(entity=org.thingsplode.core.entities.Model, querySpaceUid=<gen:1>, path=org.thingsplode.core.entities.Component.model)
          - CompositeAttributeFetchImpl(composite=org.thingsplode.core.Location, querySpaceUid=<gen:2>, path=org.thingsplode.core.entities.Component.location)
             - NestedCompositeAttributeFetchImpl(composite=org.thingsplode.core.Address, querySpaceUid=<gen:3>, path=org.thingsplode.core.entities.Component.location.address)
    - QuerySpaces
       - EntityQuerySpaceImpl(uid=<gen:0>, entity=org.thingsplode.core.entities.Component)
          - SQL table alias mapping - component0_
          - alias suffix - 0_
          - suffixed key columns - {id2_1_0_}
          - JOIN (JoinDefinedByMetadata(location)) : <gen:0> -> <gen:2>
             - CompositeQuerySpaceImpl(uid=<gen:2>)
                - SQL table alias mapping - component0_
                - JOIN (JoinDefinedByMetadata(address)) : <gen:2> -> <gen:3>
                   - CompositeQuerySpaceImpl(uid=<gen:3>)
                      - SQL table alias mapping - component0_

1666 [main] DEBUG org.hibernate.loader.entity.plan.EntityLoader  - Static select for entity org.thingsplode.core.entities.Component [UPGRADE_SKIPLOCKED]: select component0_.id as id2_1_0_, component0_.deviceClass as deviceCl3_1_0_, component0_.enabledState as enabledS4_1_0_, component0_.identification as identifi5_1_0_, component0_.model_id as model_i10_1_0_, component0_.partNumber as partNumb6_1_0_, component0_.serialNumber as serialNu7_1_0_, component0_.status as status8_1_0_, component0_.type as type9_1_0_, component0_1_.hostAddress as hostAddr1_3_0_, component0_1_.lastHeartBeat as lastHear2_3_0_, component0_1_.city as city3_3_0_, component0_1_.country as country4_3_0_, component0_1_.houseNumber as houseNum5_3_0_, component0_1_.postCode as postCode6_3_0_, component0_1_.state as state7_3_0_, component0_1_.street as street8_3_0_, component0_1_.description as descript9_3_0_, component0_1_.latitude as latitud10_3_0_, component0_1_.longitude as longitu11_3_0_, component0_1_.startupDate as startup12_3_0_, component0_.MAIN_TYPE as MAIN_TYP1_1_0_ from COMPONENT component0_ left outer join DEVICES component0_1_ on component0_.id=component0_1_.id where component0_.id=? for update
1671 [main] DEBUG org.hibernate.loader.plan.build.internal.spaces.QuerySpacesImpl  - Adding QuerySpace : uid = <gen:0> -> org.hibernate.loader.plan.build.internal.spaces.EntityQuerySpaceImpl@7cea0110]
1674 [main] DEBUG org.hibernate.loader.plan.build.internal.spaces.QuerySpacesImpl  - Adding QuerySpace : uid = <gen:1> -> org.hibernate.loader.plan.build.internal.spaces.EntityQuerySpaceImpl@5527b211]
1675 [main] DEBUG org.hibernate.loader.plan.build.internal.spaces.QuerySpacesImpl  - Adding QuerySpace : uid = <gen:2> -> org.hibernate.loader.plan.build.internal.spaces.CompositeQuerySpaceImpl@54cf7c6a]
1675 [main] DEBUG org.hibernate.loader.plan.build.internal.spaces.QuerySpacesImpl  - Adding QuerySpace : uid = <gen:3> -> org.hibernate.loader.plan.build.internal.spaces.CompositeQuerySpaceImpl@50756c76]
1675 [main] DEBUG org.hibernate.loader.plan.build.internal.FetchStyleLoadPlanBuildingAssociationVisitationStrategy  - Building LoadPlan...
1675 [main] DEBUG org.hibernate.loader.plan.exec.internal.LoadQueryJoinAndFetchProcessor  - processing queryspace <gen:0>
1676 [main] DEBUG org.hibernate.loader.plan.build.spi.LoadPlanTreePrinter  - LoadPlan(entity=org.thingsplode.core.entities.Component)
    - Returns
       - EntityReturnImpl(entity=org.thingsplode.core.entities.Component, querySpaceUid=<gen:0>, path=org.thingsplode.core.entities.Component)
          - EntityAttributeFetchImpl(entity=org.thingsplode.core.entities.Model, querySpaceUid=<gen:1>, path=org.thingsplode.core.entities.Component.model)
          - CompositeAttributeFetchImpl(composite=org.thingsplode.core.Location, querySpaceUid=<gen:2>, path=org.thingsplode.core.entities.Component.location)
             - NestedCompositeAttributeFetchImpl(composite=org.thingsplode.core.Address, querySpaceUid=<gen:3>, path=org.thingsplode.core.entities.Component.location.address)
    - QuerySpaces
       - EntityQuerySpaceImpl(uid=<gen:0>, entity=org.thingsplode.core.entities.Component)
          - SQL table alias mapping - component0_
          - alias suffix - 0_
          - suffixed key columns - {id2_1_0_}
          - JOIN (JoinDefinedByMetadata(location)) : <gen:0> -> <gen:2>
             - CompositeQuerySpaceImpl(uid=<gen:2>)
                - SQL table alias mapping - component0_
                - JOIN (JoinDefinedByMetadata(address)) : <gen:2> -> <gen:3>
                   - CompositeQuerySpaceImpl(uid=<gen:3>)
                      - SQL table alias mapping - component0_

1676 [main] DEBUG org.hibernate.loader.entity.plan.EntityLoader  - Static select for entity org.thingsplode.core.entities.Component [FORCE]: select component0_.id as id2_1_0_, component0_.deviceClass as deviceCl3_1_0_, component0_.enabledState as enabledS4_1_0_, component0_.identification as identifi5_1_0_, component0_.model_id as model_i10_1_0_, component0_.partNumber as partNumb6_1_0_, component0_.serialNumber as serialNu7_1_0_, component0_.status as status8_1_0_, component0_.type as type9_1_0_, component0_1_.hostAddress as hostAddr1_3_0_, component0_1_.lastHeartBeat as lastHear2_3_0_, component0_1_.city as city3_3_0_, component0_1_.country as country4_3_0_, component0_1_.houseNumber as houseNum5_3_0_, component0_1_.postCode as postCode6_3_0_, component0_1_.state as state7_3_0_, component0_1_.street as street8_3_0_, component0_1_.description as descript9_3_0_, component0_1_.latitude as latitud10_3_0_, component0_1_.longitude as longitu11_3_0_, component0_1_.startupDate as startup12_3_0_, component0_.MAIN_TYPE as MAIN_TYP1_1_0_ from COMPONENT component0_ left outer join DEVICES component0_1_ on component0_.id=component0_1_.id where component0_.id=? for update
1676 [main] DEBUG org.hibernate.loader.plan.build.internal.spaces.QuerySpacesImpl  - Adding QuerySpace : uid = <gen:0> -> org.hibernate.loader.plan.build.internal.spaces.EntityQuerySpaceImpl@1729ec00]
1676 [main] DEBUG org.hibernate.loader.plan.build.internal.spaces.QuerySpacesImpl  - Adding QuerySpace : uid = <gen:1> -> org.hibernate.loader.plan.build.internal.spaces.EntityQuerySpaceImpl@1c9e07c6]
1677 [main] DEBUG org.hibernate.loader.plan.build.internal.spaces.QuerySpacesImpl  - Adding QuerySpace : uid = <gen:2> -> org.hibernate.loader.plan.build.internal.spaces.CompositeQuerySpaceImpl@73010765]
1677 [main] DEBUG org.hibernate.loader.plan.build.internal.spaces.QuerySpacesImpl  - Adding QuerySpace : uid = <gen:3> -> org.hibernate.loader.plan.build.internal.spaces.CompositeQuerySpaceImpl@52169758]
1677 [main] DEBUG org.hibernate.loader.plan.build.internal.FetchStyleLoadPlanBuildingAssociationVisitationStrategy  - Building LoadPlan...
1677 [main] DEBUG org.hibernate.loader.plan.exec.internal.LoadQueryJoinAndFetchProcessor  - processing queryspace <gen:0>
1678 [main] DEBUG org.hibernate.loader.plan.build.spi.LoadPlanTreePrinter  - LoadPlan(entity=org.thingsplode.core.entities.Component)
    - Returns
       - EntityReturnImpl(entity=org.thingsplode.core.entities.Component, querySpaceUid=<gen:0>, path=org.thingsplode.core.entities.Component)
          - EntityAttributeFetchImpl(entity=org.thingsplode.core.entities.Model, querySpaceUid=<gen:1>, path=org.thingsplode.core.entities.Component.model)
          - CompositeAttributeFetchImpl(composite=org.thingsplode.core.Location, querySpaceUid=<gen:2>, path=org.thingsplode.core.entities.Component.location)
             - NestedCompositeAttributeFetchImpl(composite=org.thingsplode.core.Address, querySpaceUid=<gen:3>, path=org.thingsplode.core.entities.Component.location.address)
    - QuerySpaces
       - EntityQuerySpaceImpl(uid=<gen:0>, entity=org.thingsplode.core.entities.Component)
          - SQL table alias mapping - component0_
          - alias suffix - 0_
          - suffixed key columns - {id2_1_0_}
          - JOIN (JoinDefinedByMetadata(location)) : <gen:0> -> <gen:2>
             - CompositeQuerySpaceImpl(uid=<gen:2>)
                - SQL table alias mapping - component0_
                - JOIN (JoinDefinedByMetadata(address)) : <gen:2> -> <gen:3>
                   - CompositeQuerySpaceImpl(uid=<gen:3>)
                      - SQL table alias mapping - component0_

1678 [main] DEBUG org.hibernate.loader.entity.plan.EntityLoader  - Static select for entity org.thingsplode.core.entities.Component [PESSIMISTIC_READ]: select component0_.id as id2_1_0_, component0_.deviceClass as deviceCl3_1_0_, component0_.enabledState as enabledS4_1_0_, component0_.identification as identifi5_1_0_, component0_.model_id as model_i10_1_0_, component0_.partNumber as partNumb6_1_0_, component0_.serialNumber as serialNu7_1_0_, component0_.status as status8_1_0_, component0_.type as type9_1_0_, component0_1_.hostAddress as hostAddr1_3_0_, component0_1_.lastHeartBeat as lastHear2_3_0_, component0_1_.city as city3_3_0_, component0_1_.country as country4_3_0_, component0_1_.houseNumber as houseNum5_3_0_, component0_1_.postCode as postCode6_3_0_, component0_1_.state as state7_3_0_, component0_1_.street as street8_3_0_, component0_1_.description as descript9_3_0_, component0_1_.latitude as latitud10_3_0_, component0_1_.longitude as longitu11_3_0_, component0_1_.startupDate as startup12_3_0_, component0_.MAIN_TYPE as MAIN_TYP1_1_0_ from COMPONENT component0_ left outer join DEVICES component0_1_ on component0_.id=component0_1_.id where component0_.id=? for update
1678 [main] DEBUG org.hibernate.loader.plan.build.internal.spaces.QuerySpacesImpl  - Adding QuerySpace : uid = <gen:0> -> org.hibernate.loader.plan.build.internal.spaces.EntityQuerySpaceImpl@459b187a]
1678 [main] DEBUG org.hibernate.loader.plan.build.internal.spaces.QuerySpacesImpl  - Adding QuerySpace : uid = <gen:1> -> org.hibernate.loader.plan.build.internal.spaces.EntityQuerySpaceImpl@d0865a3]
1678 [main] DEBUG org.hibernate.loader.plan.build.internal.spaces.QuerySpacesImpl  - Adding QuerySpace : uid = <gen:2> -> org.hibernate.loader.plan.build.internal.spaces.CompositeQuerySpaceImpl@636bbbbb]
1678 [main] DEBUG org.hibernate.loader.plan.build.internal.spaces.QuerySpacesImpl  - Adding QuerySpace : uid = <gen:3> -> org.hibernate.loader.plan.build.internal.spaces.CompositeQuerySpaceImpl@10dc7d6]
1679 [main] DEBUG org.hibernate.loader.plan.build.internal.FetchStyleLoadPlanBuildingAssociationVisitationStrategy  - Building LoadPlan...
1679 [main] DEBUG org.hibernate.loader.plan.exec.internal.LoadQueryJoinAndFetchProcessor  - processing queryspace <gen:0>
1679 [main] DEBUG org.hibernate.loader.plan.build.spi.LoadPlanTreePrinter  - LoadPlan(entity=org.thingsplode.core.entities.Component)
    - Returns
       - EntityReturnImpl(entity=org.thingsplode.core.entities.Component, querySpaceUid=<gen:0>, path=org.thingsplode.core.entities.Component)
          - EntityAttributeFetchImpl(entity=org.thingsplode.core.entities.Model, querySpaceUid=<gen:1>, path=org.thingsplode.core.entities.Component.model)
          - CompositeAttributeFetchImpl(composite=org.thingsplode.core.Location, querySpaceUid=<gen:2>, path=org.thingsplode.core.entities.Component.location)
             - NestedCompositeAttributeFetchImpl(composite=org.thingsplode.core.Address, querySpaceUid=<gen:3>, path=org.thingsplode.core.entities.Component.location.address)
    - QuerySpaces
       - EntityQuerySpaceImpl(uid=<gen:0>, entity=org.thingsplode.core.entities.Component)
          - SQL table alias mapping - component0_
          - alias suffix - 0_
          - suffixed key columns - {id2_1_0_}
          - JOIN (JoinDefinedByMetadata(location)) : <gen:0> -> <gen:2>
             - CompositeQuerySpaceImpl(uid=<gen:2>)
                - SQL table alias mapping - component0_
                - JOIN (JoinDefinedByMetadata(address)) : <gen:2> -> <gen:3>
                   - CompositeQuerySpaceImpl(uid=<gen:3>)
                      - SQL table alias mapping - component0_

1692 [main] DEBUG org.hibernate.loader.entity.plan.EntityLoader  - Static select for entity org.thingsplode.core.entities.Component [PESSIMISTIC_WRITE]: select component0_.id as id2_1_0_, component0_.deviceClass as deviceCl3_1_0_, component0_.enabledState as enabledS4_1_0_, component0_.identification as identifi5_1_0_, component0_.model_id as model_i10_1_0_, component0_.partNumber as partNumb6_1_0_, component0_.serialNumber as serialNu7_1_0_, component0_.status as status8_1_0_, component0_.type as type9_1_0_, component0_1_.hostAddress as hostAddr1_3_0_, component0_1_.lastHeartBeat as lastHear2_3_0_, component0_1_.city as city3_3_0_, component0_1_.country as country4_3_0_, component0_1_.houseNumber as houseNum5_3_0_, component0_1_.postCode as postCode6_3_0_, component0_1_.state as state7_3_0_, component0_1_.street as street8_3_0_, component0_1_.description as descript9_3_0_, component0_1_.latitude as latitud10_3_0_, component0_1_.longitude as longitu11_3_0_, component0_1_.startupDate as startup12_3_0_, component0_.MAIN_TYPE as MAIN_TYP1_1_0_ from COMPONENT component0_ left outer join DEVICES component0_1_ on component0_.id=component0_1_.id where component0_.id=? for update
1712 [main] DEBUG org.hibernate.loader.plan.build.internal.spaces.QuerySpacesImpl  - Adding QuerySpace : uid = <gen:0> -> org.hibernate.loader.plan.build.internal.spaces.EntityQuerySpaceImpl@716e431d]
1713 [main] DEBUG org.hibernate.loader.plan.build.internal.spaces.QuerySpacesImpl  - Adding QuerySpace : uid = <gen:1> -> org.hibernate.loader.plan.build.internal.spaces.EntityQuerySpaceImpl@11a8042c]
1713 [main] DEBUG org.hibernate.loader.plan.build.internal.spaces.QuerySpacesImpl  - Adding QuerySpace : uid = <gen:2> -> org.hibernate.loader.plan.build.internal.spaces.CompositeQuerySpaceImpl@6a4ccef7]
1713 [main] DEBUG org.hibernate.loader.plan.build.internal.spaces.QuerySpacesImpl  - Adding QuerySpace : uid = <gen:3> -> org.hibernate.loader.plan.build.internal.spaces.CompositeQuerySpaceImpl@35eb4a3b]
1713 [main] DEBUG org.hibernate.loader.plan.build.internal.FetchStyleLoadPlanBuildingAssociationVisitationStrategy  - Building LoadPlan...
1714 [main] DEBUG org.hibernate.loader.plan.exec.internal.LoadQueryJoinAndFetchProcessor  - processing queryspace <gen:0>
1714 [main] DEBUG org.hibernate.loader.plan.build.spi.LoadPlanTreePrinter  - LoadPlan(entity=org.thingsplode.core.entities.Component)
    - Returns
       - EntityReturnImpl(entity=org.thingsplode.core.entities.Component, querySpaceUid=<gen:0>, path=org.thingsplode.core.entities.Component)
          - EntityAttributeFetchImpl(entity=org.thingsplode.core.entities.Model, querySpaceUid=<gen:1>, path=org.thingsplode.core.entities.Component.model)
          - CompositeAttributeFetchImpl(composite=org.thingsplode.core.Location, querySpaceUid=<gen:2>, path=org.thingsplode.core.entities.Component.location)
             - NestedCompositeAttributeFetchImpl(composite=org.thingsplode.core.Address, querySpaceUid=<gen:3>, path=org.thingsplode.core.entities.Component.location.address)
    - QuerySpaces
       - EntityQuerySpaceImpl(uid=<gen:0>, entity=org.thingsplode.core.entities.Component)
          - SQL table alias mapping - component0_
          - alias suffix - 0_
          - suffixed key columns - {id2_1_0_}
          - JOIN (JoinDefinedByMetadata(location)) : <gen:0> -> <gen:2>
             - CompositeQuerySpaceImpl(uid=<gen:2>)
                - SQL table alias mapping - component0_
                - JOIN (JoinDefinedByMetadata(address)) : <gen:2> -> <gen:3>
                   - CompositeQuerySpaceImpl(uid=<gen:3>)
                      - SQL table alias mapping - component0_

1714 [main] DEBUG org.hibernate.loader.entity.plan.EntityLoader  - Static select for entity org.thingsplode.core.entities.Component [PESSIMISTIC_FORCE_INCREMENT]: select component0_.id as id2_1_0_, component0_.deviceClass as deviceCl3_1_0_, component0_.enabledState as enabledS4_1_0_, component0_.identification as identifi5_1_0_, component0_.model_id as model_i10_1_0_, component0_.partNumber as partNumb6_1_0_, component0_.serialNumber as serialNu7_1_0_, component0_.status as status8_1_0_, component0_.type as type9_1_0_, component0_1_.hostAddress as hostAddr1_3_0_, component0_1_.lastHeartBeat as lastHear2_3_0_, component0_1_.city as city3_3_0_, component0_1_.country as country4_3_0_, component0_1_.houseNumber as houseNum5_3_0_, component0_1_.postCode as postCode6_3_0_, component0_1_.state as state7_3_0_, component0_1_.street as street8_3_0_, component0_1_.description as descript9_3_0_, component0_1_.latitude as latitud10_3_0_, component0_1_.longitude as longitu11_3_0_, component0_1_.startupDate as startup12_3_0_, component0_.MAIN_TYPE as MAIN_TYP1_1_0_ from COMPONENT component0_ left outer join DEVICES component0_1_ on component0_.id=component0_1_.id where component0_.id=? for update
1715 [main] DEBUG org.hibernate.loader.plan.build.internal.spaces.QuerySpacesImpl  - Adding QuerySpace : uid = <gen:0> -> org.hibernate.loader.plan.build.internal.spaces.EntityQuerySpaceImpl@6884f0d9]
1715 [main] DEBUG org.hibernate.loader.plan.build.internal.spaces.QuerySpacesImpl  - Adding QuerySpace : uid = <gen:1> -> org.hibernate.loader.plan.build.internal.spaces.EntityQuerySpaceImpl@26b95b0b]
1715 [main] DEBUG org.hibernate.loader.plan.build.internal.spaces.QuerySpacesImpl  - Adding QuerySpace : uid = <gen:2> -> org.hibernate.loader.plan.build.internal.spaces.CompositeQuerySpaceImpl@5f7da3d3]
1715 [main] DEBUG org.hibernate.loader.plan.build.internal.spaces.QuerySpacesImpl  - Adding QuerySpace : uid = <gen:3> -> org.hibernate.loader.plan.build.internal.spaces.CompositeQuerySpaceImpl@3a22bad6]
1715 [main] DEBUG org.hibernate.loader.plan.build.internal.FetchStyleLoadPlanBuildingAssociationVisitationStrategy  - Building LoadPlan...
1715 [main] DEBUG org.hibernate.loader.plan.exec.internal.LoadQueryJoinAndFetchProcessor  - processing queryspace <gen:0>
1727 [main] DEBUG org.hibernate.loader.plan.build.spi.LoadPlanTreePrinter  - LoadPlan(entity=org.thingsplode.core.entities.Component)
    - Returns
       - EntityReturnImpl(entity=org.thingsplode.core.entities.Component, querySpaceUid=<gen:0>, path=org.thingsplode.core.entities.Component)
          - EntityAttributeFetchImpl(entity=org.thingsplode.core.entities.Model, querySpaceUid=<gen:1>, path=org.thingsplode.core.entities.Component.model)
          - CompositeAttributeFetchImpl(composite=org.thingsplode.core.Location, querySpaceUid=<gen:2>, path=org.thingsplode.core.entities.Component.location)
             - NestedCompositeAttributeFetchImpl(composite=org.thingsplode.core.Address, querySpaceUid=<gen:3>, path=org.thingsplode.core.entities.Component.location.address)
    - QuerySpaces
       - EntityQuerySpaceImpl(uid=<gen:0>, entity=org.thingsplode.core.entities.Component)
          - SQL table alias mapping - component0_
          - alias suffix - 0_
          - suffixed key columns - {id2_1_0_}
          - JOIN (JoinDefinedByMetadata(location)) : <gen:0> -> <gen:2>
             - CompositeQuerySpaceImpl(uid=<gen:2>)
                - SQL table alias mapping - component0_
                - JOIN (JoinDefinedByMetadata(address)) : <gen:2> -> <gen:3>
                   - CompositeQuerySpaceImpl(uid=<gen:3>)
                      - SQL table alias mapping - component0_

1727 [main] DEBUG org.hibernate.loader.entity.plan.EntityLoader  - Static select for entity org.thingsplode.core.entities.Component [OPTIMISTIC]: select component0_.id as id2_1_0_, component0_.deviceClass as deviceCl3_1_0_, component0_.enabledState as enabledS4_1_0_, component0_.identification as identifi5_1_0_, component0_.model_id as model_i10_1_0_, component0_.partNumber as partNumb6_1_0_, component0_.serialNumber as serialNu7_1_0_, component0_.status as status8_1_0_, component0_.type as type9_1_0_, component0_1_.hostAddress as hostAddr1_3_0_, component0_1_.lastHeartBeat as lastHear2_3_0_, component0_1_.city as city3_3_0_, component0_1_.country as country4_3_0_, component0_1_.houseNumber as houseNum5_3_0_, component0_1_.postCode as postCode6_3_0_, component0_1_.state as state7_3_0_, component0_1_.street as street8_3_0_, component0_1_.description as descript9_3_0_, component0_1_.latitude as latitud10_3_0_, component0_1_.longitude as longitu11_3_0_, component0_1_.startupDate as startup12_3_0_, component0_.MAIN_TYPE as MAIN_TYP1_1_0_ from COMPONENT component0_ left outer join DEVICES component0_1_ on component0_.id=component0_1_.id where component0_.id=?
1728 [main] DEBUG org.hibernate.loader.plan.build.internal.spaces.QuerySpacesImpl  - Adding QuerySpace : uid = <gen:0> -> org.hibernate.loader.plan.build.internal.spaces.EntityQuerySpaceImpl@64fe9da7]
1728 [main] DEBUG org.hibernate.loader.plan.build.internal.spaces.QuerySpacesImpl  - Adding QuerySpace : uid = <gen:1> -> org.hibernate.loader.plan.build.internal.spaces.EntityQuerySpaceImpl@5f172d4a]
1728 [main] DEBUG org.hibernate.loader.plan.build.internal.spaces.QuerySpacesImpl  - Adding QuerySpace : uid = <gen:2> -> org.hibernate.loader.plan.build.internal.spaces.CompositeQuerySpaceImpl@77ec6a3d]
1728 [main] DEBUG org.hibernate.loader.plan.build.internal.spaces.QuerySpacesImpl  - Adding QuerySpace : uid = <gen:3> -> org.hibernate.loader.plan.build.internal.spaces.CompositeQuerySpaceImpl@71d9cb05]
1728 [main] DEBUG org.hibernate.loader.plan.build.internal.FetchStyleLoadPlanBuildingAssociationVisitationStrategy  - Building LoadPlan...
1729 [main] DEBUG org.hibernate.loader.plan.exec.internal.LoadQueryJoinAndFetchProcessor  - processing queryspace <gen:0>
1729 [main] DEBUG org.hibernate.loader.plan.build.spi.LoadPlanTreePrinter  - LoadPlan(entity=org.thingsplode.core.entities.Component)
    - Returns
       - EntityReturnImpl(entity=org.thingsplode.core.entities.Component, querySpaceUid=<gen:0>, path=org.thingsplode.core.entities.Component)
          - EntityAttributeFetchImpl(entity=org.thingsplode.core.entities.Model, querySpaceUid=<gen:1>, path=org.thingsplode.core.entities.Component.model)
          - CompositeAttributeFetchImpl(composite=org.thingsplode.core.Location, querySpaceUid=<gen:2>, path=org.thingsplode.core.entities.Component.location)
             - NestedCompositeAttributeFetchImpl(composite=org.thingsplode.core.Address, querySpaceUid=<gen:3>, path=org.thingsplode.core.entities.Component.location.address)
    - QuerySpaces
       - EntityQuerySpaceImpl(uid=<gen:0>, entity=org.thingsplode.core.entities.Component)
          - SQL table alias mapping - component0_
          - alias suffix - 0_
          - suffixed key columns - {id2_1_0_}
          - JOIN (JoinDefinedByMetadata(location)) : <gen:0> -> <gen:2>
             - CompositeQuerySpaceImpl(uid=<gen:2>)
                - SQL table alias mapping - component0_
                - JOIN (JoinDefinedByMetadata(address)) : <gen:2> -> <gen:3>
                   - CompositeQuerySpaceImpl(uid=<gen:3>)
                      - SQL table alias mapping - component0_

1729 [main] DEBUG org.hibernate.loader.entity.plan.EntityLoader  - Static select for entity org.thingsplode.core.entities.Component [OPTIMISTIC_FORCE_INCREMENT]: select component0_.id as id2_1_0_, component0_.deviceClass as deviceCl3_1_0_, component0_.enabledState as enabledS4_1_0_, component0_.identification as identifi5_1_0_, component0_.model_id as model_i10_1_0_, component0_.partNumber as partNumb6_1_0_, component0_.serialNumber as serialNu7_1_0_, component0_.status as status8_1_0_, component0_.type as type9_1_0_, component0_1_.hostAddress as hostAddr1_3_0_, component0_1_.lastHeartBeat as lastHear2_3_0_, component0_1_.city as city3_3_0_, component0_1_.country as country4_3_0_, component0_1_.houseNumber as houseNum5_3_0_, component0_1_.postCode as postCode6_3_0_, component0_1_.state as state7_3_0_, component0_1_.street as street8_3_0_, component0_1_.description as descript9_3_0_, component0_1_.latitude as latitud10_3_0_, component0_1_.longitude as longitu11_3_0_, component0_1_.startupDate as startup12_3_0_, component0_.MAIN_TYPE as MAIN_TYP1_1_0_ from COMPONENT component0_ left outer join DEVICES component0_1_ on component0_.id=component0_1_.id where component0_.id=?
1730 [main] DEBUG org.hibernate.loader.Loader  - Static select for action ACTION_MERGE on entity org.thingsplode.core.entities.Component: select component0_.id as id2_1_2_, component0_.deviceClass as deviceCl3_1_2_, component0_.enabledState as enabledS4_1_2_, component0_.identification as identifi5_1_2_, component0_.model_id as model_i10_1_2_, component0_.partNumber as partNumb6_1_2_, component0_.serialNumber as serialNu7_1_2_, component0_.status as status8_1_2_, component0_.type as type9_1_2_, component0_1_.hostAddress as hostAddr1_3_2_, component0_1_.lastHeartBeat as lastHear2_3_2_, component0_1_.city as city3_3_2_, component0_1_.country as country4_3_2_, component0_1_.houseNumber as houseNum5_3_2_, component0_1_.postCode as postCode6_3_2_, component0_1_.state as state7_3_2_, component0_1_.street as street8_3_2_, component0_1_.description as descript9_3_2_, component0_1_.latitude as latitud10_3_2_, component0_1_.longitude as longitu11_3_2_, component0_1_.startupDate as startup12_3_2_, component0_.MAIN_TYPE as MAIN_TYP1_1_2_, capabiliti1_.COMP_ID as COMP_ID7_1_4_, capabiliti1_.id as id1_0_4_, capabiliti1_.id as id1_0_0_, capabiliti1_.active as active2_0_0_, capabiliti1_.name as name3_0_0_, capabiliti1_.type as type4_0_0_, capabiliti1_.content as content5_0_0_, capabiliti1_.VALUE_TYPE as VALUE_TY6_0_0_, model2_.id as id1_6_1_, model2_.manufacturer as manufact2_6_1_, model2_.type as type3_6_1_, model2_.version as version4_6_1_ from COMPONENT component0_ left outer join DEVICES component0_1_ on component0_.id=component0_1_.id left outer join CAPABILITIES capabiliti1_ on component0_.id=capabiliti1_.COMP_ID left outer join MODELS model2_ on component0_.model_id=model2_.id where component0_.id=?
1730 [main] DEBUG org.hibernate.loader.Loader  - Static select for action ACTION_REFRESH on entity org.thingsplode.core.entities.Component: select component0_.id as id2_1_2_, component0_.deviceClass as deviceCl3_1_2_, component0_.enabledState as enabledS4_1_2_, component0_.identification as identifi5_1_2_, component0_.model_id as model_i10_1_2_, component0_.partNumber as partNumb6_1_2_, component0_.serialNumber as serialNu7_1_2_, component0_.status as status8_1_2_, component0_.type as type9_1_2_, component0_1_.hostAddress as hostAddr1_3_2_, component0_1_.lastHeartBeat as lastHear2_3_2_, component0_1_.city as city3_3_2_, component0_1_.country as country4_3_2_, component0_1_.houseNumber as houseNum5_3_2_, component0_1_.postCode as postCode6_3_2_, component0_1_.state as state7_3_2_, component0_1_.street as street8_3_2_, component0_1_.description as descript9_3_2_, component0_1_.latitude as latitud10_3_2_, component0_1_.longitude as longitu11_3_2_, component0_1_.startupDate as startup12_3_2_, component0_.MAIN_TYPE as MAIN_TYP1_1_2_, capabiliti1_.COMP_ID as COMP_ID7_1_4_, capabiliti1_.id as id1_0_4_, capabiliti1_.id as id1_0_0_, capabiliti1_.active as active2_0_0_, capabiliti1_.name as name3_0_0_, capabiliti1_.type as type4_0_0_, capabiliti1_.content as content5_0_0_, capabiliti1_.VALUE_TYPE as VALUE_TY6_0_0_, model2_.id as id1_6_1_, model2_.manufacturer as manufact2_6_1_, model2_.type as type3_6_1_, model2_.version as version4_6_1_ from COMPONENT component0_ left outer join DEVICES component0_1_ on component0_.id=component0_1_.id left outer join CAPABILITIES capabiliti1_ on component0_.id=capabiliti1_.COMP_ID left outer join MODELS model2_ on component0_.model_id=model2_.id where component0_.id=?
1731 [main] DEBUG org.hibernate.loader.plan.build.internal.spaces.QuerySpacesImpl  - Adding QuerySpace : uid = <gen:0> -> org.hibernate.loader.plan.build.internal.spaces.EntityQuerySpaceImpl@36bf84e]
1731 [main] DEBUG org.hibernate.loader.plan.build.internal.FetchStyleLoadPlanBuildingAssociationVisitationStrategy  - Building LoadPlan...
1731 [main] DEBUG org.hibernate.loader.plan.exec.internal.LoadQueryJoinAndFetchProcessor  - processing queryspace <gen:0>
1731 [main] DEBUG org.hibernate.loader.plan.build.spi.LoadPlanTreePrinter  - LoadPlan(entity=org.thingsplode.core.entities.Model)
    - Returns
       - EntityReturnImpl(entity=org.thingsplode.core.entities.Model, querySpaceUid=<gen:0>, path=org.thingsplode.core.entities.Model)
    - QuerySpaces
       - EntityQuerySpaceImpl(uid=<gen:0>, entity=org.thingsplode.core.entities.Model)
          - SQL table alias mapping - model0_
          - alias suffix - 0_
          - suffixed key columns - {id1_6_0_}

1731 [main] DEBUG org.hibernate.loader.entity.plan.EntityLoader  - Static select for entity org.thingsplode.core.entities.Model [NONE]: select model0_.id as id1_6_0_, model0_.manufacturer as manufact2_6_0_, model0_.type as type3_6_0_, model0_.version as version4_6_0_ from MODELS model0_ where model0_.id=?
1731 [main] DEBUG org.hibernate.loader.plan.build.internal.spaces.QuerySpacesImpl  - Adding QuerySpace : uid = <gen:0> -> org.hibernate.loader.plan.build.internal.spaces.EntityQuerySpaceImpl@25b52284]
1732 [main] DEBUG org.hibernate.loader.plan.build.internal.FetchStyleLoadPlanBuildingAssociationVisitationStrategy  - Building LoadPlan...
1732 [main] DEBUG org.hibernate.loader.plan.exec.internal.LoadQueryJoinAndFetchProcessor  - processing queryspace <gen:0>
1732 [main] DEBUG org.hibernate.loader.plan.build.spi.LoadPlanTreePrinter  - LoadPlan(entity=org.thingsplode.core.entities.Model)
    - Returns
       - EntityReturnImpl(entity=org.thingsplode.core.entities.Model, querySpaceUid=<gen:0>, path=org.thingsplode.core.entities.Model)
    - QuerySpaces
       - EntityQuerySpaceImpl(uid=<gen:0>, entity=org.thingsplode.core.entities.Model)
          - SQL table alias mapping - model0_
          - alias suffix - 0_
          - suffixed key columns - {id1_6_0_}

1732 [main] DEBUG org.hibernate.loader.entity.plan.EntityLoader  - Static select for entity org.thingsplode.core.entities.Model [READ]: select model0_.id as id1_6_0_, model0_.manufacturer as manufact2_6_0_, model0_.type as type3_6_0_, model0_.version as version4_6_0_ from MODELS model0_ where model0_.id=?
1732 [main] DEBUG org.hibernate.loader.plan.build.internal.spaces.QuerySpacesImpl  - Adding QuerySpace : uid = <gen:0> -> org.hibernate.loader.plan.build.internal.spaces.EntityQuerySpaceImpl@782be4eb]
1732 [main] DEBUG org.hibernate.loader.plan.build.internal.FetchStyleLoadPlanBuildingAssociationVisitationStrategy  - Building LoadPlan...
1732 [main] DEBUG org.hibernate.loader.plan.exec.internal.LoadQueryJoinAndFetchProcessor  - processing queryspace <gen:0>
1768 [main] DEBUG org.hibernate.loader.plan.build.spi.LoadPlanTreePrinter  - LoadPlan(entity=org.thingsplode.core.entities.Model)
    - Returns
       - EntityReturnImpl(entity=org.thingsplode.core.entities.Model, querySpaceUid=<gen:0>, path=org.thingsplode.core.entities.Model)
    - QuerySpaces
       - EntityQuerySpaceImpl(uid=<gen:0>, entity=org.thingsplode.core.entities.Model)
          - SQL table alias mapping - model0_
          - alias suffix - 0_
          - suffixed key columns - {id1_6_0_}

1768 [main] DEBUG org.hibernate.loader.entity.plan.EntityLoader  - Static select for entity org.thingsplode.core.entities.Model [UPGRADE]: select model0_.id as id1_6_0_, model0_.manufacturer as manufact2_6_0_, model0_.type as type3_6_0_, model0_.version as version4_6_0_ from MODELS model0_ where model0_.id=? for update
1769 [main] DEBUG org.hibernate.loader.plan.build.internal.spaces.QuerySpacesImpl  - Adding QuerySpace : uid = <gen:0> -> org.hibernate.loader.plan.build.internal.spaces.EntityQuerySpaceImpl@34d4860f]
1769 [main] DEBUG org.hibernate.loader.plan.build.internal.FetchStyleLoadPlanBuildingAssociationVisitationStrategy  - Building LoadPlan...
1769 [main] DEBUG org.hibernate.loader.plan.exec.internal.LoadQueryJoinAndFetchProcessor  - processing queryspace <gen:0>
1769 [main] DEBUG org.hibernate.loader.plan.build.spi.LoadPlanTreePrinter  - LoadPlan(entity=org.thingsplode.core.entities.Model)
    - Returns
       - EntityReturnImpl(entity=org.thingsplode.core.entities.Model, querySpaceUid=<gen:0>, path=org.thingsplode.core.entities.Model)
    - QuerySpaces
       - EntityQuerySpaceImpl(uid=<gen:0>, entity=org.thingsplode.core.entities.Model)
          - SQL table alias mapping - model0_
          - alias suffix - 0_
          - suffixed key columns - {id1_6_0_}

1769 [main] DEBUG org.hibernate.loader.entity.plan.EntityLoader  - Static select for entity org.thingsplode.core.entities.Model [UPGRADE_NOWAIT]: select model0_.id as id1_6_0_, model0_.manufacturer as manufact2_6_0_, model0_.type as type3_6_0_, model0_.version as version4_6_0_ from MODELS model0_ where model0_.id=? for update
1769 [main] DEBUG org.hibernate.loader.plan.build.internal.spaces.QuerySpacesImpl  - Adding QuerySpace : uid = <gen:0> -> org.hibernate.loader.plan.build.internal.spaces.EntityQuerySpaceImpl@41fe8e5f]
1769 [main] DEBUG org.hibernate.loader.plan.build.internal.FetchStyleLoadPlanBuildingAssociationVisitationStrategy  - Building LoadPlan...
1770 [main] DEBUG org.hibernate.loader.plan.exec.internal.LoadQueryJoinAndFetchProcessor  - processing queryspace <gen:0>
1770 [main] DEBUG org.hibernate.loader.plan.build.spi.LoadPlanTreePrinter  - LoadPlan(entity=org.thingsplode.core.entities.Model)
    - Returns
       - EntityReturnImpl(entity=org.thingsplode.core.entities.Model, querySpaceUid=<gen:0>, path=org.thingsplode.core.entities.Model)
    - QuerySpaces
       - EntityQuerySpaceImpl(uid=<gen:0>, entity=org.thingsplode.core.entities.Model)
          - SQL table alias mapping - model0_
          - alias suffix - 0_
          - suffixed key columns - {id1_6_0_}

1770 [main] DEBUG org.hibernate.loader.entity.plan.EntityLoader  - Static select for entity org.thingsplode.core.entities.Model [UPGRADE_SKIPLOCKED]: select model0_.id as id1_6_0_, model0_.manufacturer as manufact2_6_0_, model0_.type as type3_6_0_, model0_.version as version4_6_0_ from MODELS model0_ where model0_.id=? for update
1770 [main] DEBUG org.hibernate.loader.plan.build.internal.spaces.QuerySpacesImpl  - Adding QuerySpace : uid = <gen:0> -> org.hibernate.loader.plan.build.internal.spaces.EntityQuerySpaceImpl@2016f509]
1770 [main] DEBUG org.hibernate.loader.plan.build.internal.FetchStyleLoadPlanBuildingAssociationVisitationStrategy  - Building LoadPlan...
1770 [main] DEBUG org.hibernate.loader.plan.exec.internal.LoadQueryJoinAndFetchProcessor  - processing queryspace <gen:0>
1770 [main] DEBUG org.hibernate.loader.plan.build.spi.LoadPlanTreePrinter  - LoadPlan(entity=org.thingsplode.core.entities.Model)
    - Returns
       - EntityReturnImpl(entity=org.thingsplode.core.entities.Model, querySpaceUid=<gen:0>, path=org.thingsplode.core.entities.Model)
    - QuerySpaces
       - EntityQuerySpaceImpl(uid=<gen:0>, entity=org.thingsplode.core.entities.Model)
          - SQL table alias mapping - model0_
          - alias suffix - 0_
          - suffixed key columns - {id1_6_0_}

1771 [main] DEBUG org.hibernate.loader.entity.plan.EntityLoader  - Static select for entity org.thingsplode.core.entities.Model [FORCE]: select model0_.id as id1_6_0_, model0_.manufacturer as manufact2_6_0_, model0_.type as type3_6_0_, model0_.version as version4_6_0_ from MODELS model0_ where model0_.id=? for update
1771 [main] DEBUG org.hibernate.loader.plan.build.internal.spaces.QuerySpacesImpl  - Adding QuerySpace : uid = <gen:0> -> org.hibernate.loader.plan.build.internal.spaces.EntityQuerySpaceImpl@5a237731]
1771 [main] DEBUG org.hibernate.loader.plan.build.internal.FetchStyleLoadPlanBuildingAssociationVisitationStrategy  - Building LoadPlan...
1771 [main] DEBUG org.hibernate.loader.plan.exec.internal.LoadQueryJoinAndFetchProcessor  - processing queryspace <gen:0>
1771 [main] DEBUG org.hibernate.loader.plan.build.spi.LoadPlanTreePrinter  - LoadPlan(entity=org.thingsplode.core.entities.Model)
    - Returns
       - EntityReturnImpl(entity=org.thingsplode.core.entities.Model, querySpaceUid=<gen:0>, path=org.thingsplode.core.entities.Model)
    - QuerySpaces
       - EntityQuerySpaceImpl(uid=<gen:0>, entity=org.thingsplode.core.entities.Model)
          - SQL table alias mapping - model0_
          - alias suffix - 0_
          - suffixed key columns - {id1_6_0_}

1771 [main] DEBUG org.hibernate.loader.entity.plan.EntityLoader  - Static select for entity org.thingsplode.core.entities.Model [PESSIMISTIC_READ]: select model0_.id as id1_6_0_, model0_.manufacturer as manufact2_6_0_, model0_.type as type3_6_0_, model0_.version as version4_6_0_ from MODELS model0_ where model0_.id=? for update
1771 [main] DEBUG org.hibernate.loader.plan.build.internal.spaces.QuerySpacesImpl  - Adding QuerySpace : uid = <gen:0> -> org.hibernate.loader.plan.build.internal.spaces.EntityQuerySpaceImpl@6a0094c9]
1771 [main] DEBUG org.hibernate.loader.plan.build.internal.FetchStyleLoadPlanBuildingAssociationVisitationStrategy  - Building LoadPlan...
1771 [main] DEBUG org.hibernate.loader.plan.exec.internal.LoadQueryJoinAndFetchProcessor  - processing queryspace <gen:0>
1772 [main] DEBUG org.hibernate.loader.plan.build.spi.LoadPlanTreePrinter  - LoadPlan(entity=org.thingsplode.core.entities.Model)
    - Returns
       - EntityReturnImpl(entity=org.thingsplode.core.entities.Model, querySpaceUid=<gen:0>, path=org.thingsplode.core.entities.Model)
    - QuerySpaces
       - EntityQuerySpaceImpl(uid=<gen:0>, entity=org.thingsplode.core.entities.Model)
          - SQL table alias mapping - model0_
          - alias suffix - 0_
          - suffixed key columns - {id1_6_0_}

1772 [main] DEBUG org.hibernate.loader.entity.plan.EntityLoader  - Static select for entity org.thingsplode.core.entities.Model [PESSIMISTIC_WRITE]: select model0_.id as id1_6_0_, model0_.manufacturer as manufact2_6_0_, model0_.type as type3_6_0_, model0_.version as version4_6_0_ from MODELS model0_ where model0_.id=? for update
1772 [main] DEBUG org.hibernate.loader.plan.build.internal.spaces.QuerySpacesImpl  - Adding QuerySpace : uid = <gen:0> -> org.hibernate.loader.plan.build.internal.spaces.EntityQuerySpaceImpl@10fda3d0]
1772 [main] DEBUG org.hibernate.loader.plan.build.internal.FetchStyleLoadPlanBuildingAssociationVisitationStrategy  - Building LoadPlan...
1772 [main] DEBUG org.hibernate.loader.plan.exec.internal.LoadQueryJoinAndFetchProcessor  - processing queryspace <gen:0>
1772 [main] DEBUG org.hibernate.loader.plan.build.spi.LoadPlanTreePrinter  - LoadPlan(entity=org.thingsplode.core.entities.Model)
    - Returns
       - EntityReturnImpl(entity=org.thingsplode.core.entities.Model, querySpaceUid=<gen:0>, path=org.thingsplode.core.entities.Model)
    - QuerySpaces
       - EntityQuerySpaceImpl(uid=<gen:0>, entity=org.thingsplode.core.entities.Model)
          - SQL table alias mapping - model0_
          - alias suffix - 0_
          - suffixed key columns - {id1_6_0_}

1772 [main] DEBUG org.hibernate.loader.entity.plan.EntityLoader  - Static select for entity org.thingsplode.core.entities.Model [PESSIMISTIC_FORCE_INCREMENT]: select model0_.id as id1_6_0_, model0_.manufacturer as manufact2_6_0_, model0_.type as type3_6_0_, model0_.version as version4_6_0_ from MODELS model0_ where model0_.id=? for update
1772 [main] DEBUG org.hibernate.loader.plan.build.internal.spaces.QuerySpacesImpl  - Adding QuerySpace : uid = <gen:0> -> org.hibernate.loader.plan.build.internal.spaces.EntityQuerySpaceImpl@4f6b687e]
1773 [main] DEBUG org.hibernate.loader.plan.build.internal.FetchStyleLoadPlanBuildingAssociationVisitationStrategy  - Building LoadPlan...
1773 [main] DEBUG org.hibernate.loader.plan.exec.internal.LoadQueryJoinAndFetchProcessor  - processing queryspace <gen:0>
1773 [main] DEBUG org.hibernate.loader.plan.build.spi.LoadPlanTreePrinter  - LoadPlan(entity=org.thingsplode.core.entities.Model)
    - Returns
       - EntityReturnImpl(entity=org.thingsplode.core.entities.Model, querySpaceUid=<gen:0>, path=org.thingsplode.core.entities.Model)
    - QuerySpaces
       - EntityQuerySpaceImpl(uid=<gen:0>, entity=org.thingsplode.core.entities.Model)
          - SQL table alias mapping - model0_
          - alias suffix - 0_
          - suffixed key columns - {id1_6_0_}

1773 [main] DEBUG org.hibernate.loader.entity.plan.EntityLoader  - Static select for entity org.thingsplode.core.entities.Model [OPTIMISTIC]: select model0_.id as id1_6_0_, model0_.manufacturer as manufact2_6_0_, model0_.type as type3_6_0_, model0_.version as version4_6_0_ from MODELS model0_ where model0_.id=?
1773 [main] DEBUG org.hibernate.loader.plan.build.internal.spaces.QuerySpacesImpl  - Adding QuerySpace : uid = <gen:0> -> org.hibernate.loader.plan.build.internal.spaces.EntityQuerySpaceImpl@5555ffcf]
1773 [main] DEBUG org.hibernate.loader.plan.build.internal.FetchStyleLoadPlanBuildingAssociationVisitationStrategy  - Building LoadPlan...
1773 [main] DEBUG org.hibernate.loader.plan.exec.internal.LoadQueryJoinAndFetchProcessor  - processing queryspace <gen:0>
1774 [main] DEBUG org.hibernate.loader.plan.build.spi.LoadPlanTreePrinter  - LoadPlan(entity=org.thingsplode.core.entities.Model)
    - Returns
       - EntityReturnImpl(entity=org.thingsplode.core.entities.Model, querySpaceUid=<gen:0>, path=org.thingsplode.core.entities.Model)
    - QuerySpaces
       - EntityQuerySpaceImpl(uid=<gen:0>, entity=org.thingsplode.core.entities.Model)
          - SQL table alias mapping - model0_
          - alias suffix - 0_
          - suffixed key columns - {id1_6_0_}

1774 [main] DEBUG org.hibernate.loader.entity.plan.EntityLoader  - Static select for entity org.thingsplode.core.entities.Model [OPTIMISTIC_FORCE_INCREMENT]: select model0_.id as id1_6_0_, model0_.manufacturer as manufact2_6_0_, model0_.type as type3_6_0_, model0_.version as version4_6_0_ from MODELS model0_ where model0_.id=?
1774 [main] DEBUG org.hibernate.loader.Loader  - Static select for action ACTION_MERGE on entity org.thingsplode.core.entities.Model: select model0_.id as id1_6_0_, model0_.manufacturer as manufact2_6_0_, model0_.type as type3_6_0_, model0_.version as version4_6_0_ from MODELS model0_ where model0_.id=?
1774 [main] DEBUG org.hibernate.loader.Loader  - Static select for action ACTION_REFRESH on entity org.thingsplode.core.entities.Model: select model0_.id as id1_6_0_, model0_.manufacturer as manufact2_6_0_, model0_.type as type3_6_0_, model0_.version as version4_6_0_ from MODELS model0_ where model0_.id=?
1775 [main] DEBUG org.hibernate.loader.plan.build.internal.spaces.QuerySpacesImpl  - Adding QuerySpace : uid = <gen:0> -> org.hibernate.loader.plan.build.internal.spaces.EntityQuerySpaceImpl@78c1372d]
1775 [main] DEBUG org.hibernate.loader.plan.build.internal.FetchStyleLoadPlanBuildingAssociationVisitationStrategy  - Building LoadPlan...
1775 [main] DEBUG org.hibernate.loader.plan.exec.internal.LoadQueryJoinAndFetchProcessor  - processing queryspace <gen:0>
1775 [main] DEBUG org.hibernate.loader.plan.build.spi.LoadPlanTreePrinter  - LoadPlan(entity=org.thingsplode.core.entities.Parameter)
    - Returns
       - EntityReturnImpl(entity=org.thingsplode.core.entities.Parameter, querySpaceUid=<gen:0>, path=org.thingsplode.core.entities.Parameter)
    - QuerySpaces
       - EntityQuerySpaceImpl(uid=<gen:0>, entity=org.thingsplode.core.entities.Parameter)
          - SQL table alias mapping - parameter0_
          - alias suffix - 0_
          - suffixed key columns - {id1_7_0_}

1790 [main] DEBUG org.hibernate.loader.entity.plan.EntityLoader  - Static select for entity org.thingsplode.core.entities.Parameter [NONE]: select parameter0_.id as id1_7_0_, parameter0_.name as name2_7_0_, parameter0_.valueType as valueTyp3_7_0_ from PARAMETERS parameter0_ where parameter0_.id=?
1790 [main] DEBUG org.hibernate.loader.plan.build.internal.spaces.QuerySpacesImpl  - Adding QuerySpace : uid = <gen:0> -> org.hibernate.loader.plan.build.internal.spaces.EntityQuerySpaceImpl@73fb1d7f]
1790 [main] DEBUG org.hibernate.loader.plan.build.internal.FetchStyleLoadPlanBuildingAssociationVisitationStrategy  - Building LoadPlan...
1790 [main] DEBUG org.hibernate.loader.plan.exec.internal.LoadQueryJoinAndFetchProcessor  - processing queryspace <gen:0>
1790 [main] DEBUG org.hibernate.loader.plan.build.spi.LoadPlanTreePrinter  - LoadPlan(entity=org.thingsplode.core.entities.Parameter)
    - Returns
       - EntityReturnImpl(entity=org.thingsplode.core.entities.Parameter, querySpaceUid=<gen:0>, path=org.thingsplode.core.entities.Parameter)
    - QuerySpaces
       - EntityQuerySpaceImpl(uid=<gen:0>, entity=org.thingsplode.core.entities.Parameter)
          - SQL table alias mapping - parameter0_
          - alias suffix - 0_
          - suffixed key columns - {id1_7_0_}

1790 [main] DEBUG org.hibernate.loader.entity.plan.EntityLoader  - Static select for entity org.thingsplode.core.entities.Parameter [READ]: select parameter0_.id as id1_7_0_, parameter0_.name as name2_7_0_, parameter0_.valueType as valueTyp3_7_0_ from PARAMETERS parameter0_ where parameter0_.id=?
1791 [main] DEBUG org.hibernate.loader.plan.build.internal.spaces.QuerySpacesImpl  - Adding QuerySpace : uid = <gen:0> -> org.hibernate.loader.plan.build.internal.spaces.EntityQuerySpaceImpl@25d2f66]
1791 [main] DEBUG org.hibernate.loader.plan.build.internal.FetchStyleLoadPlanBuildingAssociationVisitationStrategy  - Building LoadPlan...
1791 [main] DEBUG org.hibernate.loader.plan.exec.internal.LoadQueryJoinAndFetchProcessor  - processing queryspace <gen:0>
1791 [main] DEBUG org.hibernate.loader.plan.build.spi.LoadPlanTreePrinter  - LoadPlan(entity=org.thingsplode.core.entities.Parameter)
    - Returns
       - EntityReturnImpl(entity=org.thingsplode.core.entities.Parameter, querySpaceUid=<gen:0>, path=org.thingsplode.core.entities.Parameter)
    - QuerySpaces
       - EntityQuerySpaceImpl(uid=<gen:0>, entity=org.thingsplode.core.entities.Parameter)
          - SQL table alias mapping - parameter0_
          - alias suffix - 0_
          - suffixed key columns - {id1_7_0_}

1791 [main] DEBUG org.hibernate.loader.entity.plan.EntityLoader  - Static select for entity org.thingsplode.core.entities.Parameter [UPGRADE]: select parameter0_.id as id1_7_0_, parameter0_.name as name2_7_0_, parameter0_.valueType as valueTyp3_7_0_ from PARAMETERS parameter0_ where parameter0_.id=? for update
1791 [main] DEBUG org.hibernate.loader.plan.build.internal.spaces.QuerySpacesImpl  - Adding QuerySpace : uid = <gen:0> -> org.hibernate.loader.plan.build.internal.spaces.EntityQuerySpaceImpl@71945bc0]
1791 [main] DEBUG org.hibernate.loader.plan.build.internal.FetchStyleLoadPlanBuildingAssociationVisitationStrategy  - Building LoadPlan...
1792 [main] DEBUG org.hibernate.loader.plan.exec.internal.LoadQueryJoinAndFetchProcessor  - processing queryspace <gen:0>
1792 [main] DEBUG org.hibernate.loader.plan.build.spi.LoadPlanTreePrinter  - LoadPlan(entity=org.thingsplode.core.entities.Parameter)
    - Returns
       - EntityReturnImpl(entity=org.thingsplode.core.entities.Parameter, querySpaceUid=<gen:0>, path=org.thingsplode.core.entities.Parameter)
    - QuerySpaces
       - EntityQuerySpaceImpl(uid=<gen:0>, entity=org.thingsplode.core.entities.Parameter)
          - SQL table alias mapping - parameter0_
          - alias suffix - 0_
          - suffixed key columns - {id1_7_0_}

1792 [main] DEBUG org.hibernate.loader.entity.plan.EntityLoader  - Static select for entity org.thingsplode.core.entities.Parameter [UPGRADE_NOWAIT]: select parameter0_.id as id1_7_0_, parameter0_.name as name2_7_0_, parameter0_.valueType as valueTyp3_7_0_ from PARAMETERS parameter0_ where parameter0_.id=? for update
1792 [main] DEBUG org.hibernate.loader.plan.build.internal.spaces.QuerySpacesImpl  - Adding QuerySpace : uid = <gen:0> -> org.hibernate.loader.plan.build.internal.spaces.EntityQuerySpaceImpl@49ede9c7]
1792 [main] DEBUG org.hibernate.loader.plan.build.internal.FetchStyleLoadPlanBuildingAssociationVisitationStrategy  - Building LoadPlan...
1792 [main] DEBUG org.hibernate.loader.plan.exec.internal.LoadQueryJoinAndFetchProcessor  - processing queryspace <gen:0>
1793 [main] DEBUG org.hibernate.loader.plan.build.spi.LoadPlanTreePrinter  - LoadPlan(entity=org.thingsplode.core.entities.Parameter)
    - Returns
       - EntityReturnImpl(entity=org.thingsplode.core.entities.Parameter, querySpaceUid=<gen:0>, path=org.thingsplode.core.entities.Parameter)
    - QuerySpaces
       - EntityQuerySpaceImpl(uid=<gen:0>, entity=org.thingsplode.core.entities.Parameter)
          - SQL table alias mapping - parameter0_
          - alias suffix - 0_
          - suffixed key columns - {id1_7_0_}

1793 [main] DEBUG org.hibernate.loader.entity.plan.EntityLoader  - Static select for entity org.thingsplode.core.entities.Parameter [UPGRADE_SKIPLOCKED]: select parameter0_.id as id1_7_0_, parameter0_.name as name2_7_0_, parameter0_.valueType as valueTyp3_7_0_ from PARAMETERS parameter0_ where parameter0_.id=? for update
1793 [main] DEBUG org.hibernate.loader.plan.build.internal.spaces.QuerySpacesImpl  - Adding QuerySpace : uid = <gen:0> -> org.hibernate.loader.plan.build.internal.spaces.EntityQuerySpaceImpl@3dd4a6fa]
1793 [main] DEBUG org.hibernate.loader.plan.build.internal.FetchStyleLoadPlanBuildingAssociationVisitationStrategy  - Building LoadPlan...
1793 [main] DEBUG org.hibernate.loader.plan.exec.internal.LoadQueryJoinAndFetchProcessor  - processing queryspace <gen:0>
1794 [main] DEBUG org.hibernate.loader.plan.build.spi.LoadPlanTreePrinter  - LoadPlan(entity=org.thingsplode.core.entities.Parameter)
    - Returns
       - EntityReturnImpl(entity=org.thingsplode.core.entities.Parameter, querySpaceUid=<gen:0>, path=org.thingsplode.core.entities.Parameter)
    - QuerySpaces
       - EntityQuerySpaceImpl(uid=<gen:0>, entity=org.thingsplode.core.entities.Parameter)
          - SQL table alias mapping - parameter0_
          - alias suffix - 0_
          - suffixed key columns - {id1_7_0_}

1794 [main] DEBUG org.hibernate.loader.entity.plan.EntityLoader  - Static select for entity org.thingsplode.core.entities.Parameter [FORCE]: select parameter0_.id as id1_7_0_, parameter0_.name as name2_7_0_, parameter0_.valueType as valueTyp3_7_0_ from PARAMETERS parameter0_ where parameter0_.id=? for update
1794 [main] DEBUG org.hibernate.loader.plan.build.internal.spaces.QuerySpacesImpl  - Adding QuerySpace : uid = <gen:0> -> org.hibernate.loader.plan.build.internal.spaces.EntityQuerySpaceImpl@3f725306]
1794 [main] DEBUG org.hibernate.loader.plan.build.internal.FetchStyleLoadPlanBuildingAssociationVisitationStrategy  - Building LoadPlan...
1794 [main] DEBUG org.hibernate.loader.plan.exec.internal.LoadQueryJoinAndFetchProcessor  - processing queryspace <gen:0>
1794 [main] DEBUG org.hibernate.loader.plan.build.spi.LoadPlanTreePrinter  - LoadPlan(entity=org.thingsplode.core.entities.Parameter)
    - Returns
       - EntityReturnImpl(entity=org.thingsplode.core.entities.Parameter, querySpaceUid=<gen:0>, path=org.thingsplode.core.entities.Parameter)
    - QuerySpaces
       - EntityQuerySpaceImpl(uid=<gen:0>, entity=org.thingsplode.core.entities.Parameter)
          - SQL table alias mapping - parameter0_
          - alias suffix - 0_
          - suffixed key columns - {id1_7_0_}

1794 [main] DEBUG org.hibernate.loader.entity.plan.EntityLoader  - Static select for entity org.thingsplode.core.entities.Parameter [PESSIMISTIC_READ]: select parameter0_.id as id1_7_0_, parameter0_.name as name2_7_0_, parameter0_.valueType as valueTyp3_7_0_ from PARAMETERS parameter0_ where parameter0_.id=? for update
1794 [main] DEBUG org.hibernate.loader.plan.build.internal.spaces.QuerySpacesImpl  - Adding QuerySpace : uid = <gen:0> -> org.hibernate.loader.plan.build.internal.spaces.EntityQuerySpaceImpl@2412a42b]
1795 [main] DEBUG org.hibernate.loader.plan.build.internal.FetchStyleLoadPlanBuildingAssociationVisitationStrategy  - Building LoadPlan...
1795 [main] DEBUG org.hibernate.loader.plan.exec.internal.LoadQueryJoinAndFetchProcessor  - processing queryspace <gen:0>
1795 [main] DEBUG org.hibernate.loader.plan.build.spi.LoadPlanTreePrinter  - LoadPlan(entity=org.thingsplode.core.entities.Parameter)
    - Returns
       - EntityReturnImpl(entity=org.thingsplode.core.entities.Parameter, querySpaceUid=<gen:0>, path=org.thingsplode.core.entities.Parameter)
    - QuerySpaces
       - EntityQuerySpaceImpl(uid=<gen:0>, entity=org.thingsplode.core.entities.Parameter)
          - SQL table alias mapping - parameter0_
          - alias suffix - 0_
          - suffixed key columns - {id1_7_0_}

1795 [main] DEBUG org.hibernate.loader.entity.plan.EntityLoader  - Static select for entity org.thingsplode.core.entities.Parameter [PESSIMISTIC_WRITE]: select parameter0_.id as id1_7_0_, parameter0_.name as name2_7_0_, parameter0_.valueType as valueTyp3_7_0_ from PARAMETERS parameter0_ where parameter0_.id=? for update
1795 [main] DEBUG org.hibernate.loader.plan.build.internal.spaces.QuerySpacesImpl  - Adding QuerySpace : uid = <gen:0> -> org.hibernate.loader.plan.build.internal.spaces.EntityQuerySpaceImpl@29138d3a]
1795 [main] DEBUG org.hibernate.loader.plan.build.internal.FetchStyleLoadPlanBuildingAssociationVisitationStrategy  - Building LoadPlan...
1795 [main] DEBUG org.hibernate.loader.plan.exec.internal.LoadQueryJoinAndFetchProcessor  - processing queryspace <gen:0>
1796 [main] DEBUG org.hibernate.loader.plan.build.spi.LoadPlanTreePrinter  - LoadPlan(entity=org.thingsplode.core.entities.Parameter)
    - Returns
       - EntityReturnImpl(entity=org.thingsplode.core.entities.Parameter, querySpaceUid=<gen:0>, path=org.thingsplode.core.entities.Parameter)
    - QuerySpaces
       - EntityQuerySpaceImpl(uid=<gen:0>, entity=org.thingsplode.core.entities.Parameter)
          - SQL table alias mapping - parameter0_
          - alias suffix - 0_
          - suffixed key columns - {id1_7_0_}

1796 [main] DEBUG org.hibernate.loader.entity.plan.EntityLoader  - Static select for entity org.thingsplode.core.entities.Parameter [PESSIMISTIC_FORCE_INCREMENT]: select parameter0_.id as id1_7_0_, parameter0_.name as name2_7_0_, parameter0_.valueType as valueTyp3_7_0_ from PARAMETERS parameter0_ where parameter0_.id=? for update
1796 [main] DEBUG org.hibernate.loader.plan.build.internal.spaces.QuerySpacesImpl  - Adding QuerySpace : uid = <gen:0> -> org.hibernate.loader.plan.build.internal.spaces.EntityQuerySpaceImpl@6dbcf214]
1800 [main] DEBUG org.hibernate.loader.plan.build.internal.FetchStyleLoadPlanBuildingAssociationVisitationStrategy  - Building LoadPlan...
1801 [main] DEBUG org.hibernate.loader.plan.exec.internal.LoadQueryJoinAndFetchProcessor  - processing queryspace <gen:0>
1801 [main] DEBUG org.hibernate.loader.plan.build.spi.LoadPlanTreePrinter  - LoadPlan(entity=org.thingsplode.core.entities.Parameter)
    - Returns
       - EntityReturnImpl(entity=org.thingsplode.core.entities.Parameter, querySpaceUid=<gen:0>, path=org.thingsplode.core.entities.Parameter)
    - QuerySpaces
       - EntityQuerySpaceImpl(uid=<gen:0>, entity=org.thingsplode.core.entities.Parameter)
          - SQL table alias mapping - parameter0_
          - alias suffix - 0_
          - suffixed key columns - {id1_7_0_}

1801 [main] DEBUG org.hibernate.loader.entity.plan.EntityLoader  - Static select for entity org.thingsplode.core.entities.Parameter [OPTIMISTIC]: select parameter0_.id as id1_7_0_, parameter0_.name as name2_7_0_, parameter0_.valueType as valueTyp3_7_0_ from PARAMETERS parameter0_ where parameter0_.id=?
1801 [main] DEBUG org.hibernate.loader.plan.build.internal.spaces.QuerySpacesImpl  - Adding QuerySpace : uid = <gen:0> -> org.hibernate.loader.plan.build.internal.spaces.EntityQuerySpaceImpl@7c251f90]
1801 [main] DEBUG org.hibernate.loader.plan.build.internal.FetchStyleLoadPlanBuildingAssociationVisitationStrategy  - Building LoadPlan...
1802 [main] DEBUG org.hibernate.loader.plan.exec.internal.LoadQueryJoinAndFetchProcessor  - processing queryspace <gen:0>
1810 [main] DEBUG org.hibernate.loader.plan.build.spi.LoadPlanTreePrinter  - LoadPlan(entity=org.thingsplode.core.entities.Parameter)
    - Returns
       - EntityReturnImpl(entity=org.thingsplode.core.entities.Parameter, querySpaceUid=<gen:0>, path=org.thingsplode.core.entities.Parameter)
    - QuerySpaces
       - EntityQuerySpaceImpl(uid=<gen:0>, entity=org.thingsplode.core.entities.Parameter)
          - SQL table alias mapping - parameter0_
          - alias suffix - 0_
          - suffixed key columns - {id1_7_0_}

1810 [main] DEBUG org.hibernate.loader.entity.plan.EntityLoader  - Static select for entity org.thingsplode.core.entities.Parameter [OPTIMISTIC_FORCE_INCREMENT]: select parameter0_.id as id1_7_0_, parameter0_.name as name2_7_0_, parameter0_.valueType as valueTyp3_7_0_ from PARAMETERS parameter0_ where parameter0_.id=?
1810 [main] DEBUG org.hibernate.loader.Loader  - Static select for action ACTION_MERGE on entity org.thingsplode.core.entities.Parameter: select parameter0_.id as id1_7_0_, parameter0_.name as name2_7_0_, parameter0_.valueType as valueTyp3_7_0_ from PARAMETERS parameter0_ where parameter0_.id=?
1810 [main] DEBUG org.hibernate.loader.Loader  - Static select for action ACTION_REFRESH on entity org.thingsplode.core.entities.Parameter: select parameter0_.id as id1_7_0_, parameter0_.name as name2_7_0_, parameter0_.valueType as valueTyp3_7_0_ from PARAMETERS parameter0_ where parameter0_.id=?
1811 [main] DEBUG org.hibernate.loader.plan.build.internal.spaces.QuerySpacesImpl  - Adding QuerySpace : uid = <gen:0> -> org.hibernate.loader.plan.build.internal.spaces.EntityQuerySpaceImpl@5ba26eb0]
1811 [main] DEBUG org.hibernate.loader.plan.build.internal.FetchStyleLoadPlanBuildingAssociationVisitationStrategy  - Building LoadPlan...
1811 [main] DEBUG org.hibernate.loader.plan.exec.internal.LoadQueryJoinAndFetchProcessor  - processing queryspace <gen:0>
1811 [main] DEBUG org.hibernate.loader.plan.build.spi.LoadPlanTreePrinter  - LoadPlan(entity=org.thingsplode.core.entities.Configuration)
    - Returns
       - EntityReturnImpl(entity=org.thingsplode.core.entities.Configuration, querySpaceUid=<gen:0>, path=org.thingsplode.core.entities.Configuration)
    - QuerySpaces
       - EntityQuerySpaceImpl(uid=<gen:0>, entity=org.thingsplode.core.entities.Configuration)
          - SQL table alias mapping - configurat0_
          - alias suffix - 0_
          - suffixed key columns - {id1_2_0_}

1811 [main] DEBUG org.hibernate.loader.entity.plan.EntityLoader  - Static select for entity org.thingsplode.core.entities.Configuration [NONE]: select configurat0_.id as id1_2_0_, configurat0_.key as key2_2_0_, configurat0_.syncStatus as syncStat3_2_0_, configurat0_.type as type4_2_0_, configurat0_.value as value5_2_0_ from CONFIGURATION configurat0_ where configurat0_.id=?
1811 [main] DEBUG org.hibernate.loader.plan.build.internal.spaces.QuerySpacesImpl  - Adding QuerySpace : uid = <gen:0> -> org.hibernate.loader.plan.build.internal.spaces.EntityQuerySpaceImpl@17d32e9b]
1811 [main] DEBUG org.hibernate.loader.plan.build.internal.FetchStyleLoadPlanBuildingAssociationVisitationStrategy  - Building LoadPlan...
1812 [main] DEBUG org.hibernate.loader.plan.exec.internal.LoadQueryJoinAndFetchProcessor  - processing queryspace <gen:0>
1812 [main] DEBUG org.hibernate.loader.plan.build.spi.LoadPlanTreePrinter  - LoadPlan(entity=org.thingsplode.core.entities.Configuration)
    - Returns
       - EntityReturnImpl(entity=org.thingsplode.core.entities.Configuration, querySpaceUid=<gen:0>, path=org.thingsplode.core.entities.Configuration)
    - QuerySpaces
       - EntityQuerySpaceImpl(uid=<gen:0>, entity=org.thingsplode.core.entities.Configuration)
          - SQL table alias mapping - configurat0_
          - alias suffix - 0_
          - suffixed key columns - {id1_2_0_}

1812 [main] DEBUG org.hibernate.loader.entity.plan.EntityLoader  - Static select for entity org.thingsplode.core.entities.Configuration [READ]: select configurat0_.id as id1_2_0_, configurat0_.key as key2_2_0_, configurat0_.syncStatus as syncStat3_2_0_, configurat0_.type as type4_2_0_, configurat0_.value as value5_2_0_ from CONFIGURATION configurat0_ where configurat0_.id=?
1818 [main] DEBUG org.hibernate.loader.plan.build.internal.spaces.QuerySpacesImpl  - Adding QuerySpace : uid = <gen:0> -> org.hibernate.loader.plan.build.internal.spaces.EntityQuerySpaceImpl@2e6f610d]
1818 [main] DEBUG org.hibernate.loader.plan.build.internal.FetchStyleLoadPlanBuildingAssociationVisitationStrategy  - Building LoadPlan...
1818 [main] DEBUG org.hibernate.loader.plan.exec.internal.LoadQueryJoinAndFetchProcessor  - processing queryspace <gen:0>
1819 [main] DEBUG org.hibernate.loader.plan.build.spi.LoadPlanTreePrinter  - LoadPlan(entity=org.thingsplode.core.entities.Configuration)
    - Returns
       - EntityReturnImpl(entity=org.thingsplode.core.entities.Configuration, querySpaceUid=<gen:0>, path=org.thingsplode.core.entities.Configuration)
    - QuerySpaces
       - EntityQuerySpaceImpl(uid=<gen:0>, entity=org.thingsplode.core.entities.Configuration)
          - SQL table alias mapping - configurat0_
          - alias suffix - 0_
          - suffixed key columns - {id1_2_0_}

1819 [main] DEBUG org.hibernate.loader.entity.plan.EntityLoader  - Static select for entity org.thingsplode.core.entities.Configuration [UPGRADE]: select configurat0_.id as id1_2_0_, configurat0_.key as key2_2_0_, configurat0_.syncStatus as syncStat3_2_0_, configurat0_.type as type4_2_0_, configurat0_.value as value5_2_0_ from CONFIGURATION configurat0_ where configurat0_.id=? for update
1828 [main] DEBUG org.hibernate.loader.plan.build.internal.spaces.QuerySpacesImpl  - Adding QuerySpace : uid = <gen:0> -> org.hibernate.loader.plan.build.internal.spaces.EntityQuerySpaceImpl@10afe71a]
1828 [main] DEBUG org.hibernate.loader.plan.build.internal.FetchStyleLoadPlanBuildingAssociationVisitationStrategy  - Building LoadPlan...
1828 [main] DEBUG org.hibernate.loader.plan.exec.internal.LoadQueryJoinAndFetchProcessor  - processing queryspace <gen:0>
1829 [main] DEBUG org.hibernate.loader.plan.build.spi.LoadPlanTreePrinter  - LoadPlan(entity=org.thingsplode.core.entities.Configuration)
    - Returns
       - EntityReturnImpl(entity=org.thingsplode.core.entities.Configuration, querySpaceUid=<gen:0>, path=org.thingsplode.core.entities.Configuration)
    - QuerySpaces
       - EntityQuerySpaceImpl(uid=<gen:0>, entity=org.thingsplode.core.entities.Configuration)
          - SQL table alias mapping - configurat0_
          - alias suffix - 0_
          - suffixed key columns - {id1_2_0_}

1829 [main] DEBUG org.hibernate.loader.entity.plan.EntityLoader  - Static select for entity org.thingsplode.core.entities.Configuration [UPGRADE_NOWAIT]: select configurat0_.id as id1_2_0_, configurat0_.key as key2_2_0_, configurat0_.syncStatus as syncStat3_2_0_, configurat0_.type as type4_2_0_, configurat0_.value as value5_2_0_ from CONFIGURATION configurat0_ where configurat0_.id=? for update
1829 [main] DEBUG org.hibernate.loader.plan.build.internal.spaces.QuerySpacesImpl  - Adding QuerySpace : uid = <gen:0> -> org.hibernate.loader.plan.build.internal.spaces.EntityQuerySpaceImpl@212dfd39]
1829 [main] DEBUG org.hibernate.loader.plan.build.internal.FetchStyleLoadPlanBuildingAssociationVisitationStrategy  - Building LoadPlan...
1829 [main] DEBUG org.hibernate.loader.plan.exec.internal.LoadQueryJoinAndFetchProcessor  - processing queryspace <gen:0>
1829 [main] DEBUG org.hibernate.loader.plan.build.spi.LoadPlanTreePrinter  - LoadPlan(entity=org.thingsplode.core.entities.Configuration)
    - Returns
       - EntityReturnImpl(entity=org.thingsplode.core.entities.Configuration, querySpaceUid=<gen:0>, path=org.thingsplode.core.entities.Configuration)
    - QuerySpaces
       - EntityQuerySpaceImpl(uid=<gen:0>, entity=org.thingsplode.core.entities.Configuration)
          - SQL table alias mapping - configurat0_
          - alias suffix - 0_
          - suffixed key columns - {id1_2_0_}

1830 [main] DEBUG org.hibernate.loader.entity.plan.EntityLoader  - Static select for entity org.thingsplode.core.entities.Configuration [UPGRADE_SKIPLOCKED]: select configurat0_.id as id1_2_0_, configurat0_.key as key2_2_0_, configurat0_.syncStatus as syncStat3_2_0_, configurat0_.type as type4_2_0_, configurat0_.value as value5_2_0_ from CONFIGURATION configurat0_ where configurat0_.id=? for update
1830 [main] DEBUG org.hibernate.loader.plan.build.internal.spaces.QuerySpacesImpl  - Adding QuerySpace : uid = <gen:0> -> org.hibernate.loader.plan.build.internal.spaces.EntityQuerySpaceImpl@65d57e4e]
1830 [main] DEBUG org.hibernate.loader.plan.build.internal.FetchStyleLoadPlanBuildingAssociationVisitationStrategy  - Building LoadPlan...
1830 [main] DEBUG org.hibernate.loader.plan.exec.internal.LoadQueryJoinAndFetchProcessor  - processing queryspace <gen:0>
1833 [main] DEBUG org.hibernate.loader.plan.build.spi.LoadPlanTreePrinter  - LoadPlan(entity=org.thingsplode.core.entities.Configuration)
    - Returns
       - EntityReturnImpl(entity=org.thingsplode.core.entities.Configuration, querySpaceUid=<gen:0>, path=org.thingsplode.core.entities.Configuration)
    - QuerySpaces
       - EntityQuerySpaceImpl(uid=<gen:0>, entity=org.thingsplode.core.entities.Configuration)
          - SQL table alias mapping - configurat0_
          - alias suffix - 0_
          - suffixed key columns - {id1_2_0_}

1833 [main] DEBUG org.hibernate.loader.entity.plan.EntityLoader  - Static select for entity org.thingsplode.core.entities.Configuration [FORCE]: select configurat0_.id as id1_2_0_, configurat0_.key as key2_2_0_, configurat0_.syncStatus as syncStat3_2_0_, configurat0_.type as type4_2_0_, configurat0_.value as value5_2_0_ from CONFIGURATION configurat0_ where configurat0_.id=? for update
1834 [main] DEBUG org.hibernate.loader.plan.build.internal.spaces.QuerySpacesImpl  - Adding QuerySpace : uid = <gen:0> -> org.hibernate.loader.plan.build.internal.spaces.EntityQuerySpaceImpl@23a5818e]
1834 [main] DEBUG org.hibernate.loader.plan.build.internal.FetchStyleLoadPlanBuildingAssociationVisitationStrategy  - Building LoadPlan...
1834 [main] DEBUG org.hibernate.loader.plan.exec.internal.LoadQueryJoinAndFetchProcessor  - processing queryspace <gen:0>
1834 [main] DEBUG org.hibernate.loader.plan.build.spi.LoadPlanTreePrinter  - LoadPlan(entity=org.thingsplode.core.entities.Configuration)
    - Returns
       - EntityReturnImpl(entity=org.thingsplode.core.entities.Configuration, querySpaceUid=<gen:0>, path=org.thingsplode.core.entities.Configuration)
    - QuerySpaces
       - EntityQuerySpaceImpl(uid=<gen:0>, entity=org.thingsplode.core.entities.Configuration)
          - SQL table alias mapping - configurat0_
          - alias suffix - 0_
          - suffixed key columns - {id1_2_0_}

1834 [main] DEBUG org.hibernate.loader.entity.plan.EntityLoader  - Static select for entity org.thingsplode.core.entities.Configuration [PESSIMISTIC_READ]: select configurat0_.id as id1_2_0_, configurat0_.key as key2_2_0_, configurat0_.syncStatus as syncStat3_2_0_, configurat0_.type as type4_2_0_, configurat0_.value as value5_2_0_ from CONFIGURATION configurat0_ where configurat0_.id=? for update
1835 [main] DEBUG org.hibernate.loader.plan.build.internal.spaces.QuerySpacesImpl  - Adding QuerySpace : uid = <gen:0> -> org.hibernate.loader.plan.build.internal.spaces.EntityQuerySpaceImpl@9fc9f91]
1835 [main] DEBUG org.hibernate.loader.plan.build.internal.FetchStyleLoadPlanBuildingAssociationVisitationStrategy  - Building LoadPlan...
1835 [main] DEBUG org.hibernate.loader.plan.exec.internal.LoadQueryJoinAndFetchProcessor  - processing queryspace <gen:0>
1835 [main] DEBUG org.hibernate.loader.plan.build.spi.LoadPlanTreePrinter  - LoadPlan(entity=org.thingsplode.core.entities.Configuration)
    - Returns
       - EntityReturnImpl(entity=org.thingsplode.core.entities.Configuration, querySpaceUid=<gen:0>, path=org.thingsplode.core.entities.Configuration)
    - QuerySpaces
       - EntityQuerySpaceImpl(uid=<gen:0>, entity=org.thingsplode.core.entities.Configuration)
          - SQL table alias mapping - configurat0_
          - alias suffix - 0_
          - suffixed key columns - {id1_2_0_}

1835 [main] DEBUG org.hibernate.loader.entity.plan.EntityLoader  - Static select for entity org.thingsplode.core.entities.Configuration [PESSIMISTIC_WRITE]: select configurat0_.id as id1_2_0_, configurat0_.key as key2_2_0_, configurat0_.syncStatus as syncStat3_2_0_, configurat0_.type as type4_2_0_, configurat0_.value as value5_2_0_ from CONFIGURATION configurat0_ where configurat0_.id=? for update
1835 [main] DEBUG org.hibernate.loader.plan.build.internal.spaces.QuerySpacesImpl  - Adding QuerySpace : uid = <gen:0> -> org.hibernate.loader.plan.build.internal.spaces.EntityQuerySpaceImpl@108a46d6]
1835 [main] DEBUG org.hibernate.loader.plan.build.internal.FetchStyleLoadPlanBuildingAssociationVisitationStrategy  - Building LoadPlan...
1835 [main] DEBUG org.hibernate.loader.plan.exec.internal.LoadQueryJoinAndFetchProcessor  - processing queryspace <gen:0>
1844 [main] DEBUG org.hibernate.loader.plan.build.spi.LoadPlanTreePrinter  - LoadPlan(entity=org.thingsplode.core.entities.Configuration)
    - Returns
       - EntityReturnImpl(entity=org.thingsplode.core.entities.Configuration, querySpaceUid=<gen:0>, path=org.thingsplode.core.entities.Configuration)
    - QuerySpaces
       - EntityQuerySpaceImpl(uid=<gen:0>, entity=org.thingsplode.core.entities.Configuration)
          - SQL table alias mapping - configurat0_
          - alias suffix - 0_
          - suffixed key columns - {id1_2_0_}

1844 [main] DEBUG org.hibernate.loader.entity.plan.EntityLoader  - Static select for entity org.thingsplode.core.entities.Configuration [PESSIMISTIC_FORCE_INCREMENT]: select configurat0_.id as id1_2_0_, configurat0_.key as key2_2_0_, configurat0_.syncStatus as syncStat3_2_0_, configurat0_.type as type4_2_0_, configurat0_.value as value5_2_0_ from CONFIGURATION configurat0_ where configurat0_.id=? for update
1845 [main] DEBUG org.hibernate.loader.plan.build.internal.spaces.QuerySpacesImpl  - Adding QuerySpace : uid = <gen:0> -> org.hibernate.loader.plan.build.internal.spaces.EntityQuerySpaceImpl@17690e14]
1845 [main] DEBUG org.hibernate.loader.plan.build.internal.FetchStyleLoadPlanBuildingAssociationVisitationStrategy  - Building LoadPlan...
1845 [main] DEBUG org.hibernate.loader.plan.exec.internal.LoadQueryJoinAndFetchProcessor  - processing queryspace <gen:0>
1845 [main] DEBUG org.hibernate.loader.plan.build.spi.LoadPlanTreePrinter  - LoadPlan(entity=org.thingsplode.core.entities.Configuration)
    - Returns
       - EntityReturnImpl(entity=org.thingsplode.core.entities.Configuration, querySpaceUid=<gen:0>, path=org.thingsplode.core.entities.Configuration)
    - QuerySpaces
       - EntityQuerySpaceImpl(uid=<gen:0>, entity=org.thingsplode.core.entities.Configuration)
          - SQL table alias mapping - configurat0_
          - alias suffix - 0_
          - suffixed key columns - {id1_2_0_}

1845 [main] DEBUG org.hibernate.loader.entity.plan.EntityLoader  - Static select for entity org.thingsplode.core.entities.Configuration [OPTIMISTIC]: select configurat0_.id as id1_2_0_, configurat0_.key as key2_2_0_, configurat0_.syncStatus as syncStat3_2_0_, configurat0_.type as type4_2_0_, configurat0_.value as value5_2_0_ from CONFIGURATION configurat0_ where configurat0_.id=?
1845 [main] DEBUG org.hibernate.loader.plan.build.internal.spaces.QuerySpacesImpl  - Adding QuerySpace : uid = <gen:0> -> org.hibernate.loader.plan.build.internal.spaces.EntityQuerySpaceImpl@2a2ef072]
1845 [main] DEBUG org.hibernate.loader.plan.build.internal.FetchStyleLoadPlanBuildingAssociationVisitationStrategy  - Building LoadPlan...
1846 [main] DEBUG org.hibernate.loader.plan.exec.internal.LoadQueryJoinAndFetchProcessor  - processing queryspace <gen:0>
1846 [main] DEBUG org.hibernate.loader.plan.build.spi.LoadPlanTreePrinter  - LoadPlan(entity=org.thingsplode.core.entities.Configuration)
    - Returns
       - EntityReturnImpl(entity=org.thingsplode.core.entities.Configuration, querySpaceUid=<gen:0>, path=org.thingsplode.core.entities.Configuration)
    - QuerySpaces
       - EntityQuerySpaceImpl(uid=<gen:0>, entity=org.thingsplode.core.entities.Configuration)
          - SQL table alias mapping - configurat0_
          - alias suffix - 0_
          - suffixed key columns - {id1_2_0_}

1846 [main] DEBUG org.hibernate.loader.entity.plan.EntityLoader  - Static select for entity org.thingsplode.core.entities.Configuration [OPTIMISTIC_FORCE_INCREMENT]: select configurat0_.id as id1_2_0_, configurat0_.key as key2_2_0_, configurat0_.syncStatus as syncStat3_2_0_, configurat0_.type as type4_2_0_, configurat0_.value as value5_2_0_ from CONFIGURATION configurat0_ where configurat0_.id=?
1846 [main] DEBUG org.hibernate.loader.Loader  - Static select for action ACTION_MERGE on entity org.thingsplode.core.entities.Configuration: select configurat0_.id as id1_2_0_, configurat0_.key as key2_2_0_, configurat0_.syncStatus as syncStat3_2_0_, configurat0_.type as type4_2_0_, configurat0_.value as value5_2_0_ from CONFIGURATION configurat0_ where configurat0_.id=?
1846 [main] DEBUG org.hibernate.loader.Loader  - Static select for action ACTION_REFRESH on entity org.thingsplode.core.entities.Configuration: select configurat0_.id as id1_2_0_, configurat0_.key as key2_2_0_, configurat0_.syncStatus as syncStat3_2_0_, configurat0_.type as type4_2_0_, configurat0_.value as value5_2_0_ from CONFIGURATION configurat0_ where configurat0_.id=?
1846 [main] DEBUG org.hibernate.loader.plan.build.internal.spaces.QuerySpacesImpl  - Adding QuerySpace : uid = <gen:0> -> org.hibernate.loader.plan.build.internal.spaces.EntityQuerySpaceImpl@2f00f851]
1847 [main] DEBUG org.hibernate.loader.plan.build.internal.spaces.QuerySpacesImpl  - Adding QuerySpace : uid = <gen:1> -> org.hibernate.loader.plan.build.internal.spaces.CompositeQuerySpaceImpl@1f77b5cc]
1847 [main] DEBUG org.hibernate.loader.plan.build.internal.FetchStyleLoadPlanBuildingAssociationVisitationStrategy  - Building LoadPlan...
1847 [main] DEBUG org.hibernate.loader.plan.exec.internal.LoadQueryJoinAndFetchProcessor  - processing queryspace <gen:0>
1847 [main] DEBUG org.hibernate.loader.plan.build.spi.LoadPlanTreePrinter  - LoadPlan(entity=org.thingsplode.core.entities.Indication)
    - Returns
       - EntityReturnImpl(entity=org.thingsplode.core.entities.Indication, querySpaceUid=<gen:0>, path=org.thingsplode.core.entities.Indication)
          - CompositeAttributeFetchImpl(composite=org.thingsplode.core.Value, querySpaceUid=<gen:1>, path=org.thingsplode.core.entities.Indication.indicationValue)
    - QuerySpaces
       - EntityQuerySpaceImpl(uid=<gen:0>, entity=org.thingsplode.core.entities.Indication)
          - SQL table alias mapping - indication0_
          - alias suffix - 0_
          - suffixed key columns - {id1_5_0_}
          - JOIN (JoinDefinedByMetadata(indicationValue)) : <gen:0> -> <gen:1>
             - CompositeQuerySpaceImpl(uid=<gen:1>)
                - SQL table alias mapping - indication0_

1847 [main] DEBUG org.hibernate.loader.entity.plan.EntityLoader  - Static select for entity org.thingsplode.core.entities.Indication [NONE]: select indication0_.id as id1_5_0_, indication0_.content as content2_5_0_, indication0_.VALUE_TYPE as VALUE_TY3_5_0_, indication0_.name as name4_5_0_ from INDICATIONS indication0_ where indication0_.id=?
1848 [main] DEBUG org.hibernate.loader.plan.build.internal.spaces.QuerySpacesImpl  - Adding QuerySpace : uid = <gen:0> -> org.hibernate.loader.plan.build.internal.spaces.EntityQuerySpaceImpl@75961f16]
1848 [main] DEBUG org.hibernate.loader.plan.build.internal.spaces.QuerySpacesImpl  - Adding QuerySpace : uid = <gen:1> -> org.hibernate.loader.plan.build.internal.spaces.CompositeQuerySpaceImpl@2e179f3e]
1848 [main] DEBUG org.hibernate.loader.plan.build.internal.FetchStyleLoadPlanBuildingAssociationVisitationStrategy  - Building LoadPlan...
1848 [main] DEBUG org.hibernate.loader.plan.exec.internal.LoadQueryJoinAndFetchProcessor  - processing queryspace <gen:0>
1848 [main] DEBUG org.hibernate.loader.plan.build.spi.LoadPlanTreePrinter  - LoadPlan(entity=org.thingsplode.core.entities.Indication)
    - Returns
       - EntityReturnImpl(entity=org.thingsplode.core.entities.Indication, querySpaceUid=<gen:0>, path=org.thingsplode.core.entities.Indication)
          - CompositeAttributeFetchImpl(composite=org.thingsplode.core.Value, querySpaceUid=<gen:1>, path=org.thingsplode.core.entities.Indication.indicationValue)
    - QuerySpaces
       - EntityQuerySpaceImpl(uid=<gen:0>, entity=org.thingsplode.core.entities.Indication)
          - SQL table alias mapping - indication0_
          - alias suffix - 0_
          - suffixed key columns - {id1_5_0_}
          - JOIN (JoinDefinedByMetadata(indicationValue)) : <gen:0> -> <gen:1>
             - CompositeQuerySpaceImpl(uid=<gen:1>)
                - SQL table alias mapping - indication0_

1848 [main] DEBUG org.hibernate.loader.entity.plan.EntityLoader  - Static select for entity org.thingsplode.core.entities.Indication [READ]: select indication0_.id as id1_5_0_, indication0_.content as content2_5_0_, indication0_.VALUE_TYPE as VALUE_TY3_5_0_, indication0_.name as name4_5_0_ from INDICATIONS indication0_ where indication0_.id=?
1849 [main] DEBUG org.hibernate.loader.plan.build.internal.spaces.QuerySpacesImpl  - Adding QuerySpace : uid = <gen:0> -> org.hibernate.loader.plan.build.internal.spaces.EntityQuerySpaceImpl@534c6767]
1849 [main] DEBUG org.hibernate.loader.plan.build.internal.spaces.QuerySpacesImpl  - Adding QuerySpace : uid = <gen:1> -> org.hibernate.loader.plan.build.internal.spaces.CompositeQuerySpaceImpl@29a1505c]
1849 [main] DEBUG org.hibernate.loader.plan.build.internal.FetchStyleLoadPlanBuildingAssociationVisitationStrategy  - Building LoadPlan...
1849 [main] DEBUG org.hibernate.loader.plan.exec.internal.LoadQueryJoinAndFetchProcessor  - processing queryspace <gen:0>
1849 [main] DEBUG org.hibernate.loader.plan.build.spi.LoadPlanTreePrinter  - LoadPlan(entity=org.thingsplode.core.entities.Indication)
    - Returns
       - EntityReturnImpl(entity=org.thingsplode.core.entities.Indication, querySpaceUid=<gen:0>, path=org.thingsplode.core.entities.Indication)
          - CompositeAttributeFetchImpl(composite=org.thingsplode.core.Value, querySpaceUid=<gen:1>, path=org.thingsplode.core.entities.Indication.indicationValue)
    - QuerySpaces
       - EntityQuerySpaceImpl(uid=<gen:0>, entity=org.thingsplode.core.entities.Indication)
          - SQL table alias mapping - indication0_
          - alias suffix - 0_
          - suffixed key columns - {id1_5_0_}
          - JOIN (JoinDefinedByMetadata(indicationValue)) : <gen:0> -> <gen:1>
             - CompositeQuerySpaceImpl(uid=<gen:1>)
                - SQL table alias mapping - indication0_

1850 [main] DEBUG org.hibernate.loader.entity.plan.EntityLoader  - Static select for entity org.thingsplode.core.entities.Indication [UPGRADE]: select indication0_.id as id1_5_0_, indication0_.content as content2_5_0_, indication0_.VALUE_TYPE as VALUE_TY3_5_0_, indication0_.name as name4_5_0_ from INDICATIONS indication0_ where indication0_.id=? for update
1850 [main] DEBUG org.hibernate.loader.plan.build.internal.spaces.QuerySpacesImpl  - Adding QuerySpace : uid = <gen:0> -> org.hibernate.loader.plan.build.internal.spaces.EntityQuerySpaceImpl@320a8ebf]
1850 [main] DEBUG org.hibernate.loader.plan.build.internal.spaces.QuerySpacesImpl  - Adding QuerySpace : uid = <gen:1> -> org.hibernate.loader.plan.build.internal.spaces.CompositeQuerySpaceImpl@44b18fe4]
1850 [main] DEBUG org.hibernate.loader.plan.build.internal.FetchStyleLoadPlanBuildingAssociationVisitationStrategy  - Building LoadPlan...
1850 [main] DEBUG org.hibernate.loader.plan.exec.internal.LoadQueryJoinAndFetchProcessor  - processing queryspace <gen:0>
1850 [main] DEBUG org.hibernate.loader.plan.build.spi.LoadPlanTreePrinter  - LoadPlan(entity=org.thingsplode.core.entities.Indication)
    - Returns
       - EntityReturnImpl(entity=org.thingsplode.core.entities.Indication, querySpaceUid=<gen:0>, path=org.thingsplode.core.entities.Indication)
          - CompositeAttributeFetchImpl(composite=org.thingsplode.core.Value, querySpaceUid=<gen:1>, path=org.thingsplode.core.entities.Indication.indicationValue)
    - QuerySpaces
       - EntityQuerySpaceImpl(uid=<gen:0>, entity=org.thingsplode.core.entities.Indication)
          - SQL table alias mapping - indication0_
          - alias suffix - 0_
          - suffixed key columns - {id1_5_0_}
          - JOIN (JoinDefinedByMetadata(indicationValue)) : <gen:0> -> <gen:1>
             - CompositeQuerySpaceImpl(uid=<gen:1>)
                - SQL table alias mapping - indication0_

1850 [main] DEBUG org.hibernate.loader.entity.plan.EntityLoader  - Static select for entity org.thingsplode.core.entities.Indication [UPGRADE_NOWAIT]: select indication0_.id as id1_5_0_, indication0_.content as content2_5_0_, indication0_.VALUE_TYPE as VALUE_TY3_5_0_, indication0_.name as name4_5_0_ from INDICATIONS indication0_ where indication0_.id=? for update
1850 [main] DEBUG org.hibernate.loader.plan.build.internal.spaces.QuerySpacesImpl  - Adding QuerySpace : uid = <gen:0> -> org.hibernate.loader.plan.build.internal.spaces.EntityQuerySpaceImpl@4d3ca6c7]
1851 [main] DEBUG org.hibernate.loader.plan.build.internal.spaces.QuerySpacesImpl  - Adding QuerySpace : uid = <gen:1> -> org.hibernate.loader.plan.build.internal.spaces.CompositeQuerySpaceImpl@6a638c79]
1851 [main] DEBUG org.hibernate.loader.plan.build.internal.FetchStyleLoadPlanBuildingAssociationVisitationStrategy  - Building LoadPlan...
1851 [main] DEBUG org.hibernate.loader.plan.exec.internal.LoadQueryJoinAndFetchProcessor  - processing queryspace <gen:0>
1853 [main] DEBUG org.hibernate.loader.plan.build.spi.LoadPlanTreePrinter  - LoadPlan(entity=org.thingsplode.core.entities.Indication)
    - Returns
       - EntityReturnImpl(entity=org.thingsplode.core.entities.Indication, querySpaceUid=<gen:0>, path=org.thingsplode.core.entities.Indication)
          - CompositeAttributeFetchImpl(composite=org.thingsplode.core.Value, querySpaceUid=<gen:1>, path=org.thingsplode.core.entities.Indication.indicationValue)
    - QuerySpaces
       - EntityQuerySpaceImpl(uid=<gen:0>, entity=org.thingsplode.core.entities.Indication)
          - SQL table alias mapping - indication0_
          - alias suffix - 0_
          - suffixed key columns - {id1_5_0_}
          - JOIN (JoinDefinedByMetadata(indicationValue)) : <gen:0> -> <gen:1>
             - CompositeQuerySpaceImpl(uid=<gen:1>)
                - SQL table alias mapping - indication0_

1853 [main] DEBUG org.hibernate.loader.entity.plan.EntityLoader  - Static select for entity org.thingsplode.core.entities.Indication [UPGRADE_SKIPLOCKED]: select indication0_.id as id1_5_0_, indication0_.content as content2_5_0_, indication0_.VALUE_TYPE as VALUE_TY3_5_0_, indication0_.name as name4_5_0_ from INDICATIONS indication0_ where indication0_.id=? for update
1853 [main] DEBUG org.hibernate.loader.plan.build.internal.spaces.QuerySpacesImpl  - Adding QuerySpace : uid = <gen:0> -> org.hibernate.loader.plan.build.internal.spaces.EntityQuerySpaceImpl@44b194fe]
1853 [main] DEBUG org.hibernate.loader.plan.build.internal.spaces.QuerySpacesImpl  - Adding QuerySpace : uid = <gen:1> -> org.hibernate.loader.plan.build.internal.spaces.CompositeQuerySpaceImpl@3fe46690]
1857 [main] DEBUG org.hibernate.loader.plan.build.internal.FetchStyleLoadPlanBuildingAssociationVisitationStrategy  - Building LoadPlan...
1865 [main] DEBUG org.hibernate.loader.plan.exec.internal.LoadQueryJoinAndFetchProcessor  - processing queryspace <gen:0>
1866 [main] DEBUG org.hibernate.loader.plan.build.spi.LoadPlanTreePrinter  - LoadPlan(entity=org.thingsplode.core.entities.Indication)
    - Returns
       - EntityReturnImpl(entity=org.thingsplode.core.entities.Indication, querySpaceUid=<gen:0>, path=org.thingsplode.core.entities.Indication)
          - CompositeAttributeFetchImpl(composite=org.thingsplode.core.Value, querySpaceUid=<gen:1>, path=org.thingsplode.core.entities.Indication.indicationValue)
    - QuerySpaces
       - EntityQuerySpaceImpl(uid=<gen:0>, entity=org.thingsplode.core.entities.Indication)
          - SQL table alias mapping - indication0_
          - alias suffix - 0_
          - suffixed key columns - {id1_5_0_}
          - JOIN (JoinDefinedByMetadata(indicationValue)) : <gen:0> -> <gen:1>
             - CompositeQuerySpaceImpl(uid=<gen:1>)
                - SQL table alias mapping - indication0_

1866 [main] DEBUG org.hibernate.loader.entity.plan.EntityLoader  - Static select for entity org.thingsplode.core.entities.Indication [FORCE]: select indication0_.id as id1_5_0_, indication0_.content as content2_5_0_, indication0_.VALUE_TYPE as VALUE_TY3_5_0_, indication0_.name as name4_5_0_ from INDICATIONS indication0_ where indication0_.id=? for update
1866 [main] DEBUG org.hibernate.loader.plan.build.internal.spaces.QuerySpacesImpl  - Adding QuerySpace : uid = <gen:0> -> org.hibernate.loader.plan.build.internal.spaces.EntityQuerySpaceImpl@3b4d50b]
1869 [main] DEBUG org.hibernate.loader.plan.build.internal.spaces.QuerySpacesImpl  - Adding QuerySpace : uid = <gen:1> -> org.hibernate.loader.plan.build.internal.spaces.CompositeQuerySpaceImpl@476ee5b3]
1869 [main] DEBUG org.hibernate.loader.plan.build.internal.FetchStyleLoadPlanBuildingAssociationVisitationStrategy  - Building LoadPlan...
1869 [main] DEBUG org.hibernate.loader.plan.exec.internal.LoadQueryJoinAndFetchProcessor  - processing queryspace <gen:0>
1869 [main] DEBUG org.hibernate.loader.plan.build.spi.LoadPlanTreePrinter  - LoadPlan(entity=org.thingsplode.core.entities.Indication)
    - Returns
       - EntityReturnImpl(entity=org.thingsplode.core.entities.Indication, querySpaceUid=<gen:0>, path=org.thingsplode.core.entities.Indication)
          - CompositeAttributeFetchImpl(composite=org.thingsplode.core.Value, querySpaceUid=<gen:1>, path=org.thingsplode.core.entities.Indication.indicationValue)
    - QuerySpaces
       - EntityQuerySpaceImpl(uid=<gen:0>, entity=org.thingsplode.core.entities.Indication)
          - SQL table alias mapping - indication0_
          - alias suffix - 0_
          - suffixed key columns - {id1_5_0_}
          - JOIN (JoinDefinedByMetadata(indicationValue)) : <gen:0> -> <gen:1>
             - CompositeQuerySpaceImpl(uid=<gen:1>)
                - SQL table alias mapping - indication0_

1870 [main] DEBUG org.hibernate.loader.entity.plan.EntityLoader  - Static select for entity org.thingsplode.core.entities.Indication [PESSIMISTIC_READ]: select indication0_.id as id1_5_0_, indication0_.content as content2_5_0_, indication0_.VALUE_TYPE as VALUE_TY3_5_0_, indication0_.name as name4_5_0_ from INDICATIONS indication0_ where indication0_.id=? for update
1870 [main] DEBUG org.hibernate.loader.plan.build.internal.spaces.QuerySpacesImpl  - Adding QuerySpace : uid = <gen:0> -> org.hibernate.loader.plan.build.internal.spaces.EntityQuerySpaceImpl@7cd4a4d7]
1870 [main] DEBUG org.hibernate.loader.plan.build.internal.spaces.QuerySpacesImpl  - Adding QuerySpace : uid = <gen:1> -> org.hibernate.loader.plan.build.internal.spaces.CompositeQuerySpaceImpl@18da4dd]
1870 [main] DEBUG org.hibernate.loader.plan.build.internal.FetchStyleLoadPlanBuildingAssociationVisitationStrategy  - Building LoadPlan...
1870 [main] DEBUG org.hibernate.loader.plan.exec.internal.LoadQueryJoinAndFetchProcessor  - processing queryspace <gen:0>
1870 [main] DEBUG org.hibernate.loader.plan.build.spi.LoadPlanTreePrinter  - LoadPlan(entity=org.thingsplode.core.entities.Indication)
    - Returns
       - EntityReturnImpl(entity=org.thingsplode.core.entities.Indication, querySpaceUid=<gen:0>, path=org.thingsplode.core.entities.Indication)
          - CompositeAttributeFetchImpl(composite=org.thingsplode.core.Value, querySpaceUid=<gen:1>, path=org.thingsplode.core.entities.Indication.indicationValue)
    - QuerySpaces
       - EntityQuerySpaceImpl(uid=<gen:0>, entity=org.thingsplode.core.entities.Indication)
          - SQL table alias mapping - indication0_
          - alias suffix - 0_
          - suffixed key columns - {id1_5_0_}
          - JOIN (JoinDefinedByMetadata(indicationValue)) : <gen:0> -> <gen:1>
             - CompositeQuerySpaceImpl(uid=<gen:1>)
                - SQL table alias mapping - indication0_

1870 [main] DEBUG org.hibernate.loader.entity.plan.EntityLoader  - Static select for entity org.thingsplode.core.entities.Indication [PESSIMISTIC_WRITE]: select indication0_.id as id1_5_0_, indication0_.content as content2_5_0_, indication0_.VALUE_TYPE as VALUE_TY3_5_0_, indication0_.name as name4_5_0_ from INDICATIONS indication0_ where indication0_.id=? for update
1870 [main] DEBUG org.hibernate.loader.plan.build.internal.spaces.QuerySpacesImpl  - Adding QuerySpace : uid = <gen:0> -> org.hibernate.loader.plan.build.internal.spaces.EntityQuerySpaceImpl@68880c21]
1871 [main] DEBUG org.hibernate.loader.plan.build.internal.spaces.QuerySpacesImpl  - Adding QuerySpace : uid = <gen:1> -> org.hibernate.loader.plan.build.internal.spaces.CompositeQuerySpaceImpl@4195105b]
1871 [main] DEBUG org.hibernate.loader.plan.build.internal.FetchStyleLoadPlanBuildingAssociationVisitationStrategy  - Building LoadPlan...
1871 [main] DEBUG org.hibernate.loader.plan.exec.internal.LoadQueryJoinAndFetchProcessor  - processing queryspace <gen:0>
1871 [main] DEBUG org.hibernate.loader.plan.build.spi.LoadPlanTreePrinter  - LoadPlan(entity=org.thingsplode.core.entities.Indication)
    - Returns
       - EntityReturnImpl(entity=org.thingsplode.core.entities.Indication, querySpaceUid=<gen:0>, path=org.thingsplode.core.entities.Indication)
          - CompositeAttributeFetchImpl(composite=org.thingsplode.core.Value, querySpaceUid=<gen:1>, path=org.thingsplode.core.entities.Indication.indicationValue)
    - QuerySpaces
       - EntityQuerySpaceImpl(uid=<gen:0>, entity=org.thingsplode.core.entities.Indication)
          - SQL table alias mapping - indication0_
          - alias suffix - 0_
          - suffixed key columns - {id1_5_0_}
          - JOIN (JoinDefinedByMetadata(indicationValue)) : <gen:0> -> <gen:1>
             - CompositeQuerySpaceImpl(uid=<gen:1>)
                - SQL table alias mapping - indication0_

1871 [main] DEBUG org.hibernate.loader.entity.plan.EntityLoader  - Static select for entity org.thingsplode.core.entities.Indication [PESSIMISTIC_FORCE_INCREMENT]: select indication0_.id as id1_5_0_, indication0_.content as content2_5_0_, indication0_.VALUE_TYPE as VALUE_TY3_5_0_, indication0_.name as name4_5_0_ from INDICATIONS indication0_ where indication0_.id=? for update
1871 [main] DEBUG org.hibernate.loader.plan.build.internal.spaces.QuerySpacesImpl  - Adding QuerySpace : uid = <gen:0> -> org.hibernate.loader.plan.build.internal.spaces.EntityQuerySpaceImpl@47ffe971]
1871 [main] DEBUG org.hibernate.loader.plan.build.internal.spaces.QuerySpacesImpl  - Adding QuerySpace : uid = <gen:1> -> org.hibernate.loader.plan.build.internal.spaces.CompositeQuerySpaceImpl@14fa92af]
1871 [main] DEBUG org.hibernate.loader.plan.build.internal.FetchStyleLoadPlanBuildingAssociationVisitationStrategy  - Building LoadPlan...
1872 [main] DEBUG org.hibernate.loader.plan.exec.internal.LoadQueryJoinAndFetchProcessor  - processing queryspace <gen:0>
1872 [main] DEBUG org.hibernate.loader.plan.build.spi.LoadPlanTreePrinter  - LoadPlan(entity=org.thingsplode.core.entities.Indication)
    - Returns
       - EntityReturnImpl(entity=org.thingsplode.core.entities.Indication, querySpaceUid=<gen:0>, path=org.thingsplode.core.entities.Indication)
          - CompositeAttributeFetchImpl(composite=org.thingsplode.core.Value, querySpaceUid=<gen:1>, path=org.thingsplode.core.entities.Indication.indicationValue)
    - QuerySpaces
       - EntityQuerySpaceImpl(uid=<gen:0>, entity=org.thingsplode.core.entities.Indication)
          - SQL table alias mapping - indication0_
          - alias suffix - 0_
          - suffixed key columns - {id1_5_0_}
          - JOIN (JoinDefinedByMetadata(indicationValue)) : <gen:0> -> <gen:1>
             - CompositeQuerySpaceImpl(uid=<gen:1>)
                - SQL table alias mapping - indication0_

1872 [main] DEBUG org.hibernate.loader.entity.plan.EntityLoader  - Static select for entity org.thingsplode.core.entities.Indication [OPTIMISTIC]: select indication0_.id as id1_5_0_, indication0_.content as content2_5_0_, indication0_.VALUE_TYPE as VALUE_TY3_5_0_, indication0_.name as name4_5_0_ from INDICATIONS indication0_ where indication0_.id=?
1872 [main] DEBUG org.hibernate.loader.plan.build.internal.spaces.QuerySpacesImpl  - Adding QuerySpace : uid = <gen:0> -> org.hibernate.loader.plan.build.internal.spaces.EntityQuerySpaceImpl@339a3670]
1872 [main] DEBUG org.hibernate.loader.plan.build.internal.spaces.QuerySpacesImpl  - Adding QuerySpace : uid = <gen:1> -> org.hibernate.loader.plan.build.internal.spaces.CompositeQuerySpaceImpl@2c7a8af2]
1872 [main] DEBUG org.hibernate.loader.plan.build.internal.FetchStyleLoadPlanBuildingAssociationVisitationStrategy  - Building LoadPlan...
1872 [main] DEBUG org.hibernate.loader.plan.exec.internal.LoadQueryJoinAndFetchProcessor  - processing queryspace <gen:0>
1873 [main] DEBUG org.hibernate.loader.plan.build.spi.LoadPlanTreePrinter  - LoadPlan(entity=org.thingsplode.core.entities.Indication)
    - Returns
       - EntityReturnImpl(entity=org.thingsplode.core.entities.Indication, querySpaceUid=<gen:0>, path=org.thingsplode.core.entities.Indication)
          - CompositeAttributeFetchImpl(composite=org.thingsplode.core.Value, querySpaceUid=<gen:1>, path=org.thingsplode.core.entities.Indication.indicationValue)
    - QuerySpaces
       - EntityQuerySpaceImpl(uid=<gen:0>, entity=org.thingsplode.core.entities.Indication)
          - SQL table alias mapping - indication0_
          - alias suffix - 0_
          - suffixed key columns - {id1_5_0_}
          - JOIN (JoinDefinedByMetadata(indicationValue)) : <gen:0> -> <gen:1>
             - CompositeQuerySpaceImpl(uid=<gen:1>)
                - SQL table alias mapping - indication0_

1873 [main] DEBUG org.hibernate.loader.entity.plan.EntityLoader  - Static select for entity org.thingsplode.core.entities.Indication [OPTIMISTIC_FORCE_INCREMENT]: select indication0_.id as id1_5_0_, indication0_.content as content2_5_0_, indication0_.VALUE_TYPE as VALUE_TY3_5_0_, indication0_.name as name4_5_0_ from INDICATIONS indication0_ where indication0_.id=?
1873 [main] DEBUG org.hibernate.loader.Loader  - Static select for action ACTION_MERGE on entity org.thingsplode.core.entities.Indication: select indication0_.id as id1_5_0_, indication0_.content as content2_5_0_, indication0_.VALUE_TYPE as VALUE_TY3_5_0_, indication0_.name as name4_5_0_ from INDICATIONS indication0_ where indication0_.id=?
1873 [main] DEBUG org.hibernate.loader.Loader  - Static select for action ACTION_REFRESH on entity org.thingsplode.core.entities.Indication: select indication0_.id as id1_5_0_, indication0_.content as content2_5_0_, indication0_.VALUE_TYPE as VALUE_TY3_5_0_, indication0_.name as name4_5_0_ from INDICATIONS indication0_ where indication0_.id=?
1874 [main] DEBUG org.hibernate.loader.plan.build.internal.spaces.QuerySpacesImpl  - Adding QuerySpace : uid = <gen:0> -> org.hibernate.loader.plan.build.internal.spaces.EntityQuerySpaceImpl@720bf653]
1874 [main] DEBUG org.hibernate.loader.plan.build.internal.spaces.QuerySpacesImpl  - Adding QuerySpace : uid = <gen:1> -> org.hibernate.loader.plan.build.internal.spaces.EntityQuerySpaceImpl@4edef76c]
1874 [main] DEBUG org.hibernate.loader.plan.build.internal.spaces.QuerySpacesImpl  - Adding QuerySpace : uid = <gen:2> -> org.hibernate.loader.plan.build.internal.spaces.EntityQuerySpaceImpl@70c53dbe]
1880 [main] DEBUG org.hibernate.loader.plan.build.internal.spaces.QuerySpacesImpl  - Adding QuerySpace : uid = <gen:3> -> org.hibernate.loader.plan.build.internal.spaces.CompositeQuerySpaceImpl@21c815e4]
1880 [main] DEBUG org.hibernate.loader.plan.build.internal.spaces.QuerySpacesImpl  - Adding QuerySpace : uid = <gen:4> -> org.hibernate.loader.plan.build.internal.spaces.CompositeQuerySpaceImpl@2a331b46]
1882 [main] DEBUG org.hibernate.loader.plan.build.internal.spaces.QuerySpacesImpl  - Adding QuerySpace : uid = <gen:5> -> org.hibernate.loader.plan.build.internal.spaces.CollectionQuerySpaceImpl@71978f46]
1901 [main] DEBUG org.hibernate.loader.plan.build.internal.spaces.QuerySpacesImpl  - Adding QuerySpace : uid = <gen:6> -> org.hibernate.loader.plan.build.internal.spaces.EntityQuerySpaceImpl@68d651f2]
1903 [main] DEBUG org.hibernate.loader.plan.build.internal.spaces.QuerySpacesImpl  - Adding QuerySpace : uid = <gen:7> -> org.hibernate.loader.plan.build.internal.spaces.CompositeQuerySpaceImpl@49c675f0]
1903 [main] DEBUG org.hibernate.loader.plan.build.internal.FetchStyleLoadPlanBuildingAssociationVisitationStrategy  - Building LoadPlan...
1903 [main] DEBUG org.hibernate.loader.plan.exec.internal.LoadQueryJoinAndFetchProcessor  - processing queryspace <gen:0>
1910 [main] DEBUG org.hibernate.loader.plan.build.spi.LoadPlanTreePrinter  - LoadPlan(entity=org.thingsplode.core.entities.Event)
    - Returns
       - EntityReturnImpl(entity=org.thingsplode.core.entities.Event, querySpaceUid=<gen:0>, path=org.thingsplode.core.entities.Event)
          - EntityAttributeFetchImpl(entity=org.thingsplode.core.entities.Component, querySpaceUid=<gen:1>, path=org.thingsplode.core.entities.Event.component)
             - EntityAttributeFetchImpl(entity=org.thingsplode.core.entities.Model, querySpaceUid=<gen:2>, path=org.thingsplode.core.entities.Event.component.model)
             - CompositeAttributeFetchImpl(composite=org.thingsplode.core.Location, querySpaceUid=<gen:3>, path=org.thingsplode.core.entities.Event.component.location)
                - NestedCompositeAttributeFetchImpl(composite=org.thingsplode.core.Address, querySpaceUid=<gen:4>, path=org.thingsplode.core.entities.Event.component.location.address)
          - CollectionAttributeFetchImpl(collection=org.thingsplode.core.entities.Event.indications, querySpaceUid=<gen:5>, path=org.thingsplode.core.entities.Event.indications)
             - (collection element) CollectionFetchableElementEntityGraph(entity=org.thingsplode.core.entities.Indication, querySpaceUid=<gen:6>, path=org.thingsplode.core.entities.Event.indications.<elements>)
                - CompositeAttributeFetchImpl(composite=org.thingsplode.core.Value, querySpaceUid=<gen:7>, path=org.thingsplode.core.entities.Event.indications.<elements>.indicationValue)
    - QuerySpaces
       - EntityQuerySpaceImpl(uid=<gen:0>, entity=org.thingsplode.core.entities.Event)
          - SQL table alias mapping - event0_
          - alias suffix - 0_
          - suffixed key columns - {id1_4_0_}
          - JOIN (JoinDefinedByMetadata(component)) : <gen:0> -> <gen:1>
             - EntityQuerySpaceImpl(uid=<gen:1>, entity=org.thingsplode.core.entities.Component)
                - SQL table alias mapping - component1_
                - alias suffix - 1_
                - suffixed key columns - {id2_1_1_}
                - JOIN (JoinDefinedByMetadata(model)) : <gen:1> -> <gen:2>
                   - EntityQuerySpaceImpl(uid=<gen:2>, entity=org.thingsplode.core.entities.Model)
                      - SQL table alias mapping - model2_
                      - alias suffix - 2_
                      - suffixed key columns - {id1_6_2_}
                - JOIN (JoinDefinedByMetadata(location)) : <gen:1> -> <gen:3>
                   - CompositeQuerySpaceImpl(uid=<gen:3>)
                      - SQL table alias mapping - component1_
                      - JOIN (JoinDefinedByMetadata(address)) : <gen:3> -> <gen:4>
                         - CompositeQuerySpaceImpl(uid=<gen:4>)
                            - SQL table alias mapping - component1_
          - JOIN (JoinDefinedByMetadata(indications)) : <gen:0> -> <gen:5>
             - CollectionQuerySpaceImpl(uid=<gen:5>, collection=org.thingsplode.core.entities.Event.indications)
                - SQL table alias mapping - indication3_
                - alias suffix - 3_
                - suffixed key columns - {EVT_ID5_4_3_}
                - entity-element alias suffix - 4_
                - 4_entity-element suffixed key columns - id1_5_4_
                - JOIN (JoinDefinedByMetadata(elements)) : <gen:5> -> <gen:6>
                   - EntityQuerySpaceImpl(uid=<gen:6>, entity=org.thingsplode.core.entities.Indication)
                      - SQL table alias mapping - indication3_
                      - alias suffix - 4_
                      - suffixed key columns - {id1_5_4_}
                      - JOIN (JoinDefinedByMetadata(indicationValue)) : <gen:6> -> <gen:7>
                         - CompositeQuerySpaceImpl(uid=<gen:7>)
                            - SQL table alias mapping - indication3_

1911 [main] DEBUG org.hibernate.loader.entity.plan.EntityLoader  - Static select for entity org.thingsplode.core.entities.Event [NONE]: select event0_.id as id1_4_0_, event0_.COMPONENT_ID as COMPONEN8_4_0_, event0_.eventClass as eventCla2_4_0_, event0_.eventDate as eventDat3_4_0_, event0_.eventId as eventId4_4_0_, event0_.receiveDate as receiveD5_4_0_, event0_.severity as severity6_4_0_, event0_.type as type7_4_0_, component1_.id as id2_1_1_, component1_.deviceClass as deviceCl3_1_1_, component1_.enabledState as enabledS4_1_1_, component1_.identification as identifi5_1_1_, component1_.model_id as model_i10_1_1_, component1_.partNumber as partNumb6_1_1_, component1_.serialNumber as serialNu7_1_1_, component1_.status as status8_1_1_, component1_.type as type9_1_1_, component1_1_.hostAddress as hostAddr1_3_1_, component1_1_.lastHeartBeat as lastHear2_3_1_, component1_1_.city as city3_3_1_, component1_1_.country as country4_3_1_, component1_1_.houseNumber as houseNum5_3_1_, component1_1_.postCode as postCode6_3_1_, component1_1_.state as state7_3_1_, component1_1_.street as street8_3_1_, component1_1_.description as descript9_3_1_, component1_1_.latitude as latitud10_3_1_, component1_1_.longitude as longitu11_3_1_, component1_1_.startupDate as startup12_3_1_, component1_.MAIN_TYPE as MAIN_TYP1_1_1_, model2_.id as id1_6_2_, model2_.manufacturer as manufact2_6_2_, model2_.type as type3_6_2_, model2_.version as version4_6_2_, indication3_.EVT_ID as EVT_ID5_4_3_, indication3_.id as id1_5_3_, indication3_.id as id1_5_4_, indication3_.content as content2_5_4_, indication3_.VALUE_TYPE as VALUE_TY3_5_4_, indication3_.name as name4_5_4_ from EVENTS event0_ left outer join COMPONENT component1_ on event0_.COMPONENT_ID=component1_.id left outer join DEVICES component1_1_ on component1_.id=component1_1_.id left outer join MODELS model2_ on component1_.model_id=model2_.id left outer join INDICATIONS indication3_ on event0_.id=indication3_.EVT_ID where event0_.id=?
1911 [main] DEBUG org.hibernate.loader.plan.build.internal.spaces.QuerySpacesImpl  - Adding QuerySpace : uid = <gen:0> -> org.hibernate.loader.plan.build.internal.spaces.EntityQuerySpaceImpl@1c7f96b1]
1911 [main] DEBUG org.hibernate.loader.plan.build.internal.spaces.QuerySpacesImpl  - Adding QuerySpace : uid = <gen:1> -> org.hibernate.loader.plan.build.internal.spaces.EntityQuerySpaceImpl@7a04fea7]
1911 [main] DEBUG org.hibernate.loader.plan.build.internal.spaces.QuerySpacesImpl  - Adding QuerySpace : uid = <gen:2> -> org.hibernate.loader.plan.build.internal.spaces.EntityQuerySpaceImpl@7b6e5c12]
1911 [main] DEBUG org.hibernate.loader.plan.build.internal.spaces.QuerySpacesImpl  - Adding QuerySpace : uid = <gen:3> -> org.hibernate.loader.plan.build.internal.spaces.CompositeQuerySpaceImpl@124ac145]
1911 [main] DEBUG org.hibernate.loader.plan.build.internal.spaces.QuerySpacesImpl  - Adding QuerySpace : uid = <gen:4> -> org.hibernate.loader.plan.build.internal.spaces.CompositeQuerySpaceImpl@24e83d19]
1911 [main] DEBUG org.hibernate.loader.plan.build.internal.spaces.QuerySpacesImpl  - Adding QuerySpace : uid = <gen:5> -> org.hibernate.loader.plan.build.internal.spaces.CollectionQuerySpaceImpl@188cbcde]
1911 [main] DEBUG org.hibernate.loader.plan.build.internal.spaces.QuerySpacesImpl  - Adding QuerySpace : uid = <gen:6> -> org.hibernate.loader.plan.build.internal.spaces.EntityQuerySpaceImpl@4ee6291f]
1912 [main] DEBUG org.hibernate.loader.plan.build.internal.spaces.QuerySpacesImpl  - Adding QuerySpace : uid = <gen:7> -> org.hibernate.loader.plan.build.internal.spaces.CompositeQuerySpaceImpl@4af70944]
1912 [main] DEBUG org.hibernate.loader.plan.build.internal.FetchStyleLoadPlanBuildingAssociationVisitationStrategy  - Building LoadPlan...
1912 [main] DEBUG org.hibernate.loader.plan.exec.internal.LoadQueryJoinAndFetchProcessor  - processing queryspace <gen:0>
1913 [main] DEBUG org.hibernate.loader.plan.build.spi.LoadPlanTreePrinter  - LoadPlan(entity=org.thingsplode.core.entities.Event)
    - Returns
       - EntityReturnImpl(entity=org.thingsplode.core.entities.Event, querySpaceUid=<gen:0>, path=org.thingsplode.core.entities.Event)
          - EntityAttributeFetchImpl(entity=org.thingsplode.core.entities.Component, querySpaceUid=<gen:1>, path=org.thingsplode.core.entities.Event.component)
             - EntityAttributeFetchImpl(entity=org.thingsplode.core.entities.Model, querySpaceUid=<gen:2>, path=org.thingsplode.core.entities.Event.component.model)
             - CompositeAttributeFetchImpl(composite=org.thingsplode.core.Location, querySpaceUid=<gen:3>, path=org.thingsplode.core.entities.Event.component.location)
                - NestedCompositeAttributeFetchImpl(composite=org.thingsplode.core.Address, querySpaceUid=<gen:4>, path=org.thingsplode.core.entities.Event.component.location.address)
          - CollectionAttributeFetchImpl(collection=org.thingsplode.core.entities.Event.indications, querySpaceUid=<gen:5>, path=org.thingsplode.core.entities.Event.indications)
             - (collection element) CollectionFetchableElementEntityGraph(entity=org.thingsplode.core.entities.Indication, querySpaceUid=<gen:6>, path=org.thingsplode.core.entities.Event.indications.<elements>)
                - CompositeAttributeFetchImpl(composite=org.thingsplode.core.Value, querySpaceUid=<gen:7>, path=org.thingsplode.core.entities.Event.indications.<elements>.indicationValue)
    - QuerySpaces
       - EntityQuerySpaceImpl(uid=<gen:0>, entity=org.thingsplode.core.entities.Event)
          - SQL table alias mapping - event0_
          - alias suffix - 0_
          - suffixed key columns - {id1_4_0_}
          - JOIN (JoinDefinedByMetadata(component)) : <gen:0> -> <gen:1>
             - EntityQuerySpaceImpl(uid=<gen:1>, entity=org.thingsplode.core.entities.Component)
                - SQL table alias mapping - component1_
                - alias suffix - 1_
                - suffixed key columns - {id2_1_1_}
                - JOIN (JoinDefinedByMetadata(model)) : <gen:1> -> <gen:2>
                   - EntityQuerySpaceImpl(uid=<gen:2>, entity=org.thingsplode.core.entities.Model)
                      - SQL table alias mapping - model2_
                      - alias suffix - 2_
                      - suffixed key columns - {id1_6_2_}
                - JOIN (JoinDefinedByMetadata(location)) : <gen:1> -> <gen:3>
                   - CompositeQuerySpaceImpl(uid=<gen:3>)
                      - SQL table alias mapping - component1_
                      - JOIN (JoinDefinedByMetadata(address)) : <gen:3> -> <gen:4>
                         - CompositeQuerySpaceImpl(uid=<gen:4>)
                            - SQL table alias mapping - component1_
          - JOIN (JoinDefinedByMetadata(indications)) : <gen:0> -> <gen:5>
             - CollectionQuerySpaceImpl(uid=<gen:5>, collection=org.thingsplode.core.entities.Event.indications)
                - SQL table alias mapping - indication3_
                - alias suffix - 3_
                - suffixed key columns - {EVT_ID5_4_3_}
                - entity-element alias suffix - 4_
                - 4_entity-element suffixed key columns - id1_5_4_
                - JOIN (JoinDefinedByMetadata(elements)) : <gen:5> -> <gen:6>
                   - EntityQuerySpaceImpl(uid=<gen:6>, entity=org.thingsplode.core.entities.Indication)
                      - SQL table alias mapping - indication3_
                      - alias suffix - 4_
                      - suffixed key columns - {id1_5_4_}
                      - JOIN (JoinDefinedByMetadata(indicationValue)) : <gen:6> -> <gen:7>
                         - CompositeQuerySpaceImpl(uid=<gen:7>)
                            - SQL table alias mapping - indication3_

1913 [main] DEBUG org.hibernate.loader.entity.plan.EntityLoader  - Static select for entity org.thingsplode.core.entities.Event [READ]: select event0_.id as id1_4_0_, event0_.COMPONENT_ID as COMPONEN8_4_0_, event0_.eventClass as eventCla2_4_0_, event0_.eventDate as eventDat3_4_0_, event0_.eventId as eventId4_4_0_, event0_.receiveDate as receiveD5_4_0_, event0_.severity as severity6_4_0_, event0_.type as type7_4_0_, component1_.id as id2_1_1_, component1_.deviceClass as deviceCl3_1_1_, component1_.enabledState as enabledS4_1_1_, component1_.identification as identifi5_1_1_, component1_.model_id as model_i10_1_1_, component1_.partNumber as partNumb6_1_1_, component1_.serialNumber as serialNu7_1_1_, component1_.status as status8_1_1_, component1_.type as type9_1_1_, component1_1_.hostAddress as hostAddr1_3_1_, component1_1_.lastHeartBeat as lastHear2_3_1_, component1_1_.city as city3_3_1_, component1_1_.country as country4_3_1_, component1_1_.houseNumber as houseNum5_3_1_, component1_1_.postCode as postCode6_3_1_, component1_1_.state as state7_3_1_, component1_1_.street as street8_3_1_, component1_1_.description as descript9_3_1_, component1_1_.latitude as latitud10_3_1_, component1_1_.longitude as longitu11_3_1_, component1_1_.startupDate as startup12_3_1_, component1_.MAIN_TYPE as MAIN_TYP1_1_1_, model2_.id as id1_6_2_, model2_.manufacturer as manufact2_6_2_, model2_.type as type3_6_2_, model2_.version as version4_6_2_, indication3_.EVT_ID as EVT_ID5_4_3_, indication3_.id as id1_5_3_, indication3_.id as id1_5_4_, indication3_.content as content2_5_4_, indication3_.VALUE_TYPE as VALUE_TY3_5_4_, indication3_.name as name4_5_4_ from EVENTS event0_ left outer join COMPONENT component1_ on event0_.COMPONENT_ID=component1_.id left outer join DEVICES component1_1_ on component1_.id=component1_1_.id left outer join MODELS model2_ on component1_.model_id=model2_.id left outer join INDICATIONS indication3_ on event0_.id=indication3_.EVT_ID where event0_.id=?
1913 [main] DEBUG org.hibernate.loader.plan.build.internal.spaces.QuerySpacesImpl  - Adding QuerySpace : uid = <gen:0> -> org.hibernate.loader.plan.build.internal.spaces.EntityQuerySpaceImpl@397ef2]
1914 [main] DEBUG org.hibernate.loader.plan.build.internal.spaces.QuerySpacesImpl  - Adding QuerySpace : uid = <gen:1> -> org.hibernate.loader.plan.build.internal.spaces.EntityQuerySpaceImpl@44e93c1f]
1914 [main] DEBUG org.hibernate.loader.plan.build.internal.spaces.QuerySpacesImpl  - Adding QuerySpace : uid = <gen:2> -> org.hibernate.loader.plan.build.internal.spaces.CollectionQuerySpaceImpl@42373389]
1914 [main] DEBUG org.hibernate.loader.plan.build.internal.spaces.QuerySpacesImpl  - Adding QuerySpace : uid = <gen:3> -> org.hibernate.loader.plan.build.internal.spaces.EntityQuerySpaceImpl@9b21bd3]
1914 [main] DEBUG org.hibernate.loader.plan.build.internal.FetchStyleLoadPlanBuildingAssociationVisitationStrategy  - Building LoadPlan...
1914 [main] DEBUG org.hibernate.loader.plan.exec.internal.LoadQueryJoinAndFetchProcessor  - processing queryspace <gen:0>
1914 [main] DEBUG org.hibernate.loader.plan.build.spi.LoadPlanTreePrinter  - LoadPlan(entity=org.thingsplode.core.entities.Event)
    - Returns
       - EntityReturnImpl(entity=org.thingsplode.core.entities.Event, querySpaceUid=<gen:0>, path=org.thingsplode.core.entities.Event)
          - EntityAttributeFetchImpl(entity=org.thingsplode.core.entities.Component, querySpaceUid=<gen:1>, path=org.thingsplode.core.entities.Event.component)
          - CollectionAttributeFetchImpl(collection=org.thingsplode.core.entities.Event.indications, querySpaceUid=<gen:2>, path=org.thingsplode.core.entities.Event.indications)
             - (collection element) CollectionFetchableElementEntityGraph(entity=org.thingsplode.core.entities.Indication, querySpaceUid=<gen:3>, path=org.thingsplode.core.entities.Event.indications.<elements>)
    - QuerySpaces
       - EntityQuerySpaceImpl(uid=<gen:0>, entity=org.thingsplode.core.entities.Event)
          - SQL table alias mapping - event0_
          - alias suffix - 0_
          - suffixed key columns - {id1_4_0_}

1914 [main] DEBUG org.hibernate.loader.entity.plan.EntityLoader  - Static select for entity org.thingsplode.core.entities.Event [UPGRADE]: select event0_.id as id1_4_0_, event0_.COMPONENT_ID as COMPONEN8_4_0_, event0_.eventClass as eventCla2_4_0_, event0_.eventDate as eventDat3_4_0_, event0_.eventId as eventId4_4_0_, event0_.receiveDate as receiveD5_4_0_, event0_.severity as severity6_4_0_, event0_.type as type7_4_0_ from EVENTS event0_ where event0_.id=? for update
1914 [main] DEBUG org.hibernate.loader.plan.build.internal.spaces.QuerySpacesImpl  - Adding QuerySpace : uid = <gen:0> -> org.hibernate.loader.plan.build.internal.spaces.EntityQuerySpaceImpl@a62c7cd]
1915 [main] DEBUG org.hibernate.loader.plan.build.internal.spaces.QuerySpacesImpl  - Adding QuerySpace : uid = <gen:1> -> org.hibernate.loader.plan.build.internal.spaces.EntityQuerySpaceImpl@7c36db44]
1915 [main] DEBUG org.hibernate.loader.plan.build.internal.spaces.QuerySpacesImpl  - Adding QuerySpace : uid = <gen:2> -> org.hibernate.loader.plan.build.internal.spaces.CollectionQuerySpaceImpl@65c33b92]
1915 [main] DEBUG org.hibernate.loader.plan.build.internal.spaces.QuerySpacesImpl  - Adding QuerySpace : uid = <gen:3> -> org.hibernate.loader.plan.build.internal.spaces.EntityQuerySpaceImpl@7903d448]
1915 [main] DEBUG org.hibernate.loader.plan.build.internal.FetchStyleLoadPlanBuildingAssociationVisitationStrategy  - Building LoadPlan...
1915 [main] DEBUG org.hibernate.loader.plan.exec.internal.LoadQueryJoinAndFetchProcessor  - processing queryspace <gen:0>
1915 [main] DEBUG org.hibernate.loader.plan.build.spi.LoadPlanTreePrinter  - LoadPlan(entity=org.thingsplode.core.entities.Event)
    - Returns
       - EntityReturnImpl(entity=org.thingsplode.core.entities.Event, querySpaceUid=<gen:0>, path=org.thingsplode.core.entities.Event)
          - EntityAttributeFetchImpl(entity=org.thingsplode.core.entities.Component, querySpaceUid=<gen:1>, path=org.thingsplode.core.entities.Event.component)
          - CollectionAttributeFetchImpl(collection=org.thingsplode.core.entities.Event.indications, querySpaceUid=<gen:2>, path=org.thingsplode.core.entities.Event.indications)
             - (collection element) CollectionFetchableElementEntityGraph(entity=org.thingsplode.core.entities.Indication, querySpaceUid=<gen:3>, path=org.thingsplode.core.entities.Event.indications.<elements>)
    - QuerySpaces
       - EntityQuerySpaceImpl(uid=<gen:0>, entity=org.thingsplode.core.entities.Event)
          - SQL table alias mapping - event0_
          - alias suffix - 0_
          - suffixed key columns - {id1_4_0_}

1921 [main] DEBUG org.hibernate.loader.entity.plan.EntityLoader  - Static select for entity org.thingsplode.core.entities.Event [UPGRADE_NOWAIT]: select event0_.id as id1_4_0_, event0_.COMPONENT_ID as COMPONEN8_4_0_, event0_.eventClass as eventCla2_4_0_, event0_.eventDate as eventDat3_4_0_, event0_.eventId as eventId4_4_0_, event0_.receiveDate as receiveD5_4_0_, event0_.severity as severity6_4_0_, event0_.type as type7_4_0_ from EVENTS event0_ where event0_.id=? for update
1921 [main] DEBUG org.hibernate.loader.plan.build.internal.spaces.QuerySpacesImpl  - Adding QuerySpace : uid = <gen:0> -> org.hibernate.loader.plan.build.internal.spaces.EntityQuerySpaceImpl@4e08acf9]
1921 [main] DEBUG org.hibernate.loader.plan.build.internal.spaces.QuerySpacesImpl  - Adding QuerySpace : uid = <gen:1> -> org.hibernate.loader.plan.build.internal.spaces.EntityQuerySpaceImpl@78cd163b]
1922 [main] DEBUG org.hibernate.loader.plan.build.internal.spaces.QuerySpacesImpl  - Adding QuerySpace : uid = <gen:2> -> org.hibernate.loader.plan.build.internal.spaces.CollectionQuerySpaceImpl@1f0b3cfe]
1922 [main] DEBUG org.hibernate.loader.plan.build.internal.spaces.QuerySpacesImpl  - Adding QuerySpace : uid = <gen:3> -> org.hibernate.loader.plan.build.internal.spaces.EntityQuerySpaceImpl@14ef2482]
1922 [main] DEBUG org.hibernate.loader.plan.build.internal.FetchStyleLoadPlanBuildingAssociationVisitationStrategy  - Building LoadPlan...
1922 [main] DEBUG org.hibernate.loader.plan.exec.internal.LoadQueryJoinAndFetchProcessor  - processing queryspace <gen:0>
1922 [main] DEBUG org.hibernate.loader.plan.build.spi.LoadPlanTreePrinter  - LoadPlan(entity=org.thingsplode.core.entities.Event)
    - Returns
       - EntityReturnImpl(entity=org.thingsplode.core.entities.Event, querySpaceUid=<gen:0>, path=org.thingsplode.core.entities.Event)
          - EntityAttributeFetchImpl(entity=org.thingsplode.core.entities.Component, querySpaceUid=<gen:1>, path=org.thingsplode.core.entities.Event.component)
          - CollectionAttributeFetchImpl(collection=org.thingsplode.core.entities.Event.indications, querySpaceUid=<gen:2>, path=org.thingsplode.core.entities.Event.indications)
             - (collection element) CollectionFetchableElementEntityGraph(entity=org.thingsplode.core.entities.Indication, querySpaceUid=<gen:3>, path=org.thingsplode.core.entities.Event.indications.<elements>)
    - QuerySpaces
       - EntityQuerySpaceImpl(uid=<gen:0>, entity=org.thingsplode.core.entities.Event)
          - SQL table alias mapping - event0_
          - alias suffix - 0_
          - suffixed key columns - {id1_4_0_}

1922 [main] DEBUG org.hibernate.loader.entity.plan.EntityLoader  - Static select for entity org.thingsplode.core.entities.Event [UPGRADE_SKIPLOCKED]: select event0_.id as id1_4_0_, event0_.COMPONENT_ID as COMPONEN8_4_0_, event0_.eventClass as eventCla2_4_0_, event0_.eventDate as eventDat3_4_0_, event0_.eventId as eventId4_4_0_, event0_.receiveDate as receiveD5_4_0_, event0_.severity as severity6_4_0_, event0_.type as type7_4_0_ from EVENTS event0_ where event0_.id=? for update
1922 [main] DEBUG org.hibernate.loader.plan.build.internal.spaces.QuerySpacesImpl  - Adding QuerySpace : uid = <gen:0> -> org.hibernate.loader.plan.build.internal.spaces.EntityQuerySpaceImpl@65a48602]
1922 [main] DEBUG org.hibernate.loader.plan.build.internal.spaces.QuerySpacesImpl  - Adding QuerySpace : uid = <gen:1> -> org.hibernate.loader.plan.build.internal.spaces.EntityQuerySpaceImpl@336206d8]
1923 [main] DEBUG org.hibernate.loader.plan.build.internal.spaces.QuerySpacesImpl  - Adding QuerySpace : uid = <gen:2> -> org.hibernate.loader.plan.build.internal.spaces.CollectionQuerySpaceImpl@5ec4ff02]
1923 [main] DEBUG org.hibernate.loader.plan.build.internal.spaces.QuerySpacesImpl  - Adding QuerySpace : uid = <gen:3> -> org.hibernate.loader.plan.build.internal.spaces.EntityQuerySpaceImpl@1f11f64e]
1923 [main] DEBUG org.hibernate.loader.plan.build.internal.FetchStyleLoadPlanBuildingAssociationVisitationStrategy  - Building LoadPlan...
1923 [main] DEBUG org.hibernate.loader.plan.exec.internal.LoadQueryJoinAndFetchProcessor  - processing queryspace <gen:0>
1923 [main] DEBUG org.hibernate.loader.plan.build.spi.LoadPlanTreePrinter  - LoadPlan(entity=org.thingsplode.core.entities.Event)
    - Returns
       - EntityReturnImpl(entity=org.thingsplode.core.entities.Event, querySpaceUid=<gen:0>, path=org.thingsplode.core.entities.Event)
          - EntityAttributeFetchImpl(entity=org.thingsplode.core.entities.Component, querySpaceUid=<gen:1>, path=org.thingsplode.core.entities.Event.component)
          - CollectionAttributeFetchImpl(collection=org.thingsplode.core.entities.Event.indications, querySpaceUid=<gen:2>, path=org.thingsplode.core.entities.Event.indications)
             - (collection element) CollectionFetchableElementEntityGraph(entity=org.thingsplode.core.entities.Indication, querySpaceUid=<gen:3>, path=org.thingsplode.core.entities.Event.indications.<elements>)
    - QuerySpaces
       - EntityQuerySpaceImpl(uid=<gen:0>, entity=org.thingsplode.core.entities.Event)
          - SQL table alias mapping - event0_
          - alias suffix - 0_
          - suffixed key columns - {id1_4_0_}

1924 [main] DEBUG org.hibernate.loader.entity.plan.EntityLoader  - Static select for entity org.thingsplode.core.entities.Event [FORCE]: select event0_.id as id1_4_0_, event0_.COMPONENT_ID as COMPONEN8_4_0_, event0_.eventClass as eventCla2_4_0_, event0_.eventDate as eventDat3_4_0_, event0_.eventId as eventId4_4_0_, event0_.receiveDate as receiveD5_4_0_, event0_.severity as severity6_4_0_, event0_.type as type7_4_0_ from EVENTS event0_ where event0_.id=? for update
1924 [main] DEBUG org.hibernate.loader.plan.build.internal.spaces.QuerySpacesImpl  - Adding QuerySpace : uid = <gen:0> -> org.hibernate.loader.plan.build.internal.spaces.EntityQuerySpaceImpl@2b2f5fcf]
1924 [main] DEBUG org.hibernate.loader.plan.build.internal.spaces.QuerySpacesImpl  - Adding QuerySpace : uid = <gen:1> -> org.hibernate.loader.plan.build.internal.spaces.EntityQuerySpaceImpl@711d1a52]
1924 [main] DEBUG org.hibernate.loader.plan.build.internal.spaces.QuerySpacesImpl  - Adding QuerySpace : uid = <gen:2> -> org.hibernate.loader.plan.build.internal.spaces.CollectionQuerySpaceImpl@612e21b9]
1925 [main] DEBUG org.hibernate.loader.plan.build.internal.spaces.QuerySpacesImpl  - Adding QuerySpace : uid = <gen:3> -> org.hibernate.loader.plan.build.internal.spaces.EntityQuerySpaceImpl@302edb74]
1925 [main] DEBUG org.hibernate.loader.plan.build.internal.FetchStyleLoadPlanBuildingAssociationVisitationStrategy  - Building LoadPlan...
1925 [main] DEBUG org.hibernate.loader.plan.exec.internal.LoadQueryJoinAndFetchProcessor  - processing queryspace <gen:0>
1925 [main] DEBUG org.hibernate.loader.plan.build.spi.LoadPlanTreePrinter  - LoadPlan(entity=org.thingsplode.core.entities.Event)
    - Returns
       - EntityReturnImpl(entity=org.thingsplode.core.entities.Event, querySpaceUid=<gen:0>, path=org.thingsplode.core.entities.Event)
          - EntityAttributeFetchImpl(entity=org.thingsplode.core.entities.Component, querySpaceUid=<gen:1>, path=org.thingsplode.core.entities.Event.component)
          - CollectionAttributeFetchImpl(collection=org.thingsplode.core.entities.Event.indications, querySpaceUid=<gen:2>, path=org.thingsplode.core.entities.Event.indications)
             - (collection element) CollectionFetchableElementEntityGraph(entity=org.thingsplode.core.entities.Indication, querySpaceUid=<gen:3>, path=org.thingsplode.core.entities.Event.indications.<elements>)
    - QuerySpaces
       - EntityQuerySpaceImpl(uid=<gen:0>, entity=org.thingsplode.core.entities.Event)
          - SQL table alias mapping - event0_
          - alias suffix - 0_
          - suffixed key columns - {id1_4_0_}

1925 [main] DEBUG org.hibernate.loader.entity.plan.EntityLoader  - Static select for entity org.thingsplode.core.entities.Event [PESSIMISTIC_READ]: select event0_.id as id1_4_0_, event0_.COMPONENT_ID as COMPONEN8_4_0_, event0_.eventClass as eventCla2_4_0_, event0_.eventDate as eventDat3_4_0_, event0_.eventId as eventId4_4_0_, event0_.receiveDate as receiveD5_4_0_, event0_.severity as severity6_4_0_, event0_.type as type7_4_0_ from EVENTS event0_ where event0_.id=? for update
1925 [main] DEBUG org.hibernate.loader.plan.build.internal.spaces.QuerySpacesImpl  - Adding QuerySpace : uid = <gen:0> -> org.hibernate.loader.plan.build.internal.spaces.EntityQuerySpaceImpl@7efd28bd]
1926 [main] DEBUG org.hibernate.loader.plan.build.internal.spaces.QuerySpacesImpl  - Adding QuerySpace : uid = <gen:1> -> org.hibernate.loader.plan.build.internal.spaces.EntityQuerySpaceImpl@7718a40f]
1926 [main] DEBUG org.hibernate.loader.plan.build.internal.spaces.QuerySpacesImpl  - Adding QuerySpace : uid = <gen:2> -> org.hibernate.loader.plan.build.internal.spaces.CollectionQuerySpaceImpl@312b34e3]
1926 [main] DEBUG org.hibernate.loader.plan.build.internal.spaces.QuerySpacesImpl  - Adding QuerySpace : uid = <gen:3> -> org.hibernate.loader.plan.build.internal.spaces.EntityQuerySpaceImpl@26844abb]
1926 [main] DEBUG org.hibernate.loader.plan.build.internal.FetchStyleLoadPlanBuildingAssociationVisitationStrategy  - Building LoadPlan...
1926 [main] DEBUG org.hibernate.loader.plan.exec.internal.LoadQueryJoinAndFetchProcessor  - processing queryspace <gen:0>
1927 [main] DEBUG org.hibernate.loader.plan.build.spi.LoadPlanTreePrinter  - LoadPlan(entity=org.thingsplode.core.entities.Event)
    - Returns
       - EntityReturnImpl(entity=org.thingsplode.core.entities.Event, querySpaceUid=<gen:0>, path=org.thingsplode.core.entities.Event)
          - EntityAttributeFetchImpl(entity=org.thingsplode.core.entities.Component, querySpaceUid=<gen:1>, path=org.thingsplode.core.entities.Event.component)
          - CollectionAttributeFetchImpl(collection=org.thingsplode.core.entities.Event.indications, querySpaceUid=<gen:2>, path=org.thingsplode.core.entities.Event.indications)
             - (collection element) CollectionFetchableElementEntityGraph(entity=org.thingsplode.core.entities.Indication, querySpaceUid=<gen:3>, path=org.thingsplode.core.entities.Event.indications.<elements>)
    - QuerySpaces
       - EntityQuerySpaceImpl(uid=<gen:0>, entity=org.thingsplode.core.entities.Event)
          - SQL table alias mapping - event0_
          - alias suffix - 0_
          - suffixed key columns - {id1_4_0_}

1927 [main] DEBUG org.hibernate.loader.entity.plan.EntityLoader  - Static select for entity org.thingsplode.core.entities.Event [PESSIMISTIC_WRITE]: select event0_.id as id1_4_0_, event0_.COMPONENT_ID as COMPONEN8_4_0_, event0_.eventClass as eventCla2_4_0_, event0_.eventDate as eventDat3_4_0_, event0_.eventId as eventId4_4_0_, event0_.receiveDate as receiveD5_4_0_, event0_.severity as severity6_4_0_, event0_.type as type7_4_0_ from EVENTS event0_ where event0_.id=? for update
1927 [main] DEBUG org.hibernate.loader.plan.build.internal.spaces.QuerySpacesImpl  - Adding QuerySpace : uid = <gen:0> -> org.hibernate.loader.plan.build.internal.spaces.EntityQuerySpaceImpl@1a865273]
1927 [main] DEBUG org.hibernate.loader.plan.build.internal.spaces.QuerySpacesImpl  - Adding QuerySpace : uid = <gen:1> -> org.hibernate.loader.plan.build.internal.spaces.EntityQuerySpaceImpl@4068102e]
1928 [main] DEBUG org.hibernate.loader.plan.build.internal.spaces.QuerySpacesImpl  - Adding QuerySpace : uid = <gen:2> -> org.hibernate.loader.plan.build.internal.spaces.CollectionQuerySpaceImpl@44bd4b0a]
1928 [main] DEBUG org.hibernate.loader.plan.build.internal.spaces.QuerySpacesImpl  - Adding QuerySpace : uid = <gen:3> -> org.hibernate.loader.plan.build.internal.spaces.EntityQuerySpaceImpl@6c008c24]
1928 [main] DEBUG org.hibernate.loader.plan.build.internal.FetchStyleLoadPlanBuildingAssociationVisitationStrategy  - Building LoadPlan...
1930 [main] DEBUG org.hibernate.loader.plan.exec.internal.LoadQueryJoinAndFetchProcessor  - processing queryspace <gen:0>
1931 [main] DEBUG org.hibernate.loader.plan.build.spi.LoadPlanTreePrinter  - LoadPlan(entity=org.thingsplode.core.entities.Event)
    - Returns
       - EntityReturnImpl(entity=org.thingsplode.core.entities.Event, querySpaceUid=<gen:0>, path=org.thingsplode.core.entities.Event)
          - EntityAttributeFetchImpl(entity=org.thingsplode.core.entities.Component, querySpaceUid=<gen:1>, path=org.thingsplode.core.entities.Event.component)
          - CollectionAttributeFetchImpl(collection=org.thingsplode.core.entities.Event.indications, querySpaceUid=<gen:2>, path=org.thingsplode.core.entities.Event.indications)
             - (collection element) CollectionFetchableElementEntityGraph(entity=org.thingsplode.core.entities.Indication, querySpaceUid=<gen:3>, path=org.thingsplode.core.entities.Event.indications.<elements>)
    - QuerySpaces
       - EntityQuerySpaceImpl(uid=<gen:0>, entity=org.thingsplode.core.entities.Event)
          - SQL table alias mapping - event0_
          - alias suffix - 0_
          - suffixed key columns - {id1_4_0_}

1931 [main] DEBUG org.hibernate.loader.entity.plan.EntityLoader  - Static select for entity org.thingsplode.core.entities.Event [PESSIMISTIC_FORCE_INCREMENT]: select event0_.id as id1_4_0_, event0_.COMPONENT_ID as COMPONEN8_4_0_, event0_.eventClass as eventCla2_4_0_, event0_.eventDate as eventDat3_4_0_, event0_.eventId as eventId4_4_0_, event0_.receiveDate as receiveD5_4_0_, event0_.severity as severity6_4_0_, event0_.type as type7_4_0_ from EVENTS event0_ where event0_.id=? for update
1931 [main] DEBUG org.hibernate.loader.plan.build.internal.spaces.QuerySpacesImpl  - Adding QuerySpace : uid = <gen:0> -> org.hibernate.loader.plan.build.internal.spaces.EntityQuerySpaceImpl@216e0771]
1931 [main] DEBUG org.hibernate.loader.plan.build.internal.spaces.QuerySpacesImpl  - Adding QuerySpace : uid = <gen:1> -> org.hibernate.loader.plan.build.internal.spaces.EntityQuerySpaceImpl@fcc6023]
1931 [main] DEBUG org.hibernate.loader.plan.build.internal.spaces.QuerySpacesImpl  - Adding QuerySpace : uid = <gen:2> -> org.hibernate.loader.plan.build.internal.spaces.CollectionQuerySpaceImpl@67c5ac52]
1931 [main] DEBUG org.hibernate.loader.plan.build.internal.spaces.QuerySpacesImpl  - Adding QuerySpace : uid = <gen:3> -> org.hibernate.loader.plan.build.internal.spaces.EntityQuerySpaceImpl@36417a54]
1931 [main] DEBUG org.hibernate.loader.plan.build.internal.FetchStyleLoadPlanBuildingAssociationVisitationStrategy  - Building LoadPlan...
1932 [main] DEBUG org.hibernate.loader.plan.exec.internal.LoadQueryJoinAndFetchProcessor  - processing queryspace <gen:0>
1932 [main] DEBUG org.hibernate.loader.plan.build.spi.LoadPlanTreePrinter  - LoadPlan(entity=org.thingsplode.core.entities.Event)
    - Returns
       - EntityReturnImpl(entity=org.thingsplode.core.entities.Event, querySpaceUid=<gen:0>, path=org.thingsplode.core.entities.Event)
          - EntityAttributeFetchImpl(entity=org.thingsplode.core.entities.Component, querySpaceUid=<gen:1>, path=org.thingsplode.core.entities.Event.component)
          - CollectionAttributeFetchImpl(collection=org.thingsplode.core.entities.Event.indications, querySpaceUid=<gen:2>, path=org.thingsplode.core.entities.Event.indications)
             - (collection element) CollectionFetchableElementEntityGraph(entity=org.thingsplode.core.entities.Indication, querySpaceUid=<gen:3>, path=org.thingsplode.core.entities.Event.indications.<elements>)
    - QuerySpaces
       - EntityQuerySpaceImpl(uid=<gen:0>, entity=org.thingsplode.core.entities.Event)
          - SQL table alias mapping - event0_
          - alias suffix - 0_
          - suffixed key columns - {id1_4_0_}

1932 [main] DEBUG org.hibernate.loader.entity.plan.EntityLoader  - Static select for entity org.thingsplode.core.entities.Event [OPTIMISTIC]: select event0_.id as id1_4_0_, event0_.COMPONENT_ID as COMPONEN8_4_0_, event0_.eventClass as eventCla2_4_0_, event0_.eventDate as eventDat3_4_0_, event0_.eventId as eventId4_4_0_, event0_.receiveDate as receiveD5_4_0_, event0_.severity as severity6_4_0_, event0_.type as type7_4_0_ from EVENTS event0_ where event0_.id=?
1935 [main] DEBUG org.hibernate.loader.plan.build.internal.spaces.QuerySpacesImpl  - Adding QuerySpace : uid = <gen:0> -> org.hibernate.loader.plan.build.internal.spaces.EntityQuerySpaceImpl@2b8bb184]
1935 [main] DEBUG org.hibernate.loader.plan.build.internal.spaces.QuerySpacesImpl  - Adding QuerySpace : uid = <gen:1> -> org.hibernate.loader.plan.build.internal.spaces.EntityQuerySpaceImpl@dc79225]
1936 [main] DEBUG org.hibernate.loader.plan.build.internal.spaces.QuerySpacesImpl  - Adding QuerySpace : uid = <gen:2> -> org.hibernate.loader.plan.build.internal.spaces.CollectionQuerySpaceImpl@30e9ca13]
1936 [main] DEBUG org.hibernate.loader.plan.build.internal.spaces.QuerySpacesImpl  - Adding QuerySpace : uid = <gen:3> -> org.hibernate.loader.plan.build.internal.spaces.EntityQuerySpaceImpl@46185a1b]
1937 [main] DEBUG org.hibernate.loader.plan.build.internal.FetchStyleLoadPlanBuildingAssociationVisitationStrategy  - Building LoadPlan...
1938 [main] DEBUG org.hibernate.loader.plan.exec.internal.LoadQueryJoinAndFetchProcessor  - processing queryspace <gen:0>
1938 [main] DEBUG org.hibernate.loader.plan.build.spi.LoadPlanTreePrinter  - LoadPlan(entity=org.thingsplode.core.entities.Event)
    - Returns
       - EntityReturnImpl(entity=org.thingsplode.core.entities.Event, querySpaceUid=<gen:0>, path=org.thingsplode.core.entities.Event)
          - EntityAttributeFetchImpl(entity=org.thingsplode.core.entities.Component, querySpaceUid=<gen:1>, path=org.thingsplode.core.entities.Event.component)
          - CollectionAttributeFetchImpl(collection=org.thingsplode.core.entities.Event.indications, querySpaceUid=<gen:2>, path=org.thingsplode.core.entities.Event.indications)
             - (collection element) CollectionFetchableElementEntityGraph(entity=org.thingsplode.core.entities.Indication, querySpaceUid=<gen:3>, path=org.thingsplode.core.entities.Event.indications.<elements>)
    - QuerySpaces
       - EntityQuerySpaceImpl(uid=<gen:0>, entity=org.thingsplode.core.entities.Event)
          - SQL table alias mapping - event0_
          - alias suffix - 0_
          - suffixed key columns - {id1_4_0_}

1938 [main] DEBUG org.hibernate.loader.entity.plan.EntityLoader  - Static select for entity org.thingsplode.core.entities.Event [OPTIMISTIC_FORCE_INCREMENT]: select event0_.id as id1_4_0_, event0_.COMPONENT_ID as COMPONEN8_4_0_, event0_.eventClass as eventCla2_4_0_, event0_.eventDate as eventDat3_4_0_, event0_.eventId as eventId4_4_0_, event0_.receiveDate as receiveD5_4_0_, event0_.severity as severity6_4_0_, event0_.type as type7_4_0_ from EVENTS event0_ where event0_.id=?
1940 [main] DEBUG org.hibernate.loader.Loader  - Static select for action ACTION_MERGE on entity org.thingsplode.core.entities.Event: select event0_.id as id1_4_1_, event0_.COMPONENT_ID as COMPONEN8_4_1_, event0_.eventClass as eventCla2_4_1_, event0_.eventDate as eventDat3_4_1_, event0_.eventId as eventId4_4_1_, event0_.receiveDate as receiveD5_4_1_, event0_.severity as severity6_4_1_, event0_.type as type7_4_1_, indication1_.EVT_ID as EVT_ID5_4_3_, indication1_.id as id1_5_3_, indication1_.id as id1_5_0_, indication1_.content as content2_5_0_, indication1_.VALUE_TYPE as VALUE_TY3_5_0_, indication1_.name as name4_5_0_ from EVENTS event0_ left outer join INDICATIONS indication1_ on event0_.id=indication1_.EVT_ID where event0_.id=?
1941 [main] DEBUG org.hibernate.loader.Loader  - Static select for action ACTION_REFRESH on entity org.thingsplode.core.entities.Event: select event0_.id as id1_4_1_, event0_.COMPONENT_ID as COMPONEN8_4_1_, event0_.eventClass as eventCla2_4_1_, event0_.eventDate as eventDat3_4_1_, event0_.eventId as eventId4_4_1_, event0_.receiveDate as receiveD5_4_1_, event0_.severity as severity6_4_1_, event0_.type as type7_4_1_, indication1_.EVT_ID as EVT_ID5_4_3_, indication1_.id as id1_5_3_, indication1_.id as id1_5_0_, indication1_.content as content2_5_0_, indication1_.VALUE_TYPE as VALUE_TY3_5_0_, indication1_.name as name4_5_0_ from EVENTS event0_ left outer join INDICATIONS indication1_ on event0_.id=indication1_.EVT_ID where event0_.id=?
1942 [main] DEBUG org.hibernate.loader.plan.build.internal.spaces.QuerySpacesImpl  - Adding QuerySpace : uid = <gen:0> -> org.hibernate.loader.plan.build.internal.spaces.EntityQuerySpaceImpl@51288417]
1942 [main] DEBUG org.hibernate.loader.plan.build.internal.spaces.QuerySpacesImpl  - Adding QuerySpace : uid = <gen:1> -> org.hibernate.loader.plan.build.internal.spaces.CollectionQuerySpaceImpl@1e0895f5]
1942 [main] DEBUG org.hibernate.loader.plan.build.internal.spaces.QuerySpacesImpl  - Adding QuerySpace : uid = <gen:2> -> org.hibernate.loader.plan.build.internal.spaces.EntityQuerySpaceImpl@1ac4ccad]
1942 [main] DEBUG org.hibernate.loader.plan.build.internal.spaces.QuerySpacesImpl  - Adding QuerySpace : uid = <gen:3> -> org.hibernate.loader.plan.build.internal.spaces.CompositeQuerySpaceImpl@4ee5b2d9]
1942 [main] DEBUG org.hibernate.loader.plan.build.internal.FetchStyleLoadPlanBuildingAssociationVisitationStrategy  - Building LoadPlan...
1942 [main] DEBUG org.hibernate.loader.plan.exec.internal.LoadQueryJoinAndFetchProcessor  - processing queryspace <gen:0>
1943 [main] DEBUG org.hibernate.loader.plan.build.spi.LoadPlanTreePrinter  - LoadPlan(entity=org.thingsplode.core.entities.Capability)
    - Returns
       - EntityReturnImpl(entity=org.thingsplode.core.entities.Capability, querySpaceUid=<gen:0>, path=org.thingsplode.core.entities.Capability)
          - CollectionAttributeFetchImpl(collection=org.thingsplode.core.entities.Capability.parameters, querySpaceUid=<gen:1>, path=org.thingsplode.core.entities.Capability.parameters)
             - (collection element) CollectionFetchableElementEntityGraph(entity=org.thingsplode.core.entities.Parameter, querySpaceUid=<gen:2>, path=org.thingsplode.core.entities.Capability.parameters.<elements>)
          - CompositeAttributeFetchImpl(composite=org.thingsplode.core.Value, querySpaceUid=<gen:3>, path=org.thingsplode.core.entities.Capability.value)
    - QuerySpaces
       - EntityQuerySpaceImpl(uid=<gen:0>, entity=org.thingsplode.core.entities.Capability)
          - SQL table alias mapping - capability0_
          - alias suffix - 0_
          - suffixed key columns - {id1_0_0_}
          - JOIN (JoinDefinedByMetadata(parameters)) : <gen:0> -> <gen:1>
             - CollectionQuerySpaceImpl(uid=<gen:1>, collection=org.thingsplode.core.entities.Capability.parameters)
                - SQL table alias mapping - parameters1_
                - alias suffix - 1_
                - suffixed key columns - {CAP_ID4_0_1_}
                - entity-element alias suffix - 2_
                - 2_entity-element suffixed key columns - id1_7_2_
                - JOIN (JoinDefinedByMetadata(elements)) : <gen:1> -> <gen:2>
                   - EntityQuerySpaceImpl(uid=<gen:2>, entity=org.thingsplode.core.entities.Parameter)
                      - SQL table alias mapping - parameters1_
                      - alias suffix - 2_
                      - suffixed key columns - {id1_7_2_}
          - JOIN (JoinDefinedByMetadata(value)) : <gen:0> -> <gen:3>
             - CompositeQuerySpaceImpl(uid=<gen:3>)
                - SQL table alias mapping - capability0_

1943 [main] DEBUG org.hibernate.loader.entity.plan.EntityLoader  - Static select for entity org.thingsplode.core.entities.Capability [NONE]: select capability0_.id as id1_0_0_, capability0_.active as active2_0_0_, capability0_.name as name3_0_0_, capability0_.type as type4_0_0_, capability0_.content as content5_0_0_, capability0_.VALUE_TYPE as VALUE_TY6_0_0_, parameters1_.CAP_ID as CAP_ID4_0_1_, parameters1_.id as id1_7_1_, parameters1_.id as id1_7_2_, parameters1_.name as name2_7_2_, parameters1_.valueType as valueTyp3_7_2_ from CAPABILITIES capability0_ left outer join PARAMETERS parameters1_ on capability0_.id=parameters1_.CAP_ID where capability0_.id=?
1943 [main] DEBUG org.hibernate.loader.plan.build.internal.spaces.QuerySpacesImpl  - Adding QuerySpace : uid = <gen:0> -> org.hibernate.loader.plan.build.internal.spaces.EntityQuerySpaceImpl@323f3c96]
1943 [main] DEBUG org.hibernate.loader.plan.build.internal.spaces.QuerySpacesImpl  - Adding QuerySpace : uid = <gen:1> -> org.hibernate.loader.plan.build.internal.spaces.CollectionQuerySpaceImpl@4b6d92e]
1944 [main] DEBUG org.hibernate.loader.plan.build.internal.spaces.QuerySpacesImpl  - Adding QuerySpace : uid = <gen:2> -> org.hibernate.loader.plan.build.internal.spaces.EntityQuerySpaceImpl@33899f7a]
1945 [main] DEBUG org.hibernate.loader.plan.build.internal.spaces.QuerySpacesImpl  - Adding QuerySpace : uid = <gen:3> -> org.hibernate.loader.plan.build.internal.spaces.CompositeQuerySpaceImpl@1bc0d349]
1945 [main] DEBUG org.hibernate.loader.plan.build.internal.FetchStyleLoadPlanBuildingAssociationVisitationStrategy  - Building LoadPlan...
1945 [main] DEBUG org.hibernate.loader.plan.exec.internal.LoadQueryJoinAndFetchProcessor  - processing queryspace <gen:0>
1946 [main] DEBUG org.hibernate.loader.plan.build.spi.LoadPlanTreePrinter  - LoadPlan(entity=org.thingsplode.core.entities.Capability)
    - Returns
       - EntityReturnImpl(entity=org.thingsplode.core.entities.Capability, querySpaceUid=<gen:0>, path=org.thingsplode.core.entities.Capability)
          - CollectionAttributeFetchImpl(collection=org.thingsplode.core.entities.Capability.parameters, querySpaceUid=<gen:1>, path=org.thingsplode.core.entities.Capability.parameters)
             - (collection element) CollectionFetchableElementEntityGraph(entity=org.thingsplode.core.entities.Parameter, querySpaceUid=<gen:2>, path=org.thingsplode.core.entities.Capability.parameters.<elements>)
          - CompositeAttributeFetchImpl(composite=org.thingsplode.core.Value, querySpaceUid=<gen:3>, path=org.thingsplode.core.entities.Capability.value)
    - QuerySpaces
       - EntityQuerySpaceImpl(uid=<gen:0>, entity=org.thingsplode.core.entities.Capability)
          - SQL table alias mapping - capability0_
          - alias suffix - 0_
          - suffixed key columns - {id1_0_0_}
          - JOIN (JoinDefinedByMetadata(parameters)) : <gen:0> -> <gen:1>
             - CollectionQuerySpaceImpl(uid=<gen:1>, collection=org.thingsplode.core.entities.Capability.parameters)
                - SQL table alias mapping - parameters1_
                - alias suffix - 1_
                - suffixed key columns - {CAP_ID4_0_1_}
                - entity-element alias suffix - 2_
                - 2_entity-element suffixed key columns - id1_7_2_
                - JOIN (JoinDefinedByMetadata(elements)) : <gen:1> -> <gen:2>
                   - EntityQuerySpaceImpl(uid=<gen:2>, entity=org.thingsplode.core.entities.Parameter)
                      - SQL table alias mapping - parameters1_
                      - alias suffix - 2_
                      - suffixed key columns - {id1_7_2_}
          - JOIN (JoinDefinedByMetadata(value)) : <gen:0> -> <gen:3>
             - CompositeQuerySpaceImpl(uid=<gen:3>)
                - SQL table alias mapping - capability0_

1947 [main] DEBUG org.hibernate.loader.entity.plan.EntityLoader  - Static select for entity org.thingsplode.core.entities.Capability [READ]: select capability0_.id as id1_0_0_, capability0_.active as active2_0_0_, capability0_.name as name3_0_0_, capability0_.type as type4_0_0_, capability0_.content as content5_0_0_, capability0_.VALUE_TYPE as VALUE_TY6_0_0_, parameters1_.CAP_ID as CAP_ID4_0_1_, parameters1_.id as id1_7_1_, parameters1_.id as id1_7_2_, parameters1_.name as name2_7_2_, parameters1_.valueType as valueTyp3_7_2_ from CAPABILITIES capability0_ left outer join PARAMETERS parameters1_ on capability0_.id=parameters1_.CAP_ID where capability0_.id=?
1947 [main] DEBUG org.hibernate.loader.plan.build.internal.spaces.QuerySpacesImpl  - Adding QuerySpace : uid = <gen:0> -> org.hibernate.loader.plan.build.internal.spaces.EntityQuerySpaceImpl@5292ceca]
1947 [main] DEBUG org.hibernate.loader.plan.build.internal.spaces.QuerySpacesImpl  - Adding QuerySpace : uid = <gen:1> -> org.hibernate.loader.plan.build.internal.spaces.CollectionQuerySpaceImpl@e9ef5b6]
1947 [main] DEBUG org.hibernate.loader.plan.build.internal.spaces.QuerySpacesImpl  - Adding QuerySpace : uid = <gen:2> -> org.hibernate.loader.plan.build.internal.spaces.EntityQuerySpaceImpl@5300cac]
1947 [main] DEBUG org.hibernate.loader.plan.build.internal.spaces.QuerySpacesImpl  - Adding QuerySpace : uid = <gen:3> -> org.hibernate.loader.plan.build.internal.spaces.CompositeQuerySpaceImpl@4110765e]
1947 [main] DEBUG org.hibernate.loader.plan.build.internal.FetchStyleLoadPlanBuildingAssociationVisitationStrategy  - Building LoadPlan...
1947 [main] DEBUG org.hibernate.loader.plan.exec.internal.LoadQueryJoinAndFetchProcessor  - processing queryspace <gen:0>
1948 [main] DEBUG org.hibernate.loader.plan.build.spi.LoadPlanTreePrinter  - LoadPlan(entity=org.thingsplode.core.entities.Capability)
    - Returns
       - EntityReturnImpl(entity=org.thingsplode.core.entities.Capability, querySpaceUid=<gen:0>, path=org.thingsplode.core.entities.Capability)
          - CollectionAttributeFetchImpl(collection=org.thingsplode.core.entities.Capability.parameters, querySpaceUid=<gen:1>, path=org.thingsplode.core.entities.Capability.parameters)
             - (collection element) CollectionFetchableElementEntityGraph(entity=org.thingsplode.core.entities.Parameter, querySpaceUid=<gen:2>, path=org.thingsplode.core.entities.Capability.parameters.<elements>)
          - CompositeAttributeFetchImpl(composite=org.thingsplode.core.Value, querySpaceUid=<gen:3>, path=org.thingsplode.core.entities.Capability.value)
    - QuerySpaces
       - EntityQuerySpaceImpl(uid=<gen:0>, entity=org.thingsplode.core.entities.Capability)
          - SQL table alias mapping - capability0_
          - alias suffix - 0_
          - suffixed key columns - {id1_0_0_}
          - JOIN (JoinDefinedByMetadata(value)) : <gen:0> -> <gen:3>
             - CompositeQuerySpaceImpl(uid=<gen:3>)
                - SQL table alias mapping - capability0_

1948 [main] DEBUG org.hibernate.loader.entity.plan.EntityLoader  - Static select for entity org.thingsplode.core.entities.Capability [UPGRADE]: select capability0_.id as id1_0_0_, capability0_.active as active2_0_0_, capability0_.name as name3_0_0_, capability0_.type as type4_0_0_, capability0_.content as content5_0_0_, capability0_.VALUE_TYPE as VALUE_TY6_0_0_ from CAPABILITIES capability0_ where capability0_.id=? for update
1948 [main] DEBUG org.hibernate.loader.plan.build.internal.spaces.QuerySpacesImpl  - Adding QuerySpace : uid = <gen:0> -> org.hibernate.loader.plan.build.internal.spaces.EntityQuerySpaceImpl@62e93c3a]
1948 [main] DEBUG org.hibernate.loader.plan.build.internal.spaces.QuerySpacesImpl  - Adding QuerySpace : uid = <gen:1> -> org.hibernate.loader.plan.build.internal.spaces.CollectionQuerySpaceImpl@25d93198]
1948 [main] DEBUG org.hibernate.loader.plan.build.internal.spaces.QuerySpacesImpl  - Adding QuerySpace : uid = <gen:2> -> org.hibernate.loader.plan.build.internal.spaces.EntityQuerySpaceImpl@2436ea2f]
1948 [main] DEBUG org.hibernate.loader.plan.build.internal.spaces.QuerySpacesImpl  - Adding QuerySpace : uid = <gen:3> -> org.hibernate.loader.plan.build.internal.spaces.CompositeQuerySpaceImpl@f951a7f]
1948 [main] DEBUG org.hibernate.loader.plan.build.internal.FetchStyleLoadPlanBuildingAssociationVisitationStrategy  - Building LoadPlan...
1948 [main] DEBUG org.hibernate.loader.plan.exec.internal.LoadQueryJoinAndFetchProcessor  - processing queryspace <gen:0>
1949 [main] DEBUG org.hibernate.loader.plan.build.spi.LoadPlanTreePrinter  - LoadPlan(entity=org.thingsplode.core.entities.Capability)
    - Returns
       - EntityReturnImpl(entity=org.thingsplode.core.entities.Capability, querySpaceUid=<gen:0>, path=org.thingsplode.core.entities.Capability)
          - CollectionAttributeFetchImpl(collection=org.thingsplode.core.entities.Capability.parameters, querySpaceUid=<gen:1>, path=org.thingsplode.core.entities.Capability.parameters)
             - (collection element) CollectionFetchableElementEntityGraph(entity=org.thingsplode.core.entities.Parameter, querySpaceUid=<gen:2>, path=org.thingsplode.core.entities.Capability.parameters.<elements>)
          - CompositeAttributeFetchImpl(composite=org.thingsplode.core.Value, querySpaceUid=<gen:3>, path=org.thingsplode.core.entities.Capability.value)
    - QuerySpaces
       - EntityQuerySpaceImpl(uid=<gen:0>, entity=org.thingsplode.core.entities.Capability)
          - SQL table alias mapping - capability0_
          - alias suffix - 0_
          - suffixed key columns - {id1_0_0_}
          - JOIN (JoinDefinedByMetadata(value)) : <gen:0> -> <gen:3>
             - CompositeQuerySpaceImpl(uid=<gen:3>)
                - SQL table alias mapping - capability0_

1949 [main] DEBUG org.hibernate.loader.entity.plan.EntityLoader  - Static select for entity org.thingsplode.core.entities.Capability [UPGRADE_NOWAIT]: select capability0_.id as id1_0_0_, capability0_.active as active2_0_0_, capability0_.name as name3_0_0_, capability0_.type as type4_0_0_, capability0_.content as content5_0_0_, capability0_.VALUE_TYPE as VALUE_TY6_0_0_ from CAPABILITIES capability0_ where capability0_.id=? for update
1949 [main] DEBUG org.hibernate.loader.plan.build.internal.spaces.QuerySpacesImpl  - Adding QuerySpace : uid = <gen:0> -> org.hibernate.loader.plan.build.internal.spaces.EntityQuerySpaceImpl@4c777e7b]
1949 [main] DEBUG org.hibernate.loader.plan.build.internal.spaces.QuerySpacesImpl  - Adding QuerySpace : uid = <gen:1> -> org.hibernate.loader.plan.build.internal.spaces.CollectionQuerySpaceImpl@78e22d35]
1949 [main] DEBUG org.hibernate.loader.plan.build.internal.spaces.QuerySpacesImpl  - Adding QuerySpace : uid = <gen:2> -> org.hibernate.loader.plan.build.internal.spaces.EntityQuerySpaceImpl@2e8a1ab4]
1952 [main] DEBUG org.hibernate.loader.plan.build.internal.spaces.QuerySpacesImpl  - Adding QuerySpace : uid = <gen:3> -> org.hibernate.loader.plan.build.internal.spaces.CompositeQuerySpaceImpl@59f93db8]
1952 [main] DEBUG org.hibernate.loader.plan.build.internal.FetchStyleLoadPlanBuildingAssociationVisitationStrategy  - Building LoadPlan...
1953 [main] DEBUG org.hibernate.loader.plan.exec.internal.LoadQueryJoinAndFetchProcessor  - processing queryspace <gen:0>
1954 [main] DEBUG org.hibernate.loader.plan.build.spi.LoadPlanTreePrinter  - LoadPlan(entity=org.thingsplode.core.entities.Capability)
    - Returns
       - EntityReturnImpl(entity=org.thingsplode.core.entities.Capability, querySpaceUid=<gen:0>, path=org.thingsplode.core.entities.Capability)
          - CollectionAttributeFetchImpl(collection=org.thingsplode.core.entities.Capability.parameters, querySpaceUid=<gen:1>, path=org.thingsplode.core.entities.Capability.parameters)
             - (collection element) CollectionFetchableElementEntityGraph(entity=org.thingsplode.core.entities.Parameter, querySpaceUid=<gen:2>, path=org.thingsplode.core.entities.Capability.parameters.<elements>)
          - CompositeAttributeFetchImpl(composite=org.thingsplode.core.Value, querySpaceUid=<gen:3>, path=org.thingsplode.core.entities.Capability.value)
    - QuerySpaces
       - EntityQuerySpaceImpl(uid=<gen:0>, entity=org.thingsplode.core.entities.Capability)
          - SQL table alias mapping - capability0_
          - alias suffix - 0_
          - suffixed key columns - {id1_0_0_}
          - JOIN (JoinDefinedByMetadata(value)) : <gen:0> -> <gen:3>
             - CompositeQuerySpaceImpl(uid=<gen:3>)
                - SQL table alias mapping - capability0_

1954 [main] DEBUG org.hibernate.loader.entity.plan.EntityLoader  - Static select for entity org.thingsplode.core.entities.Capability [UPGRADE_SKIPLOCKED]: select capability0_.id as id1_0_0_, capability0_.active as active2_0_0_, capability0_.name as name3_0_0_, capability0_.type as type4_0_0_, capability0_.content as content5_0_0_, capability0_.VALUE_TYPE as VALUE_TY6_0_0_ from CAPABILITIES capability0_ where capability0_.id=? for update
1954 [main] DEBUG org.hibernate.loader.plan.build.internal.spaces.QuerySpacesImpl  - Adding QuerySpace : uid = <gen:0> -> org.hibernate.loader.plan.build.internal.spaces.EntityQuerySpaceImpl@73c9e8e8]
1954 [main] DEBUG org.hibernate.loader.plan.build.internal.spaces.QuerySpacesImpl  - Adding QuerySpace : uid = <gen:1> -> org.hibernate.loader.plan.build.internal.spaces.CollectionQuerySpaceImpl@1deceb67]
1954 [main] DEBUG org.hibernate.loader.plan.build.internal.spaces.QuerySpacesImpl  - Adding QuerySpace : uid = <gen:2> -> org.hibernate.loader.plan.build.internal.spaces.EntityQuerySpaceImpl@582a764a]
1954 [main] DEBUG org.hibernate.loader.plan.build.internal.spaces.QuerySpacesImpl  - Adding QuerySpace : uid = <gen:3> -> org.hibernate.loader.plan.build.internal.spaces.CompositeQuerySpaceImpl@64984b0f]
1954 [main] DEBUG org.hibernate.loader.plan.build.internal.FetchStyleLoadPlanBuildingAssociationVisitationStrategy  - Building LoadPlan...
1955 [main] DEBUG org.hibernate.loader.plan.exec.internal.LoadQueryJoinAndFetchProcessor  - processing queryspace <gen:0>
1955 [main] DEBUG org.hibernate.loader.plan.build.spi.LoadPlanTreePrinter  - LoadPlan(entity=org.thingsplode.core.entities.Capability)
    - Returns
       - EntityReturnImpl(entity=org.thingsplode.core.entities.Capability, querySpaceUid=<gen:0>, path=org.thingsplode.core.entities.Capability)
          - CollectionAttributeFetchImpl(collection=org.thingsplode.core.entities.Capability.parameters, querySpaceUid=<gen:1>, path=org.thingsplode.core.entities.Capability.parameters)
             - (collection element) CollectionFetchableElementEntityGraph(entity=org.thingsplode.core.entities.Parameter, querySpaceUid=<gen:2>, path=org.thingsplode.core.entities.Capability.parameters.<elements>)
          - CompositeAttributeFetchImpl(composite=org.thingsplode.core.Value, querySpaceUid=<gen:3>, path=org.thingsplode.core.entities.Capability.value)
    - QuerySpaces
       - EntityQuerySpaceImpl(uid=<gen:0>, entity=org.thingsplode.core.entities.Capability)
          - SQL table alias mapping - capability0_
          - alias suffix - 0_
          - suffixed key columns - {id1_0_0_}
          - JOIN (JoinDefinedByMetadata(value)) : <gen:0> -> <gen:3>
             - CompositeQuerySpaceImpl(uid=<gen:3>)
                - SQL table alias mapping - capability0_

1955 [main] DEBUG org.hibernate.loader.entity.plan.EntityLoader  - Static select for entity org.thingsplode.core.entities.Capability [FORCE]: select capability0_.id as id1_0_0_, capability0_.active as active2_0_0_, capability0_.name as name3_0_0_, capability0_.type as type4_0_0_, capability0_.content as content5_0_0_, capability0_.VALUE_TYPE as VALUE_TY6_0_0_ from CAPABILITIES capability0_ where capability0_.id=? for update
1955 [main] DEBUG org.hibernate.loader.plan.build.internal.spaces.QuerySpacesImpl  - Adding QuerySpace : uid = <gen:0> -> org.hibernate.loader.plan.build.internal.spaces.EntityQuerySpaceImpl@53ec2968]
1955 [main] DEBUG org.hibernate.loader.plan.build.internal.spaces.QuerySpacesImpl  - Adding QuerySpace : uid = <gen:1> -> org.hibernate.loader.plan.build.internal.spaces.CollectionQuerySpaceImpl@7e19755a]
1955 [main] DEBUG org.hibernate.loader.plan.build.internal.spaces.QuerySpacesImpl  - Adding QuerySpace : uid = <gen:2> -> org.hibernate.loader.plan.build.internal.spaces.EntityQuerySpaceImpl@5d5c04f9]
1955 [main] DEBUG org.hibernate.loader.plan.build.internal.spaces.QuerySpacesImpl  - Adding QuerySpace : uid = <gen:3> -> org.hibernate.loader.plan.build.internal.spaces.CompositeQuerySpaceImpl@6f49d153]
1955 [main] DEBUG org.hibernate.loader.plan.build.internal.FetchStyleLoadPlanBuildingAssociationVisitationStrategy  - Building LoadPlan...
1955 [main] DEBUG org.hibernate.loader.plan.exec.internal.LoadQueryJoinAndFetchProcessor  - processing queryspace <gen:0>
1956 [main] DEBUG org.hibernate.loader.plan.build.spi.LoadPlanTreePrinter  - LoadPlan(entity=org.thingsplode.core.entities.Capability)
    - Returns
       - EntityReturnImpl(entity=org.thingsplode.core.entities.Capability, querySpaceUid=<gen:0>, path=org.thingsplode.core.entities.Capability)
          - CollectionAttributeFetchImpl(collection=org.thingsplode.core.entities.Capability.parameters, querySpaceUid=<gen:1>, path=org.thingsplode.core.entities.Capability.parameters)
             - (collection element) CollectionFetchableElementEntityGraph(entity=org.thingsplode.core.entities.Parameter, querySpaceUid=<gen:2>, path=org.thingsplode.core.entities.Capability.parameters.<elements>)
          - CompositeAttributeFetchImpl(composite=org.thingsplode.core.Value, querySpaceUid=<gen:3>, path=org.thingsplode.core.entities.Capability.value)
    - QuerySpaces
       - EntityQuerySpaceImpl(uid=<gen:0>, entity=org.thingsplode.core.entities.Capability)
          - SQL table alias mapping - capability0_
          - alias suffix - 0_
          - suffixed key columns - {id1_0_0_}
          - JOIN (JoinDefinedByMetadata(value)) : <gen:0> -> <gen:3>
             - CompositeQuerySpaceImpl(uid=<gen:3>)
                - SQL table alias mapping - capability0_

1956 [main] DEBUG org.hibernate.loader.entity.plan.EntityLoader  - Static select for entity org.thingsplode.core.entities.Capability [PESSIMISTIC_READ]: select capability0_.id as id1_0_0_, capability0_.active as active2_0_0_, capability0_.name as name3_0_0_, capability0_.type as type4_0_0_, capability0_.content as content5_0_0_, capability0_.VALUE_TYPE as VALUE_TY6_0_0_ from CAPABILITIES capability0_ where capability0_.id=? for update
1957 [main] DEBUG org.hibernate.loader.plan.build.internal.spaces.QuerySpacesImpl  - Adding QuerySpace : uid = <gen:0> -> org.hibernate.loader.plan.build.internal.spaces.EntityQuerySpaceImpl@7e7f0216]
1957 [main] DEBUG org.hibernate.loader.plan.build.internal.spaces.QuerySpacesImpl  - Adding QuerySpace : uid = <gen:1> -> org.hibernate.loader.plan.build.internal.spaces.CollectionQuerySpaceImpl@62db3891]
1957 [main] DEBUG org.hibernate.loader.plan.build.internal.spaces.QuerySpacesImpl  - Adding QuerySpace : uid = <gen:2> -> org.hibernate.loader.plan.build.internal.spaces.EntityQuerySpaceImpl@61cd1c71]
1957 [main] DEBUG org.hibernate.loader.plan.build.internal.spaces.QuerySpacesImpl  - Adding QuerySpace : uid = <gen:3> -> org.hibernate.loader.plan.build.internal.spaces.CompositeQuerySpaceImpl@6724cdec]
1957 [main] DEBUG org.hibernate.loader.plan.build.internal.FetchStyleLoadPlanBuildingAssociationVisitationStrategy  - Building LoadPlan...
1958 [main] DEBUG org.hibernate.loader.plan.exec.internal.LoadQueryJoinAndFetchProcessor  - processing queryspace <gen:0>
1958 [main] DEBUG org.hibernate.loader.plan.build.spi.LoadPlanTreePrinter  - LoadPlan(entity=org.thingsplode.core.entities.Capability)
    - Returns
       - EntityReturnImpl(entity=org.thingsplode.core.entities.Capability, querySpaceUid=<gen:0>, path=org.thingsplode.core.entities.Capability)
          - CollectionAttributeFetchImpl(collection=org.thingsplode.core.entities.Capability.parameters, querySpaceUid=<gen:1>, path=org.thingsplode.core.entities.Capability.parameters)
             - (collection element) CollectionFetchableElementEntityGraph(entity=org.thingsplode.core.entities.Parameter, querySpaceUid=<gen:2>, path=org.thingsplode.core.entities.Capability.parameters.<elements>)
          - CompositeAttributeFetchImpl(composite=org.thingsplode.core.Value, querySpaceUid=<gen:3>, path=org.thingsplode.core.entities.Capability.value)
    - QuerySpaces
       - EntityQuerySpaceImpl(uid=<gen:0>, entity=org.thingsplode.core.entities.Capability)
          - SQL table alias mapping - capability0_
          - alias suffix - 0_
          - suffixed key columns - {id1_0_0_}
          - JOIN (JoinDefinedByMetadata(value)) : <gen:0> -> <gen:3>
             - CompositeQuerySpaceImpl(uid=<gen:3>)
                - SQL table alias mapping - capability0_

1958 [main] DEBUG org.hibernate.loader.entity.plan.EntityLoader  - Static select for entity org.thingsplode.core.entities.Capability [PESSIMISTIC_WRITE]: select capability0_.id as id1_0_0_, capability0_.active as active2_0_0_, capability0_.name as name3_0_0_, capability0_.type as type4_0_0_, capability0_.content as content5_0_0_, capability0_.VALUE_TYPE as VALUE_TY6_0_0_ from CAPABILITIES capability0_ where capability0_.id=? for update
1958 [main] DEBUG org.hibernate.loader.plan.build.internal.spaces.QuerySpacesImpl  - Adding QuerySpace : uid = <gen:0> -> org.hibernate.loader.plan.build.internal.spaces.EntityQuerySpaceImpl@52e04737]
1958 [main] DEBUG org.hibernate.loader.plan.build.internal.spaces.QuerySpacesImpl  - Adding QuerySpace : uid = <gen:1> -> org.hibernate.loader.plan.build.internal.spaces.CollectionQuerySpaceImpl@1a4d1ab7]
1958 [main] DEBUG org.hibernate.loader.plan.build.internal.spaces.QuerySpacesImpl  - Adding QuerySpace : uid = <gen:2> -> org.hibernate.loader.plan.build.internal.spaces.EntityQuerySpaceImpl@546e61d5]
1958 [main] DEBUG org.hibernate.loader.plan.build.internal.spaces.QuerySpacesImpl  - Adding QuerySpace : uid = <gen:3> -> org.hibernate.loader.plan.build.internal.spaces.CompositeQuerySpaceImpl@4674d90]
1958 [main] DEBUG org.hibernate.loader.plan.build.internal.FetchStyleLoadPlanBuildingAssociationVisitationStrategy  - Building LoadPlan...
1958 [main] DEBUG org.hibernate.loader.plan.exec.internal.LoadQueryJoinAndFetchProcessor  - processing queryspace <gen:0>
1959 [main] DEBUG org.hibernate.loader.plan.build.spi.LoadPlanTreePrinter  - LoadPlan(entity=org.thingsplode.core.entities.Capability)
    - Returns
       - EntityReturnImpl(entity=org.thingsplode.core.entities.Capability, querySpaceUid=<gen:0>, path=org.thingsplode.core.entities.Capability)
          - CollectionAttributeFetchImpl(collection=org.thingsplode.core.entities.Capability.parameters, querySpaceUid=<gen:1>, path=org.thingsplode.core.entities.Capability.parameters)
             - (collection element) CollectionFetchableElementEntityGraph(entity=org.thingsplode.core.entities.Parameter, querySpaceUid=<gen:2>, path=org.thingsplode.core.entities.Capability.parameters.<elements>)
          - CompositeAttributeFetchImpl(composite=org.thingsplode.core.Value, querySpaceUid=<gen:3>, path=org.thingsplode.core.entities.Capability.value)
    - QuerySpaces
       - EntityQuerySpaceImpl(uid=<gen:0>, entity=org.thingsplode.core.entities.Capability)
          - SQL table alias mapping - capability0_
          - alias suffix - 0_
          - suffixed key columns - {id1_0_0_}
          - JOIN (JoinDefinedByMetadata(value)) : <gen:0> -> <gen:3>
             - CompositeQuerySpaceImpl(uid=<gen:3>)
                - SQL table alias mapping - capability0_

1959 [main] DEBUG org.hibernate.loader.entity.plan.EntityLoader  - Static select for entity org.thingsplode.core.entities.Capability [PESSIMISTIC_FORCE_INCREMENT]: select capability0_.id as id1_0_0_, capability0_.active as active2_0_0_, capability0_.name as name3_0_0_, capability0_.type as type4_0_0_, capability0_.content as content5_0_0_, capability0_.VALUE_TYPE as VALUE_TY6_0_0_ from CAPABILITIES capability0_ where capability0_.id=? for update
1959 [main] DEBUG org.hibernate.loader.plan.build.internal.spaces.QuerySpacesImpl  - Adding QuerySpace : uid = <gen:0> -> org.hibernate.loader.plan.build.internal.spaces.EntityQuerySpaceImpl@1292071f]
1959 [main] DEBUG org.hibernate.loader.plan.build.internal.spaces.QuerySpacesImpl  - Adding QuerySpace : uid = <gen:1> -> org.hibernate.loader.plan.build.internal.spaces.CollectionQuerySpaceImpl@b606cb6]
1962 [main] DEBUG org.hibernate.loader.plan.build.internal.spaces.QuerySpacesImpl  - Adding QuerySpace : uid = <gen:2> -> org.hibernate.loader.plan.build.internal.spaces.EntityQuerySpaceImpl@2a3194c6]
1962 [main] DEBUG org.hibernate.loader.plan.build.internal.spaces.QuerySpacesImpl  - Adding QuerySpace : uid = <gen:3> -> org.hibernate.loader.plan.build.internal.spaces.CompositeQuerySpaceImpl@2819c460]
1962 [main] DEBUG org.hibernate.loader.plan.build.internal.FetchStyleLoadPlanBuildingAssociationVisitationStrategy  - Building LoadPlan...
1962 [main] DEBUG org.hibernate.loader.plan.exec.internal.LoadQueryJoinAndFetchProcessor  - processing queryspace <gen:0>
1962 [main] DEBUG org.hibernate.loader.plan.build.spi.LoadPlanTreePrinter  - LoadPlan(entity=org.thingsplode.core.entities.Capability)
    - Returns
       - EntityReturnImpl(entity=org.thingsplode.core.entities.Capability, querySpaceUid=<gen:0>, path=org.thingsplode.core.entities.Capability)
          - CollectionAttributeFetchImpl(collection=org.thingsplode.core.entities.Capability.parameters, querySpaceUid=<gen:1>, path=org.thingsplode.core.entities.Capability.parameters)
             - (collection element) CollectionFetchableElementEntityGraph(entity=org.thingsplode.core.entities.Parameter, querySpaceUid=<gen:2>, path=org.thingsplode.core.entities.Capability.parameters.<elements>)
          - CompositeAttributeFetchImpl(composite=org.thingsplode.core.Value, querySpaceUid=<gen:3>, path=org.thingsplode.core.entities.Capability.value)
    - QuerySpaces
       - EntityQuerySpaceImpl(uid=<gen:0>, entity=org.thingsplode.core.entities.Capability)
          - SQL table alias mapping - capability0_
          - alias suffix - 0_
          - suffixed key columns - {id1_0_0_}
          - JOIN (JoinDefinedByMetadata(value)) : <gen:0> -> <gen:3>
             - CompositeQuerySpaceImpl(uid=<gen:3>)
                - SQL table alias mapping - capability0_

1963 [main] DEBUG org.hibernate.loader.entity.plan.EntityLoader  - Static select for entity org.thingsplode.core.entities.Capability [OPTIMISTIC]: select capability0_.id as id1_0_0_, capability0_.active as active2_0_0_, capability0_.name as name3_0_0_, capability0_.type as type4_0_0_, capability0_.content as content5_0_0_, capability0_.VALUE_TYPE as VALUE_TY6_0_0_ from CAPABILITIES capability0_ where capability0_.id=?
1963 [main] DEBUG org.hibernate.loader.plan.build.internal.spaces.QuerySpacesImpl  - Adding QuerySpace : uid = <gen:0> -> org.hibernate.loader.plan.build.internal.spaces.EntityQuerySpaceImpl@38bb9d7a]
1963 [main] DEBUG org.hibernate.loader.plan.build.internal.spaces.QuerySpacesImpl  - Adding QuerySpace : uid = <gen:1> -> org.hibernate.loader.plan.build.internal.spaces.CollectionQuerySpaceImpl@78d6447a]
1963 [main] DEBUG org.hibernate.loader.plan.build.internal.spaces.QuerySpacesImpl  - Adding QuerySpace : uid = <gen:2> -> org.hibernate.loader.plan.build.internal.spaces.EntityQuerySpaceImpl@7a729f84]
1965 [main] DEBUG org.hibernate.loader.plan.build.internal.spaces.QuerySpacesImpl  - Adding QuerySpace : uid = <gen:3> -> org.hibernate.loader.plan.build.internal.spaces.CompositeQuerySpaceImpl@1e469dfd]
1965 [main] DEBUG org.hibernate.loader.plan.build.internal.FetchStyleLoadPlanBuildingAssociationVisitationStrategy  - Building LoadPlan...
1965 [main] DEBUG org.hibernate.loader.plan.exec.internal.LoadQueryJoinAndFetchProcessor  - processing queryspace <gen:0>
1965 [main] DEBUG org.hibernate.loader.plan.build.spi.LoadPlanTreePrinter  - LoadPlan(entity=org.thingsplode.core.entities.Capability)
    - Returns
       - EntityReturnImpl(entity=org.thingsplode.core.entities.Capability, querySpaceUid=<gen:0>, path=org.thingsplode.core.entities.Capability)
          - CollectionAttributeFetchImpl(collection=org.thingsplode.core.entities.Capability.parameters, querySpaceUid=<gen:1>, path=org.thingsplode.core.entities.Capability.parameters)
             - (collection element) CollectionFetchableElementEntityGraph(entity=org.thingsplode.core.entities.Parameter, querySpaceUid=<gen:2>, path=org.thingsplode.core.entities.Capability.parameters.<elements>)
          - CompositeAttributeFetchImpl(composite=org.thingsplode.core.Value, querySpaceUid=<gen:3>, path=org.thingsplode.core.entities.Capability.value)
    - QuerySpaces
       - EntityQuerySpaceImpl(uid=<gen:0>, entity=org.thingsplode.core.entities.Capability)
          - SQL table alias mapping - capability0_
          - alias suffix - 0_
          - suffixed key columns - {id1_0_0_}
          - JOIN (JoinDefinedByMetadata(value)) : <gen:0> -> <gen:3>
             - CompositeQuerySpaceImpl(uid=<gen:3>)
                - SQL table alias mapping - capability0_

1965 [main] DEBUG org.hibernate.loader.entity.plan.EntityLoader  - Static select for entity org.thingsplode.core.entities.Capability [OPTIMISTIC_FORCE_INCREMENT]: select capability0_.id as id1_0_0_, capability0_.active as active2_0_0_, capability0_.name as name3_0_0_, capability0_.type as type4_0_0_, capability0_.content as content5_0_0_, capability0_.VALUE_TYPE as VALUE_TY6_0_0_ from CAPABILITIES capability0_ where capability0_.id=?
1966 [main] DEBUG org.hibernate.loader.Loader  - Static select for action ACTION_MERGE on entity org.thingsplode.core.entities.Capability: select capability0_.id as id1_0_1_, capability0_.active as active2_0_1_, capability0_.name as name3_0_1_, capability0_.type as type4_0_1_, capability0_.content as content5_0_1_, capability0_.VALUE_TYPE as VALUE_TY6_0_1_, parameters1_.CAP_ID as CAP_ID4_0_3_, parameters1_.id as id1_7_3_, parameters1_.id as id1_7_0_, parameters1_.name as name2_7_0_, parameters1_.valueType as valueTyp3_7_0_ from CAPABILITIES capability0_ left outer join PARAMETERS parameters1_ on capability0_.id=parameters1_.CAP_ID where capability0_.id=?
1966 [main] DEBUG org.hibernate.loader.Loader  - Static select for action ACTION_REFRESH on entity org.thingsplode.core.entities.Capability: select capability0_.id as id1_0_1_, capability0_.active as active2_0_1_, capability0_.name as name3_0_1_, capability0_.type as type4_0_1_, capability0_.content as content5_0_1_, capability0_.VALUE_TYPE as VALUE_TY6_0_1_, parameters1_.CAP_ID as CAP_ID4_0_3_, parameters1_.id as id1_7_3_, parameters1_.id as id1_7_0_, parameters1_.name as name2_7_0_, parameters1_.valueType as valueTyp3_7_0_ from CAPABILITIES capability0_ left outer join PARAMETERS parameters1_ on capability0_.id=parameters1_.CAP_ID where capability0_.id=?
1971 [main] DEBUG org.hibernate.loader.plan.build.internal.spaces.QuerySpacesImpl  - Adding QuerySpace : uid = <gen:0> -> org.hibernate.loader.plan.build.internal.spaces.CollectionQuerySpaceImpl@6b2e46af]
1971 [main] DEBUG org.hibernate.loader.plan.build.internal.spaces.QuerySpacesImpl  - Adding QuerySpace : uid = <gen:1> -> org.hibernate.loader.plan.build.internal.spaces.EntityQuerySpaceImpl@60325987]
1972 [main] DEBUG org.hibernate.loader.plan.build.internal.spaces.QuerySpacesImpl  - Adding QuerySpace : uid = <gen:2> -> org.hibernate.loader.plan.build.internal.spaces.CompositeQuerySpaceImpl@2af69643]
1972 [main] DEBUG org.hibernate.loader.plan.build.internal.FetchStyleLoadPlanBuildingAssociationVisitationStrategy  - Building LoadPlan...
1973 [main] DEBUG org.hibernate.loader.plan.exec.internal.LoadQueryJoinAndFetchProcessor  - processing queryspace <gen:0>
1974 [main] DEBUG org.hibernate.loader.plan.build.spi.LoadPlanTreePrinter  - LoadPlan(collection=org.thingsplode.core.entities.Component.tresholds)
    - Returns
       - CollectionReturnImpl(collection=org.thingsplode.core.entities.Component.tresholds, querySpaceUid=<gen:0>, path=[org.thingsplode.core.entities.Component.tresholds])
          - (collection element) CollectionFetchableElementEntityGraph(entity=org.thingsplode.core.entities.Treshold, querySpaceUid=<gen:1>, path=[org.thingsplode.core.entities.Component.tresholds].<elements>)
             - CompositeAttributeFetchImpl(composite=org.thingsplode.core.Value, querySpaceUid=<gen:2>, path=[org.thingsplode.core.entities.Component.tresholds].<elements>.tresholdValue)
    - QuerySpaces
       - CollectionQuerySpaceImpl(uid=<gen:0>, collection=org.thingsplode.core.entities.Component.tresholds)
          - SQL table alias mapping - tresholds0_
          - alias suffix - 0_
          - suffixed key columns - {COMP_ID7_1_0_}
          - entity-element alias suffix - 1_
          - 1_entity-element suffixed key columns - id1_8_1_
          - JOIN (JoinDefinedByMetadata(elements)) : <gen:0> -> <gen:1>
             - EntityQuerySpaceImpl(uid=<gen:1>, entity=org.thingsplode.core.entities.Treshold)
                - SQL table alias mapping - tresholds0_
                - alias suffix - 1_
                - suffixed key columns - {id1_8_1_}
                - JOIN (JoinDefinedByMetadata(tresholdValue)) : <gen:1> -> <gen:2>
                   - CompositeQuerySpaceImpl(uid=<gen:2>)
                      - SQL table alias mapping - tresholds0_

1975 [main] DEBUG org.hibernate.loader.collection.plan.CollectionLoader  - Static select for collection org.thingsplode.core.entities.Component.tresholds: select tresholds0_.COMP_ID as COMP_ID7_1_0_, tresholds0_.id as id1_8_0_, tresholds0_.id as id1_8_1_, tresholds0_.name as name2_8_1_, tresholds0_.scope as scope3_8_1_, tresholds0_.content as content4_8_1_, tresholds0_.VALUE_TYPE as VALUE_TY5_8_1_, tresholds0_.type as type6_8_1_ from TRESHOLDS tresholds0_ where tresholds0_.COMP_ID=?
1975 [main] DEBUG org.hibernate.loader.plan.build.internal.spaces.QuerySpacesImpl  - Adding QuerySpace : uid = <gen:0> -> org.hibernate.loader.plan.build.internal.spaces.CollectionQuerySpaceImpl@5c77ba8f]
1975 [main] DEBUG org.hibernate.loader.plan.build.internal.spaces.QuerySpacesImpl  - Adding QuerySpace : uid = <gen:1> -> org.hibernate.loader.plan.build.internal.spaces.EntityQuerySpaceImpl@660f0c]
1975 [main] DEBUG org.hibernate.loader.plan.build.internal.FetchStyleLoadPlanBuildingAssociationVisitationStrategy  - Building LoadPlan...
1976 [main] DEBUG org.hibernate.loader.plan.exec.internal.LoadQueryJoinAndFetchProcessor  - processing queryspace <gen:0>
1976 [main] DEBUG org.hibernate.loader.plan.build.spi.LoadPlanTreePrinter  - LoadPlan(collection=org.thingsplode.core.entities.Component.configuration)
    - Returns
       - CollectionReturnImpl(collection=org.thingsplode.core.entities.Component.configuration, querySpaceUid=<gen:0>, path=[org.thingsplode.core.entities.Component.configuration])
          - (collection element) CollectionFetchableElementEntityGraph(entity=org.thingsplode.core.entities.Configuration, querySpaceUid=<gen:1>, path=[org.thingsplode.core.entities.Component.configuration].<elements>)
    - QuerySpaces
       - CollectionQuerySpaceImpl(uid=<gen:0>, collection=org.thingsplode.core.entities.Component.configuration)
          - SQL table alias mapping - configurat0_
          - alias suffix - 0_
          - suffixed key columns - {COMP_ID6_1_0_}
          - entity-element alias suffix - 1_
          - 1_entity-element suffixed key columns - id1_2_1_
          - JOIN (JoinDefinedByMetadata(elements)) : <gen:0> -> <gen:1>
             - EntityQuerySpaceImpl(uid=<gen:1>, entity=org.thingsplode.core.entities.Configuration)
                - SQL table alias mapping - configurat0_
                - alias suffix - 1_
                - suffixed key columns - {id1_2_1_}

1977 [main] DEBUG org.hibernate.loader.collection.plan.CollectionLoader  - Static select for collection org.thingsplode.core.entities.Component.configuration: select configurat0_.COMP_ID as COMP_ID6_1_0_, configurat0_.id as id1_2_0_, configurat0_.id as id1_2_1_, configurat0_.key as key2_2_1_, configurat0_.syncStatus as syncStat3_2_1_, configurat0_.type as type4_2_1_, configurat0_.value as value5_2_1_ from CONFIGURATION configurat0_ where configurat0_.COMP_ID=?
1977 [main] DEBUG org.hibernate.loader.plan.build.internal.spaces.QuerySpacesImpl  - Adding QuerySpace : uid = <gen:0> -> org.hibernate.loader.plan.build.internal.spaces.CollectionQuerySpaceImpl@7add323c]
1977 [main] DEBUG org.hibernate.loader.plan.build.internal.spaces.QuerySpacesImpl  - Adding QuerySpace : uid = <gen:1> -> org.hibernate.loader.plan.build.internal.spaces.EntityQuerySpaceImpl@4a734c04]
1977 [main] DEBUG org.hibernate.loader.plan.build.internal.spaces.QuerySpacesImpl  - Adding QuerySpace : uid = <gen:2> -> org.hibernate.loader.plan.build.internal.spaces.EntityQuerySpaceImpl@35c12c7a]
1977 [main] DEBUG org.hibernate.loader.plan.build.internal.spaces.QuerySpacesImpl  - Adding QuerySpace : uid = <gen:3> -> org.hibernate.loader.plan.build.internal.spaces.CompositeQuerySpaceImpl@25290bca]
1978 [main] DEBUG org.hibernate.loader.plan.build.internal.spaces.QuerySpacesImpl  - Adding QuerySpace : uid = <gen:4> -> org.hibernate.loader.plan.build.internal.spaces.CompositeQuerySpaceImpl@4ac86d6a]
1978 [main] DEBUG org.hibernate.loader.plan.build.internal.FetchStyleLoadPlanBuildingAssociationVisitationStrategy  - Building LoadPlan...
1978 [main] DEBUG org.hibernate.loader.plan.exec.internal.LoadQueryJoinAndFetchProcessor  - processing queryspace <gen:0>
1981 [main] DEBUG org.hibernate.loader.plan.build.spi.LoadPlanTreePrinter  - LoadPlan(collection=org.thingsplode.core.entities.Component.components)
    - Returns
       - CollectionReturnImpl(collection=org.thingsplode.core.entities.Component.components, querySpaceUid=<gen:0>, path=[org.thingsplode.core.entities.Component.components])
          - (collection element) CollectionFetchableElementEntityGraph(entity=org.thingsplode.core.entities.Component, querySpaceUid=<gen:1>, path=[org.thingsplode.core.entities.Component.components].<elements>)
             - EntityAttributeFetchImpl(entity=org.thingsplode.core.entities.Model, querySpaceUid=<gen:2>, path=[org.thingsplode.core.entities.Component.components].<elements>.model)
             - CompositeAttributeFetchImpl(composite=org.thingsplode.core.Location, querySpaceUid=<gen:3>, path=[org.thingsplode.core.entities.Component.components].<elements>.location)
                - NestedCompositeAttributeFetchImpl(composite=org.thingsplode.core.Address, querySpaceUid=<gen:4>, path=[org.thingsplode.core.entities.Component.components].<elements>.location.address)
    - QuerySpaces
       - CollectionQuerySpaceImpl(uid=<gen:0>, collection=org.thingsplode.core.entities.Component.components)
          - SQL table alias mapping - components0_
          - alias suffix - 0_
          - suffixed key columns - {ROOT_CO11_1_0_}
          - entity-element alias suffix - 1_
          - 1_entity-element suffixed key columns - id2_1_1_
          - JOIN (JoinDefinedByMetadata(elements)) : <gen:0> -> <gen:1>
             - EntityQuerySpaceImpl(uid=<gen:1>, entity=org.thingsplode.core.entities.Component)
                - SQL table alias mapping - components0_
                - alias suffix - 1_
                - suffixed key columns - {id2_1_1_}
                - JOIN (JoinDefinedByMetadata(model)) : <gen:1> -> <gen:2>
                   - EntityQuerySpaceImpl(uid=<gen:2>, entity=org.thingsplode.core.entities.Model)
                      - SQL table alias mapping - model1_
                      - alias suffix - 2_
                      - suffixed key columns - {id1_6_2_}
                - JOIN (JoinDefinedByMetadata(location)) : <gen:1> -> <gen:3>
                   - CompositeQuerySpaceImpl(uid=<gen:3>)
                      - SQL table alias mapping - components0_
                      - JOIN (JoinDefinedByMetadata(address)) : <gen:3> -> <gen:4>
                         - CompositeQuerySpaceImpl(uid=<gen:4>)
                            - SQL table alias mapping - components0_

1982 [main] DEBUG org.hibernate.loader.collection.plan.CollectionLoader  - Static select for collection org.thingsplode.core.entities.Component.components: select components0_.ROOT_COMP_ID as ROOT_CO11_1_0_, components0_.id as id2_1_0_, components0_.id as id2_1_1_, components0_.deviceClass as deviceCl3_1_1_, components0_.enabledState as enabledS4_1_1_, components0_.identification as identifi5_1_1_, components0_.model_id as model_i10_1_1_, components0_.partNumber as partNumb6_1_1_, components0_.serialNumber as serialNu7_1_1_, components0_.status as status8_1_1_, components0_.type as type9_1_1_, components0_1_.hostAddress as hostAddr1_3_1_, components0_1_.lastHeartBeat as lastHear2_3_1_, components0_1_.city as city3_3_1_, components0_1_.country as country4_3_1_, components0_1_.houseNumber as houseNum5_3_1_, components0_1_.postCode as postCode6_3_1_, components0_1_.state as state7_3_1_, components0_1_.street as street8_3_1_, components0_1_.description as descript9_3_1_, components0_1_.latitude as latitud10_3_1_, components0_1_.longitude as longitu11_3_1_, components0_1_.startupDate as startup12_3_1_, components0_.MAIN_TYPE as MAIN_TYP1_1_1_, model1_.id as id1_6_2_, model1_.manufacturer as manufact2_6_2_, model1_.type as type3_6_2_, model1_.version as version4_6_2_ from COMPONENT components0_ left outer join DEVICES components0_1_ on components0_.id=components0_1_.id left outer join MODELS model1_ on components0_.model_id=model1_.id where components0_.ROOT_COMP_ID=?
1982 [main] DEBUG org.hibernate.loader.plan.build.internal.spaces.QuerySpacesImpl  - Adding QuerySpace : uid = <gen:0> -> org.hibernate.loader.plan.build.internal.spaces.CollectionQuerySpaceImpl@508a65bf]
1982 [main] DEBUG org.hibernate.loader.plan.build.internal.spaces.QuerySpacesImpl  - Adding QuerySpace : uid = <gen:1> -> org.hibernate.loader.plan.build.internal.spaces.EntityQuerySpaceImpl@17f2dd85]
1982 [main] DEBUG org.hibernate.loader.plan.build.internal.FetchStyleLoadPlanBuildingAssociationVisitationStrategy  - Building LoadPlan...
1982 [main] DEBUG org.hibernate.loader.plan.exec.internal.LoadQueryJoinAndFetchProcessor  - processing queryspace <gen:0>
1983 [main] DEBUG org.hibernate.loader.plan.build.spi.LoadPlanTreePrinter  - LoadPlan(collection=org.thingsplode.core.entities.Capability.parameters)
    - Returns
       - CollectionReturnImpl(collection=org.thingsplode.core.entities.Capability.parameters, querySpaceUid=<gen:0>, path=[org.thingsplode.core.entities.Capability.parameters])
          - (collection element) CollectionFetchableElementEntityGraph(entity=org.thingsplode.core.entities.Parameter, querySpaceUid=<gen:1>, path=[org.thingsplode.core.entities.Capability.parameters].<elements>)
    - QuerySpaces
       - CollectionQuerySpaceImpl(uid=<gen:0>, collection=org.thingsplode.core.entities.Capability.parameters)
          - SQL table alias mapping - parameters0_
          - alias suffix - 0_
          - suffixed key columns - {CAP_ID4_0_0_}
          - entity-element alias suffix - 1_
          - 1_entity-element suffixed key columns - id1_7_1_
          - JOIN (JoinDefinedByMetadata(elements)) : <gen:0> -> <gen:1>
             - EntityQuerySpaceImpl(uid=<gen:1>, entity=org.thingsplode.core.entities.Parameter)
                - SQL table alias mapping - parameters0_
                - alias suffix - 1_
                - suffixed key columns - {id1_7_1_}

1983 [main] DEBUG org.hibernate.loader.collection.plan.CollectionLoader  - Static select for collection org.thingsplode.core.entities.Capability.parameters: select parameters0_.CAP_ID as CAP_ID4_0_0_, parameters0_.id as id1_7_0_, parameters0_.id as id1_7_1_, parameters0_.name as name2_7_1_, parameters0_.valueType as valueTyp3_7_1_ from PARAMETERS parameters0_ where parameters0_.CAP_ID=?
1983 [main] DEBUG org.hibernate.loader.plan.build.internal.spaces.QuerySpacesImpl  - Adding QuerySpace : uid = <gen:0> -> org.hibernate.loader.plan.build.internal.spaces.CollectionQuerySpaceImpl@22a736d7]
1983 [main] DEBUG org.hibernate.loader.plan.build.internal.spaces.QuerySpacesImpl  - Adding QuerySpace : uid = <gen:1> -> org.hibernate.loader.plan.build.internal.spaces.EntityQuerySpaceImpl@23b8d9f3]
1985 [main] DEBUG org.hibernate.loader.plan.build.internal.spaces.QuerySpacesImpl  - Adding QuerySpace : uid = <gen:2> -> org.hibernate.loader.plan.build.internal.spaces.CollectionQuerySpaceImpl@5d43409a]
1985 [main] DEBUG org.hibernate.loader.plan.build.internal.spaces.QuerySpacesImpl  - Adding QuerySpace : uid = <gen:3> -> org.hibernate.loader.plan.build.internal.spaces.EntityQuerySpaceImpl@38d17d80]
1985 [main] DEBUG org.hibernate.loader.plan.build.internal.spaces.QuerySpacesImpl  - Adding QuerySpace : uid = <gen:4> -> org.hibernate.loader.plan.build.internal.spaces.CompositeQuerySpaceImpl@6ede46f6]
1986 [main] DEBUG org.hibernate.loader.plan.build.internal.FetchStyleLoadPlanBuildingAssociationVisitationStrategy  - Building LoadPlan...
1986 [main] DEBUG org.hibernate.loader.plan.exec.internal.LoadQueryJoinAndFetchProcessor  - processing queryspace <gen:0>
1986 [main] DEBUG org.hibernate.loader.plan.build.spi.LoadPlanTreePrinter  - LoadPlan(collection=org.thingsplode.core.entities.Component.capabilities)
    - Returns
       - CollectionReturnImpl(collection=org.thingsplode.core.entities.Component.capabilities, querySpaceUid=<gen:0>, path=[org.thingsplode.core.entities.Component.capabilities])
          - (collection element) CollectionFetchableElementEntityGraph(entity=org.thingsplode.core.entities.Capability, querySpaceUid=<gen:1>, path=[org.thingsplode.core.entities.Component.capabilities].<elements>)
             - CollectionAttributeFetchImpl(collection=org.thingsplode.core.entities.Capability.parameters, querySpaceUid=<gen:2>, path=[org.thingsplode.core.entities.Component.capabilities].<elements>.parameters)
                - (collection element) CollectionFetchableElementEntityGraph(entity=org.thingsplode.core.entities.Parameter, querySpaceUid=<gen:3>, path=[org.thingsplode.core.entities.Component.capabilities].<elements>.parameters.<elements>)
             - CompositeAttributeFetchImpl(composite=org.thingsplode.core.Value, querySpaceUid=<gen:4>, path=[org.thingsplode.core.entities.Component.capabilities].<elements>.value)
    - QuerySpaces
       - CollectionQuerySpaceImpl(uid=<gen:0>, collection=org.thingsplode.core.entities.Component.capabilities)
          - SQL table alias mapping - capabiliti0_
          - alias suffix - 0_
          - suffixed key columns - {COMP_ID7_1_0_}
          - entity-element alias suffix - 1_
          - 1_entity-element suffixed key columns - id1_0_1_
          - JOIN (JoinDefinedByMetadata(elements)) : <gen:0> -> <gen:1>
             - EntityQuerySpaceImpl(uid=<gen:1>, entity=org.thingsplode.core.entities.Capability)
                - SQL table alias mapping - capabiliti0_
                - alias suffix - 1_
                - suffixed key columns - {id1_0_1_}
                - JOIN (JoinDefinedByMetadata(value)) : <gen:1> -> <gen:4>
                   - CompositeQuerySpaceImpl(uid=<gen:4>)
                      - SQL table alias mapping - capabiliti0_

1986 [main] DEBUG org.hibernate.loader.collection.plan.CollectionLoader  - Static select for collection org.thingsplode.core.entities.Component.capabilities: select capabiliti0_.COMP_ID as COMP_ID7_1_0_, capabiliti0_.id as id1_0_0_, capabiliti0_.id as id1_0_1_, capabiliti0_.active as active2_0_1_, capabiliti0_.name as name3_0_1_, capabiliti0_.type as type4_0_1_, capabiliti0_.content as content5_0_1_, capabiliti0_.VALUE_TYPE as VALUE_TY6_0_1_ from CAPABILITIES capabiliti0_ where capabiliti0_.COMP_ID=?
1987 [main] DEBUG org.hibernate.loader.plan.build.internal.spaces.QuerySpacesImpl  - Adding QuerySpace : uid = <gen:0> -> org.hibernate.loader.plan.build.internal.spaces.CollectionQuerySpaceImpl@2127e66e]
1987 [main] DEBUG org.hibernate.loader.plan.build.internal.spaces.QuerySpacesImpl  - Adding QuerySpace : uid = <gen:1> -> org.hibernate.loader.plan.build.internal.spaces.EntityQuerySpaceImpl@1229a2b7]
1987 [main] DEBUG org.hibernate.loader.plan.build.internal.spaces.QuerySpacesImpl  - Adding QuerySpace : uid = <gen:2> -> org.hibernate.loader.plan.build.internal.spaces.CompositeQuerySpaceImpl@4fc3c165]
1987 [main] DEBUG org.hibernate.loader.plan.build.internal.FetchStyleLoadPlanBuildingAssociationVisitationStrategy  - Building LoadPlan...
1987 [main] DEBUG org.hibernate.loader.plan.exec.internal.LoadQueryJoinAndFetchProcessor  - processing queryspace <gen:0>
1988 [main] DEBUG org.hibernate.loader.plan.build.spi.LoadPlanTreePrinter  - LoadPlan(collection=org.thingsplode.core.entities.Event.indications)
    - Returns
       - CollectionReturnImpl(collection=org.thingsplode.core.entities.Event.indications, querySpaceUid=<gen:0>, path=[org.thingsplode.core.entities.Event.indications])
          - (collection element) CollectionFetchableElementEntityGraph(entity=org.thingsplode.core.entities.Indication, querySpaceUid=<gen:1>, path=[org.thingsplode.core.entities.Event.indications].<elements>)
             - CompositeAttributeFetchImpl(composite=org.thingsplode.core.Value, querySpaceUid=<gen:2>, path=[org.thingsplode.core.entities.Event.indications].<elements>.indicationValue)
    - QuerySpaces
       - CollectionQuerySpaceImpl(uid=<gen:0>, collection=org.thingsplode.core.entities.Event.indications)
          - SQL table alias mapping - indication0_
          - alias suffix - 0_
          - suffixed key columns - {EVT_ID5_4_0_}
          - entity-element alias suffix - 1_
          - 1_entity-element suffixed key columns - id1_5_1_
          - JOIN (JoinDefinedByMetadata(elements)) : <gen:0> -> <gen:1>
             - EntityQuerySpaceImpl(uid=<gen:1>, entity=org.thingsplode.core.entities.Indication)
                - SQL table alias mapping - indication0_
                - alias suffix - 1_
                - suffixed key columns - {id1_5_1_}
                - JOIN (JoinDefinedByMetadata(indicationValue)) : <gen:1> -> <gen:2>
                   - CompositeQuerySpaceImpl(uid=<gen:2>)
                      - SQL table alias mapping - indication0_

1988 [main] DEBUG org.hibernate.loader.collection.plan.CollectionLoader  - Static select for collection org.thingsplode.core.entities.Event.indications: select indication0_.EVT_ID as EVT_ID5_4_0_, indication0_.id as id1_5_0_, indication0_.id as id1_5_1_, indication0_.content as content2_5_1_, indication0_.VALUE_TYPE as VALUE_TY3_5_1_, indication0_.name as name4_5_1_ from INDICATIONS indication0_ where indication0_.EVT_ID=?
1989 [main] DEBUG org.hibernate.internal.SessionFactoryRegistry  - Initializing SessionFactoryRegistry : org.hibernate.internal.SessionFactoryRegistry@1effd53c
1989 [main] DEBUG org.hibernate.internal.SessionFactoryRegistry  - Registering SessionFactory: ddf20ef7-047f-437b-9f88-570c52c61827 (<unnamed>)
1990 [main] DEBUG org.hibernate.internal.SessionFactoryRegistry  - Not binding SessionFactory to JNDI, no JNDI name configured
1990 [main] DEBUG org.hibernate.internal.SessionFactoryImpl  - Instantiated session factory
1994 [main] INFO org.hibernate.tool.hbm2ddl.SchemaUpdate  - HHH000228: Running hbm2ddl schema update
1994 [main] INFO org.hibernate.tool.hbm2ddl.SchemaUpdate  - HHH000102: Fetching database metadata
2022 [main] INFO org.hibernate.tool.hbm2ddl.SchemaUpdate  - HHH000396: Updating schema
2041 [main] INFO java.sql.DatabaseMetaData  - HHH000262: Table not found: CAPABILITIES
2046 [main] INFO java.sql.DatabaseMetaData  - HHH000262: Table not found: COMPONENT
2052 [main] INFO java.sql.DatabaseMetaData  - HHH000262: Table not found: CONFIGURATION
2053 [main] INFO java.sql.DatabaseMetaData  - HHH000262: Table not found: DEVICES
2054 [main] INFO java.sql.DatabaseMetaData  - HHH000262: Table not found: EVENTS
2057 [main] INFO java.sql.DatabaseMetaData  - HHH000262: Table not found: INDICATIONS
2058 [main] INFO java.sql.DatabaseMetaData  - HHH000262: Table not found: MODELS
2058 [main] INFO java.sql.DatabaseMetaData  - HHH000262: Table not found: PARAMETERS
2064 [main] INFO java.sql.DatabaseMetaData  - HHH000262: Table not found: TRESHOLDS
2066 [main] INFO java.sql.DatabaseMetaData  - HHH000262: Table not found: CAPABILITIES
2070 [main] INFO java.sql.DatabaseMetaData  - HHH000262: Table not found: COMPONENT
2071 [main] INFO java.sql.DatabaseMetaData  - HHH000262: Table not found: CONFIGURATION
2071 [main] INFO java.sql.DatabaseMetaData  - HHH000262: Table not found: DEVICES
2072 [main] INFO java.sql.DatabaseMetaData  - HHH000262: Table not found: EVENTS
2072 [main] INFO java.sql.DatabaseMetaData  - HHH000262: Table not found: INDICATIONS
2075 [main] INFO java.sql.DatabaseMetaData  - HHH000262: Table not found: MODELS
2076 [main] INFO java.sql.DatabaseMetaData  - HHH000262: Table not found: PARAMETERS
2076 [main] INFO java.sql.DatabaseMetaData  - HHH000262: Table not found: TRESHOLDS
2077 [main] INFO java.sql.DatabaseMetaData  - HHH000262: Table not found: CAPABILITIES
2077 [main] INFO java.sql.DatabaseMetaData  - HHH000262: Table not found: COMPONENT
2078 [main] INFO java.sql.DatabaseMetaData  - HHH000262: Table not found: CONFIGURATION
2079 [main] INFO java.sql.DatabaseMetaData  - HHH000262: Table not found: DEVICES
2079 [main] INFO java.sql.DatabaseMetaData  - HHH000262: Table not found: EVENTS
2080 [main] INFO java.sql.DatabaseMetaData  - HHH000262: Table not found: INDICATIONS
2080 [main] INFO java.sql.DatabaseMetaData  - HHH000262: Table not found: MODELS
2081 [main] INFO java.sql.DatabaseMetaData  - HHH000262: Table not found: PARAMETERS
2082 [main] INFO java.sql.DatabaseMetaData  - HHH000262: Table not found: TRESHOLDS
2084 [main] DEBUG org.hibernate.tool.hbm2ddl.SchemaUpdate  - create table CAPABILITIES (id bigint generated by default as identity, active boolean not null, name varchar(50) not null, type varchar(30) not null, content varchar(500), VALUE_TYPE varchar(255), COMP_ID bigint, primary key (id))
2101 [main] DEBUG org.hibernate.tool.hbm2ddl.SchemaUpdate  - create table COMPONENT (MAIN_TYPE varchar(31) not null, id bigint generated by default as identity, deviceClass varchar(30), enabledState varchar(30) not null, identification varchar(50) not null, partNumber varchar(150), serialNumber varchar(255), status varchar(30) not null, type varchar(30) not null, model_id bigint, ROOT_COMP_ID bigint, primary key (id))
2103 [main] DEBUG org.hibernate.tool.hbm2ddl.SchemaUpdate  - create table CONFIGURATION (id bigint generated by default as identity, key varchar(50) not null, syncStatus varchar(30), type varchar(30) not null, value varchar(255) not null, COMP_ID bigint not null, primary key (id))
2104 [main] DEBUG org.hibernate.tool.hbm2ddl.SchemaUpdate  - create table DEVICES (hostAddress varchar(50), lastHeartBeat timestamp, city varchar(255), country varchar(255), houseNumber varchar(255), postCode varchar(255), state varchar(255), street varchar(255), description varchar(255), latitude double not null, longitude double not null, startupDate timestamp, id bigint not null, primary key (id))
2108 [main] DEBUG org.hibernate.tool.hbm2ddl.SchemaUpdate  - create table EVENTS (id bigint generated by default as identity, eventClass varchar(30) not null, eventDate timestamp not null, eventId varchar(100) not null, receiveDate timestamp not null, severity varchar(30) not null, type varchar(30) not null, COMPONENT_ID bigint not null, primary key (id))
2109 [main] DEBUG org.hibernate.tool.hbm2ddl.SchemaUpdate  - create table INDICATIONS (id bigint generated by default as identity, content varchar(500), VALUE_TYPE varchar(255), name varchar(30) not null, EVT_ID bigint, primary key (id))
2110 [main] DEBUG org.hibernate.tool.hbm2ddl.SchemaUpdate  - create table MODELS (id bigint generated by default as identity, manufacturer varchar(30), type varchar(30) not null, version varchar(30) not null, primary key (id))
2114 [main] DEBUG org.hibernate.tool.hbm2ddl.SchemaUpdate  - create table PARAMETERS (id bigint generated by default as identity, name varchar(30) not null, valueType varchar(30) not null, CAP_ID bigint, primary key (id))
2119 [main] DEBUG org.hibernate.tool.hbm2ddl.SchemaUpdate  - create table TRESHOLDS (id bigint generated by default as identity, name varchar(50), scope varchar(255), content varchar(500), VALUE_TYPE varchar(255), type varchar(30), COMP_ID bigint, primary key (id))
2120 [main] DEBUG org.hibernate.tool.hbm2ddl.SchemaUpdate  - alter table CAPABILITIES drop constraint if exists UK_kkhl72he91wcxsg4hcaxidb37
2120 [main] DEBUG org.hibernate.tool.hbm2ddl.SchemaUpdate  - alter table CAPABILITIES add constraint UK_kkhl72he91wcxsg4hcaxidb37  unique (name, COMP_ID)
2123 [main] DEBUG org.hibernate.tool.hbm2ddl.SchemaUpdate  - alter table COMPONENT drop constraint if exists unique_ids
2123 [main] DEBUG org.hibernate.tool.hbm2ddl.SchemaUpdate  - alter table COMPONENT add constraint unique_ids  unique (identification, ROOT_COMP_ID)
2123 [main] DEBUG org.hibernate.tool.hbm2ddl.SchemaUpdate  - alter table COMPONENT drop constraint if exists UK_g3yj09kkuwosboyy33l8eyuqo
2123 [main] DEBUG org.hibernate.tool.hbm2ddl.SchemaUpdate  - alter table COMPONENT add constraint UK_g3yj09kkuwosboyy33l8eyuqo  unique (serialNumber)
2124 [main] DEBUG org.hibernate.tool.hbm2ddl.SchemaUpdate  - alter table CONFIGURATION drop constraint if exists unique_conf
2124 [main] DEBUG org.hibernate.tool.hbm2ddl.SchemaUpdate  - alter table CONFIGURATION add constraint unique_conf  unique (key, COMP_ID)
2124 [main] DEBUG org.hibernate.tool.hbm2ddl.SchemaUpdate  - alter table MODELS drop constraint if exists UK_8g9ptgdwhdocc2x7hwrk9gsyp
2124 [main] DEBUG org.hibernate.tool.hbm2ddl.SchemaUpdate  - alter table MODELS add constraint UK_8g9ptgdwhdocc2x7hwrk9gsyp  unique (manufacturer, type, version)
2125 [main] DEBUG org.hibernate.tool.hbm2ddl.SchemaUpdate  - alter table TRESHOLDS drop constraint if exists UK_fg5yr6e1y46ad0srwsxolyrwr
2125 [main] DEBUG org.hibernate.tool.hbm2ddl.SchemaUpdate  - alter table TRESHOLDS add constraint UK_fg5yr6e1y46ad0srwsxolyrwr  unique (name, COMP_ID)
2125 [main] DEBUG org.hibernate.tool.hbm2ddl.SchemaUpdate  - alter table CAPABILITIES add constraint FK_qh15qq5csvpdy9gr04xvpa5kp foreign key (COMP_ID) references COMPONENT
2132 [main] DEBUG org.hibernate.tool.hbm2ddl.SchemaUpdate  - alter table COMPONENT add constraint FK_feg3sht8wk011xwtjhv5stvtm foreign key (model_id) references MODELS
2134 [main] DEBUG org.hibernate.tool.hbm2ddl.SchemaUpdate  - alter table COMPONENT add constraint FK_lo7idin9s0k11tueyb9jsmw6a foreign key (ROOT_COMP_ID) references COMPONENT
2136 [main] DEBUG org.hibernate.tool.hbm2ddl.SchemaUpdate  - alter table CONFIGURATION add constraint FK_pbc8wm565b6wuik56r3wdikd0 foreign key (COMP_ID) references COMPONENT
2137 [main] DEBUG org.hibernate.tool.hbm2ddl.SchemaUpdate  - alter table DEVICES add constraint FK_2k3ne9brr5hwviblbh9dxc48j foreign key (id) references COMPONENT
2138 [main] DEBUG org.hibernate.tool.hbm2ddl.SchemaUpdate  - alter table EVENTS add constraint FK_3bpapgqkbtlnm5emfpa5787fu foreign key (COMPONENT_ID) references COMPONENT
2140 [main] DEBUG org.hibernate.tool.hbm2ddl.SchemaUpdate  - alter table INDICATIONS add constraint FK_t4hs0iiteqh8pkdjetw87tjm2 foreign key (EVT_ID) references EVENTS
2141 [main] DEBUG org.hibernate.tool.hbm2ddl.SchemaUpdate  - alter table PARAMETERS add constraint FK_6x9a0gjj2wb7v5jt30ibm1o5h foreign key (CAP_ID) references CAPABILITIES
2143 [main] DEBUG org.hibernate.tool.hbm2ddl.SchemaUpdate  - alter table TRESHOLDS add constraint FK_qt6y1pwe684s6r4dfp03a3uv0 foreign key (COMP_ID) references COMPONENT
2144 [main] INFO org.hibernate.tool.hbm2ddl.SchemaUpdate  - HHH000232: Schema update complete
2144 [main] DEBUG org.hibernate.internal.NamedQueryRepository  - Checking 0 named HQL queries
2144 [main] DEBUG org.hibernate.internal.NamedQueryRepository  - Checking 0 named SQL queries
2150 [main] DEBUG org.hibernate.stat.internal.StatisticsInitiator  - Statistics initialized [enabled=false]
2155 [main] DEBUG org.hibernate.jpa.internal.schemagen.JpaSchemaGenerator  - No actions specified; doing nothing
2216 [main] DEBUG org.hibernate.jpa.internal.EntityManagerFactoryRegistry  - Initializing EntityManagerFactoryRegistry : org.hibernate.jpa.internal.EntityManagerFactoryRegistry@3a37a501
2216 [main] DEBUG org.hibernate.jpa.internal.EntityManagerFactoryRegistry  - Registering EntityManagerFactory: default 
2475 [main] DEBUG org.hibernate.jpa.spi.AbstractEntityManagerImpl  - Mark transaction for rollback
2526 [main] DEBUG org.hibernate.jpa.spi.AbstractEntityManagerImpl  - Mark transaction for rollback
2529 [main] DEBUG org.hibernate.jpa.spi.AbstractEntityManagerImpl  - Mark transaction for rollback
2549 [main] DEBUG org.hibernate.jpa.spi.AbstractEntityManagerImpl  - Mark transaction for rollback
2784 [main] DEBUG org.hibernate.hql.internal.ast.QueryTranslatorImpl  - parse() - HQL: select c from org.thingsplode.core.entities.Component c where MAIN_TYPE= ?1
2792 [main] DEBUG org.hibernate.hql.internal.ast.QueryTranslatorImpl  - --- HQL AST ---
 \-[QUERY] Node: 'query'
    +-[SELECT_FROM] Node: 'SELECT_FROM'
    |  +-[FROM] Node: 'from'
    |  |  \-[RANGE] Node: 'RANGE'
    |  |     +-[DOT] Node: '.'
    |  |     |  +-[DOT] Node: '.'
    |  |     |  |  +-[DOT] Node: '.'
    |  |     |  |  |  +-[DOT] Node: '.'
    |  |     |  |  |  |  +-[IDENT] Node: 'org'
    |  |     |  |  |  |  \-[IDENT] Node: 'thingsplode'
    |  |     |  |  |  \-[IDENT] Node: 'core'
    |  |     |  |  \-[IDENT] Node: 'entities'
    |  |     |  \-[IDENT] Node: 'Component'
    |  |     \-[ALIAS] Node: 'c'
    |  \-[SELECT] Node: 'select'
    |     \-[IDENT] Node: 'c'
    \-[WHERE] Node: 'where'
       \-[EQ] Node: '='
          +-[IDENT] Node: 'MAIN_TYPE'
          \-[PARAM] Node: '?'
             \-[NUM_INT] Node: '1'

2792 [main] DEBUG org.hibernate.hql.internal.ast.ErrorCounter  - throwQueryException() : no errors
2809 [main] DEBUG org.hibernate.hql.internal.antlr.HqlSqlBaseWalker  - select << begin [level=1, statement=select]
2819 [main] DEBUG org.hibernate.hql.internal.ast.tree.FromElement  - FromClause{level=1} : org.thingsplode.core.entities.Component (c) -> component0_
2820 [main] DEBUG org.hibernate.hql.internal.ast.tree.FromReferenceNode  - Resolved : c -> component0_.id
2825 [main] DEBUG org.hibernate.hql.internal.antlr.HqlSqlBaseWalker  - select : finishing up [level=1, statement=select]
2825 [main] DEBUG org.hibernate.hql.internal.ast.HqlSqlWalker  - processQuery() :  ( SELECT ( {select clause} component0_.id ) ( FromClause{level=1} COMPONENT component0_ ) ( where ( = MAIN_TYPE ? ) ) )
2830 [main] DEBUG org.hibernate.hql.internal.ast.util.JoinProcessor  - Using FROM fragment [COMPONENT component0_ left outer join DEVICES component0_1_ on component0_.id=component0_1_.id]
2830 [main] DEBUG org.hibernate.hql.internal.antlr.HqlSqlBaseWalker  - select >> end [level=1, statement=select]
2831 [main] DEBUG org.hibernate.hql.internal.ast.QueryTranslatorImpl  - --- SQL AST ---
 \-[SELECT] QueryNode: 'SELECT'  querySpaces (COMPONENT)
    +-[SELECT_CLAUSE] SelectClause: '{select clause}'
    |  +-[ALIAS_REF] IdentNode: 'component0_.id as id2_1_' {alias=c, className=org.thingsplode.core.entities.Component, tableAlias=component0_}
    |  \-[SQL_TOKEN] SqlFragment: 'component0_.deviceClass as deviceCl3_1_, component0_.enabledState as enabledS4_1_, component0_.identification as identifi5_1_, component0_.model_id as model_i10_1_, component0_.partNumber as partNumb6_1_, component0_.serialNumber as serialNu7_1_, component0_.status as status8_1_, component0_.type as type9_1_, component0_1_.hostAddress as hostAddr1_3_, component0_1_.lastHeartBeat as lastHear2_3_, component0_1_.city as city3_3_, component0_1_.country as country4_3_, component0_1_.houseNumber as houseNum5_3_, component0_1_.postCode as postCode6_3_, component0_1_.state as state7_3_, component0_1_.street as street8_3_, component0_1_.description as descript9_3_, component0_1_.latitude as latitud10_3_, component0_1_.longitude as longitu11_3_, component0_1_.startupDate as startup12_3_, component0_.MAIN_TYPE as MAIN_TYP1_1_'
    +-[FROM] FromClause: 'from' FromClause{level=1, fromElementCounter=1, fromElements=1, fromElementByClassAlias=[c], fromElementByTableAlias=[component0_], fromElementsByPath=[], collectionJoinFromElementsByPath=[], impliedElements=[]}
    |  \-[FROM_FRAGMENT] FromElement: 'COMPONENT component0_ left outer join DEVICES component0_1_ on component0_.id=component0_1_.id' FromElement{explicit,not a collection join,not a fetch join,fetch non-lazy properties,classAlias=c,role=null,tableName=COMPONENT,tableAlias=component0_,origin=null,columns={,className=org.thingsplode.core.entities.Component}}
    \-[WHERE] SqlNode: 'where'
       \-[EQ] BinaryLogicOperatorNode: '='
          +-[IDENT] IdentNode: 'MAIN_TYPE' {originalText=MAIN_TYPE}
          \-[NAMED_PARAM] ParameterNode: '?' {name=1, expectedType=null}

2831 [main] DEBUG org.hibernate.hql.internal.ast.ErrorCounter  - throwQueryException() : no errors
2837 [main] DEBUG org.hibernate.hql.internal.ast.QueryTranslatorImpl  - HQL: select c from org.thingsplode.core.entities.Component c where MAIN_TYPE= ?1
2837 [main] DEBUG org.hibernate.hql.internal.ast.QueryTranslatorImpl  - SQL: select component0_.id as id2_1_, component0_.deviceClass as deviceCl3_1_, component0_.enabledState as enabledS4_1_, component0_.identification as identifi5_1_, component0_.model_id as model_i10_1_, component0_.partNumber as partNumb6_1_, component0_.serialNumber as serialNu7_1_, component0_.status as status8_1_, component0_.type as type9_1_, component0_1_.hostAddress as hostAddr1_3_, component0_1_.lastHeartBeat as lastHear2_3_, component0_1_.city as city3_3_, component0_1_.country as country4_3_, component0_1_.houseNumber as houseNum5_3_, component0_1_.postCode as postCode6_3_, component0_1_.state as state7_3_, component0_1_.street as street8_3_, component0_1_.description as descript9_3_, component0_1_.latitude as latitud10_3_, component0_1_.longitude as longitu11_3_, component0_1_.startupDate as startup12_3_, component0_.MAIN_TYPE as MAIN_TYP1_1_ from COMPONENT component0_ left outer join DEVICES component0_1_ on component0_.id=component0_1_.id where MAIN_TYPE=?
2837 [main] DEBUG org.hibernate.hql.internal.ast.ErrorCounter  - throwQueryException() : no errors
2914 [main] DEBUG org.hibernate.engine.transaction.spi.AbstractTransactionImpl  - begin
2914 [main] DEBUG org.hibernate.engine.jdbc.internal.LogicalConnectionImpl  - Obtaining JDBC connection
2914 [main] DEBUG org.hibernate.engine.jdbc.internal.LogicalConnectionImpl  - Obtained JDBC connection
2915 [main] DEBUG org.hibernate.engine.transaction.internal.jdbc.JdbcTransaction  - initial autocommit status: true
2915 [main] DEBUG org.hibernate.engine.transaction.internal.jdbc.JdbcTransaction  - disabling autocommit
2938 [main] DEBUG org.hibernate.engine.spi.ActionQueue  - Executing identity-insert immediately
2949 [main] DEBUG org.hibernate.SQL  - 
    insert 
    into
        MODELS
        (id, manufacturer, type, version) 
    values
        (null, ?, ?, ?)
Hibernate: 
    insert 
    into
        MODELS
        (id, manufacturer, type, version) 
    values
        (null, ?, ?, ?)
3100 [main] TRACE org.hibernate.type.descriptor.sql.BasicBinder  - binding parameter [1] as [VARCHAR] - [some_manufacturer]
3100 [main] TRACE org.hibernate.type.descriptor.sql.BasicBinder  - binding parameter [2] as [VARCHAR] - [some_type]
3100 [main] TRACE org.hibernate.type.descriptor.sql.BasicBinder  - binding parameter [3] as [VARCHAR] - [1]
3121 [main] DEBUG org.hibernate.engine.spi.ActionQueue  - Executing identity-insert immediately
3130 [main] DEBUG org.hibernate.SQL  - 
    insert 
    into
        COMPONENT
        (id, deviceClass, enabledState, identification, model_id, partNumber, serialNumber, status, type, MAIN_TYPE) 
    values
        (null, ?, ?, ?, ?, ?, ?, ?, ?, 'DEVICE')
Hibernate: 
    insert 
    into
        COMPONENT
        (id, deviceClass, enabledState, identification, model_id, partNumber, serialNumber, status, type, MAIN_TYPE) 
    values
        (null, ?, ?, ?, ?, ?, ?, ?, ?, 'DEVICE')
3131 [main] TRACE org.hibernate.type.descriptor.sql.BasicBinder  - binding parameter [1] as [VARCHAR] - [null]
3131 [main] TRACE org.hibernate.type.EnumType  - Binding [ENABLED] to parameter: [2]
3132 [main] TRACE org.hibernate.type.descriptor.sql.BasicBinder  - binding parameter [3] as [VARCHAR] - [test_device_1]
3133 [main] TRACE org.hibernate.type.descriptor.sql.BasicBinder  - binding parameter [4] as [BIGINT] - [1]
3134 [main] TRACE org.hibernate.type.descriptor.sql.BasicBinder  - binding parameter [5] as [VARCHAR] - [123]
3134 [main] TRACE org.hibernate.type.descriptor.sql.BasicBinder  - binding parameter [6] as [VARCHAR] - [1231234235]
3134 [main] TRACE org.hibernate.type.EnumType  - Binding [ONLINE] to parameter: [7]
3134 [main] TRACE org.hibernate.type.EnumType  - Binding [HARDWARE] to parameter: [8]
3140 [main] DEBUG org.hibernate.SQL  - 
    insert 
    into
        DEVICES
        (hostAddress, lastHeartBeat, city, country, houseNumber, postCode, state, street, description, latitude, longitude, startupDate, id) 
    values
        (?, ?, ?, ?, ?, ?, ?, ?, ?, ?, ?, ?, ?)
Hibernate: 
    insert 
    into
        DEVICES
        (hostAddress, lastHeartBeat, city, country, houseNumber, postCode, state, street, description, latitude, longitude, startupDate, id) 
    values
        (?, ?, ?, ?, ?, ?, ?, ?, ?, ?, ?, ?, ?)
3142 [main] TRACE org.hibernate.type.descriptor.sql.BasicBinder  - binding parameter [1] as [VARCHAR] - [127.0.1.1]
3145 [main] TRACE org.hibernate.type.descriptor.sql.BasicBinder  - binding parameter [2] as [TIMESTAMP] - [java.util.GregorianCalendar[time=1431202826794,areFieldsSet=true,areAllFieldsSet=true,lenient=true,zone=sun.util.calendar.ZoneInfo[id="Europe/Vienna",offset=3600000,dstSavings=3600000,useDaylight=true,transitions=139,lastRule=java.util.SimpleTimeZone[id=Europe/Vienna,offset=3600000,dstSavings=3600000,useDaylight=true,startYear=0,startMode=2,startMonth=2,startDay=-1,startDayOfWeek=1,startTime=3600000,startTimeMode=2,endMode=2,endMonth=9,endDay=-1,endDayOfWeek=1,endTime=3600000,endTimeMode=2]],firstDayOfWeek=1,minimalDaysInFirstWeek=1,ERA=1,YEAR=2015,MONTH=4,WEEK_OF_YEAR=19,WEEK_OF_MONTH=2,DAY_OF_MONTH=9,DAY_OF_YEAR=129,DAY_OF_WEEK=7,DAY_OF_WEEK_IN_MONTH=2,AM_PM=1,HOUR=10,HOUR_OF_DAY=22,MINUTE=20,SECOND=26,MILLISECOND=794,ZONE_OFFSET=3600000,DST_OFFSET=3600000]]
3147 [main] TRACE org.hibernate.type.descriptor.sql.BasicBinder  - binding parameter [3] as [VARCHAR] - [some_city]
3147 [main] TRACE org.hibernate.type.descriptor.sql.BasicBinder  - binding parameter [4] as [VARCHAR] - [Some Country]
3147 [main] TRACE org.hibernate.type.descriptor.sql.BasicBinder  - binding parameter [5] as [VARCHAR] - [54]
3147 [main] TRACE org.hibernate.type.descriptor.sql.BasicBinder  - binding parameter [6] as [VARCHAR] - [434545]
3147 [main] TRACE org.hibernate.type.descriptor.sql.BasicBinder  - binding parameter [7] as [VARCHAR] - [some state]
3147 [main] TRACE org.hibernate.type.descriptor.sql.BasicBinder  - binding parameter [8] as [VARCHAR] - [null]
3147 [main] TRACE org.hibernate.type.descriptor.sql.BasicBinder  - binding parameter [9] as [VARCHAR] - [default]
3148 [main] TRACE org.hibernate.type.descriptor.sql.BasicBinder  - binding parameter [10] as [DOUBLE] - [100.0]
3148 [main] TRACE org.hibernate.type.descriptor.sql.BasicBinder  - binding parameter [11] as [DOUBLE] - [123.4]
3148 [main] TRACE org.hibernate.type.descriptor.sql.BasicBinder  - binding parameter [12] as [TIMESTAMP] - [java.util.GregorianCalendar[time=1431202826795,areFieldsSet=true,areAllFieldsSet=true,lenient=true,zone=sun.util.calendar.ZoneInfo[id="Europe/Vienna",offset=3600000,dstSavings=3600000,useDaylight=true,transitions=139,lastRule=java.util.SimpleTimeZone[id=Europe/Vienna,offset=3600000,dstSavings=3600000,useDaylight=true,startYear=0,startMode=2,startMonth=2,startDay=-1,startDayOfWeek=1,startTime=3600000,startTimeMode=2,endMode=2,endMonth=9,endDay=-1,endDayOfWeek=1,endTime=3600000,endTimeMode=2]],firstDayOfWeek=1,minimalDaysInFirstWeek=1,ERA=1,YEAR=2015,MONTH=4,WEEK_OF_YEAR=19,WEEK_OF_MONTH=2,DAY_OF_MONTH=9,DAY_OF_YEAR=129,DAY_OF_WEEK=7,DAY_OF_WEEK_IN_MONTH=2,AM_PM=1,HOUR=10,HOUR_OF_DAY=22,MINUTE=20,SECOND=26,MILLISECOND=795,ZONE_OFFSET=3600000,DST_OFFSET=3600000]]
3149 [main] TRACE org.hibernate.type.descriptor.sql.BasicBinder  - binding parameter [13] as [BIGINT] - [1]
3152 [main] DEBUG org.hibernate.engine.spi.ActionQueue  - Executing identity-insert immediately
3153 [main] DEBUG org.hibernate.SQL  - 
    insert 
    into
        CAPABILITIES
        (id, active, name, type, content, VALUE_TYPE) 
    values
        (null, ?, ?, ?, ?, ?)
Hibernate: 
    insert 
    into
        CAPABILITIES
        (id, active, name, type, content, VALUE_TYPE) 
    values
        (null, ?, ?, ?, ?, ?)
3154 [main] TRACE org.hibernate.type.descriptor.sql.BasicBinder  - binding parameter [1] as [BOOLEAN] - [true]
3155 [main] TRACE org.hibernate.type.descriptor.sql.BasicBinder  - binding parameter [2] as [VARCHAR] - [meter_value]
3155 [main] TRACE org.hibernate.type.EnumType  - Binding [READ] to parameter: [3]
3155 [main] TRACE org.hibernate.type.descriptor.sql.BasicBinder  - binding parameter [4] as [VARCHAR] - [null]
3155 [main] TRACE org.hibernate.type.EnumType  - Binding null to parameter: [5]
3158 [main] DEBUG org.hibernate.engine.spi.ActionQueue  - Executing identity-insert immediately
3159 [main] DEBUG org.hibernate.SQL  - 
    insert 
    into
        CAPABILITIES
        (id, active, name, type, content, VALUE_TYPE) 
    values
        (null, ?, ?, ?, ?, ?)
Hibernate: 
    insert 
    into
        CAPABILITIES
        (id, active, name, type, content, VALUE_TYPE) 
    values
        (null, ?, ?, ?, ?, ?)
3160 [main] TRACE org.hibernate.type.descriptor.sql.BasicBinder  - binding parameter [1] as [BOOLEAN] - [true]
3160 [main] TRACE org.hibernate.type.descriptor.sql.BasicBinder  - binding parameter [2] as [VARCHAR] - [door_control]
3161 [main] TRACE org.hibernate.type.EnumType  - Binding [WRITE_OR_EXECUTE] to parameter: [3]
3161 [main] TRACE org.hibernate.type.descriptor.sql.BasicBinder  - binding parameter [4] as [VARCHAR] - [null]
3161 [main] TRACE org.hibernate.type.EnumType  - Binding null to parameter: [5]
3162 [main] DEBUG org.hibernate.engine.spi.ActionQueue  - Executing identity-insert immediately
3162 [main] DEBUG org.hibernate.SQL  - 
    insert 
    into
        PARAMETERS
        (id, name, valueType) 
    values
        (null, ?, ?)
Hibernate: 
    insert 
    into
        PARAMETERS
        (id, name, valueType) 
    values
        (null, ?, ?)
3163 [main] TRACE org.hibernate.type.descriptor.sql.BasicBinder  - binding parameter [1] as [VARCHAR] - [open]
3163 [main] TRACE org.hibernate.type.EnumType  - Binding [BOOLEAN] to parameter: [2]
3177 [main] DEBUG org.hibernate.engine.spi.ActionQueue  - Executing identity-insert immediately
3177 [main] DEBUG org.hibernate.SQL  - 
    insert 
    into
        COMPONENT
        (id, deviceClass, enabledState, identification, model_id, partNumber, serialNumber, status, type, MAIN_TYPE) 
    values
        (null, ?, ?, ?, ?, ?, ?, ?, ?, 'COMPONENTS')
Hibernate: 
    insert 
    into
        COMPONENT
        (id, deviceClass, enabledState, identification, model_id, partNumber, serialNumber, status, type, MAIN_TYPE) 
    values
        (null, ?, ?, ?, ?, ?, ?, ?, ?, 'COMPONENTS')
3178 [main] TRACE org.hibernate.type.descriptor.sql.BasicBinder  - binding parameter [1] as [VARCHAR] - [null]
3179 [main] TRACE org.hibernate.type.EnumType  - Binding [ENABLED] to parameter: [2]
3179 [main] TRACE org.hibernate.type.descriptor.sql.BasicBinder  - binding parameter [3] as [VARCHAR] - [card_reader]
3179 [main] TRACE org.hibernate.type.descriptor.sql.BasicBinder  - binding parameter [4] as [BIGINT] - [null]
3179 [main] TRACE org.hibernate.type.descriptor.sql.BasicBinder  - binding parameter [5] as [VARCHAR] - [null]
3179 [main] TRACE org.hibernate.type.descriptor.sql.BasicBinder  - binding parameter [6] as [VARCHAR] - [null]
3179 [main] TRACE org.hibernate.type.EnumType  - Binding [ONLINE] to parameter: [7]
3179 [main] TRACE org.hibernate.type.EnumType  - Binding [HARDWARE] to parameter: [8]
3180 [main] DEBUG org.hibernate.engine.spi.ActionQueue  - Executing identity-insert immediately
3181 [main] DEBUG org.hibernate.SQL  - 
    insert 
    into
        CAPABILITIES
        (id, active, name, type, content, VALUE_TYPE) 
    values
        (null, ?, ?, ?, ?, ?)
Hibernate: 
    insert 
    into
        CAPABILITIES
        (id, active, name, type, content, VALUE_TYPE) 
    values
        (null, ?, ?, ?, ?, ?)
3181 [main] TRACE org.hibernate.type.descriptor.sql.BasicBinder  - binding parameter [1] as [BOOLEAN] - [true]
3181 [main] TRACE org.hibernate.type.descriptor.sql.BasicBinder  - binding parameter [2] as [VARCHAR] - [read_card]
3181 [main] TRACE org.hibernate.type.EnumType  - Binding [WRITE_OR_EXECUTE] to parameter: [3]
3181 [main] TRACE org.hibernate.type.descriptor.sql.BasicBinder  - binding parameter [4] as [VARCHAR] - [null]
3181 [main] TRACE org.hibernate.type.EnumType  - Binding null to parameter: [5]
3182 [main] DEBUG org.hibernate.engine.spi.ActionQueue  - Executing identity-insert immediately
3182 [main] DEBUG org.hibernate.SQL  - 
    insert 
    into
        COMPONENT
        (id, deviceClass, enabledState, identification, model_id, partNumber, serialNumber, status, type, MAIN_TYPE) 
    values
        (null, ?, ?, ?, ?, ?, ?, ?, ?, 'COMPONENTS')
Hibernate: 
    insert 
    into
        COMPONENT
        (id, deviceClass, enabledState, identification, model_id, partNumber, serialNumber, status, type, MAIN_TYPE) 
    values
        (null, ?, ?, ?, ?, ?, ?, ?, ?, 'COMPONENTS')
3182 [main] TRACE org.hibernate.type.descriptor.sql.BasicBinder  - binding parameter [1] as [VARCHAR] - [null]
3182 [main] TRACE org.hibernate.type.EnumType  - Binding [ENABLED] to parameter: [2]
3182 [main] TRACE org.hibernate.type.descriptor.sql.BasicBinder  - binding parameter [3] as [VARCHAR] - [EMC68]
3182 [main] TRACE org.hibernate.type.descriptor.sql.BasicBinder  - binding parameter [4] as [BIGINT] - [null]
3182 [main] TRACE org.hibernate.type.descriptor.sql.BasicBinder  - binding parameter [5] as [VARCHAR] - [null]
3183 [main] TRACE org.hibernate.type.descriptor.sql.BasicBinder  - binding parameter [6] as [VARCHAR] - [null]
3183 [main] TRACE org.hibernate.type.EnumType  - Binding [ONLINE] to parameter: [7]
3183 [main] TRACE org.hibernate.type.EnumType  - Binding [HARDWARE] to parameter: [8]
3183 [main] DEBUG org.hibernate.engine.spi.ActionQueue  - Executing identity-insert immediately
3184 [main] DEBUG org.hibernate.SQL  - 
    insert 
    into
        CONFIGURATION
        (id, key, syncStatus, type, value, COMP_ID) 
    values
        (null, ?, ?, ?, ?, ?)
Hibernate: 
    insert 
    into
        CONFIGURATION
        (id, key, syncStatus, type, value, COMP_ID) 
    values
        (null, ?, ?, ?, ?, ?)
3187 [main] TRACE org.hibernate.type.descriptor.sql.BasicBinder  - binding parameter [1] as [VARCHAR] - [chip_installed]
3187 [main] TRACE org.hibernate.type.EnumType  - Binding [NEW] to parameter: [2]
3187 [main] TRACE org.hibernate.type.EnumType  - Binding [BOOLEAN] to parameter: [3]
3187 [main] TRACE org.hibernate.type.descriptor.sql.BasicBinder  - binding parameter [4] as [VARCHAR] - [true]
3187 [main] TRACE org.hibernate.type.descriptor.sql.BasicBinder  - binding parameter [5] as [BIGINT] - [3]
3187 [main] DEBUG org.hibernate.engine.spi.ActionQueue  - Executing identity-insert immediately
3192 [main] DEBUG org.hibernate.SQL  - 
    insert 
    into
        CONFIGURATION
        (id, key, syncStatus, type, value, COMP_ID) 
    values
        (null, ?, ?, ?, ?, ?)
Hibernate: 
    insert 
    into
        CONFIGURATION
        (id, key, syncStatus, type, value, COMP_ID) 
    values
        (null, ?, ?, ?, ?, ?)
3192 [main] TRACE org.hibernate.type.descriptor.sql.BasicBinder  - binding parameter [1] as [VARCHAR] - [read_timeout]
3192 [main] TRACE org.hibernate.type.EnumType  - Binding [NEW] to parameter: [2]
3192 [main] TRACE org.hibernate.type.EnumType  - Binding [NUMBER] to parameter: [3]
3192 [main] TRACE org.hibernate.type.descriptor.sql.BasicBinder  - binding parameter [4] as [VARCHAR] - [20000]
3192 [main] TRACE org.hibernate.type.descriptor.sql.BasicBinder  - binding parameter [5] as [BIGINT] - [2]
3193 [main] DEBUG org.hibernate.engine.spi.ActionQueue  - Executing identity-insert immediately
3193 [main] DEBUG org.hibernate.SQL  - 
    insert 
    into
        TRESHOLDS
        (id, name, scope, content, VALUE_TYPE, type) 
    values
        (null, ?, ?, ?, ?, ?)
Hibernate: 
    insert 
    into
        TRESHOLDS
        (id, name, scope, content, VALUE_TYPE, type) 
    values
        (null, ?, ?, ?, ?, ?)
3204 [main] TRACE org.hibernate.type.descriptor.sql.BasicBinder  - binding parameter [1] as [VARCHAR] - [nr_of_transactions]
3204 [main] TRACE org.hibernate.type.EnumType  - Binding [COMPONENT] to parameter: [2]
3204 [main] TRACE org.hibernate.type.descriptor.sql.BasicBinder  - binding parameter [3] as [VARCHAR] - [100000]
3205 [main] TRACE org.hibernate.type.EnumType  - Binding [NUMBER] to parameter: [4]
3205 [main] TRACE org.hibernate.type.EnumType  - Binding [HIGH] to parameter: [5]
3205 [main] DEBUG org.hibernate.engine.spi.ActionQueue  - Executing identity-insert immediately
3206 [main] DEBUG org.hibernate.SQL  - 
    insert 
    into
        CONFIGURATION
        (id, key, syncStatus, type, value, COMP_ID) 
    values
        (null, ?, ?, ?, ?, ?)
Hibernate: 
    insert 
    into
        CONFIGURATION
        (id, key, syncStatus, type, value, COMP_ID) 
    values
        (null, ?, ?, ?, ?, ?)
3206 [main] TRACE org.hibernate.type.descriptor.sql.BasicBinder  - binding parameter [1] as [VARCHAR] - [shutdown_timeout]
3206 [main] TRACE org.hibernate.type.EnumType  - Binding [NEW] to parameter: [2]
3206 [main] TRACE org.hibernate.type.EnumType  - Binding [NUMBER] to parameter: [3]
3206 [main] TRACE org.hibernate.type.descriptor.sql.BasicBinder  - binding parameter [4] as [VARCHAR] - [3000]
3206 [main] TRACE org.hibernate.type.descriptor.sql.BasicBinder  - binding parameter [5] as [BIGINT] - [1]
3206 [main] DEBUG org.hibernate.engine.spi.ActionQueue  - Executing identity-insert immediately
3207 [main] DEBUG org.hibernate.SQL  - 
    insert 
    into
        CONFIGURATION
        (id, key, syncStatus, type, value, COMP_ID) 
    values
        (null, ?, ?, ?, ?, ?)
Hibernate: 
    insert 
    into
        CONFIGURATION
        (id, key, syncStatus, type, value, COMP_ID) 
    values
        (null, ?, ?, ?, ?, ?)
3207 [main] TRACE org.hibernate.type.descriptor.sql.BasicBinder  - binding parameter [1] as [VARCHAR] - [deletable_config]
3207 [main] TRACE org.hibernate.type.EnumType  - Binding [NEW] to parameter: [2]
3207 [main] TRACE org.hibernate.type.EnumType  - Binding [NUMBER] to parameter: [3]
3207 [main] TRACE org.hibernate.type.descriptor.sql.BasicBinder  - binding parameter [4] as [VARCHAR] - [1000]
3207 [main] TRACE org.hibernate.type.descriptor.sql.BasicBinder  - binding parameter [5] as [BIGINT] - [1]
3207 [main] DEBUG org.hibernate.engine.spi.ActionQueue  - Executing identity-insert immediately
3208 [main] DEBUG org.hibernate.SQL  - 
    insert 
    into
        TRESHOLDS
        (id, name, scope, content, VALUE_TYPE, type) 
    values
        (null, ?, ?, ?, ?, ?)
Hibernate: 
    insert 
    into
        TRESHOLDS
        (id, name, scope, content, VALUE_TYPE, type) 
    values
        (null, ?, ?, ?, ?, ?)
3208 [main] TRACE org.hibernate.type.descriptor.sql.BasicBinder  - binding parameter [1] as [VARCHAR] - [alarm_high]
3208 [main] TRACE org.hibernate.type.EnumType  - Binding [DEVICE] to parameter: [2]
3208 [main] TRACE org.hibernate.type.descriptor.sql.BasicBinder  - binding parameter [3] as [VARCHAR] - [10000]
3208 [main] TRACE org.hibernate.type.EnumType  - Binding [NUMBER] to parameter: [4]
3208 [main] TRACE org.hibernate.type.EnumType  - Binding [HIGH] to parameter: [5]
3208 [main] DEBUG org.hibernate.engine.spi.ActionQueue  - Executing identity-insert immediately
3209 [main] DEBUG org.hibernate.SQL  - 
    insert 
    into
        TRESHOLDS
        (id, name, scope, content, VALUE_TYPE, type) 
    values
        (null, ?, ?, ?, ?, ?)
Hibernate: 
    insert 
    into
        TRESHOLDS
        (id, name, scope, content, VALUE_TYPE, type) 
    values
        (null, ?, ?, ?, ?, ?)
3209 [main] TRACE org.hibernate.type.descriptor.sql.BasicBinder  - binding parameter [1] as [VARCHAR] - [alarm_low]
3209 [main] TRACE org.hibernate.type.EnumType  - Binding [DEVICE] to parameter: [2]
3209 [main] TRACE org.hibernate.type.descriptor.sql.BasicBinder  - binding parameter [3] as [VARCHAR] - [100]
3209 [main] TRACE org.hibernate.type.EnumType  - Binding [NUMBER] to parameter: [4]
3209 [main] TRACE org.hibernate.type.EnumType  - Binding [LOW] to parameter: [5]
3210 [main] DEBUG org.hibernate.engine.transaction.spi.AbstractTransactionImpl  - committing
3210 [main] DEBUG org.hibernate.event.internal.AbstractFlushingEventListener  - Processing flush-time cascades
3219 [main] DEBUG org.hibernate.event.internal.AbstractFlushingEventListener  - Dirty checking collections
3224 [main] DEBUG org.hibernate.engine.internal.Collections  - Collection found: [org.thingsplode.core.entities.Component.capabilities#1], was: [<unreferenced>] (initialized)
3224 [main] DEBUG org.hibernate.engine.internal.Collections  - Collection found: [org.thingsplode.core.entities.Component.components#1], was: [<unreferenced>] (initialized)
3224 [main] DEBUG org.hibernate.engine.internal.Collections  - Collection found: [org.thingsplode.core.entities.Component.configuration#1], was: [<unreferenced>] (initialized)
3224 [main] DEBUG org.hibernate.engine.internal.Collections  - Collection found: [org.thingsplode.core.entities.Component.tresholds#1], was: [<unreferenced>] (initialized)
3224 [main] DEBUG org.hibernate.engine.internal.Collections  - Collection found: [org.thingsplode.core.entities.Capability.parameters#2], was: [<unreferenced>] (initialized)
3224 [main] DEBUG org.hibernate.engine.internal.Collections  - Collection found: [org.thingsplode.core.entities.Component.capabilities#2], was: [<unreferenced>] (initialized)
3224 [main] DEBUG org.hibernate.engine.internal.Collections  - Collection found: [org.thingsplode.core.entities.Component.components#2], was: [<unreferenced>] (initialized)
3224 [main] DEBUG org.hibernate.engine.internal.Collections  - Collection found: [org.thingsplode.core.entities.Component.configuration#2], was: [<unreferenced>] (initialized)
3225 [main] DEBUG org.hibernate.engine.internal.Collections  - Collection found: [org.thingsplode.core.entities.Component.tresholds#2], was: [<unreferenced>] (initialized)
3225 [main] DEBUG org.hibernate.engine.internal.Collections  - Collection found: [org.thingsplode.core.entities.Component.configuration#3], was: [<unreferenced>] (initialized)
3227 [main] DEBUG org.hibernate.event.internal.AbstractFlushingEventListener  - Flushed: 0 insertions, 0 updates, 0 deletions to 15 objects
3227 [main] DEBUG org.hibernate.event.internal.AbstractFlushingEventListener  - Flushed: 10 (re)creations, 0 updates, 0 removals to 10 collections
3232 [main] DEBUG org.hibernate.internal.util.EntityPrinter  - Listing entities:
3233 [main] DEBUG org.hibernate.internal.util.EntityPrinter  - org.thingsplode.core.entities.Model{id=1, type=some_type, version=1, manufacturer=some_manufacturer}
3233 [main] DEBUG org.hibernate.internal.util.EntityPrinter  - org.thingsplode.core.entities.Device{tresholds=[org.thingsplode.core.entities.Treshold#2, org.thingsplode.core.entities.Treshold#3], components=[org.thingsplode.core.entities.Component#2], capabilities=[org.thingsplode.core.entities.Capability#1, org.thingsplode.core.entities.Capability#2], serialNumber=1231234235, configuration=[org.thingsplode.core.entities.Configuration#3, org.thingsplode.core.entities.Configuration#4], type=HARDWARE, lastHeartBeat=java.util.GregorianCalendar[time=1431202826794,areFieldsSet=true,areAllFieldsSet=true,lenient=true,zone=sun.util.calendar.ZoneInfo[id="Europe/Vienna",offset=3600000,dstSavings=3600000,useDaylight=true,transitions=139,lastRule=java.util.SimpleTimeZone[id=Europe/Vienna,offset=3600000,dstSavings=3600000,useDaylight=true,startYear=0,startMode=2,startMonth=2,startDay=-1,startDayOfWeek=1,startTime=3600000,startTimeMode=2,endMode=2,endMonth=9,endDay=-1,endDayOfWeek=1,endTime=3600000,endTimeMode=2]],firstDayOfWeek=1,minimalDaysInFirstWeek=1,ERA=1,YEAR=2015,MONTH=4,WEEK_OF_YEAR=19,WEEK_OF_MONTH=2,DAY_OF_MONTH=9,DAY_OF_YEAR=129,DAY_OF_WEEK=7,DAY_OF_WEEK_IN_MONTH=2,AM_PM=1,HOUR=10,HOUR_OF_DAY=22,MINUTE=20,SECOND=26,MILLISECOND=794,ZONE_OFFSET=3600000,DST_OFFSET=3600000], enabledState=ENABLED, identification=test_device_1, startupDate=java.util.GregorianCalendar[time=1431202826795,areFieldsSet=true,areAllFieldsSet=true,lenient=true,zone=sun.util.calendar.ZoneInfo[id="Europe/Vienna",offset=3600000,dstSavings=3600000,useDaylight=true,transitions=139,lastRule=java.util.SimpleTimeZone[id=Europe/Vienna,offset=3600000,dstSavings=3600000,useDaylight=true,startYear=0,startMode=2,startMonth=2,startDay=-1,startDayOfWeek=1,startTime=3600000,startTimeMode=2,endMode=2,endMonth=9,endDay=-1,endDayOfWeek=1,endTime=3600000,endTimeMode=2]],firstDayOfWeek=1,minimalDaysInFirstWeek=1,ERA=1,YEAR=2015,MONTH=4,WEEK_OF_YEAR=19,WEEK_OF_MONTH=2,DAY_OF_MONTH=9,DAY_OF_YEAR=129,DAY_OF_WEEK=7,DAY_OF_WEEK_IN_MONTH=2,AM_PM=1,HOUR=10,HOUR_OF_DAY=22,MINUTE=20,SECOND=26,MILLISECOND=795,ZONE_OFFSET=3600000,DST_OFFSET=3600000], deviceClass=null, model=org.thingsplode.core.entities.Model#1, partNumber=123, location=component[address,description,latitude,longitude]{address=component[city,country,houseNumber,postCode,state,street]{country=Some Country, city=some_city, street=null, houseNumber=54, postCode=434545, state=some state}, latitude=100.0, description=default, longitude=123.4}, id=1, hostAddress=127.0.1.1, status=ONLINE}
3235 [main] DEBUG org.hibernate.internal.util.EntityPrinter  - org.thingsplode.core.entities.Capability{name=meter_value, active=true, id=1, type=READ, parameters=null, value=null}
3235 [main] DEBUG org.hibernate.internal.util.EntityPrinter  - org.thingsplode.core.entities.Parameter{valueType=BOOLEAN, name=open, id=1}
3235 [main] DEBUG org.hibernate.internal.util.EntityPrinter  - org.thingsplode.core.entities.Configuration{id=1, type=BOOLEAN, value=true, key=chip_installed, syncStatus=NEW}
3237 [main] DEBUG org.hibernate.internal.util.EntityPrinter  - org.thingsplode.core.entities.Treshold{scope=COMPONENT, tresholdValue=component[content,type]{type=NUMBER, content=100000}, name=nr_of_transactions, id=1, type=HIGH}
3237 [main] DEBUG org.hibernate.internal.util.EntityPrinter  - org.thingsplode.core.entities.Capability{name=door_control, active=true, id=2, type=WRITE_OR_EXECUTE, parameters=[org.thingsplode.core.entities.Parameter#1], value=null}
3238 [main] DEBUG org.hibernate.internal.util.EntityPrinter  - org.thingsplode.core.entities.Component{tresholds=[org.thingsplode.core.entities.Treshold#1], components=[org.thingsplode.core.entities.Component#3], capabilities=[org.thingsplode.core.entities.Capability#3], serialNumber=null, configuration=[org.thingsplode.core.entities.Configuration#2], type=HARDWARE, enabledState=ENABLED, identification=card_reader, deviceClass=null, model=null, partNumber=null, id=2, status=ONLINE}
3238 [main] DEBUG org.hibernate.internal.util.EntityPrinter  - org.thingsplode.core.entities.Configuration{id=2, type=NUMBER, value=20000, key=read_timeout, syncStatus=NEW}
3238 [main] DEBUG org.hibernate.internal.util.EntityPrinter  - org.thingsplode.core.entities.Treshold{scope=DEVICE, tresholdValue=component[content,type]{type=NUMBER, content=10000}, name=alarm_high, id=2, type=HIGH}
3238 [main] DEBUG org.hibernate.internal.util.EntityPrinter  - org.thingsplode.core.entities.Capability{name=read_card, active=true, id=3, type=WRITE_OR_EXECUTE, parameters=null, value=null}
3241 [main] DEBUG org.hibernate.internal.util.EntityPrinter  - org.thingsplode.core.entities.Component{tresholds=null, components=null, capabilities=null, serialNumber=null, configuration=[org.thingsplode.core.entities.Configuration#1], type=HARDWARE, enabledState=ENABLED, identification=EMC68, deviceClass=null, model=null, partNumber=null, id=3, status=ONLINE}
3241 [main] DEBUG org.hibernate.internal.util.EntityPrinter  - org.thingsplode.core.entities.Configuration{id=3, type=NUMBER, value=3000, key=shutdown_timeout, syncStatus=NEW}
3241 [main] DEBUG org.hibernate.internal.util.EntityPrinter  - org.thingsplode.core.entities.Treshold{scope=DEVICE, tresholdValue=component[content,type]{type=NUMBER, content=100}, name=alarm_low, id=3, type=LOW}
3241 [main] DEBUG org.hibernate.internal.util.EntityPrinter  - org.thingsplode.core.entities.Configuration{id=4, type=NUMBER, value=1000, key=deletable_config, syncStatus=NEW}
3241 [main] DEBUG org.hibernate.persister.collection.AbstractCollectionPersister  - Inserting collection: [org.thingsplode.core.entities.Component.capabilities#1]
3245 [main] DEBUG org.hibernate.SQL  - 
    update
        CAPABILITIES 
    set
        COMP_ID=? 
    where
        id=?
Hibernate: 
    update
        CAPABILITIES 
    set
        COMP_ID=? 
    where
        id=?
3247 [main] TRACE org.hibernate.type.descriptor.sql.BasicBinder  - binding parameter [1] as [BIGINT] - [1]
3247 [main] TRACE org.hibernate.type.descriptor.sql.BasicBinder  - binding parameter [2] as [BIGINT] - [1]
3247 [main] DEBUG org.hibernate.engine.jdbc.batch.internal.AbstractBatchImpl  - Reusing batch statement
3247 [main] DEBUG org.hibernate.SQL  - 
    update
        CAPABILITIES 
    set
        COMP_ID=? 
    where
        id=?
Hibernate: 
    update
        CAPABILITIES 
    set
        COMP_ID=? 
    where
        id=?
3247 [main] TRACE org.hibernate.type.descriptor.sql.BasicBinder  - binding parameter [1] as [BIGINT] - [1]
3247 [main] TRACE org.hibernate.type.descriptor.sql.BasicBinder  - binding parameter [2] as [BIGINT] - [2]
3247 [main] DEBUG org.hibernate.persister.collection.AbstractCollectionPersister  - Done inserting collection: 2 rows inserted
3248 [main] DEBUG org.hibernate.persister.collection.AbstractCollectionPersister  - Inserting collection: [org.thingsplode.core.entities.Component.components#1]
3248 [main] DEBUG org.hibernate.engine.jdbc.batch.internal.BatchingBatch  - Executing batch size: 2
3250 [main] DEBUG org.hibernate.SQL  - 
    update
        COMPONENT 
    set
        ROOT_COMP_ID=? 
    where
        id=?
Hibernate: 
    update
        COMPONENT 
    set
        ROOT_COMP_ID=? 
    where
        id=?
3251 [main] TRACE org.hibernate.type.descriptor.sql.BasicBinder  - binding parameter [1] as [BIGINT] - [1]
3251 [main] TRACE org.hibernate.type.descriptor.sql.BasicBinder  - binding parameter [2] as [BIGINT] - [2]
3251 [main] DEBUG org.hibernate.persister.collection.AbstractCollectionPersister  - Done inserting collection: 1 rows inserted
3251 [main] DEBUG org.hibernate.persister.collection.AbstractCollectionPersister  - Inserting collection: [org.thingsplode.core.entities.Component.configuration#1]
3252 [main] DEBUG org.hibernate.engine.jdbc.batch.internal.BatchingBatch  - Executing batch size: 1
3252 [main] DEBUG org.hibernate.SQL  - 
    update
        CONFIGURATION 
    set
        COMP_ID=? 
    where
        id=?
Hibernate: 
    update
        CONFIGURATION 
    set
        COMP_ID=? 
    where
        id=?
3254 [main] TRACE org.hibernate.type.descriptor.sql.BasicBinder  - binding parameter [1] as [BIGINT] - [1]
3254 [main] TRACE org.hibernate.type.descriptor.sql.BasicBinder  - binding parameter [2] as [BIGINT] - [3]
3254 [main] DEBUG org.hibernate.engine.jdbc.batch.internal.AbstractBatchImpl  - Reusing batch statement
3254 [main] DEBUG org.hibernate.SQL  - 
    update
        CONFIGURATION 
    set
        COMP_ID=? 
    where
        id=?
Hibernate: 
    update
        CONFIGURATION 
    set
        COMP_ID=? 
    where
        id=?
3254 [main] TRACE org.hibernate.type.descriptor.sql.BasicBinder  - binding parameter [1] as [BIGINT] - [1]
3254 [main] TRACE org.hibernate.type.descriptor.sql.BasicBinder  - binding parameter [2] as [BIGINT] - [4]
3254 [main] DEBUG org.hibernate.persister.collection.AbstractCollectionPersister  - Done inserting collection: 2 rows inserted
3254 [main] DEBUG org.hibernate.persister.collection.AbstractCollectionPersister  - Inserting collection: [org.thingsplode.core.entities.Component.tresholds#1]
3254 [main] DEBUG org.hibernate.engine.jdbc.batch.internal.BatchingBatch  - Executing batch size: 2
3257 [main] DEBUG org.hibernate.SQL  - 
    update
        TRESHOLDS 
    set
        COMP_ID=? 
    where
        id=?
Hibernate: 
    update
        TRESHOLDS 
    set
        COMP_ID=? 
    where
        id=?
3257 [main] TRACE org.hibernate.type.descriptor.sql.BasicBinder  - binding parameter [1] as [BIGINT] - [1]
3258 [main] TRACE org.hibernate.type.descriptor.sql.BasicBinder  - binding parameter [2] as [BIGINT] - [2]
3258 [main] DEBUG org.hibernate.engine.jdbc.batch.internal.AbstractBatchImpl  - Reusing batch statement
3258 [main] DEBUG org.hibernate.SQL  - 
    update
        TRESHOLDS 
    set
        COMP_ID=? 
    where
        id=?
Hibernate: 
    update
        TRESHOLDS 
    set
        COMP_ID=? 
    where
        id=?
3258 [main] TRACE org.hibernate.type.descriptor.sql.BasicBinder  - binding parameter [1] as [BIGINT] - [1]
3258 [main] TRACE org.hibernate.type.descriptor.sql.BasicBinder  - binding parameter [2] as [BIGINT] - [3]
3258 [main] DEBUG org.hibernate.persister.collection.AbstractCollectionPersister  - Done inserting collection: 2 rows inserted
3258 [main] DEBUG org.hibernate.persister.collection.AbstractCollectionPersister  - Inserting collection: [org.thingsplode.core.entities.Capability.parameters#2]
3258 [main] DEBUG org.hibernate.engine.jdbc.batch.internal.BatchingBatch  - Executing batch size: 2
3261 [main] DEBUG org.hibernate.SQL  - 
    update
        PARAMETERS 
    set
        CAP_ID=? 
    where
        id=?
Hibernate: 
    update
        PARAMETERS 
    set
        CAP_ID=? 
    where
        id=?
3262 [main] TRACE org.hibernate.type.descriptor.sql.BasicBinder  - binding parameter [1] as [BIGINT] - [2]
3262 [main] TRACE org.hibernate.type.descriptor.sql.BasicBinder  - binding parameter [2] as [BIGINT] - [1]
3262 [main] DEBUG org.hibernate.persister.collection.AbstractCollectionPersister  - Done inserting collection: 1 rows inserted
3262 [main] DEBUG org.hibernate.persister.collection.AbstractCollectionPersister  - Inserting collection: [org.thingsplode.core.entities.Component.capabilities#2]
3262 [main] DEBUG org.hibernate.engine.jdbc.batch.internal.BatchingBatch  - Executing batch size: 1
3266 [main] DEBUG org.hibernate.SQL  - 
    update
        CAPABILITIES 
    set
        COMP_ID=? 
    where
        id=?
Hibernate: 
    update
        CAPABILITIES 
    set
        COMP_ID=? 
    where
        id=?
3266 [main] TRACE org.hibernate.type.descriptor.sql.BasicBinder  - binding parameter [1] as [BIGINT] - [2]
3266 [main] TRACE org.hibernate.type.descriptor.sql.BasicBinder  - binding parameter [2] as [BIGINT] - [3]
3266 [main] DEBUG org.hibernate.persister.collection.AbstractCollectionPersister  - Done inserting collection: 1 rows inserted
3266 [main] DEBUG org.hibernate.persister.collection.AbstractCollectionPersister  - Inserting collection: [org.thingsplode.core.entities.Component.components#2]
3266 [main] DEBUG org.hibernate.engine.jdbc.batch.internal.BatchingBatch  - Executing batch size: 1
3268 [main] DEBUG org.hibernate.SQL  - 
    update
        COMPONENT 
    set
        ROOT_COMP_ID=? 
    where
        id=?
Hibernate: 
    update
        COMPONENT 
    set
        ROOT_COMP_ID=? 
    where
        id=?
3268 [main] TRACE org.hibernate.type.descriptor.sql.BasicBinder  - binding parameter [1] as [BIGINT] - [2]
3268 [main] TRACE org.hibernate.type.descriptor.sql.BasicBinder  - binding parameter [2] as [BIGINT] - [3]
3268 [main] DEBUG org.hibernate.persister.collection.AbstractCollectionPersister  - Done inserting collection: 1 rows inserted
3269 [main] DEBUG org.hibernate.persister.collection.AbstractCollectionPersister  - Inserting collection: [org.thingsplode.core.entities.Component.configuration#2]
3269 [main] DEBUG org.hibernate.engine.jdbc.batch.internal.BatchingBatch  - Executing batch size: 1
3271 [main] DEBUG org.hibernate.SQL  - 
    update
        CONFIGURATION 
    set
        COMP_ID=? 
    where
        id=?
Hibernate: 
    update
        CONFIGURATION 
    set
        COMP_ID=? 
    where
        id=?
3271 [main] TRACE org.hibernate.type.descriptor.sql.BasicBinder  - binding parameter [1] as [BIGINT] - [2]
3271 [main] TRACE org.hibernate.type.descriptor.sql.BasicBinder  - binding parameter [2] as [BIGINT] - [2]
3271 [main] DEBUG org.hibernate.persister.collection.AbstractCollectionPersister  - Done inserting collection: 1 rows inserted
3271 [main] DEBUG org.hibernate.persister.collection.AbstractCollectionPersister  - Inserting collection: [org.thingsplode.core.entities.Component.tresholds#2]
3271 [main] DEBUG org.hibernate.engine.jdbc.batch.internal.BatchingBatch  - Executing batch size: 1
3272 [main] DEBUG org.hibernate.SQL  - 
    update
        TRESHOLDS 
    set
        COMP_ID=? 
    where
        id=?
Hibernate: 
    update
        TRESHOLDS 
    set
        COMP_ID=? 
    where
        id=?
3272 [main] TRACE org.hibernate.type.descriptor.sql.BasicBinder  - binding parameter [1] as [BIGINT] - [2]
3272 [main] TRACE org.hibernate.type.descriptor.sql.BasicBinder  - binding parameter [2] as [BIGINT] - [1]
3272 [main] DEBUG org.hibernate.persister.collection.AbstractCollectionPersister  - Done inserting collection: 1 rows inserted
3272 [main] DEBUG org.hibernate.persister.collection.AbstractCollectionPersister  - Inserting collection: [org.thingsplode.core.entities.Component.configuration#3]
3272 [main] DEBUG org.hibernate.engine.jdbc.batch.internal.BatchingBatch  - Executing batch size: 1
3274 [main] DEBUG org.hibernate.SQL  - 
    update
        CONFIGURATION 
    set
        COMP_ID=? 
    where
        id=?
Hibernate: 
    update
        CONFIGURATION 
    set
        COMP_ID=? 
    where
        id=?
3274 [main] TRACE org.hibernate.type.descriptor.sql.BasicBinder  - binding parameter [1] as [BIGINT] - [3]
3274 [main] TRACE org.hibernate.type.descriptor.sql.BasicBinder  - binding parameter [2] as [BIGINT] - [1]
3274 [main] DEBUG org.hibernate.persister.collection.AbstractCollectionPersister  - Done inserting collection: 1 rows inserted
3274 [main] DEBUG org.hibernate.engine.jdbc.batch.internal.BatchingBatch  - Executing batch size: 1
3277 [main] DEBUG org.hibernate.engine.transaction.internal.jdbc.JdbcTransaction  - committed JDBC Connection
3277 [main] DEBUG org.hibernate.engine.transaction.internal.jdbc.JdbcTransaction  - re-enabling autocommit
3278 [main] DEBUG org.hibernate.engine.jdbc.internal.JdbcCoordinatorImpl  - HHH000420: Closing un-released batch
3278 [main] DEBUG org.hibernate.engine.jdbc.internal.LogicalConnectionImpl  - Releasing JDBC connection
3278 [main] DEBUG org.hibernate.engine.jdbc.internal.LogicalConnectionImpl  - Released JDBC connection
3279 [main] DEBUG org.hibernate.engine.transaction.spi.AbstractTransactionImpl  - begin
3279 [main] DEBUG org.hibernate.engine.jdbc.internal.LogicalConnectionImpl  - Obtaining JDBC connection
3279 [main] DEBUG org.hibernate.engine.jdbc.internal.LogicalConnectionImpl  - Obtained JDBC connection
3279 [main] DEBUG org.hibernate.engine.transaction.internal.jdbc.JdbcTransaction  - initial autocommit status: true
3279 [main] DEBUG org.hibernate.engine.transaction.internal.jdbc.JdbcTransaction  - disabling autocommit
3280 [main] DEBUG org.hibernate.event.internal.DefaultMergeEventListener  - EntityCopyObserver strategy: disallow
3285 [main] DEBUG org.hibernate.loader.Loader  - Loading entity: [org.thingsplode.core.entities.Device#1]
3289 [main] DEBUG org.hibernate.SQL  - 
    select
        device0_.id as id2_1_2_,
        device0_1_.deviceClass as deviceCl3_1_2_,
        device0_1_.enabledState as enabledS4_1_2_,
        device0_1_.identification as identifi5_1_2_,
        device0_1_.model_id as model_i10_1_2_,
        device0_1_.partNumber as partNumb6_1_2_,
        device0_1_.serialNumber as serialNu7_1_2_,
        device0_1_.status as status8_1_2_,
        device0_1_.type as type9_1_2_,
        device0_.hostAddress as hostAddr1_3_2_,
        device0_.lastHeartBeat as lastHear2_3_2_,
        device0_.city as city3_3_2_,
        device0_.country as country4_3_2_,
        device0_.houseNumber as houseNum5_3_2_,
        device0_.postCode as postCode6_3_2_,
        device0_.state as state7_3_2_,
        device0_.street as street8_3_2_,
        device0_.description as descript9_3_2_,
        device0_.latitude as latitud10_3_2_,
        device0_.longitude as longitu11_3_2_,
        device0_.startupDate as startup12_3_2_,
        capabiliti1_.COMP_ID as COMP_ID7_1_4_,
        capabiliti1_.id as id1_0_4_,
        capabiliti1_.id as id1_0_0_,
        capabiliti1_.active as active2_0_0_,
        capabiliti1_.name as name3_0_0_,
        capabiliti1_.type as type4_0_0_,
        capabiliti1_.content as content5_0_0_,
        capabiliti1_.VALUE_TYPE as VALUE_TY6_0_0_,
        model2_.id as id1_6_1_,
        model2_.manufacturer as manufact2_6_1_,
        model2_.type as type3_6_1_,
        model2_.version as version4_6_1_ 
    from
        DEVICES device0_ 
    inner join
        COMPONENT device0_1_ 
            on device0_.id=device0_1_.id 
    left outer join
        CAPABILITIES capabiliti1_ 
            on device0_.id=capabiliti1_.COMP_ID 
    left outer join
        MODELS model2_ 
            on device0_1_.model_id=model2_.id 
    where
        device0_.id=?
Hibernate: 
    select
        device0_.id as id2_1_2_,
        device0_1_.deviceClass as deviceCl3_1_2_,
        device0_1_.enabledState as enabledS4_1_2_,
        device0_1_.identification as identifi5_1_2_,
        device0_1_.model_id as model_i10_1_2_,
        device0_1_.partNumber as partNumb6_1_2_,
        device0_1_.serialNumber as serialNu7_1_2_,
        device0_1_.status as status8_1_2_,
        device0_1_.type as type9_1_2_,
        device0_.hostAddress as hostAddr1_3_2_,
        device0_.lastHeartBeat as lastHear2_3_2_,
        device0_.city as city3_3_2_,
        device0_.country as country4_3_2_,
        device0_.houseNumber as houseNum5_3_2_,
        device0_.postCode as postCode6_3_2_,
        device0_.state as state7_3_2_,
        device0_.street as street8_3_2_,
        device0_.description as descript9_3_2_,
        device0_.latitude as latitud10_3_2_,
        device0_.longitude as longitu11_3_2_,
        device0_.startupDate as startup12_3_2_,
        capabiliti1_.COMP_ID as COMP_ID7_1_4_,
        capabiliti1_.id as id1_0_4_,
        capabiliti1_.id as id1_0_0_,
        capabiliti1_.active as active2_0_0_,
        capabiliti1_.name as name3_0_0_,
        capabiliti1_.type as type4_0_0_,
        capabiliti1_.content as content5_0_0_,
        capabiliti1_.VALUE_TYPE as VALUE_TY6_0_0_,
        model2_.id as id1_6_1_,
        model2_.manufacturer as manufact2_6_1_,
        model2_.type as type3_6_1_,
        model2_.version as version4_6_1_ 
    from
        DEVICES device0_ 
    inner join
        COMPONENT device0_1_ 
            on device0_.id=device0_1_.id 
    left outer join
        CAPABILITIES capabiliti1_ 
            on device0_.id=capabiliti1_.COMP_ID 
    left outer join
        MODELS model2_ 
            on device0_1_.model_id=model2_.id 
    where
        device0_.id=?
3293 [main] TRACE org.hibernate.type.descriptor.sql.BasicBinder  - binding parameter [1] as [BIGINT] - [1]
3294 [main] DEBUG org.hibernate.loader.Loader  - Result set row: 0
3296 [main] TRACE org.hibernate.type.descriptor.sql.BasicExtractor  - extracted value ([id1_0_0_] : [BIGINT]) - [1]
3296 [main] TRACE org.hibernate.type.descriptor.sql.BasicExtractor  - extracted value ([id1_6_1_] : [BIGINT]) - [1]
3296 [main] DEBUG org.hibernate.loader.Loader  - Result row: EntityKey[org.thingsplode.core.entities.Capability#1], EntityKey[org.thingsplode.core.entities.Model#1], EntityKey[org.thingsplode.core.entities.Device#1]
3299 [main] TRACE org.hibernate.type.descriptor.sql.BasicExtractor  - extracted value ([active2_0_0_] : [BOOLEAN]) - [true]
3299 [main] TRACE org.hibernate.type.descriptor.sql.BasicExtractor  - extracted value ([name3_0_0_] : [VARCHAR]) - [meter_value]
3300 [main] TRACE org.hibernate.type.EnumType  - Returning [READ] as column [type4_0_0_]
3300 [main] TRACE org.hibernate.type.descriptor.sql.BasicExtractor  - extracted value ([content5_0_0_] : [VARCHAR]) - [null]
3300 [main] TRACE org.hibernate.type.EnumType  - Returning null as column [VALUE_TY6_0_0_]
3300 [main] TRACE org.hibernate.type.descriptor.sql.BasicExtractor  - extracted value ([manufact2_6_1_] : [VARCHAR]) - [some_manufacturer]
3300 [main] TRACE org.hibernate.type.descriptor.sql.BasicExtractor  - extracted value ([type3_6_1_] : [VARCHAR]) - [some_type]
3300 [main] TRACE org.hibernate.type.descriptor.sql.BasicExtractor  - extracted value ([version4_6_1_] : [VARCHAR]) - [1]
3300 [main] TRACE org.hibernate.type.descriptor.sql.BasicExtractor  - extracted value ([deviceCl3_1_2_] : [VARCHAR]) - [null]
3300 [main] TRACE org.hibernate.type.EnumType  - Returning [ENABLED] as column [enabledS4_1_2_]
3300 [main] TRACE org.hibernate.type.descriptor.sql.BasicExtractor  - extracted value ([identifi5_1_2_] : [VARCHAR]) - [test_device_1]
3300 [main] TRACE org.hibernate.type.descriptor.sql.BasicExtractor  - extracted value ([model_i10_1_2_] : [BIGINT]) - [1]
3300 [main] TRACE org.hibernate.type.descriptor.sql.BasicExtractor  - extracted value ([partNumb6_1_2_] : [VARCHAR]) - [123]
3300 [main] TRACE org.hibernate.type.descriptor.sql.BasicExtractor  - extracted value ([serialNu7_1_2_] : [VARCHAR]) - [1231234235]
3301 [main] TRACE org.hibernate.type.EnumType  - Returning [ONLINE] as column [status8_1_2_]
3301 [main] TRACE org.hibernate.type.EnumType  - Returning [HARDWARE] as column [type9_1_2_]
3301 [main] TRACE org.hibernate.type.descriptor.sql.BasicExtractor  - extracted value ([hostAddr1_3_2_] : [VARCHAR]) - [127.0.1.1]
3302 [main] TRACE org.hibernate.type.descriptor.sql.BasicExtractor  - extracted value ([lastHear2_3_2_] : [TIMESTAMP]) - [java.util.GregorianCalendar[time=1431202826794,areFieldsSet=true,areAllFieldsSet=true,lenient=true,zone=sun.util.calendar.ZoneInfo[id="Europe/Vienna",offset=3600000,dstSavings=3600000,useDaylight=true,transitions=139,lastRule=java.util.SimpleTimeZone[id=Europe/Vienna,offset=3600000,dstSavings=3600000,useDaylight=true,startYear=0,startMode=2,startMonth=2,startDay=-1,startDayOfWeek=1,startTime=3600000,startTimeMode=2,endMode=2,endMonth=9,endDay=-1,endDayOfWeek=1,endTime=3600000,endTimeMode=2]],firstDayOfWeek=1,minimalDaysInFirstWeek=1,ERA=1,YEAR=2015,MONTH=4,WEEK_OF_YEAR=19,WEEK_OF_MONTH=2,DAY_OF_MONTH=9,DAY_OF_YEAR=129,DAY_OF_WEEK=7,DAY_OF_WEEK_IN_MONTH=2,AM_PM=1,HOUR=10,HOUR_OF_DAY=22,MINUTE=20,SECOND=26,MILLISECOND=794,ZONE_OFFSET=3600000,DST_OFFSET=3600000]]
3302 [main] TRACE org.hibernate.type.descriptor.sql.BasicExtractor  - extracted value ([city3_3_2_] : [VARCHAR]) - [some_city]
3302 [main] TRACE org.hibernate.type.descriptor.sql.BasicExtractor  - extracted value ([country4_3_2_] : [VARCHAR]) - [Some Country]
3302 [main] TRACE org.hibernate.type.descriptor.sql.BasicExtractor  - extracted value ([houseNum5_3_2_] : [VARCHAR]) - [54]
3302 [main] TRACE org.hibernate.type.descriptor.sql.BasicExtractor  - extracted value ([postCode6_3_2_] : [VARCHAR]) - [434545]
3302 [main] TRACE org.hibernate.type.descriptor.sql.BasicExtractor  - extracted value ([state7_3_2_] : [VARCHAR]) - [some state]
3325 [main] TRACE org.hibernate.type.descriptor.sql.BasicExtractor  - extracted value ([street8_3_2_] : [VARCHAR]) - [null]
3325 [main] TRACE org.hibernate.type.descriptor.sql.BasicExtractor  - extracted value ([descript9_3_2_] : [VARCHAR]) - [default]
3326 [main] TRACE org.hibernate.type.descriptor.sql.BasicExtractor  - extracted value ([latitud10_3_2_] : [DOUBLE]) - [100.0]
3326 [main] TRACE org.hibernate.type.descriptor.sql.BasicExtractor  - extracted value ([longitu11_3_2_] : [DOUBLE]) - [123.4]
3326 [main] TRACE org.hibernate.type.descriptor.sql.BasicExtractor  - extracted value ([startup12_3_2_] : [TIMESTAMP]) - [java.util.GregorianCalendar[time=1431202826795,areFieldsSet=true,areAllFieldsSet=true,lenient=true,zone=sun.util.calendar.ZoneInfo[id="Europe/Vienna",offset=3600000,dstSavings=3600000,useDaylight=true,transitions=139,lastRule=java.util.SimpleTimeZone[id=Europe/Vienna,offset=3600000,dstSavings=3600000,useDaylight=true,startYear=0,startMode=2,startMonth=2,startDay=-1,startDayOfWeek=1,startTime=3600000,startTimeMode=2,endMode=2,endMonth=9,endDay=-1,endDayOfWeek=1,endTime=3600000,endTimeMode=2]],firstDayOfWeek=1,minimalDaysInFirstWeek=1,ERA=1,YEAR=2015,MONTH=4,WEEK_OF_YEAR=19,WEEK_OF_MONTH=2,DAY_OF_MONTH=9,DAY_OF_YEAR=129,DAY_OF_WEEK=7,DAY_OF_WEEK_IN_MONTH=2,AM_PM=1,HOUR=10,HOUR_OF_DAY=22,MINUTE=20,SECOND=26,MILLISECOND=795,ZONE_OFFSET=3600000,DST_OFFSET=3600000]]
3327 [main] TRACE org.hibernate.type.descriptor.sql.BasicExtractor  - extracted value ([COMP_ID7_1_4_] : [BIGINT]) - [1]
3327 [main] DEBUG org.hibernate.loader.Loader  - Found row of collection: [org.thingsplode.core.entities.Component.capabilities#1]
3337 [main] TRACE org.hibernate.type.descriptor.sql.BasicExtractor  - extracted value ([id1_0_4_] : [BIGINT]) - [1]
3343 [main] DEBUG org.hibernate.loader.Loader  - Result set row: 1
3343 [main] TRACE org.hibernate.type.descriptor.sql.BasicExtractor  - extracted value ([id1_0_0_] : [BIGINT]) - [2]
3343 [main] TRACE org.hibernate.type.descriptor.sql.BasicExtractor  - extracted value ([id1_6_1_] : [BIGINT]) - [1]
3343 [main] DEBUG org.hibernate.loader.Loader  - Result row: EntityKey[org.thingsplode.core.entities.Capability#2], EntityKey[org.thingsplode.core.entities.Model#1], EntityKey[org.thingsplode.core.entities.Device#1]
3344 [main] TRACE org.hibernate.type.descriptor.sql.BasicExtractor  - extracted value ([active2_0_0_] : [BOOLEAN]) - [true]
3344 [main] TRACE org.hibernate.type.descriptor.sql.BasicExtractor  - extracted value ([name3_0_0_] : [VARCHAR]) - [door_control]
3344 [main] TRACE org.hibernate.type.EnumType  - Returning [WRITE_OR_EXECUTE] as column [type4_0_0_]
3344 [main] TRACE org.hibernate.type.descriptor.sql.BasicExtractor  - extracted value ([content5_0_0_] : [VARCHAR]) - [null]
3344 [main] TRACE org.hibernate.type.EnumType  - Returning null as column [VALUE_TY6_0_0_]
3344 [main] TRACE org.hibernate.type.descriptor.sql.BasicExtractor  - extracted value ([COMP_ID7_1_4_] : [BIGINT]) - [1]
3344 [main] DEBUG org.hibernate.loader.Loader  - Found row of collection: [org.thingsplode.core.entities.Component.capabilities#1]
3345 [main] TRACE org.hibernate.type.descriptor.sql.BasicExtractor  - extracted value ([id1_0_4_] : [BIGINT]) - [2]
3346 [main] DEBUG org.hibernate.engine.internal.TwoPhaseLoad  - Resolving associations for [org.thingsplode.core.entities.Capability#1]
3346 [main] TRACE org.hibernate.type.CollectionType  - Created collection wrapper: [org.thingsplode.core.entities.Capability.parameters#1]
3346 [main] DEBUG org.hibernate.engine.internal.TwoPhaseLoad  - Done materializing entity [org.thingsplode.core.entities.Capability#1]
3346 [main] DEBUG org.hibernate.engine.internal.TwoPhaseLoad  - Resolving associations for [org.thingsplode.core.entities.Model#1]
3346 [main] DEBUG org.hibernate.engine.internal.TwoPhaseLoad  - Done materializing entity [org.thingsplode.core.entities.Model#1]
3346 [main] DEBUG org.hibernate.engine.internal.TwoPhaseLoad  - Resolving associations for [org.thingsplode.core.entities.Device#1]
3346 [main] TRACE org.hibernate.type.CollectionType  - Created collection wrapper: [org.thingsplode.core.entities.Component.components#1]
3346 [main] TRACE org.hibernate.type.CollectionType  - Created collection wrapper: [org.thingsplode.core.entities.Component.configuration#1]
3346 [main] TRACE org.hibernate.type.CollectionType  - Created collection wrapper: [org.thingsplode.core.entities.Component.tresholds#1]
3348 [main] DEBUG org.hibernate.loader.collection.plan.AbstractLoadPlanBasedCollectionInitializer  - Loading collection: [org.thingsplode.core.entities.Component.tresholds#1]
3349 [main] DEBUG org.hibernate.SQL  - 
    select
        tresholds0_.COMP_ID as COMP_ID7_1_0_,
        tresholds0_.id as id1_8_0_,
        tresholds0_.id as id1_8_1_,
        tresholds0_.name as name2_8_1_,
        tresholds0_.scope as scope3_8_1_,
        tresholds0_.content as content4_8_1_,
        tresholds0_.VALUE_TYPE as VALUE_TY5_8_1_,
        tresholds0_.type as type6_8_1_ 
    from
        TRESHOLDS tresholds0_ 
    where
        tresholds0_.COMP_ID=?
Hibernate: 
    select
        tresholds0_.COMP_ID as COMP_ID7_1_0_,
        tresholds0_.id as id1_8_0_,
        tresholds0_.id as id1_8_1_,
        tresholds0_.name as name2_8_1_,
        tresholds0_.scope as scope3_8_1_,
        tresholds0_.content as content4_8_1_,
        tresholds0_.VALUE_TYPE as VALUE_TY5_8_1_,
        tresholds0_.type as type6_8_1_ 
    from
        TRESHOLDS tresholds0_ 
    where
        tresholds0_.COMP_ID=?
3349 [main] TRACE org.hibernate.type.descriptor.sql.BasicBinder  - binding parameter [1] as [BIGINT] - [1]
3353 [main] DEBUG org.hibernate.loader.plan.exec.process.internal.ResultSetProcessorImpl  - Preparing collection intializer : [org.thingsplode.core.entities.Component.tresholds#1]
3354 [main] DEBUG org.hibernate.loader.plan.exec.process.internal.ResultSetProcessorImpl  - Starting ResultSet row #0
3355 [main] TRACE org.hibernate.type.descriptor.sql.BasicExtractor  - extracted value ([id1_8_1_] : [BIGINT]) - [2]
3356 [main] TRACE org.hibernate.type.descriptor.sql.BasicExtractor  - extracted value ([name2_8_1_] : [VARCHAR]) - [alarm_high]
3356 [main] TRACE org.hibernate.type.EnumType  - Returning [DEVICE] as column [scope3_8_1_]
3356 [main] TRACE org.hibernate.type.descriptor.sql.BasicExtractor  - extracted value ([content4_8_1_] : [VARCHAR]) - [10000]
3356 [main] TRACE org.hibernate.type.EnumType  - Returning [NUMBER] as column [VALUE_TY5_8_1_]
3356 [main] TRACE org.hibernate.type.EnumType  - Returning [HIGH] as column [type6_8_1_]
3357 [main] TRACE org.hibernate.type.descriptor.sql.BasicExtractor  - extracted value ([COMP_ID7_1_0_] : [BIGINT]) - [1]
3357 [main] DEBUG org.hibernate.loader.plan.exec.process.internal.CollectionReferenceInitializerImpl  - Found row of collection: [org.thingsplode.core.entities.Component.tresholds#1]
3357 [main] TRACE org.hibernate.type.descriptor.sql.BasicExtractor  - extracted value ([id1_8_0_] : [BIGINT]) - [2]
3357 [main] DEBUG org.hibernate.loader.plan.exec.process.internal.ResultSetProcessorImpl  - Starting ResultSet row #1
3357 [main] TRACE org.hibernate.type.descriptor.sql.BasicExtractor  - extracted value ([id1_8_1_] : [BIGINT]) - [3]
3357 [main] TRACE org.hibernate.type.descriptor.sql.BasicExtractor  - extracted value ([name2_8_1_] : [VARCHAR]) - [alarm_low]
3357 [main] TRACE org.hibernate.type.EnumType  - Returning [DEVICE] as column [scope3_8_1_]
3357 [main] TRACE org.hibernate.type.descriptor.sql.BasicExtractor  - extracted value ([content4_8_1_] : [VARCHAR]) - [100]
3357 [main] TRACE org.hibernate.type.EnumType  - Returning [NUMBER] as column [VALUE_TY5_8_1_]
3357 [main] TRACE org.hibernate.type.EnumType  - Returning [LOW] as column [type6_8_1_]
3357 [main] TRACE org.hibernate.type.descriptor.sql.BasicExtractor  - extracted value ([COMP_ID7_1_0_] : [BIGINT]) - [1]
3357 [main] DEBUG org.hibernate.loader.plan.exec.process.internal.CollectionReferenceInitializerImpl  - Found row of collection: [org.thingsplode.core.entities.Component.tresholds#1]
3357 [main] TRACE org.hibernate.type.descriptor.sql.BasicExtractor  - extracted value ([id1_8_0_] : [BIGINT]) - [3]
3357 [main] DEBUG org.hibernate.engine.internal.TwoPhaseLoad  - Resolving associations for [org.thingsplode.core.entities.Treshold#2]
3358 [main] DEBUG org.hibernate.engine.internal.TwoPhaseLoad  - Done materializing entity [org.thingsplode.core.entities.Treshold#2]
3358 [main] DEBUG org.hibernate.engine.internal.TwoPhaseLoad  - Resolving associations for [org.thingsplode.core.entities.Treshold#3]
3358 [main] DEBUG org.hibernate.engine.internal.TwoPhaseLoad  - Done materializing entity [org.thingsplode.core.entities.Treshold#3]
3358 [main] DEBUG org.hibernate.engine.loading.internal.CollectionLoadContext  - 1 collections were found in result set for role: org.thingsplode.core.entities.Component.tresholds
3358 [main] DEBUG org.hibernate.engine.loading.internal.CollectionLoadContext  - Collection fully initialized: [org.thingsplode.core.entities.Component.tresholds#1]
3358 [main] DEBUG org.hibernate.engine.loading.internal.CollectionLoadContext  - 1 collections initialized for role: org.thingsplode.core.entities.Component.tresholds
3358 [main] DEBUG org.hibernate.loader.collection.plan.AbstractLoadPlanBasedCollectionInitializer  - Done loading collection
3358 [main] DEBUG org.hibernate.engine.internal.TwoPhaseLoad  - Done materializing entity [org.thingsplode.core.entities.Device#1]
3358 [main] DEBUG org.hibernate.engine.internal.TwoPhaseLoad  - Resolving associations for [org.thingsplode.core.entities.Capability#2]
3359 [main] TRACE org.hibernate.type.CollectionType  - Created collection wrapper: [org.thingsplode.core.entities.Capability.parameters#2]
3359 [main] DEBUG org.hibernate.engine.internal.TwoPhaseLoad  - Done materializing entity [org.thingsplode.core.entities.Capability#2]
3359 [main] DEBUG org.hibernate.engine.loading.internal.CollectionLoadContext  - 1 collections were found in result set for role: org.thingsplode.core.entities.Component.capabilities
3359 [main] DEBUG org.hibernate.engine.loading.internal.CollectionLoadContext  - Collection fully initialized: [org.thingsplode.core.entities.Component.capabilities#1]
3359 [main] DEBUG org.hibernate.engine.loading.internal.CollectionLoadContext  - 1 collections initialized for role: org.thingsplode.core.entities.Component.capabilities
3359 [main] DEBUG org.hibernate.loader.collection.plan.AbstractLoadPlanBasedCollectionInitializer  - Loading collection: [org.thingsplode.core.entities.Capability.parameters#2]
3359 [main] DEBUG org.hibernate.SQL  - 
    select
        parameters0_.CAP_ID as CAP_ID4_0_0_,
        parameters0_.id as id1_7_0_,
        parameters0_.id as id1_7_1_,
        parameters0_.name as name2_7_1_,
        parameters0_.valueType as valueTyp3_7_1_ 
    from
        PARAMETERS parameters0_ 
    where
        parameters0_.CAP_ID=?
Hibernate: 
    select
        parameters0_.CAP_ID as CAP_ID4_0_0_,
        parameters0_.id as id1_7_0_,
        parameters0_.id as id1_7_1_,
        parameters0_.name as name2_7_1_,
        parameters0_.valueType as valueTyp3_7_1_ 
    from
        PARAMETERS parameters0_ 
    where
        parameters0_.CAP_ID=?
3360 [main] TRACE org.hibernate.type.descriptor.sql.BasicBinder  - binding parameter [1] as [BIGINT] - [2]
3360 [main] DEBUG org.hibernate.loader.plan.exec.process.internal.ResultSetProcessorImpl  - Preparing collection intializer : [org.thingsplode.core.entities.Capability.parameters#2]
3360 [main] DEBUG org.hibernate.loader.plan.exec.process.internal.ResultSetProcessorImpl  - Starting ResultSet row #0
3360 [main] TRACE org.hibernate.type.descriptor.sql.BasicExtractor  - extracted value ([id1_7_1_] : [BIGINT]) - [1]
3360 [main] TRACE org.hibernate.type.descriptor.sql.BasicExtractor  - extracted value ([name2_7_1_] : [VARCHAR]) - [open]
3360 [main] TRACE org.hibernate.type.EnumType  - Returning [BOOLEAN] as column [valueTyp3_7_1_]
3360 [main] TRACE org.hibernate.type.descriptor.sql.BasicExtractor  - extracted value ([CAP_ID4_0_0_] : [BIGINT]) - [2]
3360 [main] DEBUG org.hibernate.loader.plan.exec.process.internal.CollectionReferenceInitializerImpl  - Found row of collection: [org.thingsplode.core.entities.Capability.parameters#2]
3360 [main] TRACE org.hibernate.type.descriptor.sql.BasicExtractor  - extracted value ([id1_7_0_] : [BIGINT]) - [1]
3360 [main] DEBUG org.hibernate.engine.internal.TwoPhaseLoad  - Resolving associations for [org.thingsplode.core.entities.Parameter#1]
3360 [main] DEBUG org.hibernate.engine.internal.TwoPhaseLoad  - Done materializing entity [org.thingsplode.core.entities.Parameter#1]
3360 [main] DEBUG org.hibernate.engine.loading.internal.CollectionLoadContext  - 1 collections were found in result set for role: org.thingsplode.core.entities.Capability.parameters
3360 [main] DEBUG org.hibernate.engine.loading.internal.CollectionLoadContext  - Collection fully initialized: [org.thingsplode.core.entities.Capability.parameters#2]
3360 [main] DEBUG org.hibernate.engine.loading.internal.CollectionLoadContext  - 1 collections initialized for role: org.thingsplode.core.entities.Capability.parameters
3361 [main] DEBUG org.hibernate.loader.collection.plan.AbstractLoadPlanBasedCollectionInitializer  - Done loading collection
3361 [main] DEBUG org.hibernate.loader.collection.plan.AbstractLoadPlanBasedCollectionInitializer  - Loading collection: [org.thingsplode.core.entities.Capability.parameters#1]
3361 [main] DEBUG org.hibernate.SQL  - 
    select
        parameters0_.CAP_ID as CAP_ID4_0_0_,
        parameters0_.id as id1_7_0_,
        parameters0_.id as id1_7_1_,
        parameters0_.name as name2_7_1_,
        parameters0_.valueType as valueTyp3_7_1_ 
    from
        PARAMETERS parameters0_ 
    where
        parameters0_.CAP_ID=?
Hibernate: 
    select
        parameters0_.CAP_ID as CAP_ID4_0_0_,
        parameters0_.id as id1_7_0_,
        parameters0_.id as id1_7_1_,
        parameters0_.name as name2_7_1_,
        parameters0_.valueType as valueTyp3_7_1_ 
    from
        PARAMETERS parameters0_ 
    where
        parameters0_.CAP_ID=?
3361 [main] TRACE org.hibernate.type.descriptor.sql.BasicBinder  - binding parameter [1] as [BIGINT] - [1]
3361 [main] DEBUG org.hibernate.loader.plan.exec.process.internal.ResultSetProcessorImpl  - Preparing collection intializer : [org.thingsplode.core.entities.Capability.parameters#1]
3361 [main] DEBUG org.hibernate.engine.loading.internal.CollectionLoadContext  - 1 collections were found in result set for role: org.thingsplode.core.entities.Capability.parameters
3361 [main] DEBUG org.hibernate.engine.loading.internal.CollectionLoadContext  - Collection fully initialized: [org.thingsplode.core.entities.Capability.parameters#1]
3361 [main] DEBUG org.hibernate.engine.loading.internal.CollectionLoadContext  - 1 collections initialized for role: org.thingsplode.core.entities.Capability.parameters
3361 [main] DEBUG org.hibernate.loader.collection.plan.AbstractLoadPlanBasedCollectionInitializer  - Done loading collection
3361 [main] DEBUG org.hibernate.loader.Loader  - Done entity load
3362 [main] DEBUG org.hibernate.engine.spi.CollectionEntry  - Reset storedSnapshot to [Persistable{id=1}] for CollectionEntry[org.thingsplode.core.entities.Capability.parameters#2]
3362 [main] DEBUG org.hibernate.loader.Loader  - Loading entity: [org.thingsplode.core.entities.Component#2]
3363 [main] DEBUG org.hibernate.SQL  - 
    select
        component0_.id as id2_1_2_,
        component0_.deviceClass as deviceCl3_1_2_,
        component0_.enabledState as enabledS4_1_2_,
        component0_.identification as identifi5_1_2_,
        component0_.model_id as model_i10_1_2_,
        component0_.partNumber as partNumb6_1_2_,
        component0_.serialNumber as serialNu7_1_2_,
        component0_.status as status8_1_2_,
        component0_.type as type9_1_2_,
        component0_1_.hostAddress as hostAddr1_3_2_,
        component0_1_.lastHeartBeat as lastHear2_3_2_,
        component0_1_.city as city3_3_2_,
        component0_1_.country as country4_3_2_,
        component0_1_.houseNumber as houseNum5_3_2_,
        component0_1_.postCode as postCode6_3_2_,
        component0_1_.state as state7_3_2_,
        component0_1_.street as street8_3_2_,
        component0_1_.description as descript9_3_2_,
        component0_1_.latitude as latitud10_3_2_,
        component0_1_.longitude as longitu11_3_2_,
        component0_1_.startupDate as startup12_3_2_,
        component0_.MAIN_TYPE as MAIN_TYP1_1_2_,
        capabiliti1_.COMP_ID as COMP_ID7_1_4_,
        capabiliti1_.id as id1_0_4_,
        capabiliti1_.id as id1_0_0_,
        capabiliti1_.active as active2_0_0_,
        capabiliti1_.name as name3_0_0_,
        capabiliti1_.type as type4_0_0_,
        capabiliti1_.content as content5_0_0_,
        capabiliti1_.VALUE_TYPE as VALUE_TY6_0_0_,
        model2_.id as id1_6_1_,
        model2_.manufacturer as manufact2_6_1_,
        model2_.type as type3_6_1_,
        model2_.version as version4_6_1_ 
    from
        COMPONENT component0_ 
    left outer join
        DEVICES component0_1_ 
            on component0_.id=component0_1_.id 
    left outer join
        CAPABILITIES capabiliti1_ 
            on component0_.id=capabiliti1_.COMP_ID 
    left outer join
        MODELS model2_ 
            on component0_.model_id=model2_.id 
    where
        component0_.id=?
Hibernate: 
    select
        component0_.id as id2_1_2_,
        component0_.deviceClass as deviceCl3_1_2_,
        component0_.enabledState as enabledS4_1_2_,
        component0_.identification as identifi5_1_2_,
        component0_.model_id as model_i10_1_2_,
        component0_.partNumber as partNumb6_1_2_,
        component0_.serialNumber as serialNu7_1_2_,
        component0_.status as status8_1_2_,
        component0_.type as type9_1_2_,
        component0_1_.hostAddress as hostAddr1_3_2_,
        component0_1_.lastHeartBeat as lastHear2_3_2_,
        component0_1_.city as city3_3_2_,
        component0_1_.country as country4_3_2_,
        component0_1_.houseNumber as houseNum5_3_2_,
        component0_1_.postCode as postCode6_3_2_,
        component0_1_.state as state7_3_2_,
        component0_1_.street as street8_3_2_,
        component0_1_.description as descript9_3_2_,
        component0_1_.latitude as latitud10_3_2_,
        component0_1_.longitude as longitu11_3_2_,
        component0_1_.startupDate as startup12_3_2_,
        component0_.MAIN_TYPE as MAIN_TYP1_1_2_,
        capabiliti1_.COMP_ID as COMP_ID7_1_4_,
        capabiliti1_.id as id1_0_4_,
        capabiliti1_.id as id1_0_0_,
        capabiliti1_.active as active2_0_0_,
        capabiliti1_.name as name3_0_0_,
        capabiliti1_.type as type4_0_0_,
        capabiliti1_.content as content5_0_0_,
        capabiliti1_.VALUE_TYPE as VALUE_TY6_0_0_,
        model2_.id as id1_6_1_,
        model2_.manufacturer as manufact2_6_1_,
        model2_.type as type3_6_1_,
        model2_.version as version4_6_1_ 
    from
        COMPONENT component0_ 
    left outer join
        DEVICES component0_1_ 
            on component0_.id=component0_1_.id 
    left outer join
        CAPABILITIES capabiliti1_ 
            on component0_.id=capabiliti1_.COMP_ID 
    left outer join
        MODELS model2_ 
            on component0_.model_id=model2_.id 
    where
        component0_.id=?
3364 [main] TRACE org.hibernate.type.descriptor.sql.BasicBinder  - binding parameter [1] as [BIGINT] - [2]
3364 [main] DEBUG org.hibernate.loader.Loader  - Result set row: 0
3364 [main] TRACE org.hibernate.type.descriptor.sql.BasicExtractor  - extracted value ([id1_0_0_] : [BIGINT]) - [3]
3364 [main] TRACE org.hibernate.type.descriptor.sql.BasicExtractor  - extracted value ([id1_6_1_] : [BIGINT]) - [null]
3364 [main] DEBUG org.hibernate.loader.Loader  - Result row: EntityKey[org.thingsplode.core.entities.Capability#3], null, EntityKey[org.thingsplode.core.entities.Component#2]
3365 [main] TRACE org.hibernate.type.descriptor.sql.BasicExtractor  - extracted value ([active2_0_0_] : [BOOLEAN]) - [true]
3365 [main] TRACE org.hibernate.type.descriptor.sql.BasicExtractor  - extracted value ([name3_0_0_] : [VARCHAR]) - [read_card]
3365 [main] TRACE org.hibernate.type.EnumType  - Returning [WRITE_OR_EXECUTE] as column [type4_0_0_]
3365 [main] TRACE org.hibernate.type.descriptor.sql.BasicExtractor  - extracted value ([content5_0_0_] : [VARCHAR]) - [null]
3365 [main] TRACE org.hibernate.type.EnumType  - Returning null as column [VALUE_TY6_0_0_]
3365 [main] TRACE org.hibernate.type.descriptor.sql.BasicExtractor  - extracted value ([MAIN_TYP1_1_2_] : [VARCHAR]) - [COMPONENTS]
3365 [main] TRACE org.hibernate.type.descriptor.sql.BasicExtractor  - extracted value ([deviceCl3_1_2_] : [VARCHAR]) - [null]
3365 [main] TRACE org.hibernate.type.EnumType  - Returning [ENABLED] as column [enabledS4_1_2_]
3365 [main] TRACE org.hibernate.type.descriptor.sql.BasicExtractor  - extracted value ([identifi5_1_2_] : [VARCHAR]) - [card_reader]
3365 [main] TRACE org.hibernate.type.descriptor.sql.BasicExtractor  - extracted value ([model_i10_1_2_] : [BIGINT]) - [null]
3365 [main] TRACE org.hibernate.type.descriptor.sql.BasicExtractor  - extracted value ([partNumb6_1_2_] : [VARCHAR]) - [null]
3365 [main] TRACE org.hibernate.type.descriptor.sql.BasicExtractor  - extracted value ([serialNu7_1_2_] : [VARCHAR]) - [null]
3365 [main] TRACE org.hibernate.type.EnumType  - Returning [ONLINE] as column [status8_1_2_]
3365 [main] TRACE org.hibernate.type.EnumType  - Returning [HARDWARE] as column [type9_1_2_]
3365 [main] TRACE org.hibernate.type.descriptor.sql.BasicExtractor  - extracted value ([COMP_ID7_1_4_] : [BIGINT]) - [2]
3365 [main] DEBUG org.hibernate.loader.Loader  - Found row of collection: [org.thingsplode.core.entities.Component.capabilities#2]
3365 [main] TRACE org.hibernate.type.descriptor.sql.BasicExtractor  - extracted value ([id1_0_4_] : [BIGINT]) - [3]
3365 [main] DEBUG org.hibernate.engine.internal.TwoPhaseLoad  - Resolving associations for [org.thingsplode.core.entities.Capability#3]
3365 [main] TRACE org.hibernate.type.CollectionType  - Created collection wrapper: [org.thingsplode.core.entities.Capability.parameters#3]
3365 [main] DEBUG org.hibernate.engine.internal.TwoPhaseLoad  - Done materializing entity [org.thingsplode.core.entities.Capability#3]
3365 [main] DEBUG org.hibernate.engine.internal.TwoPhaseLoad  - Resolving associations for [org.thingsplode.core.entities.Component#2]
3366 [main] TRACE org.hibernate.type.CollectionType  - Created collection wrapper: [org.thingsplode.core.entities.Component.components#2]
3366 [main] TRACE org.hibernate.type.CollectionType  - Created collection wrapper: [org.thingsplode.core.entities.Component.configuration#2]
3366 [main] TRACE org.hibernate.type.CollectionType  - Created collection wrapper: [org.thingsplode.core.entities.Component.tresholds#2]
3366 [main] DEBUG org.hibernate.loader.collection.plan.AbstractLoadPlanBasedCollectionInitializer  - Loading collection: [org.thingsplode.core.entities.Component.tresholds#2]
3366 [main] DEBUG org.hibernate.SQL  - 
    select
        tresholds0_.COMP_ID as COMP_ID7_1_0_,
        tresholds0_.id as id1_8_0_,
        tresholds0_.id as id1_8_1_,
        tresholds0_.name as name2_8_1_,
        tresholds0_.scope as scope3_8_1_,
        tresholds0_.content as content4_8_1_,
        tresholds0_.VALUE_TYPE as VALUE_TY5_8_1_,
        tresholds0_.type as type6_8_1_ 
    from
        TRESHOLDS tresholds0_ 
    where
        tresholds0_.COMP_ID=?
Hibernate: 
    select
        tresholds0_.COMP_ID as COMP_ID7_1_0_,
        tresholds0_.id as id1_8_0_,
        tresholds0_.id as id1_8_1_,
        tresholds0_.name as name2_8_1_,
        tresholds0_.scope as scope3_8_1_,
        tresholds0_.content as content4_8_1_,
        tresholds0_.VALUE_TYPE as VALUE_TY5_8_1_,
        tresholds0_.type as type6_8_1_ 
    from
        TRESHOLDS tresholds0_ 
    where
        tresholds0_.COMP_ID=?
3366 [main] TRACE org.hibernate.type.descriptor.sql.BasicBinder  - binding parameter [1] as [BIGINT] - [2]
3366 [main] DEBUG org.hibernate.loader.plan.exec.process.internal.ResultSetProcessorImpl  - Preparing collection intializer : [org.thingsplode.core.entities.Component.tresholds#2]
3366 [main] DEBUG org.hibernate.loader.plan.exec.process.internal.ResultSetProcessorImpl  - Starting ResultSet row #0
3366 [main] TRACE org.hibernate.type.descriptor.sql.BasicExtractor  - extracted value ([id1_8_1_] : [BIGINT]) - [1]
3366 [main] TRACE org.hibernate.type.descriptor.sql.BasicExtractor  - extracted value ([name2_8_1_] : [VARCHAR]) - [nr_of_transactions]
3367 [main] TRACE org.hibernate.type.EnumType  - Returning [COMPONENT] as column [scope3_8_1_]
3367 [main] TRACE org.hibernate.type.descriptor.sql.BasicExtractor  - extracted value ([content4_8_1_] : [VARCHAR]) - [100000]
3367 [main] TRACE org.hibernate.type.EnumType  - Returning [NUMBER] as column [VALUE_TY5_8_1_]
3367 [main] TRACE org.hibernate.type.EnumType  - Returning [HIGH] as column [type6_8_1_]
3367 [main] TRACE org.hibernate.type.descriptor.sql.BasicExtractor  - extracted value ([COMP_ID7_1_0_] : [BIGINT]) - [2]
3367 [main] DEBUG org.hibernate.loader.plan.exec.process.internal.CollectionReferenceInitializerImpl  - Found row of collection: [org.thingsplode.core.entities.Component.tresholds#2]
3367 [main] TRACE org.hibernate.type.descriptor.sql.BasicExtractor  - extracted value ([id1_8_0_] : [BIGINT]) - [1]
3367 [main] DEBUG org.hibernate.engine.internal.TwoPhaseLoad  - Resolving associations for [org.thingsplode.core.entities.Treshold#1]
3367 [main] DEBUG org.hibernate.engine.internal.TwoPhaseLoad  - Done materializing entity [org.thingsplode.core.entities.Treshold#1]
3367 [main] DEBUG org.hibernate.engine.loading.internal.CollectionLoadContext  - 1 collections were found in result set for role: org.thingsplode.core.entities.Component.tresholds
3367 [main] DEBUG org.hibernate.engine.loading.internal.CollectionLoadContext  - Collection fully initialized: [org.thingsplode.core.entities.Component.tresholds#2]
3367 [main] DEBUG org.hibernate.engine.loading.internal.CollectionLoadContext  - 1 collections initialized for role: org.thingsplode.core.entities.Component.tresholds
3367 [main] DEBUG org.hibernate.loader.collection.plan.AbstractLoadPlanBasedCollectionInitializer  - Done loading collection
3367 [main] DEBUG org.hibernate.engine.internal.TwoPhaseLoad  - Done materializing entity [org.thingsplode.core.entities.Component#2]
3367 [main] DEBUG org.hibernate.engine.loading.internal.CollectionLoadContext  - 1 collections were found in result set for role: org.thingsplode.core.entities.Component.capabilities
3367 [main] DEBUG org.hibernate.engine.loading.internal.CollectionLoadContext  - Collection fully initialized: [org.thingsplode.core.entities.Component.capabilities#2]
3367 [main] DEBUG org.hibernate.engine.loading.internal.CollectionLoadContext  - 1 collections initialized for role: org.thingsplode.core.entities.Component.capabilities
3367 [main] DEBUG org.hibernate.loader.collection.plan.AbstractLoadPlanBasedCollectionInitializer  - Loading collection: [org.thingsplode.core.entities.Capability.parameters#3]
3368 [main] DEBUG org.hibernate.SQL  - 
    select
        parameters0_.CAP_ID as CAP_ID4_0_0_,
        parameters0_.id as id1_7_0_,
        parameters0_.id as id1_7_1_,
        parameters0_.name as name2_7_1_,
        parameters0_.valueType as valueTyp3_7_1_ 
    from
        PARAMETERS parameters0_ 
    where
        parameters0_.CAP_ID=?
Hibernate: 
    select
        parameters0_.CAP_ID as CAP_ID4_0_0_,
        parameters0_.id as id1_7_0_,
        parameters0_.id as id1_7_1_,
        parameters0_.name as name2_7_1_,
        parameters0_.valueType as valueTyp3_7_1_ 
    from
        PARAMETERS parameters0_ 
    where
        parameters0_.CAP_ID=?
3368 [main] TRACE org.hibernate.type.descriptor.sql.BasicBinder  - binding parameter [1] as [BIGINT] - [3]
3368 [main] DEBUG org.hibernate.loader.plan.exec.process.internal.ResultSetProcessorImpl  - Preparing collection intializer : [org.thingsplode.core.entities.Capability.parameters#3]
3368 [main] DEBUG org.hibernate.engine.loading.internal.CollectionLoadContext  - 1 collections were found in result set for role: org.thingsplode.core.entities.Capability.parameters
3368 [main] DEBUG org.hibernate.engine.loading.internal.CollectionLoadContext  - Collection fully initialized: [org.thingsplode.core.entities.Capability.parameters#3]
3368 [main] DEBUG org.hibernate.engine.loading.internal.CollectionLoadContext  - 1 collections initialized for role: org.thingsplode.core.entities.Capability.parameters
3368 [main] DEBUG org.hibernate.loader.collection.plan.AbstractLoadPlanBasedCollectionInitializer  - Done loading collection
3368 [main] DEBUG org.hibernate.loader.Loader  - Done entity load
3368 [main] DEBUG org.hibernate.loader.Loader  - Loading entity: [org.thingsplode.core.entities.Component#3]
3369 [main] DEBUG org.hibernate.SQL  - 
    select
        component0_.id as id2_1_2_,
        component0_.deviceClass as deviceCl3_1_2_,
        component0_.enabledState as enabledS4_1_2_,
        component0_.identification as identifi5_1_2_,
        component0_.model_id as model_i10_1_2_,
        component0_.partNumber as partNumb6_1_2_,
        component0_.serialNumber as serialNu7_1_2_,
        component0_.status as status8_1_2_,
        component0_.type as type9_1_2_,
        component0_1_.hostAddress as hostAddr1_3_2_,
        component0_1_.lastHeartBeat as lastHear2_3_2_,
        component0_1_.city as city3_3_2_,
        component0_1_.country as country4_3_2_,
        component0_1_.houseNumber as houseNum5_3_2_,
        component0_1_.postCode as postCode6_3_2_,
        component0_1_.state as state7_3_2_,
        component0_1_.street as street8_3_2_,
        component0_1_.description as descript9_3_2_,
        component0_1_.latitude as latitud10_3_2_,
        component0_1_.longitude as longitu11_3_2_,
        component0_1_.startupDate as startup12_3_2_,
        component0_.MAIN_TYPE as MAIN_TYP1_1_2_,
        capabiliti1_.COMP_ID as COMP_ID7_1_4_,
        capabiliti1_.id as id1_0_4_,
        capabiliti1_.id as id1_0_0_,
        capabiliti1_.active as active2_0_0_,
        capabiliti1_.name as name3_0_0_,
        capabiliti1_.type as type4_0_0_,
        capabiliti1_.content as content5_0_0_,
        capabiliti1_.VALUE_TYPE as VALUE_TY6_0_0_,
        model2_.id as id1_6_1_,
        model2_.manufacturer as manufact2_6_1_,
        model2_.type as type3_6_1_,
        model2_.version as version4_6_1_ 
    from
        COMPONENT component0_ 
    left outer join
        DEVICES component0_1_ 
            on component0_.id=component0_1_.id 
    left outer join
        CAPABILITIES capabiliti1_ 
            on component0_.id=capabiliti1_.COMP_ID 
    left outer join
        MODELS model2_ 
            on component0_.model_id=model2_.id 
    where
        component0_.id=?
Hibernate: 
    select
        component0_.id as id2_1_2_,
        component0_.deviceClass as deviceCl3_1_2_,
        component0_.enabledState as enabledS4_1_2_,
        component0_.identification as identifi5_1_2_,
        component0_.model_id as model_i10_1_2_,
        component0_.partNumber as partNumb6_1_2_,
        component0_.serialNumber as serialNu7_1_2_,
        component0_.status as status8_1_2_,
        component0_.type as type9_1_2_,
        component0_1_.hostAddress as hostAddr1_3_2_,
        component0_1_.lastHeartBeat as lastHear2_3_2_,
        component0_1_.city as city3_3_2_,
        component0_1_.country as country4_3_2_,
        component0_1_.houseNumber as houseNum5_3_2_,
        component0_1_.postCode as postCode6_3_2_,
        component0_1_.state as state7_3_2_,
        component0_1_.street as street8_3_2_,
        component0_1_.description as descript9_3_2_,
        component0_1_.latitude as latitud10_3_2_,
        component0_1_.longitude as longitu11_3_2_,
        component0_1_.startupDate as startup12_3_2_,
        component0_.MAIN_TYPE as MAIN_TYP1_1_2_,
        capabiliti1_.COMP_ID as COMP_ID7_1_4_,
        capabiliti1_.id as id1_0_4_,
        capabiliti1_.id as id1_0_0_,
        capabiliti1_.active as active2_0_0_,
        capabiliti1_.name as name3_0_0_,
        capabiliti1_.type as type4_0_0_,
        capabiliti1_.content as content5_0_0_,
        capabiliti1_.VALUE_TYPE as VALUE_TY6_0_0_,
        model2_.id as id1_6_1_,
        model2_.manufacturer as manufact2_6_1_,
        model2_.type as type3_6_1_,
        model2_.version as version4_6_1_ 
    from
        COMPONENT component0_ 
    left outer join
        DEVICES component0_1_ 
            on component0_.id=component0_1_.id 
    left outer join
        CAPABILITIES capabiliti1_ 
            on component0_.id=capabiliti1_.COMP_ID 
    left outer join
        MODELS model2_ 
            on component0_.model_id=model2_.id 
    where
        component0_.id=?
3369 [main] TRACE org.hibernate.type.descriptor.sql.BasicBinder  - binding parameter [1] as [BIGINT] - [3]
3369 [main] DEBUG org.hibernate.loader.Loader  - Result set row: 0
3370 [main] TRACE org.hibernate.type.descriptor.sql.BasicExtractor  - extracted value ([id1_0_0_] : [BIGINT]) - [null]
3370 [main] TRACE org.hibernate.type.descriptor.sql.BasicExtractor  - extracted value ([id1_6_1_] : [BIGINT]) - [null]
3370 [main] DEBUG org.hibernate.loader.Loader  - Result row: null, null, EntityKey[org.thingsplode.core.entities.Component#3]
3370 [main] TRACE org.hibernate.type.descriptor.sql.BasicExtractor  - extracted value ([MAIN_TYP1_1_2_] : [VARCHAR]) - [COMPONENTS]
3370 [main] TRACE org.hibernate.type.descriptor.sql.BasicExtractor  - extracted value ([deviceCl3_1_2_] : [VARCHAR]) - [null]
3370 [main] TRACE org.hibernate.type.EnumType  - Returning [ENABLED] as column [enabledS4_1_2_]
3370 [main] TRACE org.hibernate.type.descriptor.sql.BasicExtractor  - extracted value ([identifi5_1_2_] : [VARCHAR]) - [EMC68]
3370 [main] TRACE org.hibernate.type.descriptor.sql.BasicExtractor  - extracted value ([model_i10_1_2_] : [BIGINT]) - [null]
3370 [main] TRACE org.hibernate.type.descriptor.sql.BasicExtractor  - extracted value ([partNumb6_1_2_] : [VARCHAR]) - [null]
3370 [main] TRACE org.hibernate.type.descriptor.sql.BasicExtractor  - extracted value ([serialNu7_1_2_] : [VARCHAR]) - [null]
3370 [main] TRACE org.hibernate.type.EnumType  - Returning [ONLINE] as column [status8_1_2_]
3370 [main] TRACE org.hibernate.type.EnumType  - Returning [HARDWARE] as column [type9_1_2_]
3370 [main] TRACE org.hibernate.type.descriptor.sql.BasicExtractor  - extracted value ([COMP_ID7_1_4_] : [BIGINT]) - [null]
3370 [main] DEBUG org.hibernate.loader.Loader  - Result set contains (possibly empty) collection: [org.thingsplode.core.entities.Component.capabilities#3]
3370 [main] DEBUG org.hibernate.engine.internal.TwoPhaseLoad  - Resolving associations for [org.thingsplode.core.entities.Component#3]
3370 [main] TRACE org.hibernate.type.CollectionType  - Created collection wrapper: [org.thingsplode.core.entities.Component.components#3]
3370 [main] TRACE org.hibernate.type.CollectionType  - Created collection wrapper: [org.thingsplode.core.entities.Component.configuration#3]
3370 [main] TRACE org.hibernate.type.CollectionType  - Created collection wrapper: [org.thingsplode.core.entities.Component.tresholds#3]
3370 [main] DEBUG org.hibernate.loader.collection.plan.AbstractLoadPlanBasedCollectionInitializer  - Loading collection: [org.thingsplode.core.entities.Component.tresholds#3]
3371 [main] DEBUG org.hibernate.SQL  - 
    select
        tresholds0_.COMP_ID as COMP_ID7_1_0_,
        tresholds0_.id as id1_8_0_,
        tresholds0_.id as id1_8_1_,
        tresholds0_.name as name2_8_1_,
        tresholds0_.scope as scope3_8_1_,
        tresholds0_.content as content4_8_1_,
        tresholds0_.VALUE_TYPE as VALUE_TY5_8_1_,
        tresholds0_.type as type6_8_1_ 
    from
        TRESHOLDS tresholds0_ 
    where
        tresholds0_.COMP_ID=?
Hibernate: 
    select
        tresholds0_.COMP_ID as COMP_ID7_1_0_,
        tresholds0_.id as id1_8_0_,
        tresholds0_.id as id1_8_1_,
        tresholds0_.name as name2_8_1_,
        tresholds0_.scope as scope3_8_1_,
        tresholds0_.content as content4_8_1_,
        tresholds0_.VALUE_TYPE as VALUE_TY5_8_1_,
        tresholds0_.type as type6_8_1_ 
    from
        TRESHOLDS tresholds0_ 
    where
        tresholds0_.COMP_ID=?
3371 [main] TRACE org.hibernate.type.descriptor.sql.BasicBinder  - binding parameter [1] as [BIGINT] - [3]
3371 [main] DEBUG org.hibernate.loader.plan.exec.process.internal.ResultSetProcessorImpl  - Preparing collection intializer : [org.thingsplode.core.entities.Component.tresholds#3]
3371 [main] DEBUG org.hibernate.engine.loading.internal.CollectionLoadContext  - 1 collections were found in result set for role: org.thingsplode.core.entities.Component.tresholds
3371 [main] DEBUG org.hibernate.engine.loading.internal.CollectionLoadContext  - Collection fully initialized: [org.thingsplode.core.entities.Component.tresholds#3]
3371 [main] DEBUG org.hibernate.engine.loading.internal.CollectionLoadContext  - 1 collections initialized for role: org.thingsplode.core.entities.Component.tresholds
3371 [main] DEBUG org.hibernate.loader.collection.plan.AbstractLoadPlanBasedCollectionInitializer  - Done loading collection
3371 [main] DEBUG org.hibernate.engine.internal.TwoPhaseLoad  - Done materializing entity [org.thingsplode.core.entities.Component#3]
3371 [main] DEBUG org.hibernate.engine.loading.internal.CollectionLoadContext  - 1 collections were found in result set for role: org.thingsplode.core.entities.Component.capabilities
3371 [main] DEBUG org.hibernate.engine.loading.internal.CollectionLoadContext  - Collection fully initialized: [org.thingsplode.core.entities.Component.capabilities#3]
3371 [main] DEBUG org.hibernate.engine.loading.internal.CollectionLoadContext  - 1 collections initialized for role: org.thingsplode.core.entities.Component.capabilities
3371 [main] DEBUG org.hibernate.loader.Loader  - Done entity load
3372 [main] DEBUG org.hibernate.loader.Loader  - Loading entity: [org.thingsplode.core.entities.Configuration#1]
3372 [main] DEBUG org.hibernate.SQL  - 
    select
        configurat0_.id as id1_2_0_,
        configurat0_.key as key2_2_0_,
        configurat0_.syncStatus as syncStat3_2_0_,
        configurat0_.type as type4_2_0_,
        configurat0_.value as value5_2_0_ 
    from
        CONFIGURATION configurat0_ 
    where
        configurat0_.id=?
Hibernate: 
    select
        configurat0_.id as id1_2_0_,
        configurat0_.key as key2_2_0_,
        configurat0_.syncStatus as syncStat3_2_0_,
        configurat0_.type as type4_2_0_,
        configurat0_.value as value5_2_0_ 
    from
        CONFIGURATION configurat0_ 
    where
        configurat0_.id=?
3372 [main] TRACE org.hibernate.type.descriptor.sql.BasicBinder  - binding parameter [1] as [BIGINT] - [1]
3372 [main] DEBUG org.hibernate.loader.Loader  - Result set row: 0
3372 [main] DEBUG org.hibernate.loader.Loader  - Result row: EntityKey[org.thingsplode.core.entities.Configuration#1]
3372 [main] TRACE org.hibernate.type.descriptor.sql.BasicExtractor  - extracted value ([key2_2_0_] : [VARCHAR]) - [chip_installed]
3373 [main] TRACE org.hibernate.type.EnumType  - Returning [NEW] as column [syncStat3_2_0_]
3373 [main] TRACE org.hibernate.type.EnumType  - Returning [BOOLEAN] as column [type4_2_0_]
3373 [main] TRACE org.hibernate.type.descriptor.sql.BasicExtractor  - extracted value ([value5_2_0_] : [VARCHAR]) - [true]
3373 [main] DEBUG org.hibernate.engine.internal.TwoPhaseLoad  - Resolving associations for [org.thingsplode.core.entities.Configuration#1]
3373 [main] DEBUG org.hibernate.engine.internal.TwoPhaseLoad  - Done materializing entity [org.thingsplode.core.entities.Configuration#1]
3373 [main] DEBUG org.hibernate.loader.Loader  - Done entity load
3373 [main] DEBUG org.hibernate.loader.collection.plan.AbstractLoadPlanBasedCollectionInitializer  - Loading collection: [org.thingsplode.core.entities.Component.configuration#3]
3373 [main] DEBUG org.hibernate.SQL  - 
    select
        configurat0_.COMP_ID as COMP_ID6_1_0_,
        configurat0_.id as id1_2_0_,
        configurat0_.id as id1_2_1_,
        configurat0_.key as key2_2_1_,
        configurat0_.syncStatus as syncStat3_2_1_,
        configurat0_.type as type4_2_1_,
        configurat0_.value as value5_2_1_ 
    from
        CONFIGURATION configurat0_ 
    where
        configurat0_.COMP_ID=?
Hibernate: 
    select
        configurat0_.COMP_ID as COMP_ID6_1_0_,
        configurat0_.id as id1_2_0_,
        configurat0_.id as id1_2_1_,
        configurat0_.key as key2_2_1_,
        configurat0_.syncStatus as syncStat3_2_1_,
        configurat0_.type as type4_2_1_,
        configurat0_.value as value5_2_1_ 
    from
        CONFIGURATION configurat0_ 
    where
        configurat0_.COMP_ID=?
3374 [main] TRACE org.hibernate.type.descriptor.sql.BasicBinder  - binding parameter [1] as [BIGINT] - [3]
3374 [main] DEBUG org.hibernate.loader.plan.exec.process.internal.ResultSetProcessorImpl  - Preparing collection intializer : [org.thingsplode.core.entities.Component.configuration#3]
3374 [main] DEBUG org.hibernate.loader.plan.exec.process.internal.ResultSetProcessorImpl  - Starting ResultSet row #0
3374 [main] TRACE org.hibernate.type.descriptor.sql.BasicExtractor  - extracted value ([id1_2_1_] : [BIGINT]) - [1]
3374 [main] TRACE org.hibernate.type.descriptor.sql.BasicExtractor  - extracted value ([COMP_ID6_1_0_] : [BIGINT]) - [3]
3374 [main] DEBUG org.hibernate.loader.plan.exec.process.internal.CollectionReferenceInitializerImpl  - Found row of collection: [org.thingsplode.core.entities.Component.configuration#3]
3374 [main] TRACE org.hibernate.type.descriptor.sql.BasicExtractor  - extracted value ([id1_2_0_] : [BIGINT]) - [1]
3374 [main] DEBUG org.hibernate.engine.loading.internal.CollectionLoadContext  - 1 collections were found in result set for role: org.thingsplode.core.entities.Component.configuration
3374 [main] DEBUG org.hibernate.engine.loading.internal.CollectionLoadContext  - Collection fully initialized: [org.thingsplode.core.entities.Component.configuration#3]
3374 [main] DEBUG org.hibernate.engine.loading.internal.CollectionLoadContext  - 1 collections initialized for role: org.thingsplode.core.entities.Component.configuration
3374 [main] DEBUG org.hibernate.loader.collection.plan.AbstractLoadPlanBasedCollectionInitializer  - Done loading collection
3375 [main] DEBUG org.hibernate.engine.spi.CollectionEntry  - Reset storedSnapshot to [Configuration{type=BOOLEAN, key=chip_installed, value=true, syncStatus=NEW}] for CollectionEntry[org.thingsplode.core.entities.Component.configuration#3]
3375 [main] DEBUG org.hibernate.loader.Loader  - Loading entity: [org.thingsplode.core.entities.Configuration#2]
3375 [main] DEBUG org.hibernate.SQL  - 
    select
        configurat0_.id as id1_2_0_,
        configurat0_.key as key2_2_0_,
        configurat0_.syncStatus as syncStat3_2_0_,
        configurat0_.type as type4_2_0_,
        configurat0_.value as value5_2_0_ 
    from
        CONFIGURATION configurat0_ 
    where
        configurat0_.id=?
Hibernate: 
    select
        configurat0_.id as id1_2_0_,
        configurat0_.key as key2_2_0_,
        configurat0_.syncStatus as syncStat3_2_0_,
        configurat0_.type as type4_2_0_,
        configurat0_.value as value5_2_0_ 
    from
        CONFIGURATION configurat0_ 
    where
        configurat0_.id=?
3375 [main] TRACE org.hibernate.type.descriptor.sql.BasicBinder  - binding parameter [1] as [BIGINT] - [2]
3375 [main] DEBUG org.hibernate.loader.Loader  - Result set row: 0
3375 [main] DEBUG org.hibernate.loader.Loader  - Result row: EntityKey[org.thingsplode.core.entities.Configuration#2]
3375 [main] TRACE org.hibernate.type.descriptor.sql.BasicExtractor  - extracted value ([key2_2_0_] : [VARCHAR]) - [read_timeout]
3375 [main] TRACE org.hibernate.type.EnumType  - Returning [NEW] as column [syncStat3_2_0_]
3375 [main] TRACE org.hibernate.type.EnumType  - Returning [NUMBER] as column [type4_2_0_]
3375 [main] TRACE org.hibernate.type.descriptor.sql.BasicExtractor  - extracted value ([value5_2_0_] : [VARCHAR]) - [20000]
3375 [main] DEBUG org.hibernate.engine.internal.TwoPhaseLoad  - Resolving associations for [org.thingsplode.core.entities.Configuration#2]
3376 [main] DEBUG org.hibernate.engine.internal.TwoPhaseLoad  - Done materializing entity [org.thingsplode.core.entities.Configuration#2]
3376 [main] DEBUG org.hibernate.loader.Loader  - Done entity load
3376 [main] DEBUG org.hibernate.engine.spi.CollectionEntry  - Reset storedSnapshot to [Capability{type=WRITE_OR_EXECUTE, name=read_card, active=true}] for CollectionEntry[org.thingsplode.core.entities.Component.capabilities#2]
3376 [main] DEBUG org.hibernate.loader.collection.plan.AbstractLoadPlanBasedCollectionInitializer  - Loading collection: [org.thingsplode.core.entities.Component.components#2]
3377 [main] DEBUG org.hibernate.SQL  - 
    select
        components0_.ROOT_COMP_ID as ROOT_CO11_1_0_,
        components0_.id as id2_1_0_,
        components0_.id as id2_1_1_,
        components0_.deviceClass as deviceCl3_1_1_,
        components0_.enabledState as enabledS4_1_1_,
        components0_.identification as identifi5_1_1_,
        components0_.model_id as model_i10_1_1_,
        components0_.partNumber as partNumb6_1_1_,
        components0_.serialNumber as serialNu7_1_1_,
        components0_.status as status8_1_1_,
        components0_.type as type9_1_1_,
        components0_1_.hostAddress as hostAddr1_3_1_,
        components0_1_.lastHeartBeat as lastHear2_3_1_,
        components0_1_.city as city3_3_1_,
        components0_1_.country as country4_3_1_,
        components0_1_.houseNumber as houseNum5_3_1_,
        components0_1_.postCode as postCode6_3_1_,
        components0_1_.state as state7_3_1_,
        components0_1_.street as street8_3_1_,
        components0_1_.description as descript9_3_1_,
        components0_1_.latitude as latitud10_3_1_,
        components0_1_.longitude as longitu11_3_1_,
        components0_1_.startupDate as startup12_3_1_,
        components0_.MAIN_TYPE as MAIN_TYP1_1_1_,
        model1_.id as id1_6_2_,
        model1_.manufacturer as manufact2_6_2_,
        model1_.type as type3_6_2_,
        model1_.version as version4_6_2_ 
    from
        COMPONENT components0_ 
    left outer join
        DEVICES components0_1_ 
            on components0_.id=components0_1_.id 
    left outer join
        MODELS model1_ 
            on components0_.model_id=model1_.id 
    where
        components0_.ROOT_COMP_ID=?
Hibernate: 
    select
        components0_.ROOT_COMP_ID as ROOT_CO11_1_0_,
        components0_.id as id2_1_0_,
        components0_.id as id2_1_1_,
        components0_.deviceClass as deviceCl3_1_1_,
        components0_.enabledState as enabledS4_1_1_,
        components0_.identification as identifi5_1_1_,
        components0_.model_id as model_i10_1_1_,
        components0_.partNumber as partNumb6_1_1_,
        components0_.serialNumber as serialNu7_1_1_,
        components0_.status as status8_1_1_,
        components0_.type as type9_1_1_,
        components0_1_.hostAddress as hostAddr1_3_1_,
        components0_1_.lastHeartBeat as lastHear2_3_1_,
        components0_1_.city as city3_3_1_,
        components0_1_.country as country4_3_1_,
        components0_1_.houseNumber as houseNum5_3_1_,
        components0_1_.postCode as postCode6_3_1_,
        components0_1_.state as state7_3_1_,
        components0_1_.street as street8_3_1_,
        components0_1_.description as descript9_3_1_,
        components0_1_.latitude as latitud10_3_1_,
        components0_1_.longitude as longitu11_3_1_,
        components0_1_.startupDate as startup12_3_1_,
        components0_.MAIN_TYPE as MAIN_TYP1_1_1_,
        model1_.id as id1_6_2_,
        model1_.manufacturer as manufact2_6_2_,
        model1_.type as type3_6_2_,
        model1_.version as version4_6_2_ 
    from
        COMPONENT components0_ 
    left outer join
        DEVICES components0_1_ 
            on components0_.id=components0_1_.id 
    left outer join
        MODELS model1_ 
            on components0_.model_id=model1_.id 
    where
        components0_.ROOT_COMP_ID=?
3377 [main] TRACE org.hibernate.type.descriptor.sql.BasicBinder  - binding parameter [1] as [BIGINT] - [2]
3378 [main] DEBUG org.hibernate.loader.plan.exec.process.internal.ResultSetProcessorImpl  - Preparing collection intializer : [org.thingsplode.core.entities.Component.components#2]
3378 [main] DEBUG org.hibernate.loader.plan.exec.process.internal.ResultSetProcessorImpl  - Starting ResultSet row #0
3378 [main] TRACE org.hibernate.type.descriptor.sql.BasicExtractor  - extracted value ([id2_1_1_] : [BIGINT]) - [3]
3378 [main] TRACE org.hibernate.type.descriptor.sql.BasicExtractor  - extracted value ([id1_6_2_] : [BIGINT]) - [null]
3378 [main] TRACE org.hibernate.type.descriptor.sql.BasicExtractor  - extracted value ([ROOT_CO11_1_0_] : [BIGINT]) - [2]
3378 [main] DEBUG org.hibernate.loader.plan.exec.process.internal.CollectionReferenceInitializerImpl  - Found row of collection: [org.thingsplode.core.entities.Component.components#2]
3378 [main] TRACE org.hibernate.type.descriptor.sql.BasicExtractor  - extracted value ([id2_1_0_] : [BIGINT]) - [3]
3378 [main] DEBUG org.hibernate.engine.loading.internal.CollectionLoadContext  - 1 collections were found in result set for role: org.thingsplode.core.entities.Component.components
3378 [main] DEBUG org.hibernate.engine.loading.internal.CollectionLoadContext  - Collection fully initialized: [org.thingsplode.core.entities.Component.components#2]
3378 [main] DEBUG org.hibernate.engine.loading.internal.CollectionLoadContext  - 1 collections initialized for role: org.thingsplode.core.entities.Component.components
3378 [main] DEBUG org.hibernate.loader.collection.plan.AbstractLoadPlanBasedCollectionInitializer  - Done loading collection
3378 [main] DEBUG org.hibernate.engine.spi.CollectionEntry  - Reset storedSnapshot to [Component{ Persistable{id=3} name=EMC68, type=HARDWARE, enabledState=ENABLED, status=ONLINE, model=null, serialNumber=null, partNumber=null}] for CollectionEntry[org.thingsplode.core.entities.Component.components#2]
3378 [main] DEBUG org.hibernate.loader.collection.plan.AbstractLoadPlanBasedCollectionInitializer  - Loading collection: [org.thingsplode.core.entities.Component.configuration#2]
3379 [main] DEBUG org.hibernate.SQL  - 
    select
        configurat0_.COMP_ID as COMP_ID6_1_0_,
        configurat0_.id as id1_2_0_,
        configurat0_.id as id1_2_1_,
        configurat0_.key as key2_2_1_,
        configurat0_.syncStatus as syncStat3_2_1_,
        configurat0_.type as type4_2_1_,
        configurat0_.value as value5_2_1_ 
    from
        CONFIGURATION configurat0_ 
    where
        configurat0_.COMP_ID=?
Hibernate: 
    select
        configurat0_.COMP_ID as COMP_ID6_1_0_,
        configurat0_.id as id1_2_0_,
        configurat0_.id as id1_2_1_,
        configurat0_.key as key2_2_1_,
        configurat0_.syncStatus as syncStat3_2_1_,
        configurat0_.type as type4_2_1_,
        configurat0_.value as value5_2_1_ 
    from
        CONFIGURATION configurat0_ 
    where
        configurat0_.COMP_ID=?
3379 [main] TRACE org.hibernate.type.descriptor.sql.BasicBinder  - binding parameter [1] as [BIGINT] - [2]
3379 [main] DEBUG org.hibernate.loader.plan.exec.process.internal.ResultSetProcessorImpl  - Preparing collection intializer : [org.thingsplode.core.entities.Component.configuration#2]
3379 [main] DEBUG org.hibernate.loader.plan.exec.process.internal.ResultSetProcessorImpl  - Starting ResultSet row #0
3379 [main] TRACE org.hibernate.type.descriptor.sql.BasicExtractor  - extracted value ([id1_2_1_] : [BIGINT]) - [2]
3379 [main] TRACE org.hibernate.type.descriptor.sql.BasicExtractor  - extracted value ([COMP_ID6_1_0_] : [BIGINT]) - [2]
3379 [main] DEBUG org.hibernate.loader.plan.exec.process.internal.CollectionReferenceInitializerImpl  - Found row of collection: [org.thingsplode.core.entities.Component.configuration#2]
3379 [main] TRACE org.hibernate.type.descriptor.sql.BasicExtractor  - extracted value ([id1_2_0_] : [BIGINT]) - [2]
3379 [main] DEBUG org.hibernate.engine.loading.internal.CollectionLoadContext  - 1 collections were found in result set for role: org.thingsplode.core.entities.Component.configuration
3379 [main] DEBUG org.hibernate.engine.loading.internal.CollectionLoadContext  - Collection fully initialized: [org.thingsplode.core.entities.Component.configuration#2]
3379 [main] DEBUG org.hibernate.engine.loading.internal.CollectionLoadContext  - 1 collections initialized for role: org.thingsplode.core.entities.Component.configuration
3379 [main] DEBUG org.hibernate.loader.collection.plan.AbstractLoadPlanBasedCollectionInitializer  - Done loading collection
3379 [main] DEBUG org.hibernate.engine.spi.CollectionEntry  - Reset storedSnapshot to [Configuration{type=NUMBER, key=read_timeout, value=20000, syncStatus=NEW}] for CollectionEntry[org.thingsplode.core.entities.Component.configuration#2]
3380 [main] DEBUG org.hibernate.engine.spi.CollectionEntry  - Reset storedSnapshot to [Persistable{id=1}] for CollectionEntry[org.thingsplode.core.entities.Component.tresholds#2]
3380 [main] DEBUG org.hibernate.loader.Loader  - Loading entity: [org.thingsplode.core.entities.Configuration#3]
3380 [main] DEBUG org.hibernate.SQL  - 
    select
        configurat0_.id as id1_2_0_,
        configurat0_.key as key2_2_0_,
        configurat0_.syncStatus as syncStat3_2_0_,
        configurat0_.type as type4_2_0_,
        configurat0_.value as value5_2_0_ 
    from
        CONFIGURATION configurat0_ 
    where
        configurat0_.id=?
Hibernate: 
    select
        configurat0_.id as id1_2_0_,
        configurat0_.key as key2_2_0_,
        configurat0_.syncStatus as syncStat3_2_0_,
        configurat0_.type as type4_2_0_,
        configurat0_.value as value5_2_0_ 
    from
        CONFIGURATION configurat0_ 
    where
        configurat0_.id=?
3380 [main] TRACE org.hibernate.type.descriptor.sql.BasicBinder  - binding parameter [1] as [BIGINT] - [3]
3380 [main] DEBUG org.hibernate.loader.Loader  - Result set row: 0
3380 [main] DEBUG org.hibernate.loader.Loader  - Result row: EntityKey[org.thingsplode.core.entities.Configuration#3]
3380 [main] TRACE org.hibernate.type.descriptor.sql.BasicExtractor  - extracted value ([key2_2_0_] : [VARCHAR]) - [shutdown_timeout]
3380 [main] TRACE org.hibernate.type.EnumType  - Returning [NEW] as column [syncStat3_2_0_]
3380 [main] TRACE org.hibernate.type.EnumType  - Returning [NUMBER] as column [type4_2_0_]
3380 [main] TRACE org.hibernate.type.descriptor.sql.BasicExtractor  - extracted value ([value5_2_0_] : [VARCHAR]) - [3000]
3380 [main] DEBUG org.hibernate.engine.internal.TwoPhaseLoad  - Resolving associations for [org.thingsplode.core.entities.Configuration#3]
3380 [main] DEBUG org.hibernate.engine.internal.TwoPhaseLoad  - Done materializing entity [org.thingsplode.core.entities.Configuration#3]
3381 [main] DEBUG org.hibernate.loader.Loader  - Done entity load
3381 [main] DEBUG org.hibernate.loader.Loader  - Loading entity: [org.thingsplode.core.entities.Configuration#4]
3381 [main] DEBUG org.hibernate.SQL  - 
    select
        configurat0_.id as id1_2_0_,
        configurat0_.key as key2_2_0_,
        configurat0_.syncStatus as syncStat3_2_0_,
        configurat0_.type as type4_2_0_,
        configurat0_.value as value5_2_0_ 
    from
        CONFIGURATION configurat0_ 
    where
        configurat0_.id=?
Hibernate: 
    select
        configurat0_.id as id1_2_0_,
        configurat0_.key as key2_2_0_,
        configurat0_.syncStatus as syncStat3_2_0_,
        configurat0_.type as type4_2_0_,
        configurat0_.value as value5_2_0_ 
    from
        CONFIGURATION configurat0_ 
    where
        configurat0_.id=?
3381 [main] TRACE org.hibernate.type.descriptor.sql.BasicBinder  - binding parameter [1] as [BIGINT] - [4]
3381 [main] DEBUG org.hibernate.loader.Loader  - Result set row: 0
3381 [main] DEBUG org.hibernate.loader.Loader  - Result row: EntityKey[org.thingsplode.core.entities.Configuration#4]
3381 [main] TRACE org.hibernate.type.descriptor.sql.BasicExtractor  - extracted value ([key2_2_0_] : [VARCHAR]) - [deletable_config]
3381 [main] TRACE org.hibernate.type.EnumType  - Returning [NEW] as column [syncStat3_2_0_]
3381 [main] TRACE org.hibernate.type.EnumType  - Returning [NUMBER] as column [type4_2_0_]
3381 [main] TRACE org.hibernate.type.descriptor.sql.BasicExtractor  - extracted value ([value5_2_0_] : [VARCHAR]) - [1000]
3381 [main] DEBUG org.hibernate.engine.internal.TwoPhaseLoad  - Resolving associations for [org.thingsplode.core.entities.Configuration#4]
3381 [main] DEBUG org.hibernate.engine.internal.TwoPhaseLoad  - Done materializing entity [org.thingsplode.core.entities.Configuration#4]
3382 [main] DEBUG org.hibernate.loader.Loader  - Done entity load
3382 [main] DEBUG org.hibernate.engine.spi.CollectionEntry  - Reset storedSnapshot to [Capability{type=READ, name=meter_value, active=true}, Capability{type=WRITE_OR_EXECUTE, name=door_control, active=true}] for CollectionEntry[org.thingsplode.core.entities.Component.capabilities#1]
3382 [main] DEBUG org.hibernate.loader.collection.plan.AbstractLoadPlanBasedCollectionInitializer  - Loading collection: [org.thingsplode.core.entities.Component.components#1]
3383 [main] DEBUG org.hibernate.SQL  - 
    select
        components0_.ROOT_COMP_ID as ROOT_CO11_1_0_,
        components0_.id as id2_1_0_,
        components0_.id as id2_1_1_,
        components0_.deviceClass as deviceCl3_1_1_,
        components0_.enabledState as enabledS4_1_1_,
        components0_.identification as identifi5_1_1_,
        components0_.model_id as model_i10_1_1_,
        components0_.partNumber as partNumb6_1_1_,
        components0_.serialNumber as serialNu7_1_1_,
        components0_.status as status8_1_1_,
        components0_.type as type9_1_1_,
        components0_1_.hostAddress as hostAddr1_3_1_,
        components0_1_.lastHeartBeat as lastHear2_3_1_,
        components0_1_.city as city3_3_1_,
        components0_1_.country as country4_3_1_,
        components0_1_.houseNumber as houseNum5_3_1_,
        components0_1_.postCode as postCode6_3_1_,
        components0_1_.state as state7_3_1_,
        components0_1_.street as street8_3_1_,
        components0_1_.description as descript9_3_1_,
        components0_1_.latitude as latitud10_3_1_,
        components0_1_.longitude as longitu11_3_1_,
        components0_1_.startupDate as startup12_3_1_,
        components0_.MAIN_TYPE as MAIN_TYP1_1_1_,
        model1_.id as id1_6_2_,
        model1_.manufacturer as manufact2_6_2_,
        model1_.type as type3_6_2_,
        model1_.version as version4_6_2_ 
    from
        COMPONENT components0_ 
    left outer join
        DEVICES components0_1_ 
            on components0_.id=components0_1_.id 
    left outer join
        MODELS model1_ 
            on components0_.model_id=model1_.id 
    where
        components0_.ROOT_COMP_ID=?
Hibernate: 
    select
        components0_.ROOT_COMP_ID as ROOT_CO11_1_0_,
        components0_.id as id2_1_0_,
        components0_.id as id2_1_1_,
        components0_.deviceClass as deviceCl3_1_1_,
        components0_.enabledState as enabledS4_1_1_,
        components0_.identification as identifi5_1_1_,
        components0_.model_id as model_i10_1_1_,
        components0_.partNumber as partNumb6_1_1_,
        components0_.serialNumber as serialNu7_1_1_,
        components0_.status as status8_1_1_,
        components0_.type as type9_1_1_,
        components0_1_.hostAddress as hostAddr1_3_1_,
        components0_1_.lastHeartBeat as lastHear2_3_1_,
        components0_1_.city as city3_3_1_,
        components0_1_.country as country4_3_1_,
        components0_1_.houseNumber as houseNum5_3_1_,
        components0_1_.postCode as postCode6_3_1_,
        components0_1_.state as state7_3_1_,
        components0_1_.street as street8_3_1_,
        components0_1_.description as descript9_3_1_,
        components0_1_.latitude as latitud10_3_1_,
        components0_1_.longitude as longitu11_3_1_,
        components0_1_.startupDate as startup12_3_1_,
        components0_.MAIN_TYPE as MAIN_TYP1_1_1_,
        model1_.id as id1_6_2_,
        model1_.manufacturer as manufact2_6_2_,
        model1_.type as type3_6_2_,
        model1_.version as version4_6_2_ 
    from
        COMPONENT components0_ 
    left outer join
        DEVICES components0_1_ 
            on components0_.id=components0_1_.id 
    left outer join
        MODELS model1_ 
            on components0_.model_id=model1_.id 
    where
        components0_.ROOT_COMP_ID=?
3383 [main] TRACE org.hibernate.type.descriptor.sql.BasicBinder  - binding parameter [1] as [BIGINT] - [1]
3383 [main] DEBUG org.hibernate.loader.plan.exec.process.internal.ResultSetProcessorImpl  - Preparing collection intializer : [org.thingsplode.core.entities.Component.components#1]
3383 [main] DEBUG org.hibernate.loader.plan.exec.process.internal.ResultSetProcessorImpl  - Starting ResultSet row #0
3383 [main] TRACE org.hibernate.type.descriptor.sql.BasicExtractor  - extracted value ([id2_1_1_] : [BIGINT]) - [2]
3383 [main] TRACE org.hibernate.type.descriptor.sql.BasicExtractor  - extracted value ([id1_6_2_] : [BIGINT]) - [null]
3383 [main] TRACE org.hibernate.type.descriptor.sql.BasicExtractor  - extracted value ([ROOT_CO11_1_0_] : [BIGINT]) - [1]
3383 [main] DEBUG org.hibernate.loader.plan.exec.process.internal.CollectionReferenceInitializerImpl  - Found row of collection: [org.thingsplode.core.entities.Component.components#1]
3383 [main] TRACE org.hibernate.type.descriptor.sql.BasicExtractor  - extracted value ([id2_1_0_] : [BIGINT]) - [2]
3383 [main] DEBUG org.hibernate.engine.loading.internal.CollectionLoadContext  - 1 collections were found in result set for role: org.thingsplode.core.entities.Component.components
3383 [main] DEBUG org.hibernate.engine.loading.internal.CollectionLoadContext  - Collection fully initialized: [org.thingsplode.core.entities.Component.components#1]
3383 [main] DEBUG org.hibernate.engine.loading.internal.CollectionLoadContext  - 1 collections initialized for role: org.thingsplode.core.entities.Component.components
3384 [main] DEBUG org.hibernate.loader.collection.plan.AbstractLoadPlanBasedCollectionInitializer  - Done loading collection
3384 [main] DEBUG org.hibernate.engine.spi.CollectionEntry  - Reset storedSnapshot to [Component{ Persistable{id=2} name=card_reader, type=HARDWARE, enabledState=ENABLED, status=ONLINE, model=null, serialNumber=null, partNumber=null}] for CollectionEntry[org.thingsplode.core.entities.Component.components#1]
3384 [main] DEBUG org.hibernate.loader.collection.plan.AbstractLoadPlanBasedCollectionInitializer  - Loading collection: [org.thingsplode.core.entities.Component.configuration#1]
3384 [main] DEBUG org.hibernate.SQL  - 
    select
        configurat0_.COMP_ID as COMP_ID6_1_0_,
        configurat0_.id as id1_2_0_,
        configurat0_.id as id1_2_1_,
        configurat0_.key as key2_2_1_,
        configurat0_.syncStatus as syncStat3_2_1_,
        configurat0_.type as type4_2_1_,
        configurat0_.value as value5_2_1_ 
    from
        CONFIGURATION configurat0_ 
    where
        configurat0_.COMP_ID=?
Hibernate: 
    select
        configurat0_.COMP_ID as COMP_ID6_1_0_,
        configurat0_.id as id1_2_0_,
        configurat0_.id as id1_2_1_,
        configurat0_.key as key2_2_1_,
        configurat0_.syncStatus as syncStat3_2_1_,
        configurat0_.type as type4_2_1_,
        configurat0_.value as value5_2_1_ 
    from
        CONFIGURATION configurat0_ 
    where
        configurat0_.COMP_ID=?
3384 [main] TRACE org.hibernate.type.descriptor.sql.BasicBinder  - binding parameter [1] as [BIGINT] - [1]
3384 [main] DEBUG org.hibernate.loader.plan.exec.process.internal.ResultSetProcessorImpl  - Preparing collection intializer : [org.thingsplode.core.entities.Component.configuration#1]
3384 [main] DEBUG org.hibernate.loader.plan.exec.process.internal.ResultSetProcessorImpl  - Starting ResultSet row #0
3384 [main] TRACE org.hibernate.type.descriptor.sql.BasicExtractor  - extracted value ([id1_2_1_] : [BIGINT]) - [3]
3384 [main] TRACE org.hibernate.type.descriptor.sql.BasicExtractor  - extracted value ([COMP_ID6_1_0_] : [BIGINT]) - [1]
3384 [main] DEBUG org.hibernate.loader.plan.exec.process.internal.CollectionReferenceInitializerImpl  - Found row of collection: [org.thingsplode.core.entities.Component.configuration#1]
3384 [main] TRACE org.hibernate.type.descriptor.sql.BasicExtractor  - extracted value ([id1_2_0_] : [BIGINT]) - [3]
3384 [main] DEBUG org.hibernate.loader.plan.exec.process.internal.ResultSetProcessorImpl  - Starting ResultSet row #1
3384 [main] TRACE org.hibernate.type.descriptor.sql.BasicExtractor  - extracted value ([id1_2_1_] : [BIGINT]) - [4]
3385 [main] TRACE org.hibernate.type.descriptor.sql.BasicExtractor  - extracted value ([COMP_ID6_1_0_] : [BIGINT]) - [1]
3385 [main] DEBUG org.hibernate.loader.plan.exec.process.internal.CollectionReferenceInitializerImpl  - Found row of collection: [org.thingsplode.core.entities.Component.configuration#1]
3385 [main] TRACE org.hibernate.type.descriptor.sql.BasicExtractor  - extracted value ([id1_2_0_] : [BIGINT]) - [4]
3385 [main] DEBUG org.hibernate.engine.loading.internal.CollectionLoadContext  - 1 collections were found in result set for role: org.thingsplode.core.entities.Component.configuration
3385 [main] DEBUG org.hibernate.engine.loading.internal.CollectionLoadContext  - Collection fully initialized: [org.thingsplode.core.entities.Component.configuration#1]
3385 [main] DEBUG org.hibernate.engine.loading.internal.CollectionLoadContext  - 1 collections initialized for role: org.thingsplode.core.entities.Component.configuration
3385 [main] DEBUG org.hibernate.loader.collection.plan.AbstractLoadPlanBasedCollectionInitializer  - Done loading collection
3385 [main] DEBUG org.hibernate.engine.spi.CollectionEntry  - Reset storedSnapshot to [Configuration{type=NUMBER, key=shutdown_timeout, value=3000, syncStatus=NEW}, Configuration{type=NUMBER, key=deletable_config, value=1000, syncStatus=NEW}] for CollectionEntry[org.thingsplode.core.entities.Component.configuration#1]
3385 [main] DEBUG org.hibernate.engine.spi.CollectionEntry  - Reset storedSnapshot to [Persistable{id=2}, Persistable{id=3}] for CollectionEntry[org.thingsplode.core.entities.Component.tresholds#1]
3385 [main] DEBUG org.hibernate.engine.transaction.spi.AbstractTransactionImpl  - committing
3385 [main] DEBUG org.hibernate.event.internal.AbstractFlushingEventListener  - Processing flush-time cascades
3387 [main] DEBUG org.hibernate.event.internal.AbstractFlushingEventListener  - Dirty checking collections
3389 [main] DEBUG org.hibernate.engine.internal.Collections  - Collection found: [org.thingsplode.core.entities.Component.capabilities#1], was: [org.thingsplode.core.entities.Component.capabilities#1] (initialized)
3389 [main] DEBUG org.hibernate.engine.internal.Collections  - Collection found: [org.thingsplode.core.entities.Component.components#1], was: [org.thingsplode.core.entities.Component.components#1] (initialized)
3389 [main] DEBUG org.hibernate.engine.internal.Collections  - Collection found: [org.thingsplode.core.entities.Component.configuration#1], was: [org.thingsplode.core.entities.Component.configuration#1] (initialized)
3389 [main] DEBUG org.hibernate.engine.internal.Collections  - Collection found: [org.thingsplode.core.entities.Component.tresholds#1], was: [org.thingsplode.core.entities.Component.tresholds#1] (initialized)
3389 [main] DEBUG org.hibernate.engine.internal.Collections  - Collection found: [org.thingsplode.core.entities.Capability.parameters#2], was: [org.thingsplode.core.entities.Capability.parameters#2] (initialized)
3390 [main] DEBUG org.hibernate.engine.internal.Collections  - Collection found: [org.thingsplode.core.entities.Component.capabilities#2], was: [org.thingsplode.core.entities.Component.capabilities#2] (initialized)
3390 [main] DEBUG org.hibernate.engine.internal.Collections  - Collection found: [org.thingsplode.core.entities.Component.components#2], was: [org.thingsplode.core.entities.Component.components#2] (initialized)
3390 [main] DEBUG org.hibernate.engine.internal.Collections  - Collection found: [org.thingsplode.core.entities.Component.configuration#2], was: [org.thingsplode.core.entities.Component.configuration#2] (initialized)
3390 [main] DEBUG org.hibernate.engine.internal.Collections  - Collection found: [org.thingsplode.core.entities.Component.tresholds#2], was: [org.thingsplode.core.entities.Component.tresholds#2] (initialized)
3390 [main] DEBUG org.hibernate.engine.internal.Collections  - Collection found: [org.thingsplode.core.entities.Component.configuration#3], was: [org.thingsplode.core.entities.Component.configuration#3] (initialized)
3390 [main] DEBUG org.hibernate.engine.internal.Collections  - Collection dereferenced: [org.thingsplode.core.entities.Capability.parameters#1]
3391 [main] DEBUG org.hibernate.jpa.spi.AbstractEntityManagerImpl  - Mark transaction for rollback
3391 [main] DEBUG org.hibernate.engine.transaction.spi.AbstractTransactionImpl  - rolling back
3391 [main] DEBUG org.hibernate.engine.transaction.internal.jdbc.JdbcTransaction  - rolled JDBC Connection
3391 [main] DEBUG org.hibernate.engine.transaction.internal.jdbc.JdbcTransaction  - re-enabling autocommit
3391 [main] DEBUG org.hibernate.engine.jdbc.internal.LogicalConnectionImpl  - Releasing JDBC connection
3391 [main] DEBUG org.hibernate.engine.jdbc.internal.LogicalConnectionImpl  - Released JDBC connection
]]></system-out>
    <system-err><![CDATA[SLF4J: Failed to load class "org.slf4j.impl.StaticLoggerBinder".
SLF4J: Defaulting to no-operation (NOP) logger implementation
SLF4J: See http://www.slf4j.org/codes.html#StaticLoggerBinder for further details.
]]></system-err>
  </testcase>
  <testcase name="test1Basics" classname="org.thingsplode.server.repositories.RepositoryTest" time="0.019">
    <error message="org.hibernate.exception.ConstraintViolationException: could not execute statement" type="javax.persistence.PersistenceException">javax.persistence.PersistenceException: org.hibernate.exception.ConstraintViolationException: could not execute statement
	at org.h2.message.DbException.getJdbcSQLException(DbException.java:329)
	at org.h2.message.DbException.get(DbException.java:169)
	at org.h2.message.DbException.get(DbException.java:146)
	at org.h2.index.BaseIndex.getDuplicateKeyException(BaseIndex.java:83)
	at org.h2.index.PageBtree.find(PageBtree.java:121)
	at org.h2.index.PageBtreeLeaf.addRow(PageBtreeLeaf.java:148)
	at org.h2.index.PageBtreeLeaf.addRowTry(PageBtreeLeaf.java:101)
	at org.h2.index.PageBtreeIndex.addRow(PageBtreeIndex.java:104)
	at org.h2.index.PageBtreeIndex.add(PageBtreeIndex.java:95)
	at org.h2.table.RegularTable.addRow(RegularTable.java:124)
	at org.h2.command.dml.Insert.insertRows(Insert.java:126)
	at org.h2.command.dml.Insert.update(Insert.java:86)
	at org.h2.command.CommandContainer.update(CommandContainer.java:79)
	at org.h2.command.Command.executeUpdate(Command.java:235)
	at org.h2.jdbc.JdbcPreparedStatement.executeUpdateInternal(JdbcPreparedStatement.java:154)
	at org.h2.jdbc.JdbcPreparedStatement.executeUpdate(JdbcPreparedStatement.java:140)
	at com.mchange.v2.c3p0.impl.NewProxyPreparedStatement.executeUpdate(NewProxyPreparedStatement.java:105)
	at org.hibernate.engine.jdbc.internal.ResultSetReturnImpl.executeUpdate(ResultSetReturnImpl.java:208)
	at org.hibernate.id.IdentityGenerator$GetGeneratedKeysDelegate.executeAndExtract(IdentityGenerator.java:96)
	at org.hibernate.id.insert.AbstractReturningDelegate.performInsert(AbstractReturningDelegate.java:58)
	at org.hibernate.persister.entity.AbstractEntityPersister.insert(AbstractEntityPersister.java:3032)
	at org.hibernate.persister.entity.AbstractEntityPersister.insert(AbstractEntityPersister.java:3558)
	at org.hibernate.action.internal.EntityIdentityInsertAction.execute(EntityIdentityInsertAction.java:98)
	at org.hibernate.engine.spi.ActionQueue.execute(ActionQueue.java:492)
	at org.hibernate.engine.spi.ActionQueue.addResolvedEntityInsertAction(ActionQueue.java:197)
	at org.hibernate.engine.spi.ActionQueue.addInsertAction(ActionQueue.java:181)
	at org.hibernate.engine.spi.ActionQueue.addAction(ActionQueue.java:216)
	at org.hibernate.event.internal.AbstractSaveEventListener.addInsertAction(AbstractSaveEventListener.java:324)
	at org.hibernate.event.internal.AbstractSaveEventListener.performSaveOrReplicate(AbstractSaveEventListener.java:288)
	at org.hibernate.event.internal.AbstractSaveEventListener.performSave(AbstractSaveEventListener.java:194)
	at org.hibernate.event.internal.AbstractSaveEventListener.saveWithGeneratedId(AbstractSaveEventListener.java:125)
	at org.hibernate.jpa.event.internal.core.JpaPersistEventListener.saveWithGeneratedId(JpaPersistEventListener.java:84)
	at org.hibernate.event.internal.DefaultPersistEventListener.entityIsTransient(DefaultPersistEventListener.java:206)
	at org.hibernate.event.internal.DefaultPersistEventListener.onPersist(DefaultPersistEventListener.java:149)
	at org.hibernate.internal.SessionImpl.firePersist(SessionImpl.java:801)
	at org.hibernate.internal.SessionImpl.persist(SessionImpl.java:794)
	at org.hibernate.jpa.event.internal.core.JpaPersistEventListener$1.cascade(JpaPersistEventListener.java:97)
	at org.hibernate.engine.internal.Cascade.cascadeToOne(Cascade.java:350)
	at org.hibernate.engine.internal.Cascade.cascadeAssociation(Cascade.java:293)
	at org.hibernate.engine.internal.Cascade.cascadeProperty(Cascade.java:161)
	at org.hibernate.engine.internal.Cascade.cascade(Cascade.java:118)
	at org.hibernate.event.internal.AbstractSaveEventListener.cascadeBeforeSave(AbstractSaveEventListener.java:432)
	at org.hibernate.event.internal.AbstractSaveEventListener.performSaveOrReplicate(AbstractSaveEventListener.java:265)
	at org.hibernate.event.internal.AbstractSaveEventListener.performSave(AbstractSaveEventListener.java:194)
	at org.hibernate.event.internal.AbstractSaveEventListener.saveWithGeneratedId(AbstractSaveEventListener.java:125)
	at org.hibernate.jpa.event.internal.core.JpaPersistEventListener.saveWithGeneratedId(JpaPersistEventListener.java:84)
	at org.hibernate.event.internal.DefaultPersistEventListener.entityIsTransient(DefaultPersistEventListener.java:206)
	at org.hibernate.event.internal.DefaultPersistEventListener.onPersist(DefaultPersistEventListener.java:149)
	at org.hibernate.event.internal.DefaultPersistEventListener.onPersist(DefaultPersistEventListener.java:75)
	at org.hibernate.internal.SessionImpl.firePersist(SessionImpl.java:811)
	at org.hibernate.internal.SessionImpl.persist(SessionImpl.java:784)
	at org.hibernate.internal.SessionImpl.persist(SessionImpl.java:789)
	at org.hibernate.jpa.spi.AbstractEntityManagerImpl.persist(AbstractEntityManagerImpl.java:1181)
	at sun.reflect.NativeMethodAccessorImpl.invoke0(Native Method)
	at sun.reflect.NativeMethodAccessorImpl.invoke(NativeMethodAccessorImpl.java:62)
	at sun.reflect.DelegatingMethodAccessorImpl.invoke(DelegatingMethodAccessorImpl.java:43)
	at java.lang.reflect.Method.invoke(Method.java:497)
	at org.springframework.orm.jpa.SharedEntityManagerCreator$SharedEntityManagerInvocationHandler.invoke(SharedEntityManagerCreator.java:291)
	at com.sun.proxy.$Proxy72.persist(Unknown Source)
	at org.springframework.data.jpa.repository.support.SimpleJpaRepository.save(SimpleJpaRepository.java:407)
	at sun.reflect.NativeMethodAccessorImpl.invoke0(Native Method)
	at sun.reflect.NativeMethodAccessorImpl.invoke(NativeMethodAccessorImpl.java:62)
	at sun.reflect.DelegatingMethodAccessorImpl.invoke(DelegatingMethodAccessorImpl.java:43)
	at java.lang.reflect.Method.invoke(Method.java:497)
	at org.springframework.data.repository.core.support.RepositoryFactorySupport$QueryExecutorMethodInterceptor.executeMethodOn(RepositoryFactorySupport.java:416)
	at org.springframework.data.repository.core.support.RepositoryFactorySupport$QueryExecutorMethodInterceptor.doInvoke(RepositoryFactorySupport.java:401)
	at org.springframework.data.repository.core.support.RepositoryFactorySupport$QueryExecutorMethodInterceptor.invoke(RepositoryFactorySupport.java:373)
	at org.springframework.aop.framework.ReflectiveMethodInvocation.proceed(ReflectiveMethodInvocation.java:179)
	at org.springframework.data.repository.core.support.RepositoryFactorySupport$DefaultMethodInvokingMethodInterceptor.invoke(RepositoryFactorySupport.java:486)
	at org.springframework.aop.framework.ReflectiveMethodInvocation.proceed(ReflectiveMethodInvocation.java:179)
	at org.springframework.transaction.interceptor.TransactionInterceptor$1.proceedWithInvocation(TransactionInterceptor.java:99)
	at org.springframework.transaction.interceptor.TransactionAspectSupport.invokeWithinTransaction(TransactionAspectSupport.java:281)
	at org.springframework.transaction.interceptor.TransactionInterceptor.invoke(TransactionInterceptor.java:96)
	at org.springframework.aop.framework.ReflectiveMethodInvocation.proceed(ReflectiveMethodInvocation.java:179)
	at org.springframework.dao.support.PersistenceExceptionTranslationInterceptor.invoke(PersistenceExceptionTranslationInterceptor.java:136)
	at org.springframework.aop.framework.ReflectiveMethodInvocation.proceed(ReflectiveMethodInvocation.java:179)
	at org.springframework.data.jpa.repository.support.CrudMethodMetadataPostProcessor$CrudMethodMetadataPopulatingMethodIntercceptor.invoke(CrudMethodMetadataPostProcessor.java:122)
	at org.springframework.aop.framework.ReflectiveMethodInvocation.proceed(ReflectiveMethodInvocation.java:179)
	at org.springframework.aop.interceptor.ExposeInvocationInterceptor.invoke(ExposeInvocationInterceptor.java:92)
	at org.springframework.aop.framework.ReflectiveMethodInvocation.proceed(ReflectiveMethodInvocation.java:179)
	at org.springframework.aop.framework.JdkDynamicAopProxy.invoke(JdkDynamicAopProxy.java:207)
	at com.sun.proxy.$Proxy77.save(Unknown Source)
	at org.thingsplode.server.repositories.RepositoryTest.test1Basics(RepositoryTest.java:67)
</error>
    <system-out><![CDATA[

 ***** 
 REMOVING PREVIOUS DATABASE: (/tmp/thingsplode_h2db_test.h2.db)
 *****
3403 [main] DEBUG org.hibernate.engine.transaction.spi.AbstractTransactionImpl  - begin
3403 [main] DEBUG org.hibernate.engine.jdbc.internal.LogicalConnectionImpl  - Obtaining JDBC connection
3403 [main] DEBUG org.hibernate.engine.jdbc.internal.LogicalConnectionImpl  - Obtained JDBC connection
3403 [main] DEBUG org.hibernate.engine.transaction.internal.jdbc.JdbcTransaction  - initial autocommit status: true
3403 [main] DEBUG org.hibernate.engine.transaction.internal.jdbc.JdbcTransaction  - disabling autocommit
3404 [main] DEBUG org.hibernate.engine.spi.ActionQueue  - Executing identity-insert immediately
3404 [main] DEBUG org.hibernate.SQL  - 
    insert 
    into
        MODELS
        (id, manufacturer, type, version) 
    values
        (null, ?, ?, ?)
Hibernate: 
    insert 
    into
        MODELS
        (id, manufacturer, type, version) 
    values
        (null, ?, ?, ?)
3404 [main] TRACE org.hibernate.type.descriptor.sql.BasicBinder  - binding parameter [1] as [VARCHAR] - [some_manufacturer]
3404 [main] TRACE org.hibernate.type.descriptor.sql.BasicBinder  - binding parameter [2] as [VARCHAR] - [some_type]
3404 [main] TRACE org.hibernate.type.descriptor.sql.BasicBinder  - binding parameter [3] as [VARCHAR] - [1]
3414 [main] DEBUG com.mchange.v2.sql.SqlUtils  - Attempted to convert SQLException to SQLException. Leaving it alone. [SQLState: 23505; errorCode: 23505]
org.h2.jdbc.JdbcSQLException: Unique index or primary key violation: "UK_8G9PTGDWHDOCC2X7HWRK9GSYP_INDEX_8 ON PUBLIC.MODELS(MANUFACTURER, TYPE, VERSION)"; SQL statement:
insert into MODELS (id, manufacturer, type, version) values (null, ?, ?, ?) [23505-172]
	at org.h2.message.DbException.getJdbcSQLException(DbException.java:329)
	at org.h2.message.DbException.get(DbException.java:169)
	at org.h2.message.DbException.get(DbException.java:146)
	at org.h2.index.BaseIndex.getDuplicateKeyException(BaseIndex.java:83)
	at org.h2.index.PageBtree.find(PageBtree.java:121)
	at org.h2.index.PageBtreeLeaf.addRow(PageBtreeLeaf.java:148)
	at org.h2.index.PageBtreeLeaf.addRowTry(PageBtreeLeaf.java:101)
	at org.h2.index.PageBtreeIndex.addRow(PageBtreeIndex.java:104)
	at org.h2.index.PageBtreeIndex.add(PageBtreeIndex.java:95)
	at org.h2.table.RegularTable.addRow(RegularTable.java:124)
	at org.h2.command.dml.Insert.insertRows(Insert.java:126)
	at org.h2.command.dml.Insert.update(Insert.java:86)
	at org.h2.command.CommandContainer.update(CommandContainer.java:79)
	at org.h2.command.Command.executeUpdate(Command.java:235)
	at org.h2.jdbc.JdbcPreparedStatement.executeUpdateInternal(JdbcPreparedStatement.java:154)
	at org.h2.jdbc.JdbcPreparedStatement.executeUpdate(JdbcPreparedStatement.java:140)
	at com.mchange.v2.c3p0.impl.NewProxyPreparedStatement.executeUpdate(NewProxyPreparedStatement.java:105)
	at org.hibernate.engine.jdbc.internal.ResultSetReturnImpl.executeUpdate(ResultSetReturnImpl.java:208)
	at org.hibernate.id.IdentityGenerator$GetGeneratedKeysDelegate.executeAndExtract(IdentityGenerator.java:96)
	at org.hibernate.id.insert.AbstractReturningDelegate.performInsert(AbstractReturningDelegate.java:58)
	at org.hibernate.persister.entity.AbstractEntityPersister.insert(AbstractEntityPersister.java:3032)
	at org.hibernate.persister.entity.AbstractEntityPersister.insert(AbstractEntityPersister.java:3558)
	at org.hibernate.action.internal.EntityIdentityInsertAction.execute(EntityIdentityInsertAction.java:98)
	at org.hibernate.engine.spi.ActionQueue.execute(ActionQueue.java:492)
	at org.hibernate.engine.spi.ActionQueue.addResolvedEntityInsertAction(ActionQueue.java:197)
	at org.hibernate.engine.spi.ActionQueue.addInsertAction(ActionQueue.java:181)
	at org.hibernate.engine.spi.ActionQueue.addAction(ActionQueue.java:216)
	at org.hibernate.event.internal.AbstractSaveEventListener.addInsertAction(AbstractSaveEventListener.java:324)
	at org.hibernate.event.internal.AbstractSaveEventListener.performSaveOrReplicate(AbstractSaveEventListener.java:288)
	at org.hibernate.event.internal.AbstractSaveEventListener.performSave(AbstractSaveEventListener.java:194)
	at org.hibernate.event.internal.AbstractSaveEventListener.saveWithGeneratedId(AbstractSaveEventListener.java:125)
	at org.hibernate.jpa.event.internal.core.JpaPersistEventListener.saveWithGeneratedId(JpaPersistEventListener.java:84)
	at org.hibernate.event.internal.DefaultPersistEventListener.entityIsTransient(DefaultPersistEventListener.java:206)
	at org.hibernate.event.internal.DefaultPersistEventListener.onPersist(DefaultPersistEventListener.java:149)
	at org.hibernate.internal.SessionImpl.firePersist(SessionImpl.java:801)
	at org.hibernate.internal.SessionImpl.persist(SessionImpl.java:794)
	at org.hibernate.jpa.event.internal.core.JpaPersistEventListener$1.cascade(JpaPersistEventListener.java:97)
	at org.hibernate.engine.internal.Cascade.cascadeToOne(Cascade.java:350)
	at org.hibernate.engine.internal.Cascade.cascadeAssociation(Cascade.java:293)
	at org.hibernate.engine.internal.Cascade.cascadeProperty(Cascade.java:161)
	at org.hibernate.engine.internal.Cascade.cascade(Cascade.java:118)
	at org.hibernate.event.internal.AbstractSaveEventListener.cascadeBeforeSave(AbstractSaveEventListener.java:432)
	at org.hibernate.event.internal.AbstractSaveEventListener.performSaveOrReplicate(AbstractSaveEventListener.java:265)
	at org.hibernate.event.internal.AbstractSaveEventListener.performSave(AbstractSaveEventListener.java:194)
	at org.hibernate.event.internal.AbstractSaveEventListener.saveWithGeneratedId(AbstractSaveEventListener.java:125)
	at org.hibernate.jpa.event.internal.core.JpaPersistEventListener.saveWithGeneratedId(JpaPersistEventListener.java:84)
	at org.hibernate.event.internal.DefaultPersistEventListener.entityIsTransient(DefaultPersistEventListener.java:206)
	at org.hibernate.event.internal.DefaultPersistEventListener.onPersist(DefaultPersistEventListener.java:149)
	at org.hibernate.event.internal.DefaultPersistEventListener.onPersist(DefaultPersistEventListener.java:75)
	at org.hibernate.internal.SessionImpl.firePersist(SessionImpl.java:811)
	at org.hibernate.internal.SessionImpl.persist(SessionImpl.java:784)
	at org.hibernate.internal.SessionImpl.persist(SessionImpl.java:789)
	at org.hibernate.jpa.spi.AbstractEntityManagerImpl.persist(AbstractEntityManagerImpl.java:1181)
	at sun.reflect.NativeMethodAccessorImpl.invoke0(Native Method)
	at sun.reflect.NativeMethodAccessorImpl.invoke(NativeMethodAccessorImpl.java:62)
	at sun.reflect.DelegatingMethodAccessorImpl.invoke(DelegatingMethodAccessorImpl.java:43)
	at java.lang.reflect.Method.invoke(Method.java:497)
	at org.springframework.orm.jpa.SharedEntityManagerCreator$SharedEntityManagerInvocationHandler.invoke(SharedEntityManagerCreator.java:291)
	at com.sun.proxy.$Proxy72.persist(Unknown Source)
	at org.springframework.data.jpa.repository.support.SimpleJpaRepository.save(SimpleJpaRepository.java:407)
	at sun.reflect.NativeMethodAccessorImpl.invoke0(Native Method)
	at sun.reflect.NativeMethodAccessorImpl.invoke(NativeMethodAccessorImpl.java:62)
	at sun.reflect.DelegatingMethodAccessorImpl.invoke(DelegatingMethodAccessorImpl.java:43)
	at java.lang.reflect.Method.invoke(Method.java:497)
	at org.springframework.data.repository.core.support.RepositoryFactorySupport$QueryExecutorMethodInterceptor.executeMethodOn(RepositoryFactorySupport.java:416)
	at org.springframework.data.repository.core.support.RepositoryFactorySupport$QueryExecutorMethodInterceptor.doInvoke(RepositoryFactorySupport.java:401)
	at org.springframework.data.repository.core.support.RepositoryFactorySupport$QueryExecutorMethodInterceptor.invoke(RepositoryFactorySupport.java:373)
	at org.springframework.aop.framework.ReflectiveMethodInvocation.proceed(ReflectiveMethodInvocation.java:179)
	at org.springframework.data.repository.core.support.RepositoryFactorySupport$DefaultMethodInvokingMethodInterceptor.invoke(RepositoryFactorySupport.java:486)
	at org.springframework.aop.framework.ReflectiveMethodInvocation.proceed(ReflectiveMethodInvocation.java:179)
	at org.springframework.transaction.interceptor.TransactionInterceptor$1.proceedWithInvocation(TransactionInterceptor.java:99)
	at org.springframework.transaction.interceptor.TransactionAspectSupport.invokeWithinTransaction(TransactionAspectSupport.java:281)
	at org.springframework.transaction.interceptor.TransactionInterceptor.invoke(TransactionInterceptor.java:96)
	at org.springframework.aop.framework.ReflectiveMethodInvocation.proceed(ReflectiveMethodInvocation.java:179)
	at org.springframework.dao.support.PersistenceExceptionTranslationInterceptor.invoke(PersistenceExceptionTranslationInterceptor.java:136)
	at org.springframework.aop.framework.ReflectiveMethodInvocation.proceed(ReflectiveMethodInvocation.java:179)
	at org.springframework.data.jpa.repository.support.CrudMethodMetadataPostProcessor$CrudMethodMetadataPopulatingMethodIntercceptor.invoke(CrudMethodMetadataPostProcessor.java:122)
	at org.springframework.aop.framework.ReflectiveMethodInvocation.proceed(ReflectiveMethodInvocation.java:179)
	at org.springframework.aop.interceptor.ExposeInvocationInterceptor.invoke(ExposeInvocationInterceptor.java:92)
	at org.springframework.aop.framework.ReflectiveMethodInvocation.proceed(ReflectiveMethodInvocation.java:179)
	at org.springframework.aop.framework.JdkDynamicAopProxy.invoke(JdkDynamicAopProxy.java:207)
	at com.sun.proxy.$Proxy77.save(Unknown Source)
	at org.thingsplode.server.repositories.RepositoryTest.test1Basics(RepositoryTest.java:67)
	at sun.reflect.NativeMethodAccessorImpl.invoke0(Native Method)
	at sun.reflect.NativeMethodAccessorImpl.invoke(NativeMethodAccessorImpl.java:62)
	at sun.reflect.DelegatingMethodAccessorImpl.invoke(DelegatingMethodAccessorImpl.java:43)
	at java.lang.reflect.Method.invoke(Method.java:497)
	at org.junit.runners.model.FrameworkMethod$1.runReflectiveCall(FrameworkMethod.java:50)
	at org.junit.internal.runners.model.ReflectiveCallable.run(ReflectiveCallable.java:12)
	at org.junit.runners.model.FrameworkMethod.invokeExplosively(FrameworkMethod.java:47)
	at org.junit.internal.runners.statements.InvokeMethod.evaluate(InvokeMethod.java:17)
	at org.springframework.test.context.junit4.statements.RunBeforeTestMethodCallbacks.evaluate(RunBeforeTestMethodCallbacks.java:73)
	at org.springframework.test.context.junit4.statements.RunAfterTestMethodCallbacks.evaluate(RunAfterTestMethodCallbacks.java:82)
	at org.springframework.test.context.junit4.statements.SpringRepeat.evaluate(SpringRepeat.java:73)
	at org.junit.runners.ParentRunner.runLeaf(ParentRunner.java:325)
	at org.springframework.test.context.junit4.SpringJUnit4ClassRunner.runChild(SpringJUnit4ClassRunner.java:217)
	at org.springframework.test.context.junit4.SpringJUnit4ClassRunner.runChild(SpringJUnit4ClassRunner.java:83)
	at org.junit.runners.ParentRunner$3.run(ParentRunner.java:290)
	at org.junit.runners.ParentRunner$1.schedule(ParentRunner.java:71)
	at org.junit.runners.ParentRunner.runChildren(ParentRunner.java:288)
	at org.junit.runners.ParentRunner.access$000(ParentRunner.java:58)
	at org.junit.runners.ParentRunner$2.evaluate(ParentRunner.java:268)
	at org.springframework.test.context.junit4.statements.RunBeforeTestClassCallbacks.evaluate(RunBeforeTestClassCallbacks.java:61)
	at org.springframework.test.context.junit4.statements.RunAfterTestClassCallbacks.evaluate(RunAfterTestClassCallbacks.java:68)
	at org.junit.runners.ParentRunner.run(ParentRunner.java:363)
	at org.springframework.test.context.junit4.SpringJUnit4ClassRunner.run(SpringJUnit4ClassRunner.java:163)
	at org.apache.maven.surefire.junit4.JUnit4Provider.execute(JUnit4Provider.java:283)
	at org.apache.maven.surefire.junit4.JUnit4Provider.executeWithRerun(JUnit4Provider.java:173)
	at org.apache.maven.surefire.junit4.JUnit4Provider.executeTestSet(JUnit4Provider.java:153)
	at org.apache.maven.surefire.junit4.JUnit4Provider.invoke(JUnit4Provider.java:128)
	at org.apache.maven.surefire.booter.ForkedBooter.invokeProviderInSameClassLoader(ForkedBooter.java:203)
	at org.apache.maven.surefire.booter.ForkedBooter.runSuitesInProcess(ForkedBooter.java:155)
	at org.apache.maven.surefire.booter.ForkedBooter.main(ForkedBooter.java:103)
3419 [main] DEBUG org.hibernate.engine.jdbc.spi.SqlExceptionHelper  - could not execute statement [n/a]
org.h2.jdbc.JdbcSQLException: Unique index or primary key violation: "UK_8G9PTGDWHDOCC2X7HWRK9GSYP_INDEX_8 ON PUBLIC.MODELS(MANUFACTURER, TYPE, VERSION)"; SQL statement:
insert into MODELS (id, manufacturer, type, version) values (null, ?, ?, ?) [23505-172]
	at org.h2.message.DbException.getJdbcSQLException(DbException.java:329)
	at org.h2.message.DbException.get(DbException.java:169)
	at org.h2.message.DbException.get(DbException.java:146)
	at org.h2.index.BaseIndex.getDuplicateKeyException(BaseIndex.java:83)
	at org.h2.index.PageBtree.find(PageBtree.java:121)
	at org.h2.index.PageBtreeLeaf.addRow(PageBtreeLeaf.java:148)
	at org.h2.index.PageBtreeLeaf.addRowTry(PageBtreeLeaf.java:101)
	at org.h2.index.PageBtreeIndex.addRow(PageBtreeIndex.java:104)
	at org.h2.index.PageBtreeIndex.add(PageBtreeIndex.java:95)
	at org.h2.table.RegularTable.addRow(RegularTable.java:124)
	at org.h2.command.dml.Insert.insertRows(Insert.java:126)
	at org.h2.command.dml.Insert.update(Insert.java:86)
	at org.h2.command.CommandContainer.update(CommandContainer.java:79)
	at org.h2.command.Command.executeUpdate(Command.java:235)
	at org.h2.jdbc.JdbcPreparedStatement.executeUpdateInternal(JdbcPreparedStatement.java:154)
	at org.h2.jdbc.JdbcPreparedStatement.executeUpdate(JdbcPreparedStatement.java:140)
	at com.mchange.v2.c3p0.impl.NewProxyPreparedStatement.executeUpdate(NewProxyPreparedStatement.java:105)
	at org.hibernate.engine.jdbc.internal.ResultSetReturnImpl.executeUpdate(ResultSetReturnImpl.java:208)
	at org.hibernate.id.IdentityGenerator$GetGeneratedKeysDelegate.executeAndExtract(IdentityGenerator.java:96)
	at org.hibernate.id.insert.AbstractReturningDelegate.performInsert(AbstractReturningDelegate.java:58)
	at org.hibernate.persister.entity.AbstractEntityPersister.insert(AbstractEntityPersister.java:3032)
	at org.hibernate.persister.entity.AbstractEntityPersister.insert(AbstractEntityPersister.java:3558)
	at org.hibernate.action.internal.EntityIdentityInsertAction.execute(EntityIdentityInsertAction.java:98)
	at org.hibernate.engine.spi.ActionQueue.execute(ActionQueue.java:492)
	at org.hibernate.engine.spi.ActionQueue.addResolvedEntityInsertAction(ActionQueue.java:197)
	at org.hibernate.engine.spi.ActionQueue.addInsertAction(ActionQueue.java:181)
	at org.hibernate.engine.spi.ActionQueue.addAction(ActionQueue.java:216)
	at org.hibernate.event.internal.AbstractSaveEventListener.addInsertAction(AbstractSaveEventListener.java:324)
	at org.hibernate.event.internal.AbstractSaveEventListener.performSaveOrReplicate(AbstractSaveEventListener.java:288)
	at org.hibernate.event.internal.AbstractSaveEventListener.performSave(AbstractSaveEventListener.java:194)
	at org.hibernate.event.internal.AbstractSaveEventListener.saveWithGeneratedId(AbstractSaveEventListener.java:125)
	at org.hibernate.jpa.event.internal.core.JpaPersistEventListener.saveWithGeneratedId(JpaPersistEventListener.java:84)
	at org.hibernate.event.internal.DefaultPersistEventListener.entityIsTransient(DefaultPersistEventListener.java:206)
	at org.hibernate.event.internal.DefaultPersistEventListener.onPersist(DefaultPersistEventListener.java:149)
	at org.hibernate.internal.SessionImpl.firePersist(SessionImpl.java:801)
	at org.hibernate.internal.SessionImpl.persist(SessionImpl.java:794)
	at org.hibernate.jpa.event.internal.core.JpaPersistEventListener$1.cascade(JpaPersistEventListener.java:97)
	at org.hibernate.engine.internal.Cascade.cascadeToOne(Cascade.java:350)
	at org.hibernate.engine.internal.Cascade.cascadeAssociation(Cascade.java:293)
	at org.hibernate.engine.internal.Cascade.cascadeProperty(Cascade.java:161)
	at org.hibernate.engine.internal.Cascade.cascade(Cascade.java:118)
	at org.hibernate.event.internal.AbstractSaveEventListener.cascadeBeforeSave(AbstractSaveEventListener.java:432)
	at org.hibernate.event.internal.AbstractSaveEventListener.performSaveOrReplicate(AbstractSaveEventListener.java:265)
	at org.hibernate.event.internal.AbstractSaveEventListener.performSave(AbstractSaveEventListener.java:194)
	at org.hibernate.event.internal.AbstractSaveEventListener.saveWithGeneratedId(AbstractSaveEventListener.java:125)
	at org.hibernate.jpa.event.internal.core.JpaPersistEventListener.saveWithGeneratedId(JpaPersistEventListener.java:84)
	at org.hibernate.event.internal.DefaultPersistEventListener.entityIsTransient(DefaultPersistEventListener.java:206)
	at org.hibernate.event.internal.DefaultPersistEventListener.onPersist(DefaultPersistEventListener.java:149)
	at org.hibernate.event.internal.DefaultPersistEventListener.onPersist(DefaultPersistEventListener.java:75)
	at org.hibernate.internal.SessionImpl.firePersist(SessionImpl.java:811)
	at org.hibernate.internal.SessionImpl.persist(SessionImpl.java:784)
	at org.hibernate.internal.SessionImpl.persist(SessionImpl.java:789)
	at org.hibernate.jpa.spi.AbstractEntityManagerImpl.persist(AbstractEntityManagerImpl.java:1181)
	at sun.reflect.NativeMethodAccessorImpl.invoke0(Native Method)
	at sun.reflect.NativeMethodAccessorImpl.invoke(NativeMethodAccessorImpl.java:62)
	at sun.reflect.DelegatingMethodAccessorImpl.invoke(DelegatingMethodAccessorImpl.java:43)
	at java.lang.reflect.Method.invoke(Method.java:497)
	at org.springframework.orm.jpa.SharedEntityManagerCreator$SharedEntityManagerInvocationHandler.invoke(SharedEntityManagerCreator.java:291)
	at com.sun.proxy.$Proxy72.persist(Unknown Source)
	at org.springframework.data.jpa.repository.support.SimpleJpaRepository.save(SimpleJpaRepository.java:407)
	at sun.reflect.NativeMethodAccessorImpl.invoke0(Native Method)
	at sun.reflect.NativeMethodAccessorImpl.invoke(NativeMethodAccessorImpl.java:62)
	at sun.reflect.DelegatingMethodAccessorImpl.invoke(DelegatingMethodAccessorImpl.java:43)
	at java.lang.reflect.Method.invoke(Method.java:497)
	at org.springframework.data.repository.core.support.RepositoryFactorySupport$QueryExecutorMethodInterceptor.executeMethodOn(RepositoryFactorySupport.java:416)
	at org.springframework.data.repository.core.support.RepositoryFactorySupport$QueryExecutorMethodInterceptor.doInvoke(RepositoryFactorySupport.java:401)
	at org.springframework.data.repository.core.support.RepositoryFactorySupport$QueryExecutorMethodInterceptor.invoke(RepositoryFactorySupport.java:373)
	at org.springframework.aop.framework.ReflectiveMethodInvocation.proceed(ReflectiveMethodInvocation.java:179)
	at org.springframework.data.repository.core.support.RepositoryFactorySupport$DefaultMethodInvokingMethodInterceptor.invoke(RepositoryFactorySupport.java:486)
	at org.springframework.aop.framework.ReflectiveMethodInvocation.proceed(ReflectiveMethodInvocation.java:179)
	at org.springframework.transaction.interceptor.TransactionInterceptor$1.proceedWithInvocation(TransactionInterceptor.java:99)
	at org.springframework.transaction.interceptor.TransactionAspectSupport.invokeWithinTransaction(TransactionAspectSupport.java:281)
	at org.springframework.transaction.interceptor.TransactionInterceptor.invoke(TransactionInterceptor.java:96)
	at org.springframework.aop.framework.ReflectiveMethodInvocation.proceed(ReflectiveMethodInvocation.java:179)
	at org.springframework.dao.support.PersistenceExceptionTranslationInterceptor.invoke(PersistenceExceptionTranslationInterceptor.java:136)
	at org.springframework.aop.framework.ReflectiveMethodInvocation.proceed(ReflectiveMethodInvocation.java:179)
	at org.springframework.data.jpa.repository.support.CrudMethodMetadataPostProcessor$CrudMethodMetadataPopulatingMethodIntercceptor.invoke(CrudMethodMetadataPostProcessor.java:122)
	at org.springframework.aop.framework.ReflectiveMethodInvocation.proceed(ReflectiveMethodInvocation.java:179)
	at org.springframework.aop.interceptor.ExposeInvocationInterceptor.invoke(ExposeInvocationInterceptor.java:92)
	at org.springframework.aop.framework.ReflectiveMethodInvocation.proceed(ReflectiveMethodInvocation.java:179)
	at org.springframework.aop.framework.JdkDynamicAopProxy.invoke(JdkDynamicAopProxy.java:207)
	at com.sun.proxy.$Proxy77.save(Unknown Source)
	at org.thingsplode.server.repositories.RepositoryTest.test1Basics(RepositoryTest.java:67)
	at sun.reflect.NativeMethodAccessorImpl.invoke0(Native Method)
	at sun.reflect.NativeMethodAccessorImpl.invoke(NativeMethodAccessorImpl.java:62)
	at sun.reflect.DelegatingMethodAccessorImpl.invoke(DelegatingMethodAccessorImpl.java:43)
	at java.lang.reflect.Method.invoke(Method.java:497)
	at org.junit.runners.model.FrameworkMethod$1.runReflectiveCall(FrameworkMethod.java:50)
	at org.junit.internal.runners.model.ReflectiveCallable.run(ReflectiveCallable.java:12)
	at org.junit.runners.model.FrameworkMethod.invokeExplosively(FrameworkMethod.java:47)
	at org.junit.internal.runners.statements.InvokeMethod.evaluate(InvokeMethod.java:17)
	at org.springframework.test.context.junit4.statements.RunBeforeTestMethodCallbacks.evaluate(RunBeforeTestMethodCallbacks.java:73)
	at org.springframework.test.context.junit4.statements.RunAfterTestMethodCallbacks.evaluate(RunAfterTestMethodCallbacks.java:82)
	at org.springframework.test.context.junit4.statements.SpringRepeat.evaluate(SpringRepeat.java:73)
	at org.junit.runners.ParentRunner.runLeaf(ParentRunner.java:325)
	at org.springframework.test.context.junit4.SpringJUnit4ClassRunner.runChild(SpringJUnit4ClassRunner.java:217)
	at org.springframework.test.context.junit4.SpringJUnit4ClassRunner.runChild(SpringJUnit4ClassRunner.java:83)
	at org.junit.runners.ParentRunner$3.run(ParentRunner.java:290)
	at org.junit.runners.ParentRunner$1.schedule(ParentRunner.java:71)
	at org.junit.runners.ParentRunner.runChildren(ParentRunner.java:288)
	at org.junit.runners.ParentRunner.access$000(ParentRunner.java:58)
	at org.junit.runners.ParentRunner$2.evaluate(ParentRunner.java:268)
	at org.springframework.test.context.junit4.statements.RunBeforeTestClassCallbacks.evaluate(RunBeforeTestClassCallbacks.java:61)
	at org.springframework.test.context.junit4.statements.RunAfterTestClassCallbacks.evaluate(RunAfterTestClassCallbacks.java:68)
	at org.junit.runners.ParentRunner.run(ParentRunner.java:363)
	at org.springframework.test.context.junit4.SpringJUnit4ClassRunner.run(SpringJUnit4ClassRunner.java:163)
	at org.apache.maven.surefire.junit4.JUnit4Provider.execute(JUnit4Provider.java:283)
	at org.apache.maven.surefire.junit4.JUnit4Provider.executeWithRerun(JUnit4Provider.java:173)
	at org.apache.maven.surefire.junit4.JUnit4Provider.executeTestSet(JUnit4Provider.java:153)
	at org.apache.maven.surefire.junit4.JUnit4Provider.invoke(JUnit4Provider.java:128)
	at org.apache.maven.surefire.booter.ForkedBooter.invokeProviderInSameClassLoader(ForkedBooter.java:203)
	at org.apache.maven.surefire.booter.ForkedBooter.runSuitesInProcess(ForkedBooter.java:155)
	at org.apache.maven.surefire.booter.ForkedBooter.main(ForkedBooter.java:103)
3420 [main] WARN org.hibernate.engine.jdbc.spi.SqlExceptionHelper  - SQL Error: 23505, SQLState: 23505
3420 [main] ERROR org.hibernate.engine.jdbc.spi.SqlExceptionHelper  - Unique index or primary key violation: "UK_8G9PTGDWHDOCC2X7HWRK9GSYP_INDEX_8 ON PUBLIC.MODELS(MANUFACTURER, TYPE, VERSION)"; SQL statement:
insert into MODELS (id, manufacturer, type, version) values (null, ?, ?, ?) [23505-172]
3421 [main] DEBUG org.hibernate.jpa.spi.AbstractEntityManagerImpl  - Mark transaction for rollback
3422 [main] DEBUG org.hibernate.engine.transaction.spi.AbstractTransactionImpl  - rolling back
3422 [main] DEBUG org.hibernate.engine.transaction.internal.jdbc.JdbcTransaction  - rolled JDBC Connection
3422 [main] DEBUG org.hibernate.engine.transaction.internal.jdbc.JdbcTransaction  - re-enabling autocommit
3422 [main] DEBUG org.hibernate.engine.jdbc.internal.LogicalConnectionImpl  - Releasing JDBC connection
3422 [main] DEBUG org.hibernate.engine.jdbc.internal.LogicalConnectionImpl  - Released JDBC connection
]]></system-out>
  </testcase>
  <testcase name="test2Events" classname="org.thingsplode.server.repositories.RepositoryTest" time="0.023">
    <error message="org.hibernate.exception.ConstraintViolationException: could not execute statement" type="javax.persistence.PersistenceException">javax.persistence.PersistenceException: org.hibernate.exception.ConstraintViolationException: could not execute statement
	at org.h2.message.DbException.getJdbcSQLException(DbException.java:329)
	at org.h2.message.DbException.get(DbException.java:169)
	at org.h2.message.DbException.get(DbException.java:146)
	at org.h2.index.BaseIndex.getDuplicateKeyException(BaseIndex.java:83)
	at org.h2.index.PageBtree.find(PageBtree.java:121)
	at org.h2.index.PageBtreeLeaf.addRow(PageBtreeLeaf.java:148)
	at org.h2.index.PageBtreeLeaf.addRowTry(PageBtreeLeaf.java:101)
	at org.h2.index.PageBtreeIndex.addRow(PageBtreeIndex.java:104)
	at org.h2.index.PageBtreeIndex.add(PageBtreeIndex.java:95)
	at org.h2.table.RegularTable.addRow(RegularTable.java:124)
	at org.h2.command.dml.Insert.insertRows(Insert.java:126)
	at org.h2.command.dml.Insert.update(Insert.java:86)
	at org.h2.command.CommandContainer.update(CommandContainer.java:79)
	at org.h2.command.Command.executeUpdate(Command.java:235)
	at org.h2.jdbc.JdbcPreparedStatement.executeUpdateInternal(JdbcPreparedStatement.java:154)
	at org.h2.jdbc.JdbcPreparedStatement.executeUpdate(JdbcPreparedStatement.java:140)
	at com.mchange.v2.c3p0.impl.NewProxyPreparedStatement.executeUpdate(NewProxyPreparedStatement.java:105)
	at org.hibernate.engine.jdbc.internal.ResultSetReturnImpl.executeUpdate(ResultSetReturnImpl.java:208)
	at org.hibernate.id.IdentityGenerator$GetGeneratedKeysDelegate.executeAndExtract(IdentityGenerator.java:96)
	at org.hibernate.id.insert.AbstractReturningDelegate.performInsert(AbstractReturningDelegate.java:58)
	at org.hibernate.persister.entity.AbstractEntityPersister.insert(AbstractEntityPersister.java:3032)
	at org.hibernate.persister.entity.AbstractEntityPersister.insert(AbstractEntityPersister.java:3558)
	at org.hibernate.action.internal.EntityIdentityInsertAction.execute(EntityIdentityInsertAction.java:98)
	at org.hibernate.engine.spi.ActionQueue.execute(ActionQueue.java:492)
	at org.hibernate.engine.spi.ActionQueue.addResolvedEntityInsertAction(ActionQueue.java:197)
	at org.hibernate.engine.spi.ActionQueue.addInsertAction(ActionQueue.java:181)
	at org.hibernate.engine.spi.ActionQueue.addAction(ActionQueue.java:216)
	at org.hibernate.event.internal.AbstractSaveEventListener.addInsertAction(AbstractSaveEventListener.java:324)
	at org.hibernate.event.internal.AbstractSaveEventListener.performSaveOrReplicate(AbstractSaveEventListener.java:288)
	at org.hibernate.event.internal.AbstractSaveEventListener.performSave(AbstractSaveEventListener.java:194)
	at org.hibernate.event.internal.AbstractSaveEventListener.saveWithGeneratedId(AbstractSaveEventListener.java:125)
	at org.hibernate.jpa.event.internal.core.JpaPersistEventListener.saveWithGeneratedId(JpaPersistEventListener.java:84)
	at org.hibernate.event.internal.DefaultPersistEventListener.entityIsTransient(DefaultPersistEventListener.java:206)
	at org.hibernate.event.internal.DefaultPersistEventListener.onPersist(DefaultPersistEventListener.java:149)
	at org.hibernate.internal.SessionImpl.firePersist(SessionImpl.java:801)
	at org.hibernate.internal.SessionImpl.persist(SessionImpl.java:794)
	at org.hibernate.jpa.event.internal.core.JpaPersistEventListener$1.cascade(JpaPersistEventListener.java:97)
	at org.hibernate.engine.internal.Cascade.cascadeToOne(Cascade.java:350)
	at org.hibernate.engine.internal.Cascade.cascadeAssociation(Cascade.java:293)
	at org.hibernate.engine.internal.Cascade.cascadeProperty(Cascade.java:161)
	at org.hibernate.engine.internal.Cascade.cascade(Cascade.java:118)
	at org.hibernate.event.internal.AbstractSaveEventListener.cascadeBeforeSave(AbstractSaveEventListener.java:432)
	at org.hibernate.event.internal.AbstractSaveEventListener.performSaveOrReplicate(AbstractSaveEventListener.java:265)
	at org.hibernate.event.internal.AbstractSaveEventListener.performSave(AbstractSaveEventListener.java:194)
	at org.hibernate.event.internal.AbstractSaveEventListener.saveWithGeneratedId(AbstractSaveEventListener.java:125)
	at org.hibernate.jpa.event.internal.core.JpaPersistEventListener.saveWithGeneratedId(JpaPersistEventListener.java:84)
	at org.hibernate.event.internal.DefaultPersistEventListener.entityIsTransient(DefaultPersistEventListener.java:206)
	at org.hibernate.event.internal.DefaultPersistEventListener.onPersist(DefaultPersistEventListener.java:149)
	at org.hibernate.event.internal.DefaultPersistEventListener.onPersist(DefaultPersistEventListener.java:75)
	at org.hibernate.internal.SessionImpl.firePersist(SessionImpl.java:811)
	at org.hibernate.internal.SessionImpl.persist(SessionImpl.java:784)
	at org.hibernate.internal.SessionImpl.persist(SessionImpl.java:789)
	at org.hibernate.jpa.spi.AbstractEntityManagerImpl.persist(AbstractEntityManagerImpl.java:1181)
	at sun.reflect.NativeMethodAccessorImpl.invoke0(Native Method)
	at sun.reflect.NativeMethodAccessorImpl.invoke(NativeMethodAccessorImpl.java:62)
	at sun.reflect.DelegatingMethodAccessorImpl.invoke(DelegatingMethodAccessorImpl.java:43)
	at java.lang.reflect.Method.invoke(Method.java:497)
	at org.springframework.orm.jpa.SharedEntityManagerCreator$SharedEntityManagerInvocationHandler.invoke(SharedEntityManagerCreator.java:291)
	at com.sun.proxy.$Proxy72.persist(Unknown Source)
	at org.springframework.data.jpa.repository.support.SimpleJpaRepository.save(SimpleJpaRepository.java:407)
	at sun.reflect.NativeMethodAccessorImpl.invoke0(Native Method)
	at sun.reflect.NativeMethodAccessorImpl.invoke(NativeMethodAccessorImpl.java:62)
	at sun.reflect.DelegatingMethodAccessorImpl.invoke(DelegatingMethodAccessorImpl.java:43)
	at java.lang.reflect.Method.invoke(Method.java:497)
	at org.springframework.data.repository.core.support.RepositoryFactorySupport$QueryExecutorMethodInterceptor.executeMethodOn(RepositoryFactorySupport.java:416)
	at org.springframework.data.repository.core.support.RepositoryFactorySupport$QueryExecutorMethodInterceptor.doInvoke(RepositoryFactorySupport.java:401)
	at org.springframework.data.repository.core.support.RepositoryFactorySupport$QueryExecutorMethodInterceptor.invoke(RepositoryFactorySupport.java:373)
	at org.springframework.aop.framework.ReflectiveMethodInvocation.proceed(ReflectiveMethodInvocation.java:179)
	at org.springframework.data.repository.core.support.RepositoryFactorySupport$DefaultMethodInvokingMethodInterceptor.invoke(RepositoryFactorySupport.java:486)
	at org.springframework.aop.framework.ReflectiveMethodInvocation.proceed(ReflectiveMethodInvocation.java:179)
	at org.springframework.transaction.interceptor.TransactionInterceptor$1.proceedWithInvocation(TransactionInterceptor.java:99)
	at org.springframework.transaction.interceptor.TransactionAspectSupport.invokeWithinTransaction(TransactionAspectSupport.java:281)
	at org.springframework.transaction.interceptor.TransactionInterceptor.invoke(TransactionInterceptor.java:96)
	at org.springframework.aop.framework.ReflectiveMethodInvocation.proceed(ReflectiveMethodInvocation.java:179)
	at org.springframework.dao.support.PersistenceExceptionTranslationInterceptor.invoke(PersistenceExceptionTranslationInterceptor.java:136)
	at org.springframework.aop.framework.ReflectiveMethodInvocation.proceed(ReflectiveMethodInvocation.java:179)
	at org.springframework.data.jpa.repository.support.CrudMethodMetadataPostProcessor$CrudMethodMetadataPopulatingMethodIntercceptor.invoke(CrudMethodMetadataPostProcessor.java:122)
	at org.springframework.aop.framework.ReflectiveMethodInvocation.proceed(ReflectiveMethodInvocation.java:179)
	at org.springframework.aop.interceptor.ExposeInvocationInterceptor.invoke(ExposeInvocationInterceptor.java:92)
	at org.springframework.aop.framework.ReflectiveMethodInvocation.proceed(ReflectiveMethodInvocation.java:179)
	at org.springframework.aop.framework.JdkDynamicAopProxy.invoke(JdkDynamicAopProxy.java:207)
	at com.sun.proxy.$Proxy77.save(Unknown Source)
	at org.thingsplode.server.repositories.RepositoryTest.test2Events(RepositoryTest.java:101)
</error>
    <system-out><![CDATA[

 ***** 
 REMOVING PREVIOUS DATABASE: (/tmp/thingsplode_h2db_test.h2.db)
 *****


 **** WARNING: test database file was not found and not deleted. (/tmp/thingsplode_h2db_test.h2.db)
3428 [main] DEBUG org.hibernate.engine.transaction.spi.AbstractTransactionImpl  - begin
3428 [main] DEBUG org.hibernate.engine.jdbc.internal.LogicalConnectionImpl  - Obtaining JDBC connection
3428 [main] DEBUG org.hibernate.engine.jdbc.internal.LogicalConnectionImpl  - Obtained JDBC connection
3428 [main] DEBUG org.hibernate.engine.transaction.internal.jdbc.JdbcTransaction  - initial autocommit status: true
3428 [main] DEBUG org.hibernate.engine.transaction.internal.jdbc.JdbcTransaction  - disabling autocommit
3429 [main] DEBUG org.hibernate.engine.spi.ActionQueue  - Executing identity-insert immediately
3429 [main] DEBUG org.hibernate.SQL  - 
    insert 
    into
        MODELS
        (id, manufacturer, type, version) 
    values
        (null, ?, ?, ?)
Hibernate: 
    insert 
    into
        MODELS
        (id, manufacturer, type, version) 
    values
        (null, ?, ?, ?)
3429 [main] TRACE org.hibernate.type.descriptor.sql.BasicBinder  - binding parameter [1] as [VARCHAR] - [some_manufacturer]
3429 [main] TRACE org.hibernate.type.descriptor.sql.BasicBinder  - binding parameter [2] as [VARCHAR] - [some_type]
3429 [main] TRACE org.hibernate.type.descriptor.sql.BasicBinder  - binding parameter [3] as [VARCHAR] - [1]
3430 [main] DEBUG com.mchange.v2.sql.SqlUtils  - Attempted to convert SQLException to SQLException. Leaving it alone. [SQLState: 23505; errorCode: 23505]
org.h2.jdbc.JdbcSQLException: Unique index or primary key violation: "UK_8G9PTGDWHDOCC2X7HWRK9GSYP_INDEX_8 ON PUBLIC.MODELS(MANUFACTURER, TYPE, VERSION)"; SQL statement:
insert into MODELS (id, manufacturer, type, version) values (null, ?, ?, ?) [23505-172]
	at org.h2.message.DbException.getJdbcSQLException(DbException.java:329)
	at org.h2.message.DbException.get(DbException.java:169)
	at org.h2.message.DbException.get(DbException.java:146)
	at org.h2.index.BaseIndex.getDuplicateKeyException(BaseIndex.java:83)
	at org.h2.index.PageBtree.find(PageBtree.java:121)
	at org.h2.index.PageBtreeLeaf.addRow(PageBtreeLeaf.java:148)
	at org.h2.index.PageBtreeLeaf.addRowTry(PageBtreeLeaf.java:101)
	at org.h2.index.PageBtreeIndex.addRow(PageBtreeIndex.java:104)
	at org.h2.index.PageBtreeIndex.add(PageBtreeIndex.java:95)
	at org.h2.table.RegularTable.addRow(RegularTable.java:124)
	at org.h2.command.dml.Insert.insertRows(Insert.java:126)
	at org.h2.command.dml.Insert.update(Insert.java:86)
	at org.h2.command.CommandContainer.update(CommandContainer.java:79)
	at org.h2.command.Command.executeUpdate(Command.java:235)
	at org.h2.jdbc.JdbcPreparedStatement.executeUpdateInternal(JdbcPreparedStatement.java:154)
	at org.h2.jdbc.JdbcPreparedStatement.executeUpdate(JdbcPreparedStatement.java:140)
	at com.mchange.v2.c3p0.impl.NewProxyPreparedStatement.executeUpdate(NewProxyPreparedStatement.java:105)
	at org.hibernate.engine.jdbc.internal.ResultSetReturnImpl.executeUpdate(ResultSetReturnImpl.java:208)
	at org.hibernate.id.IdentityGenerator$GetGeneratedKeysDelegate.executeAndExtract(IdentityGenerator.java:96)
	at org.hibernate.id.insert.AbstractReturningDelegate.performInsert(AbstractReturningDelegate.java:58)
	at org.hibernate.persister.entity.AbstractEntityPersister.insert(AbstractEntityPersister.java:3032)
	at org.hibernate.persister.entity.AbstractEntityPersister.insert(AbstractEntityPersister.java:3558)
	at org.hibernate.action.internal.EntityIdentityInsertAction.execute(EntityIdentityInsertAction.java:98)
	at org.hibernate.engine.spi.ActionQueue.execute(ActionQueue.java:492)
	at org.hibernate.engine.spi.ActionQueue.addResolvedEntityInsertAction(ActionQueue.java:197)
	at org.hibernate.engine.spi.ActionQueue.addInsertAction(ActionQueue.java:181)
	at org.hibernate.engine.spi.ActionQueue.addAction(ActionQueue.java:216)
	at org.hibernate.event.internal.AbstractSaveEventListener.addInsertAction(AbstractSaveEventListener.java:324)
	at org.hibernate.event.internal.AbstractSaveEventListener.performSaveOrReplicate(AbstractSaveEventListener.java:288)
	at org.hibernate.event.internal.AbstractSaveEventListener.performSave(AbstractSaveEventListener.java:194)
	at org.hibernate.event.internal.AbstractSaveEventListener.saveWithGeneratedId(AbstractSaveEventListener.java:125)
	at org.hibernate.jpa.event.internal.core.JpaPersistEventListener.saveWithGeneratedId(JpaPersistEventListener.java:84)
	at org.hibernate.event.internal.DefaultPersistEventListener.entityIsTransient(DefaultPersistEventListener.java:206)
	at org.hibernate.event.internal.DefaultPersistEventListener.onPersist(DefaultPersistEventListener.java:149)
	at org.hibernate.internal.SessionImpl.firePersist(SessionImpl.java:801)
	at org.hibernate.internal.SessionImpl.persist(SessionImpl.java:794)
	at org.hibernate.jpa.event.internal.core.JpaPersistEventListener$1.cascade(JpaPersistEventListener.java:97)
	at org.hibernate.engine.internal.Cascade.cascadeToOne(Cascade.java:350)
	at org.hibernate.engine.internal.Cascade.cascadeAssociation(Cascade.java:293)
	at org.hibernate.engine.internal.Cascade.cascadeProperty(Cascade.java:161)
	at org.hibernate.engine.internal.Cascade.cascade(Cascade.java:118)
	at org.hibernate.event.internal.AbstractSaveEventListener.cascadeBeforeSave(AbstractSaveEventListener.java:432)
	at org.hibernate.event.internal.AbstractSaveEventListener.performSaveOrReplicate(AbstractSaveEventListener.java:265)
	at org.hibernate.event.internal.AbstractSaveEventListener.performSave(AbstractSaveEventListener.java:194)
	at org.hibernate.event.internal.AbstractSaveEventListener.saveWithGeneratedId(AbstractSaveEventListener.java:125)
	at org.hibernate.jpa.event.internal.core.JpaPersistEventListener.saveWithGeneratedId(JpaPersistEventListener.java:84)
	at org.hibernate.event.internal.DefaultPersistEventListener.entityIsTransient(DefaultPersistEventListener.java:206)
	at org.hibernate.event.internal.DefaultPersistEventListener.onPersist(DefaultPersistEventListener.java:149)
	at org.hibernate.event.internal.DefaultPersistEventListener.onPersist(DefaultPersistEventListener.java:75)
	at org.hibernate.internal.SessionImpl.firePersist(SessionImpl.java:811)
	at org.hibernate.internal.SessionImpl.persist(SessionImpl.java:784)
	at org.hibernate.internal.SessionImpl.persist(SessionImpl.java:789)
	at org.hibernate.jpa.spi.AbstractEntityManagerImpl.persist(AbstractEntityManagerImpl.java:1181)
	at sun.reflect.NativeMethodAccessorImpl.invoke0(Native Method)
	at sun.reflect.NativeMethodAccessorImpl.invoke(NativeMethodAccessorImpl.java:62)
	at sun.reflect.DelegatingMethodAccessorImpl.invoke(DelegatingMethodAccessorImpl.java:43)
	at java.lang.reflect.Method.invoke(Method.java:497)
	at org.springframework.orm.jpa.SharedEntityManagerCreator$SharedEntityManagerInvocationHandler.invoke(SharedEntityManagerCreator.java:291)
	at com.sun.proxy.$Proxy72.persist(Unknown Source)
	at org.springframework.data.jpa.repository.support.SimpleJpaRepository.save(SimpleJpaRepository.java:407)
	at sun.reflect.NativeMethodAccessorImpl.invoke0(Native Method)
	at sun.reflect.NativeMethodAccessorImpl.invoke(NativeMethodAccessorImpl.java:62)
	at sun.reflect.DelegatingMethodAccessorImpl.invoke(DelegatingMethodAccessorImpl.java:43)
	at java.lang.reflect.Method.invoke(Method.java:497)
	at org.springframework.data.repository.core.support.RepositoryFactorySupport$QueryExecutorMethodInterceptor.executeMethodOn(RepositoryFactorySupport.java:416)
	at org.springframework.data.repository.core.support.RepositoryFactorySupport$QueryExecutorMethodInterceptor.doInvoke(RepositoryFactorySupport.java:401)
	at org.springframework.data.repository.core.support.RepositoryFactorySupport$QueryExecutorMethodInterceptor.invoke(RepositoryFactorySupport.java:373)
	at org.springframework.aop.framework.ReflectiveMethodInvocation.proceed(ReflectiveMethodInvocation.java:179)
	at org.springframework.data.repository.core.support.RepositoryFactorySupport$DefaultMethodInvokingMethodInterceptor.invoke(RepositoryFactorySupport.java:486)
	at org.springframework.aop.framework.ReflectiveMethodInvocation.proceed(ReflectiveMethodInvocation.java:179)
	at org.springframework.transaction.interceptor.TransactionInterceptor$1.proceedWithInvocation(TransactionInterceptor.java:99)
	at org.springframework.transaction.interceptor.TransactionAspectSupport.invokeWithinTransaction(TransactionAspectSupport.java:281)
	at org.springframework.transaction.interceptor.TransactionInterceptor.invoke(TransactionInterceptor.java:96)
	at org.springframework.aop.framework.ReflectiveMethodInvocation.proceed(ReflectiveMethodInvocation.java:179)
	at org.springframework.dao.support.PersistenceExceptionTranslationInterceptor.invoke(PersistenceExceptionTranslationInterceptor.java:136)
	at org.springframework.aop.framework.ReflectiveMethodInvocation.proceed(ReflectiveMethodInvocation.java:179)
	at org.springframework.data.jpa.repository.support.CrudMethodMetadataPostProcessor$CrudMethodMetadataPopulatingMethodIntercceptor.invoke(CrudMethodMetadataPostProcessor.java:122)
	at org.springframework.aop.framework.ReflectiveMethodInvocation.proceed(ReflectiveMethodInvocation.java:179)
	at org.springframework.aop.interceptor.ExposeInvocationInterceptor.invoke(ExposeInvocationInterceptor.java:92)
	at org.springframework.aop.framework.ReflectiveMethodInvocation.proceed(ReflectiveMethodInvocation.java:179)
	at org.springframework.aop.framework.JdkDynamicAopProxy.invoke(JdkDynamicAopProxy.java:207)
	at com.sun.proxy.$Proxy77.save(Unknown Source)
	at org.thingsplode.server.repositories.RepositoryTest.test2Events(RepositoryTest.java:101)
	at sun.reflect.NativeMethodAccessorImpl.invoke0(Native Method)
	at sun.reflect.NativeMethodAccessorImpl.invoke(NativeMethodAccessorImpl.java:62)
	at sun.reflect.DelegatingMethodAccessorImpl.invoke(DelegatingMethodAccessorImpl.java:43)
	at java.lang.reflect.Method.invoke(Method.java:497)
	at org.junit.runners.model.FrameworkMethod$1.runReflectiveCall(FrameworkMethod.java:50)
	at org.junit.internal.runners.model.ReflectiveCallable.run(ReflectiveCallable.java:12)
	at org.junit.runners.model.FrameworkMethod.invokeExplosively(FrameworkMethod.java:47)
	at org.junit.internal.runners.statements.InvokeMethod.evaluate(InvokeMethod.java:17)
	at org.springframework.test.context.junit4.statements.RunBeforeTestMethodCallbacks.evaluate(RunBeforeTestMethodCallbacks.java:73)
	at org.springframework.test.context.junit4.statements.RunAfterTestMethodCallbacks.evaluate(RunAfterTestMethodCallbacks.java:82)
	at org.springframework.test.context.junit4.statements.SpringRepeat.evaluate(SpringRepeat.java:73)
	at org.junit.runners.ParentRunner.runLeaf(ParentRunner.java:325)
	at org.springframework.test.context.junit4.SpringJUnit4ClassRunner.runChild(SpringJUnit4ClassRunner.java:217)
	at org.springframework.test.context.junit4.SpringJUnit4ClassRunner.runChild(SpringJUnit4ClassRunner.java:83)
	at org.junit.runners.ParentRunner$3.run(ParentRunner.java:290)
	at org.junit.runners.ParentRunner$1.schedule(ParentRunner.java:71)
	at org.junit.runners.ParentRunner.runChildren(ParentRunner.java:288)
	at org.junit.runners.ParentRunner.access$000(ParentRunner.java:58)
	at org.junit.runners.ParentRunner$2.evaluate(ParentRunner.java:268)
	at org.springframework.test.context.junit4.statements.RunBeforeTestClassCallbacks.evaluate(RunBeforeTestClassCallbacks.java:61)
	at org.springframework.test.context.junit4.statements.RunAfterTestClassCallbacks.evaluate(RunAfterTestClassCallbacks.java:68)
	at org.junit.runners.ParentRunner.run(ParentRunner.java:363)
	at org.springframework.test.context.junit4.SpringJUnit4ClassRunner.run(SpringJUnit4ClassRunner.java:163)
	at org.apache.maven.surefire.junit4.JUnit4Provider.execute(JUnit4Provider.java:283)
	at org.apache.maven.surefire.junit4.JUnit4Provider.executeWithRerun(JUnit4Provider.java:173)
	at org.apache.maven.surefire.junit4.JUnit4Provider.executeTestSet(JUnit4Provider.java:153)
	at org.apache.maven.surefire.junit4.JUnit4Provider.invoke(JUnit4Provider.java:128)
	at org.apache.maven.surefire.booter.ForkedBooter.invokeProviderInSameClassLoader(ForkedBooter.java:203)
	at org.apache.maven.surefire.booter.ForkedBooter.runSuitesInProcess(ForkedBooter.java:155)
	at org.apache.maven.surefire.booter.ForkedBooter.main(ForkedBooter.java:103)
3431 [main] DEBUG org.hibernate.engine.jdbc.spi.SqlExceptionHelper  - could not execute statement [n/a]
org.h2.jdbc.JdbcSQLException: Unique index or primary key violation: "UK_8G9PTGDWHDOCC2X7HWRK9GSYP_INDEX_8 ON PUBLIC.MODELS(MANUFACTURER, TYPE, VERSION)"; SQL statement:
insert into MODELS (id, manufacturer, type, version) values (null, ?, ?, ?) [23505-172]
	at org.h2.message.DbException.getJdbcSQLException(DbException.java:329)
	at org.h2.message.DbException.get(DbException.java:169)
	at org.h2.message.DbException.get(DbException.java:146)
	at org.h2.index.BaseIndex.getDuplicateKeyException(BaseIndex.java:83)
	at org.h2.index.PageBtree.find(PageBtree.java:121)
	at org.h2.index.PageBtreeLeaf.addRow(PageBtreeLeaf.java:148)
	at org.h2.index.PageBtreeLeaf.addRowTry(PageBtreeLeaf.java:101)
	at org.h2.index.PageBtreeIndex.addRow(PageBtreeIndex.java:104)
	at org.h2.index.PageBtreeIndex.add(PageBtreeIndex.java:95)
	at org.h2.table.RegularTable.addRow(RegularTable.java:124)
	at org.h2.command.dml.Insert.insertRows(Insert.java:126)
	at org.h2.command.dml.Insert.update(Insert.java:86)
	at org.h2.command.CommandContainer.update(CommandContainer.java:79)
	at org.h2.command.Command.executeUpdate(Command.java:235)
	at org.h2.jdbc.JdbcPreparedStatement.executeUpdateInternal(JdbcPreparedStatement.java:154)
	at org.h2.jdbc.JdbcPreparedStatement.executeUpdate(JdbcPreparedStatement.java:140)
	at com.mchange.v2.c3p0.impl.NewProxyPreparedStatement.executeUpdate(NewProxyPreparedStatement.java:105)
	at org.hibernate.engine.jdbc.internal.ResultSetReturnImpl.executeUpdate(ResultSetReturnImpl.java:208)
	at org.hibernate.id.IdentityGenerator$GetGeneratedKeysDelegate.executeAndExtract(IdentityGenerator.java:96)
	at org.hibernate.id.insert.AbstractReturningDelegate.performInsert(AbstractReturningDelegate.java:58)
	at org.hibernate.persister.entity.AbstractEntityPersister.insert(AbstractEntityPersister.java:3032)
	at org.hibernate.persister.entity.AbstractEntityPersister.insert(AbstractEntityPersister.java:3558)
	at org.hibernate.action.internal.EntityIdentityInsertAction.execute(EntityIdentityInsertAction.java:98)
	at org.hibernate.engine.spi.ActionQueue.execute(ActionQueue.java:492)
	at org.hibernate.engine.spi.ActionQueue.addResolvedEntityInsertAction(ActionQueue.java:197)
	at org.hibernate.engine.spi.ActionQueue.addInsertAction(ActionQueue.java:181)
	at org.hibernate.engine.spi.ActionQueue.addAction(ActionQueue.java:216)
	at org.hibernate.event.internal.AbstractSaveEventListener.addInsertAction(AbstractSaveEventListener.java:324)
	at org.hibernate.event.internal.AbstractSaveEventListener.performSaveOrReplicate(AbstractSaveEventListener.java:288)
	at org.hibernate.event.internal.AbstractSaveEventListener.performSave(AbstractSaveEventListener.java:194)
	at org.hibernate.event.internal.AbstractSaveEventListener.saveWithGeneratedId(AbstractSaveEventListener.java:125)
	at org.hibernate.jpa.event.internal.core.JpaPersistEventListener.saveWithGeneratedId(JpaPersistEventListener.java:84)
	at org.hibernate.event.internal.DefaultPersistEventListener.entityIsTransient(DefaultPersistEventListener.java:206)
	at org.hibernate.event.internal.DefaultPersistEventListener.onPersist(DefaultPersistEventListener.java:149)
	at org.hibernate.internal.SessionImpl.firePersist(SessionImpl.java:801)
	at org.hibernate.internal.SessionImpl.persist(SessionImpl.java:794)
	at org.hibernate.jpa.event.internal.core.JpaPersistEventListener$1.cascade(JpaPersistEventListener.java:97)
	at org.hibernate.engine.internal.Cascade.cascadeToOne(Cascade.java:350)
	at org.hibernate.engine.internal.Cascade.cascadeAssociation(Cascade.java:293)
	at org.hibernate.engine.internal.Cascade.cascadeProperty(Cascade.java:161)
	at org.hibernate.engine.internal.Cascade.cascade(Cascade.java:118)
	at org.hibernate.event.internal.AbstractSaveEventListener.cascadeBeforeSave(AbstractSaveEventListener.java:432)
	at org.hibernate.event.internal.AbstractSaveEventListener.performSaveOrReplicate(AbstractSaveEventListener.java:265)
	at org.hibernate.event.internal.AbstractSaveEventListener.performSave(AbstractSaveEventListener.java:194)
	at org.hibernate.event.internal.AbstractSaveEventListener.saveWithGeneratedId(AbstractSaveEventListener.java:125)
	at org.hibernate.jpa.event.internal.core.JpaPersistEventListener.saveWithGeneratedId(JpaPersistEventListener.java:84)
	at org.hibernate.event.internal.DefaultPersistEventListener.entityIsTransient(DefaultPersistEventListener.java:206)
	at org.hibernate.event.internal.DefaultPersistEventListener.onPersist(DefaultPersistEventListener.java:149)
	at org.hibernate.event.internal.DefaultPersistEventListener.onPersist(DefaultPersistEventListener.java:75)
	at org.hibernate.internal.SessionImpl.firePersist(SessionImpl.java:811)
	at org.hibernate.internal.SessionImpl.persist(SessionImpl.java:784)
	at org.hibernate.internal.SessionImpl.persist(SessionImpl.java:789)
	at org.hibernate.jpa.spi.AbstractEntityManagerImpl.persist(AbstractEntityManagerImpl.java:1181)
	at sun.reflect.NativeMethodAccessorImpl.invoke0(Native Method)
	at sun.reflect.NativeMethodAccessorImpl.invoke(NativeMethodAccessorImpl.java:62)
	at sun.reflect.DelegatingMethodAccessorImpl.invoke(DelegatingMethodAccessorImpl.java:43)
	at java.lang.reflect.Method.invoke(Method.java:497)
	at org.springframework.orm.jpa.SharedEntityManagerCreator$SharedEntityManagerInvocationHandler.invoke(SharedEntityManagerCreator.java:291)
	at com.sun.proxy.$Proxy72.persist(Unknown Source)
	at org.springframework.data.jpa.repository.support.SimpleJpaRepository.save(SimpleJpaRepository.java:407)
	at sun.reflect.NativeMethodAccessorImpl.invoke0(Native Method)
	at sun.reflect.NativeMethodAccessorImpl.invoke(NativeMethodAccessorImpl.java:62)
	at sun.reflect.DelegatingMethodAccessorImpl.invoke(DelegatingMethodAccessorImpl.java:43)
	at java.lang.reflect.Method.invoke(Method.java:497)
	at org.springframework.data.repository.core.support.RepositoryFactorySupport$QueryExecutorMethodInterceptor.executeMethodOn(RepositoryFactorySupport.java:416)
	at org.springframework.data.repository.core.support.RepositoryFactorySupport$QueryExecutorMethodInterceptor.doInvoke(RepositoryFactorySupport.java:401)
	at org.springframework.data.repository.core.support.RepositoryFactorySupport$QueryExecutorMethodInterceptor.invoke(RepositoryFactorySupport.java:373)
	at org.springframework.aop.framework.ReflectiveMethodInvocation.proceed(ReflectiveMethodInvocation.java:179)
	at org.springframework.data.repository.core.support.RepositoryFactorySupport$DefaultMethodInvokingMethodInterceptor.invoke(RepositoryFactorySupport.java:486)
	at org.springframework.aop.framework.ReflectiveMethodInvocation.proceed(ReflectiveMethodInvocation.java:179)
	at org.springframework.transaction.interceptor.TransactionInterceptor$1.proceedWithInvocation(TransactionInterceptor.java:99)
	at org.springframework.transaction.interceptor.TransactionAspectSupport.invokeWithinTransaction(TransactionAspectSupport.java:281)
	at org.springframework.transaction.interceptor.TransactionInterceptor.invoke(TransactionInterceptor.java:96)
	at org.springframework.aop.framework.ReflectiveMethodInvocation.proceed(ReflectiveMethodInvocation.java:179)
	at org.springframework.dao.support.PersistenceExceptionTranslationInterceptor.invoke(PersistenceExceptionTranslationInterceptor.java:136)
	at org.springframework.aop.framework.ReflectiveMethodInvocation.proceed(ReflectiveMethodInvocation.java:179)
	at org.springframework.data.jpa.repository.support.CrudMethodMetadataPostProcessor$CrudMethodMetadataPopulatingMethodIntercceptor.invoke(CrudMethodMetadataPostProcessor.java:122)
	at org.springframework.aop.framework.ReflectiveMethodInvocation.proceed(ReflectiveMethodInvocation.java:179)
	at org.springframework.aop.interceptor.ExposeInvocationInterceptor.invoke(ExposeInvocationInterceptor.java:92)
	at org.springframework.aop.framework.ReflectiveMethodInvocation.proceed(ReflectiveMethodInvocation.java:179)
	at org.springframework.aop.framework.JdkDynamicAopProxy.invoke(JdkDynamicAopProxy.java:207)
	at com.sun.proxy.$Proxy77.save(Unknown Source)
	at org.thingsplode.server.repositories.RepositoryTest.test2Events(RepositoryTest.java:101)
	at sun.reflect.NativeMethodAccessorImpl.invoke0(Native Method)
	at sun.reflect.NativeMethodAccessorImpl.invoke(NativeMethodAccessorImpl.java:62)
	at sun.reflect.DelegatingMethodAccessorImpl.invoke(DelegatingMethodAccessorImpl.java:43)
	at java.lang.reflect.Method.invoke(Method.java:497)
	at org.junit.runners.model.FrameworkMethod$1.runReflectiveCall(FrameworkMethod.java:50)
	at org.junit.internal.runners.model.ReflectiveCallable.run(ReflectiveCallable.java:12)
	at org.junit.runners.model.FrameworkMethod.invokeExplosively(FrameworkMethod.java:47)
	at org.junit.internal.runners.statements.InvokeMethod.evaluate(InvokeMethod.java:17)
	at org.springframework.test.context.junit4.statements.RunBeforeTestMethodCallbacks.evaluate(RunBeforeTestMethodCallbacks.java:73)
	at org.springframework.test.context.junit4.statements.RunAfterTestMethodCallbacks.evaluate(RunAfterTestMethodCallbacks.java:82)
	at org.springframework.test.context.junit4.statements.SpringRepeat.evaluate(SpringRepeat.java:73)
	at org.junit.runners.ParentRunner.runLeaf(ParentRunner.java:325)
	at org.springframework.test.context.junit4.SpringJUnit4ClassRunner.runChild(SpringJUnit4ClassRunner.java:217)
	at org.springframework.test.context.junit4.SpringJUnit4ClassRunner.runChild(SpringJUnit4ClassRunner.java:83)
	at org.junit.runners.ParentRunner$3.run(ParentRunner.java:290)
	at org.junit.runners.ParentRunner$1.schedule(ParentRunner.java:71)
	at org.junit.runners.ParentRunner.runChildren(ParentRunner.java:288)
	at org.junit.runners.ParentRunner.access$000(ParentRunner.java:58)
	at org.junit.runners.ParentRunner$2.evaluate(ParentRunner.java:268)
	at org.springframework.test.context.junit4.statements.RunBeforeTestClassCallbacks.evaluate(RunBeforeTestClassCallbacks.java:61)
	at org.springframework.test.context.junit4.statements.RunAfterTestClassCallbacks.evaluate(RunAfterTestClassCallbacks.java:68)
	at org.junit.runners.ParentRunner.run(ParentRunner.java:363)
	at org.springframework.test.context.junit4.SpringJUnit4ClassRunner.run(SpringJUnit4ClassRunner.java:163)
	at org.apache.maven.surefire.junit4.JUnit4Provider.execute(JUnit4Provider.java:283)
	at org.apache.maven.surefire.junit4.JUnit4Provider.executeWithRerun(JUnit4Provider.java:173)
	at org.apache.maven.surefire.junit4.JUnit4Provider.executeTestSet(JUnit4Provider.java:153)
	at org.apache.maven.surefire.junit4.JUnit4Provider.invoke(JUnit4Provider.java:128)
	at org.apache.maven.surefire.booter.ForkedBooter.invokeProviderInSameClassLoader(ForkedBooter.java:203)
	at org.apache.maven.surefire.booter.ForkedBooter.runSuitesInProcess(ForkedBooter.java:155)
	at org.apache.maven.surefire.booter.ForkedBooter.main(ForkedBooter.java:103)
3432 [main] WARN org.hibernate.engine.jdbc.spi.SqlExceptionHelper  - SQL Error: 23505, SQLState: 23505
3432 [main] ERROR org.hibernate.engine.jdbc.spi.SqlExceptionHelper  - Unique index or primary key violation: "UK_8G9PTGDWHDOCC2X7HWRK9GSYP_INDEX_8 ON PUBLIC.MODELS(MANUFACTURER, TYPE, VERSION)"; SQL statement:
insert into MODELS (id, manufacturer, type, version) values (null, ?, ?, ?) [23505-172]
3433 [main] DEBUG org.hibernate.jpa.spi.AbstractEntityManagerImpl  - Mark transaction for rollback
3433 [main] DEBUG org.hibernate.engine.transaction.spi.AbstractTransactionImpl  - rolling back
3433 [main] DEBUG org.hibernate.engine.transaction.internal.jdbc.JdbcTransaction  - rolled JDBC Connection
3433 [main] DEBUG org.hibernate.engine.transaction.internal.jdbc.JdbcTransaction  - re-enabling autocommit
3433 [main] DEBUG org.hibernate.engine.jdbc.internal.LogicalConnectionImpl  - Releasing JDBC connection
3433 [main] DEBUG org.hibernate.engine.jdbc.internal.LogicalConnectionImpl  - Released JDBC connection
]]></system-out>
  </testcase>
  <testcase name="test2Events" classname="org.thingsplode.server.repositories.RepositoryTest" time="0.023">
    <error message="Could not commit JPA transaction; nested exception is javax.persistence.RollbackException: Transaction marked as rollbackOnly" type="org.springframework.transaction.TransactionSystemException">org.springframework.transaction.TransactionSystemException: Could not commit JPA transaction; nested exception is javax.persistence.RollbackException: Transaction marked as rollbackOnly
	at org.springframework.orm.jpa.JpaTransactionManager.doCommit(JpaTransactionManager.java:526)
	at org.springframework.transaction.support.AbstractPlatformTransactionManager.processCommit(AbstractPlatformTransactionManager.java:757)
	at org.springframework.transaction.support.AbstractPlatformTransactionManager.commit(AbstractPlatformTransactionManager.java:726)
	at org.springframework.test.context.transaction.TransactionContext.endTransaction(TransactionContext.java:128)
	at org.springframework.test.context.transaction.TransactionalTestExecutionListener.afterTestMethod(TransactionalTestExecutionListener.java:224)
	at org.springframework.test.context.TestContextManager.afterTestMethod(TestContextManager.java:297)
	at org.springframework.test.context.junit4.statements.RunAfterTestMethodCallbacks.evaluate(RunAfterTestMethodCallbacks.java:90)
	at org.springframework.test.context.junit4.statements.SpringRepeat.evaluate(SpringRepeat.java:73)
	at org.junit.runners.ParentRunner.runLeaf(ParentRunner.java:325)
	at org.springframework.test.context.junit4.SpringJUnit4ClassRunner.runChild(SpringJUnit4ClassRunner.java:217)
	at org.springframework.test.context.junit4.SpringJUnit4ClassRunner.runChild(SpringJUnit4ClassRunner.java:83)
	at org.junit.runners.ParentRunner$3.run(ParentRunner.java:290)
	at org.junit.runners.ParentRunner$1.schedule(ParentRunner.java:71)
	at org.junit.runners.ParentRunner.runChildren(ParentRunner.java:288)
	at org.junit.runners.ParentRunner.access$000(ParentRunner.java:58)
	at org.junit.runners.ParentRunner$2.evaluate(ParentRunner.java:268)
	at org.springframework.test.context.junit4.statements.RunBeforeTestClassCallbacks.evaluate(RunBeforeTestClassCallbacks.java:61)
	at org.springframework.test.context.junit4.statements.RunAfterTestClassCallbacks.evaluate(RunAfterTestClassCallbacks.java:68)
	at org.junit.runners.ParentRunner.run(ParentRunner.java:363)
	at org.springframework.test.context.junit4.SpringJUnit4ClassRunner.run(SpringJUnit4ClassRunner.java:163)
	at org.apache.maven.surefire.junit4.JUnit4Provider.execute(JUnit4Provider.java:283)
	at org.apache.maven.surefire.junit4.JUnit4Provider.executeWithRerun(JUnit4Provider.java:173)
	at org.apache.maven.surefire.junit4.JUnit4Provider.executeTestSet(JUnit4Provider.java:153)
	at org.apache.maven.surefire.junit4.JUnit4Provider.invoke(JUnit4Provider.java:128)
	at org.apache.maven.surefire.booter.ForkedBooter.invokeProviderInSameClassLoader(ForkedBooter.java:203)
	at org.apache.maven.surefire.booter.ForkedBooter.runSuitesInProcess(ForkedBooter.java:155)
	at org.apache.maven.surefire.booter.ForkedBooter.main(ForkedBooter.java:103)
Caused by: javax.persistence.RollbackException: Transaction marked as rollbackOnly
	at org.hibernate.jpa.internal.TransactionImpl.commit(TransactionImpl.java:74)
	at org.springframework.orm.jpa.JpaTransactionManager.doCommit(JpaTransactionManager.java:517)
	at org.springframework.transaction.support.AbstractPlatformTransactionManager.processCommit(AbstractPlatformTransactionManager.java:757)
	at org.springframework.transaction.support.AbstractPlatformTransactionManager.commit(AbstractPlatformTransactionManager.java:726)
	at org.springframework.test.context.transaction.TransactionContext.endTransaction(TransactionContext.java:128)
	at org.springframework.test.context.transaction.TransactionalTestExecutionListener.afterTestMethod(TransactionalTestExecutionListener.java:224)
	at org.springframework.test.context.TestContextManager.afterTestMethod(TestContextManager.java:297)
	at org.springframework.test.context.junit4.statements.RunAfterTestMethodCallbacks.evaluate(RunAfterTestMethodCallbacks.java:90)
	at org.springframework.test.context.junit4.statements.SpringRepeat.evaluate(SpringRepeat.java:73)
	at org.junit.runners.ParentRunner.runLeaf(ParentRunner.java:325)
	at org.springframework.test.context.junit4.SpringJUnit4ClassRunner.runChild(SpringJUnit4ClassRunner.java:217)
	at org.springframework.test.context.junit4.SpringJUnit4ClassRunner.runChild(SpringJUnit4ClassRunner.java:83)
	at org.junit.runners.ParentRunner$3.run(ParentRunner.java:290)
	at org.junit.runners.ParentRunner$1.schedule(ParentRunner.java:71)
	at org.junit.runners.ParentRunner.runChildren(ParentRunner.java:288)
	at org.junit.runners.ParentRunner.access$000(ParentRunner.java:58)
	at org.junit.runners.ParentRunner$2.evaluate(ParentRunner.java:268)
	at org.springframework.test.context.junit4.statements.RunBeforeTestClassCallbacks.evaluate(RunBeforeTestClassCallbacks.java:61)
	at org.springframework.test.context.junit4.statements.RunAfterTestClassCallbacks.evaluate(RunAfterTestClassCallbacks.java:68)
	at org.junit.runners.ParentRunner.run(ParentRunner.java:363)
	at org.springframework.test.context.junit4.SpringJUnit4ClassRunner.run(SpringJUnit4ClassRunner.java:163)
	at org.apache.maven.surefire.junit4.JUnit4Provider.execute(JUnit4Provider.java:283)
	at org.apache.maven.surefire.junit4.JUnit4Provider.executeWithRerun(JUnit4Provider.java:173)
	at org.apache.maven.surefire.junit4.JUnit4Provider.executeTestSet(JUnit4Provider.java:153)
	at org.apache.maven.surefire.junit4.JUnit4Provider.invoke(JUnit4Provider.java:128)
	at org.apache.maven.surefire.booter.ForkedBooter.invokeProviderInSameClassLoader(ForkedBooter.java:203)
	at org.apache.maven.surefire.booter.ForkedBooter.runSuitesInProcess(ForkedBooter.java:155)
	at org.apache.maven.surefire.booter.ForkedBooter.main(ForkedBooter.java:103)
</error>
  </testcase>
</testsuite>